------------------------------------------------------------
🚀 INICIO DEL PROCESO VELOCYTO - Tue Nov  4 10:51:32 CET 2025
------------------------------------------------------------
=== Procesando muestra: smpR065_DsRedP-KO2 ===
Directorio de entrada: /storage/scratch01/groups/ci/Trem1_GEICAM/Sarai/Single.Cell.Tet2/outs/out.smR065.9/outs/per_sample_outs/smpR065_DsRedP-KO2/count
Nodo: bc004 | JobID: 5580496 | TaskID: 6
------------------------------------------------------------
🧬 Ejecutando Velocyto...
2025-11-04 10:51:49,399 - DEBUG - Using logic: Default
2025-11-04 10:51:49,425 - INFO - Read 17340 cell barcodes from /storage/scratch01/groups/ci/Trem1_GEICAM/Sarai/Single.Cell.Tet2/outs/out.smR065.9/outs/per_sample_outs/smpR065_DsRedP-KO2/count/sample_filtered_feature_bc_matrix/barcodes.tsv.gz
2025-11-04 10:51:49,425 - DEBUG - Example of barcode: AAACAAGCAAATACCGAGTAGGCT and cell_id: smpR065_DsRedP-KO2:AAACAAGCAAATACCGAGTAGGCT-1
2025-11-04 10:51:49,442 - DEBUG - Peeking into /storage/scratch01/groups/ci/Trem1_GEICAM/Sarai/Single.Cell.Tet2/outs/out.smR065.9/outs/per_sample_outs/smpR065_DsRedP-KO2/count/sample_alignments.bam
2025-11-04 10:51:49,550 - WARNING - Not found cell and umi barcode in entry 1 of the bam file
2025-11-04 10:51:49,550 - WARNING - Not found cell and umi barcode in entry 10 of the bam file
2025-11-04 10:51:49,550 - WARNING - Not found cell and umi barcode in entry 65 of the bam file
2025-11-04 10:51:49,551 - WARNING - Not found cell and umi barcode in entry 69 of the bam file
2025-11-04 10:51:49,551 - WARNING - Not found cell and umi barcode in entry 88 of the bam file
2025-11-04 10:51:49,551 - WARNING - Not found cell and umi barcode in entry 128 of the bam file
2025-11-04 10:51:49,551 - WARNING - Not found cell and umi barcode in entry 137 of the bam file
2025-11-04 10:51:49,551 - WARNING - Not found cell and umi barcode in entry 189 of the bam file
2025-11-04 10:51:49,551 - WARNING - Not found cell and umi barcode in entry 220 of the bam file
2025-11-04 10:51:49,551 - WARNING - Not found cell and umi barcode in entry 222 of the bam file
2025-11-04 10:51:49,551 - WARNING - Not found cell and umi barcode in entry 225 of the bam file
2025-11-04 10:51:49,551 - WARNING - Not found cell and umi barcode in entry 226 of the bam file
2025-11-04 10:51:49,551 - WARNING - Not found cell and umi barcode in entry 229 of the bam file
2025-11-04 10:51:49,551 - WARNING - Not found cell and umi barcode in entry 231 of the bam file
2025-11-04 10:51:49,551 - WARNING - Not found cell and umi barcode in entry 236 of the bam file
2025-11-04 10:51:49,551 - WARNING - Not found cell and umi barcode in entry 239 of the bam file
2025-11-04 10:51:49,551 - WARNING - Not found cell and umi barcode in entry 247 of the bam file
2025-11-04 10:51:49,551 - WARNING - Not found cell and umi barcode in entry 269 of the bam file
2025-11-04 10:51:49,551 - WARNING - Not found cell and umi barcode in entry 284 of the bam file
2025-11-04 10:51:49,552 - WARNING - Not found cell and umi barcode in entry 390 of the bam file
2025-11-04 10:51:49,553 - WARNING - Not found cell and umi barcode in entry 493 of the bam file
2025-11-04 10:51:49,553 - WARNING - Not found cell and umi barcode in entry 496 of the bam file
2025-11-04 10:51:49,553 - WARNING - Not found cell and umi barcode in entry 503 of the bam file
2025-11-04 10:51:49,553 - WARNING - Not found cell and umi barcode in entry 525 of the bam file
2025-11-04 10:51:49,553 - WARNING - Not found cell and umi barcode in entry 558 of the bam file
2025-11-04 10:51:49,553 - WARNING - Not found cell and umi barcode in entry 581 of the bam file
2025-11-04 10:51:49,553 - WARNING - Not found cell and umi barcode in entry 587 of the bam file
2025-11-04 10:51:49,553 - WARNING - Not found cell and umi barcode in entry 592 of the bam file
2025-11-04 10:51:49,553 - WARNING - Not found cell and umi barcode in entry 613 of the bam file
2025-11-04 10:51:49,553 - WARNING - Not found cell and umi barcode in entry 642 of the bam file
2025-11-04 10:51:49,553 - WARNING - Not found cell and umi barcode in entry 644 of the bam file
2025-11-04 10:51:49,554 - WARNING - Not found cell and umi barcode in entry 787 of the bam file
2025-11-04 10:51:49,554 - WARNING - Not found cell and umi barcode in entry 811 of the bam file
2025-11-04 10:51:49,554 - WARNING - Not found cell and umi barcode in entry 821 of the bam file
2025-11-04 10:51:49,554 - WARNING - Not found cell and umi barcode in entry 837 of the bam file
2025-11-04 10:51:49,554 - WARNING - Not found cell and umi barcode in entry 839 of the bam file
2025-11-04 10:51:49,554 - WARNING - Not found cell and umi barcode in entry 871 of the bam file
2025-11-04 10:51:49,554 - WARNING - Not found cell and umi barcode in entry 875 of the bam file
2025-11-04 10:51:49,554 - WARNING - Not found cell and umi barcode in entry 877 of the bam file
2025-11-04 10:51:49,554 - WARNING - Not found cell and umi barcode in entry 908 of the bam file
2025-11-04 10:51:49,554 - WARNING - Not found cell and umi barcode in entry 994 of the bam file
2025-11-04 10:51:49,554 - WARNING - Not found cell and umi barcode in entry 1014 of the bam file
2025-11-04 10:51:49,554 - WARNING - Not found cell and umi barcode in entry 1029 of the bam file
2025-11-04 10:51:49,554 - WARNING - Not found cell and umi barcode in entry 1038 of the bam file
2025-11-04 10:51:49,556 - WARNING - The file /storage/scratch01/groups/ci/Trem1_GEICAM/Sarai/Single.Cell.Tet2/outs/out.smR065.9/outs/per_sample_outs/smpR065_DsRedP-KO2/count/cellsorted_sample_alignments.bam already exists. The sorting step will be skipped and the existing file will be used.
2025-11-04 10:51:49,556 - INFO - Load the annotation from /storage/scratch01/groups/ci/Trem1_GEICAM/Sarai/Annonation_Files/gencode.vM25.annotation.gtf
2025-11-04 10:51:53,608 - DEBUG - Parsing Chromosome 1 strand - [line 0]
2025-11-04 10:51:53,745 - DEBUG - Done with 1- [line 59062]
2025-11-04 10:51:53,745 - DEBUG - Assigning indexes to genes
2025-11-04 10:51:53,749 - DEBUG - Seen 1693 genes until now
2025-11-04 10:51:53,749 - DEBUG - Parsing Chromosome 1 strand + [line 59063]
2025-11-04 10:51:54,059 - DEBUG - Done with 1+ [line 116931]
2025-11-04 10:51:54,059 - DEBUG - Assigning indexes to genes
2025-11-04 10:51:54,063 - DEBUG - Seen 3446 genes until now
2025-11-04 10:51:54,063 - DEBUG - Parsing Chromosome 10 strand - [line 116932]
2025-11-04 10:51:54,342 - DEBUG - Done with 10- [line 158870]
2025-11-04 10:51:54,342 - DEBUG - Assigning indexes to genes
2025-11-04 10:51:54,345 - DEBUG - Seen 4713 genes until now
2025-11-04 10:51:54,345 - DEBUG - Parsing Chromosome 10 strand + [line 158871]
2025-11-04 10:51:54,451 - DEBUG - Done with 10+ [line 203797]
2025-11-04 10:51:54,451 - DEBUG - Assigning indexes to genes
2025-11-04 10:51:54,454 - DEBUG - Seen 6068 genes until now
2025-11-04 10:51:54,454 - DEBUG - Parsing Chromosome 11 strand - [line 203798]
2025-11-04 10:51:54,808 - DEBUG - Done with 11- [line 268491]
2025-11-04 10:51:54,808 - DEBUG - Assigning indexes to genes
2025-11-04 10:51:54,813 - DEBUG - Seen 7617 genes until now
2025-11-04 10:51:54,813 - DEBUG - Parsing Chromosome 11 strand + [line 268492]
2025-11-04 10:51:54,964 - DEBUG - Done with 11+ [line 332954]
2025-11-04 10:51:54,965 - DEBUG - Assigning indexes to genes
2025-11-04 10:51:54,969 - DEBUG - Seen 9067 genes until now
2025-11-04 10:51:54,969 - DEBUG - Parsing Chromosome 12 strand - [line 332955]
2025-11-04 10:51:55,033 - DEBUG - Done with 12- [line 360299]
2025-11-04 10:51:55,033 - DEBUG - Assigning indexes to genes
2025-11-04 10:51:55,036 - DEBUG - Seen 10382 genes until now
2025-11-04 10:51:55,036 - DEBUG - Parsing Chromosome 12 strand + [line 360300]
2025-11-04 10:51:55,124 - DEBUG - Done with 12+ [line 397190]
2025-11-04 10:51:55,124 - DEBUG - Assigning indexes to genes
2025-11-04 10:51:55,128 - DEBUG - Seen 11544 genes until now
2025-11-04 10:51:55,128 - DEBUG - Parsing Chromosome 13 strand - [line 397191]
2025-11-04 10:51:55,440 - DEBUG - Done with 13- [line 433847]
2025-11-04 10:51:55,440 - DEBUG - Assigning indexes to genes
2025-11-04 10:51:55,443 - DEBUG - Seen 12811 genes until now
2025-11-04 10:51:55,443 - DEBUG - Parsing Chromosome 13 strand + [line 433848]
2025-11-04 10:51:55,510 - DEBUG - Done with 13+ [line 462828]
2025-11-04 10:51:55,510 - DEBUG - Assigning indexes to genes
2025-11-04 10:51:55,513 - DEBUG - Seen 14046 genes until now
2025-11-04 10:51:55,513 - DEBUG - Parsing Chromosome 14 strand - [line 462829]
2025-11-04 10:51:55,606 - DEBUG - Done with 14- [line 501813]
2025-11-04 10:51:55,606 - DEBUG - Assigning indexes to genes
2025-11-04 10:51:55,609 - DEBUG - Seen 15241 genes until now
2025-11-04 10:51:55,609 - DEBUG - Parsing Chromosome 14 strand + [line 501814]
2025-11-04 10:51:55,692 - DEBUG - Done with 14+ [line 537473]
2025-11-04 10:51:55,693 - DEBUG - Assigning indexes to genes
2025-11-04 10:51:55,696 - DEBUG - Seen 16580 genes until now
2025-11-04 10:51:55,696 - DEBUG - Parsing Chromosome 15 strand - [line 537474]
2025-11-04 10:51:55,789 - DEBUG - Done with 15- [line 575556]
2025-11-04 10:51:55,789 - DEBUG - Assigning indexes to genes
2025-11-04 10:51:55,792 - DEBUG - Seen 17521 genes until now
2025-11-04 10:51:55,792 - DEBUG - Parsing Chromosome 15 strand + [line 575557]
2025-11-04 10:51:56,123 - DEBUG - Done with 15+ [line 608149]
2025-11-04 10:51:56,123 - DEBUG - Assigning indexes to genes
2025-11-04 10:51:56,126 - DEBUG - Seen 18432 genes until now
2025-11-04 10:51:56,126 - DEBUG - Parsing Chromosome 16 strand - [line 608150]
2025-11-04 10:51:56,194 - DEBUG - Done with 16- [line 636582]
2025-11-04 10:51:56,194 - DEBUG - Assigning indexes to genes
2025-11-04 10:51:56,196 - DEBUG - Seen 19223 genes until now
2025-11-04 10:51:56,196 - DEBUG - Parsing Chromosome 16 strand + [line 636583]
2025-11-04 10:51:56,272 - DEBUG - Done with 16+ [line 668857]
2025-11-04 10:51:56,272 - DEBUG - Assigning indexes to genes
2025-11-04 10:51:56,274 - DEBUG - Seen 20039 genes until now
2025-11-04 10:51:56,274 - DEBUG - Parsing Chromosome 17 strand - [line 668858]
2025-11-04 10:51:56,386 - DEBUG - Done with 17- [line 715100]
2025-11-04 10:51:56,386 - DEBUG - Assigning indexes to genes
2025-11-04 10:51:56,389 - DEBUG - Seen 21218 genes until now
2025-11-04 10:51:56,389 - DEBUG - Parsing Chromosome 17 strand + [line 715101]
2025-11-04 10:51:56,506 - DEBUG - Done with 17+ [line 764344]
2025-11-04 10:51:56,506 - DEBUG - Assigning indexes to genes
2025-11-04 10:51:56,513 - DEBUG - Seen 22359 genes until now
2025-11-04 10:51:56,513 - DEBUG - Parsing Chromosome 18 strand - [line 764345]
2025-11-04 10:51:56,560 - DEBUG - Done with 18- [line 784050]
2025-11-04 10:51:56,560 - DEBUG - Assigning indexes to genes
2025-11-04 10:51:56,562 - DEBUG - Seen 22997 genes until now
2025-11-04 10:51:56,562 - DEBUG - Parsing Chromosome 18 strand + [line 784051]
2025-11-04 10:51:56,910 - DEBUG - Done with 18+ [line 811173]
2025-11-04 10:51:56,910 - DEBUG - Assigning indexes to genes
2025-11-04 10:51:56,912 - DEBUG - Seen 23758 genes until now
2025-11-04 10:51:56,912 - DEBUG - Parsing Chromosome 19 strand - [line 811174]
2025-11-04 10:51:56,991 - DEBUG - Done with 19- [line 844397]
2025-11-04 10:51:56,991 - DEBUG - Assigning indexes to genes
2025-11-04 10:51:56,993 - DEBUG - Seen 24442 genes until now
2025-11-04 10:51:56,993 - DEBUG - Parsing Chromosome 19 strand + [line 844398]
2025-11-04 10:51:57,061 - DEBUG - Done with 19+ [line 873497]
2025-11-04 10:51:57,061 - DEBUG - Assigning indexes to genes
2025-11-04 10:51:57,064 - DEBUG - Seen 25152 genes until now
2025-11-04 10:51:57,064 - DEBUG - Parsing Chromosome 2 strand - [line 873498]
2025-11-04 10:51:57,253 - DEBUG - Done with 2- [line 953009]
2025-11-04 10:51:57,253 - DEBUG - Assigning indexes to genes
2025-11-04 10:51:57,258 - DEBUG - Seen 26981 genes until now
2025-11-04 10:51:57,258 - DEBUG - Parsing Chromosome 2 strand + [line 953010]
2025-11-04 10:51:57,434 - DEBUG - Done with 2+ [line 1027336]
2025-11-04 10:51:57,434 - DEBUG - Assigning indexes to genes
2025-11-04 10:51:57,439 - DEBUG - Seen 28946 genes until now
2025-11-04 10:51:57,439 - DEBUG - Parsing Chromosome 3 strand - [line 1027337]
2025-11-04 10:51:57,537 - DEBUG - Done with 3- [line 1069026]
2025-11-04 10:51:57,537 - DEBUG - Assigning indexes to genes
2025-11-04 10:51:57,540 - DEBUG - Seen 30404 genes until now
2025-11-04 10:51:57,540 - DEBUG - Parsing Chromosome 3 strand + [line 1069027]
2025-11-04 10:51:57,973 - DEBUG - Done with 3+ [line 1115102]
2025-11-04 10:51:57,974 - DEBUG - Assigning indexes to genes
2025-11-04 10:51:57,977 - DEBUG - Seen 31831 genes until now
2025-11-04 10:51:57,977 - DEBUG - Parsing Chromosome 4 strand - [line 1115103]
2025-11-04 10:51:58,104 - DEBUG - Done with 4- [line 1169156]
2025-11-04 10:51:58,104 - DEBUG - Assigning indexes to genes
2025-11-04 10:51:58,108 - DEBUG - Seen 33222 genes until now
2025-11-04 10:51:58,108 - DEBUG - Parsing Chromosome 4 strand + [line 1169157]
2025-11-04 10:51:58,230 - DEBUG - Done with 4+ [line 1221291]
2025-11-04 10:51:58,230 - DEBUG - Assigning indexes to genes
2025-11-04 10:51:58,234 - DEBUG - Seen 34690 genes until now
2025-11-04 10:51:58,235 - DEBUG - Parsing Chromosome 5 strand - [line 1221292]
2025-11-04 10:51:58,378 - DEBUG - Done with 5- [line 1282135]
2025-11-04 10:51:58,379 - DEBUG - Assigning indexes to genes
2025-11-04 10:51:58,383 - DEBUG - Seen 36281 genes until now
2025-11-04 10:51:58,383 - DEBUG - Parsing Chromosome 5 strand + [line 1282136]
2025-11-04 10:51:58,530 - DEBUG - Done with 5+ [line 1344076]
2025-11-04 10:51:58,530 - DEBUG - Assigning indexes to genes
2025-11-04 10:51:58,535 - DEBUG - Seen 37942 genes until now
2025-11-04 10:51:58,535 - DEBUG - Parsing Chromosome 6 strand - [line 1344077]
2025-11-04 10:51:58,647 - DEBUG - Done with 6- [line 1392155]
2025-11-04 10:51:58,647 - DEBUG - Assigning indexes to genes
2025-11-04 10:51:58,652 - DEBUG - Seen 39466 genes until now
2025-11-04 10:51:58,652 - DEBUG - Parsing Chromosome 6 strand + [line 1392156]
2025-11-04 10:51:59,149 - DEBUG - Done with 6+ [line 1442945]
2025-11-04 10:51:59,149 - DEBUG - Assigning indexes to genes
2025-11-04 10:51:59,154 - DEBUG - Seen 41071 genes until now
2025-11-04 10:51:59,154 - DEBUG - Parsing Chromosome 7 strand - [line 1442946]
2025-11-04 10:51:59,345 - DEBUG - Done with 7- [line 1521802]
2025-11-04 10:51:59,346 - DEBUG - Assigning indexes to genes
2025-11-04 10:51:59,354 - DEBUG - Seen 43608 genes until now
2025-11-04 10:51:59,354 - DEBUG - Parsing Chromosome 7 strand + [line 1521803]
2025-11-04 10:51:59,527 - DEBUG - Done with 7+ [line 1597237]
2025-11-04 10:51:59,527 - DEBUG - Assigning indexes to genes
2025-11-04 10:51:59,542 - DEBUG - Seen 45790 genes until now
2025-11-04 10:51:59,542 - DEBUG - Parsing Chromosome 8 strand - [line 1597238]
2025-11-04 10:51:59,632 - DEBUG - Done with 8- [line 1635144]
2025-11-04 10:51:59,632 - DEBUG - Assigning indexes to genes
2025-11-04 10:51:59,635 - DEBUG - Seen 47022 genes until now
2025-11-04 10:51:59,635 - DEBUG - Parsing Chromosome 8 strand + [line 1635145]
2025-11-04 10:51:59,749 - DEBUG - Done with 8+ [line 1684308]
2025-11-04 10:51:59,750 - DEBUG - Assigning indexes to genes
2025-11-04 10:51:59,753 - DEBUG - Seen 48326 genes until now
2025-11-04 10:51:59,753 - DEBUG - Parsing Chromosome 9 strand - [line 1684309]
2025-11-04 10:51:59,880 - DEBUG - Done with 9- [line 1738082]
2025-11-04 10:51:59,880 - DEBUG - Assigning indexes to genes
2025-11-04 10:51:59,885 - DEBUG - Seen 49688 genes until now
2025-11-04 10:51:59,885 - DEBUG - Parsing Chromosome 9 strand + [line 1738083]
2025-11-04 10:52:00,015 - DEBUG - Done with 9+ [line 1794072]
2025-11-04 10:52:00,015 - DEBUG - Assigning indexes to genes
2025-11-04 10:52:00,019 - DEBUG - Seen 51169 genes until now
2025-11-04 10:52:00,019 - DEBUG - Parsing Chromosome M strand - [line 1794073]
2025-11-04 10:52:00,019 - DEBUG - Done with M- [line 1794103]
2025-11-04 10:52:00,019 - DEBUG - Assigning indexes to genes
2025-11-04 10:52:00,019 - DEBUG - Seen 51178 genes until now
2025-11-04 10:52:00,019 - DEBUG - Parsing Chromosome M strand + [line 1794104]
2025-11-04 10:52:00,019 - DEBUG - Done with M+ [line 1794225]
2025-11-04 10:52:00,019 - DEBUG - Assigning indexes to genes
2025-11-04 10:52:00,019 - DEBUG - Seen 51206 genes until now
2025-11-04 10:52:00,020 - DEBUG - Parsing Chromosome X strand - [line 1794226]
2025-11-04 10:52:00,090 - DEBUG - Done with X- [line 1824523]
2025-11-04 10:52:00,090 - DEBUG - Assigning indexes to genes
2025-11-04 10:52:00,092 - DEBUG - Seen 52478 genes until now
2025-11-04 10:52:00,092 - DEBUG - Parsing Chromosome X strand + [line 1824524]
2025-11-04 10:52:00,612 - DEBUG - Done with X+ [line 1858357]
2025-11-04 10:52:00,612 - DEBUG - Assigning indexes to genes
2025-11-04 10:52:00,615 - DEBUG - Seen 53832 genes until now
2025-11-04 10:52:00,615 - DEBUG - Parsing Chromosome Y strand - [line 1858358]
2025-11-04 10:52:00,633 - DEBUG - Done with Y- [line 1865468]
2025-11-04 10:52:00,634 - DEBUG - Assigning indexes to genes
2025-11-04 10:52:00,635 - DEBUG - Seen 54711 genes until now
2025-11-04 10:52:00,635 - DEBUG - Parsing Chromosome Y strand + [line 1865469]
2025-11-04 10:52:00,652 - DEBUG - Assigning indexes to genes
2025-11-04 10:52:00,653 - DEBUG - Done with Y+ [line 1872050]
2025-11-04 10:52:00,653 - DEBUG - Fixing corner cases of transcript models containg intron longer than 1000Kbp
2025-11-04 10:52:01,326 - DEBUG - Generated 1544182 features corresponding to 142604 transcript models from /storage/scratch01/groups/ci/Trem1_GEICAM/Sarai/Annonation_Files/gencode.vM25.annotation.gtf
2025-11-04 10:52:01,342 - INFO - Load the repeat masking annotation from /storage/scratch01/groups/ci/Trem1_GEICAM/Sarai/Annonation_Files/rmsk_velocyto.txt
2025-11-04 10:52:01,342 - DEBUG - Reading /storage/scratch01/groups/ci/Trem1_GEICAM/Sarai/Annonation_Files/rmsk_velocyto.txt, the file will be sorted in memory
2025-11-04 10:52:16,521 - DEBUG - Processed masked annotation .gtf and generated 4369219 intervals to mask!
2025-11-04 10:52:16,658 - INFO - Scan /storage/scratch01/groups/ci/Trem1_GEICAM/Sarai/Single.Cell.Tet2/outs/out.smR065.9/outs/per_sample_outs/smpR065_DsRedP-KO2/count/sample_alignments.bam to validate intron intervals
2025-11-04 10:52:17,456 - DEBUG - Reading /storage/scratch01/groups/ci/Trem1_GEICAM/Sarai/Single.Cell.Tet2/outs/out.smR065.9/outs/per_sample_outs/smpR065_DsRedP-KO2/count/sample_alignments.bam
2025-11-04 10:52:17,461 - DEBUG - Read first 0 million reads
2025-11-04 10:52:17,461 - DEBUG - Marking up chromosome 1
2025-11-04 10:53:11,706 - DEBUG - Read first 10 million reads
2025-11-04 10:54:06,601 - DEBUG - Read first 20 million reads
2025-11-04 10:54:22,041 - DEBUG - Marking up chromosome 10
2025-11-04 10:55:00,924 - DEBUG - Read first 30 million reads
2025-11-04 10:56:05,447 - DEBUG - Read first 40 million reads
2025-11-04 10:56:12,183 - DEBUG - Marking up chromosome 11
2025-11-04 10:57:00,751 - DEBUG - Read first 50 million reads
2025-11-04 10:57:55,351 - DEBUG - Read first 60 million reads
2025-11-04 10:58:48,271 - DEBUG - Read first 70 million reads
2025-11-04 10:58:55,649 - DEBUG - Marking up chromosome 12
2025-11-04 10:59:41,142 - DEBUG - Read first 80 million reads
2025-11-04 11:00:03,025 - DEBUG - Marking up chromosome 13
2025-11-04 11:00:34,380 - DEBUG - Read first 90 million reads
2025-11-04 11:01:00,312 - DEBUG - Marking up chromosome 14
2025-11-04 11:01:28,670 - DEBUG - Read first 100 million reads
2025-11-04 11:01:59,633 - DEBUG - Marking up chromosome 15
2025-11-04 11:02:21,929 - DEBUG - Read first 110 million reads
2025-11-04 11:03:12,792 - DEBUG - Marking up chromosome 16
2025-11-04 11:03:16,509 - DEBUG - Read first 120 million reads
2025-11-04 11:04:02,189 - DEBUG - Marking up chromosome 17
2025-11-04 11:04:13,088 - DEBUG - Read first 130 million reads
2025-11-04 11:05:10,669 - DEBUG - Read first 140 million reads
2025-11-04 11:06:04,347 - DEBUG - Read first 150 million reads
2025-11-04 11:06:21,371 - DEBUG - Marking up chromosome 18
2025-11-04 11:06:53,861 - DEBUG - Read first 160 million reads
2025-11-04 11:07:38,291 - DEBUG - Marking up chromosome 19
2025-11-04 11:07:47,234 - DEBUG - Read first 170 million reads
2025-11-04 11:08:40,243 - DEBUG - Read first 180 million reads
2025-11-04 11:08:59,427 - DEBUG - Marking up chromosome 2
2025-11-04 11:09:34,505 - DEBUG - Read first 190 million reads
2025-11-04 11:10:30,749 - DEBUG - Read first 200 million reads
2025-11-04 11:11:25,454 - DEBUG - Read first 210 million reads
2025-11-04 11:11:40,719 - DEBUG - Marking up chromosome 3
2025-11-04 11:12:21,392 - DEBUG - Read first 220 million reads
2025-11-04 11:13:10,662 - DEBUG - Marking up chromosome 4
2025-11-04 11:13:15,120 - DEBUG - Read first 230 million reads
2025-11-04 11:14:07,526 - DEBUG - Read first 240 million reads
2025-11-04 11:15:02,173 - DEBUG - Read first 250 million reads
2025-11-04 11:15:13,837 - DEBUG - Marking up chromosome 5
2025-11-04 11:15:56,682 - DEBUG - Read first 260 million reads
2025-11-04 11:16:52,039 - DEBUG - Read first 270 million reads
2025-11-04 11:16:58,843 - DEBUG - Marking up chromosome 6
2025-11-04 11:17:43,954 - DEBUG - Read first 280 million reads
2025-11-04 11:18:21,733 - DEBUG - Marking up chromosome 7
2025-11-04 11:18:38,482 - DEBUG - Read first 290 million reads
2025-11-04 11:19:32,823 - DEBUG - Read first 300 million reads
2025-11-04 11:20:28,399 - DEBUG - Read first 310 million reads
2025-11-04 11:21:24,210 - DEBUG - Read first 320 million reads
2025-11-04 11:21:45,469 - DEBUG - Marking up chromosome 8
2025-11-04 11:22:19,341 - DEBUG - Read first 330 million reads
2025-11-04 11:23:15,887 - DEBUG - Read first 340 million reads
2025-11-04 11:23:32,480 - DEBUG - Marking up chromosome 9
2025-11-04 11:24:17,144 - DEBUG - Read first 350 million reads
2025-11-04 11:24:56,209 - DEBUG - Marking up chromosome MT
2025-11-04 11:24:56,209 - WARNING - The .bam file refers to a chromosome 'MT+' not present in the annotation (.gtf) file
2025-11-04 11:24:56,209 - WARNING - The .bam file refers to a chromosome 'MT-' not present in the annotation (.gtf) file
2025-11-04 11:24:57,751 - DEBUG - Marking up chromosome X
2025-11-04 11:25:12,542 - DEBUG - Read first 360 million reads
2025-11-04 11:25:52,167 - DEBUG - Marking up chromosome Y
2025-11-04 11:25:52,180 - DEBUG - Marking up chromosome GL456233.2
2025-11-04 11:25:52,180 - WARNING - The .bam file refers to a chromosome 'GL456233.2+' not present in the annotation (.gtf) file
2025-11-04 11:25:52,180 - WARNING - The .bam file refers to a chromosome 'GL456233.2-' not present in the annotation (.gtf) file
2025-11-04 11:25:52,217 - DEBUG - Marking up chromosome JH584304.1
2025-11-04 11:25:52,217 - WARNING - The .bam file refers to a chromosome 'JH584304.1+' not present in the annotation (.gtf) file
2025-11-04 11:25:52,217 - WARNING - The .bam file refers to a chromosome 'JH584304.1-' not present in the annotation (.gtf) file
2025-11-04 11:25:52,224 - DEBUG - Marking up chromosome GL456378.1
2025-11-04 11:25:52,224 - WARNING - The .bam file refers to a chromosome 'GL456378.1+' not present in the annotation (.gtf) file
2025-11-04 11:25:52,224 - WARNING - The .bam file refers to a chromosome 'GL456378.1-' not present in the annotation (.gtf) file
2025-11-04 11:25:52,225 - DEBUG - Marking up chromosome MU069434.1
2025-11-04 11:25:52,225 - WARNING - The .bam file refers to a chromosome 'MU069434.1+' not present in the annotation (.gtf) file
2025-11-04 11:25:52,225 - WARNING - The .bam file refers to a chromosome 'MU069434.1-' not present in the annotation (.gtf) file
2025-11-04 11:25:57,772 - DEBUG - Read first 370 million reads
2025-11-04 11:25:58,304 - DEBUG - End of file. Reset index: start scanning from initial position.
2025-11-04 11:25:58,305 - DEBUG - 11224352 reads were skipped because no apropiate cell or umi barcode was found
2025-11-04 11:25:58,305 - DEBUG - Start molecule counting!
2025-11-04 11:25:59,436 - DEBUG - Features available for chromosomes : ['1-', '1+', '10-', '10+', '11-', '11+', '12-', '12+', '13-', '13+', '14-', '14+', '15-', '15+', '16-', '16+', '17-', '17+', '18-', '18+', '19-', '19+', '2-', '2+', '3-', '3+', '4-', '4+', '5-', '5+', '6-', '6+', '7-', '7+', '8-', '8+', '9-', '9+', 'M-', 'M+', 'X-', 'X+', 'Y-', 'Y+']
2025-11-04 11:25:59,436 - DEBUG - Mask available for chromosomes : ['1-', '1+', '10-', '10+', '10_GL456015_alt-', '10_GL456015_alt+', '10_KQ030491_fix-', '10_KQ030491_fix+', '10_KZ289071_fix-', '10_KZ289071_fix+', '10_KZ289072_fix-', '10_KZ289072_fix+', '11-', '11+', '11_GL455998_alt-', '11_GL455998_alt+', '11_GL456016_alt-', '11_GL456016_alt+', '11_GL456060_alt-', '11_GL456060_alt+', '11_JH584265_alt-', '11_JH584265_alt+', '11_JH584316_alt-', '11_JH584316_alt+', '11_JH584317_alt-', '11_JH584317_alt+', '11_JH584327_alt-', '11_JH584327_alt+', '11_KB469739_fix-', '11_KB469739_fix+', '11_KZ289073_alt-', '11_KZ289073_alt+', '11_KZ289074_alt-', '11_KZ289074_alt+', '11_KZ289075_alt-', '11_KZ289075_alt+', '11_KZ289076_fix-', '11_KZ289076_fix+', '11_KZ289077_alt-', '11_KZ289077_alt+', '11_KZ289078_alt-', '11_KZ289078_alt+', '11_KZ289079_alt-', '11_KZ289079_alt+', '11_KZ289080_alt-', '11_KZ289080_alt+', '11_KZ289081_alt-', '11_KZ289081_alt+', '12-', '12+', '12_GL456017_alt-', '12_GL456017_alt+', '12_GL456068_alt-', '12_GL456068_alt+', '12_GL456074_alt-', '12_GL456074_alt+', '12_GL456078_alt-', '12_GL456078_alt+', '12_GL456349_alt-', '12_GL456349_alt+', '12_KB469740_fix-', '12_KB469740_fix+', '12_KZ289082_fix-', '12_KZ289082_fix+', '13-', '13+', '13_GL455990_alt-', '13_GL455990_alt+', '13_GL455999_alt-', '13_GL455999_alt+', '13_JH584305_alt-', '13_JH584305_alt+', '14-', '14+', '14_GL456019_alt-', '14_GL456019_alt+', '14_GL456020_alt-', '14_GL456020_alt+', '14_KZ289083_fix-', '14_KZ289083_fix+', '14_KZ289084_fix-', '14_KZ289084_fix+', '15-', '15+', '15_GL456000_alt-', '15_GL456000_alt+', '15_JH584270_alt-', '15_JH584270_alt+', '15_KQ030492_fix-', '15_KQ030492_fix+', '15_KQ030493_fix-', '15_KQ030493_fix+', '15_KV575241_fix-', '15_KV575241_fix+', '15_KZ289085_fix-', '15_KZ289085_fix+', '15_KZ289086_fix-', '15_KZ289086_fix+', '16-', '16+', '16_GL456001_alt-', '16_GL456001_alt+', '16_GL456028_alt-', '16_GL456028_alt+', '16_JH584306_alt-', '16_JH584306_alt+', '16_JH584307_alt-', '16_JH584307_alt+', '16_JH584310_alt-', '16_JH584310_alt+', '16_JH584311_alt-', '16_JH584311_alt+', '16_JH584312_alt-', '16_JH584312_alt+', '16_JH584313_alt-', '16_JH584313_alt+', '16_JH584314_alt-', '16_JH584314_alt+', '16_KB469741_fix-', '16_KB469741_fix+', '17-', '17+', '17_GL456002_alt-', '17_GL456002_alt+', '17_GL456021_alt-', '17_GL456021_alt+', '17_GL456022_alt-', '17_GL456022_alt+', '17_GL456069_alt-', '17_GL456069_alt+', '17_JH584266_alt-', '17_JH584266_alt+', '17_JH584267_alt-', '17_JH584267_alt+', '17_JH584308_alt-', '17_JH584308_alt+', '17_JH584309_alt-', '17_JH584309_alt+', '17_JH584328_alt-', '17_JH584328_alt+', '17_JH590470_alt-', '17_JH590470_alt+', '17_KB469742_fix-', '17_KB469742_fix+', '17_KZ289087_fix-', '17_KZ289087_fix+', '17_KZ289088_fix-', '17_KZ289088_fix+', '17_KZ289089_fix-', '17_KZ289089_fix+', '18-', '18+', '18_GL456070_alt-', '18_GL456070_alt+', '18_JH584318_alt-', '18_JH584318_alt+', '18_JH792829_fix-', '18_JH792829_fix+', '18_KZ289090_fix-', '18_KZ289090_fix+', '18_KZ289091_fix-', '18_KZ289091_fix+', '19-', '19+', '19_GL456079_alt-', '19_GL456079_alt+', '19_JH584319_alt-', '19_JH584319_alt+', '19_JH792830_fix-', '19_JH792830_fix+', '19_KQ030494_fix-', '19_KQ030494_fix+', '19_KV575242_fix-', '19_KV575242_fix+', '1_GL455991_alt-', '1_GL455991_alt+', '1_GL455992_alt-', '1_GL455992_alt+', '1_GL455993_alt-', '1_GL455993_alt+', '1_GL456005_alt-', '1_GL456005_alt+', '1_GL456210_random-', '1_GL456210_random+', '1_GL456211_random-', '1_GL456211_random+', '1_GL456212_random-', '1_GL456212_random+', '1_GL456213_random-', '1_GL456213_random+', '1_GL456221_random-', '1_GL456221_random+', '1_JH584315_alt-', '1_JH584315_alt+', '1_JH584320_alt-', '1_JH584320_alt+', '1_JH584321_alt-', '1_JH584321_alt+', '1_JH584322_alt-', '1_JH584322_alt+', '1_KK082441_alt-', '1_KK082441_alt+', '1_KV575232_fix-', '1_KV575232_fix+', '1_KV575233_fix-', '1_KV575233_fix+', '1_KV575234_fix-', '1_KV575234_fix+', '2-', '2+', '2_GL456024_alt-', '2_GL456024_alt+', '2_KV575235_fix-', '2_KV575235_fix+', '2_KV575236_fix-', '2_KV575236_fix+', '3-', '3+', '3_GL456006_alt-', '3_GL456006_alt+', '3_GL456007_alt-', '3_GL456007_alt+', '3_GL456008_alt-', '3_GL456008_alt+', '3_GL456042_alt-', '3_GL456042_alt+', '3_GL456044_alt-', '3_GL456044_alt+', '3_GL456045_alt-', '3_GL456045_alt+', '3_GL456048_alt-', '3_GL456048_alt+', '3_GL456049_alt-', '3_GL456049_alt+', '3_JH584323_alt-', '3_JH584323_alt+', '3_KQ030484_fix-', '3_KQ030484_fix+', '3_KZ289064_fix-', '3_KZ289064_fix+', '3_KZ289065_fix-', '3_KZ289065_fix+', '3_KZ289066_fix-', '3_KZ289066_fix+', '4-', '4+', '4_GL455994_alt-', '4_GL455994_alt+', '4_GL456009_alt-', '4_GL456009_alt+', '4_GL456010_alt-', '4_GL456010_alt+', '4_GL456053_alt-', '4_GL456053_alt+', '4_GL456064_alt-', '4_GL456064_alt+', '4_GL456075_alt-', '4_GL456075_alt+', '4_GL456076_alt-', '4_GL456076_alt+', '4_GL456077_alt-', '4_GL456077_alt+', '4_GL456216_random-', '4_GL456216_random+', '4_GL456350_random-', '4_GL456350_random+', '4_JH584268_alt-', '4_JH584268_alt+', '4_JH584269_alt-', '4_JH584269_alt+', '4_JH584292_random-', '4_JH584292_random+', '4_JH584293_random-', '4_JH584293_random+', '4_JH584294_random-', '4_JH584294_random+', '4_JH584295_random+', '4_JH584324_alt-', '4_JH584324_alt+', '4_JH584325_alt-', '4_JH584325_alt+', '4_JH584326_alt-', '4_JH584326_alt+', '4_JH792826_fix-', '4_JH792826_fix+', '4_KQ030485_fix-', '4_KQ030485_fix+', '4_KQ030486_fix-', '4_KQ030486_fix+', '4_KQ030487_fix-', '4_KQ030487_fix+', '4_KQ030488_fix-', '4_KQ030488_fix+', '4_KQ030489_fix-', '4_KQ030489_fix+', '4_KZ289067_fix-', '4_KZ289067_fix+', '4_KZ289068_fix-', '4_KZ289068_fix+', '4_KZ289069_fix-', '4_KZ289069_fix+', '4_KZ289070_fix-', '4_KZ289070_fix+', '5-', '5+', '5_GL455995_alt-', '5_GL455995_alt+', '5_GL456011_alt-', '5_GL456011_alt+', '5_GL456354_random-', '5_GL456354_random+', '5_JH584296_random-', '5_JH584296_random+', '5_JH584297_random-', '5_JH584297_random+', '5_JH584298_random-', '5_JH584298_random+', '5_JH584299_random-', '5_JH584299_random+', '5_JH792827_fix-', '5_JH792827_fix+', '5_KV575237_fix-', '5_KV575237_fix+', '6-', '6+', '6_GL456012_alt-', '6_GL456012_alt+', '6_GL456025_alt-', '6_GL456025_alt+', '6_GL456026_alt-', '6_GL456026_alt+', '6_GL456054_alt-', '6_GL456054_alt+', '6_GL456065_alt-', '6_GL456065_alt+', '6_JH584264_alt-', '6_JH584264_alt+', '6_KK082442_fix-', '6_KK082442_fix+', '6_KK082443_fix-', '6_KK082443_fix+', '7-', '7+', '7_GL455989_alt-', '7_GL455989_alt+', '7_GL456013_alt-', '7_GL456013_alt+', '7_GL456014_alt-', '7_GL456014_alt+', '7_GL456219_random-', '7_GL456219_random+', '7_JH792828_fix-', '7_JH792828_fix+', '7_KV575238_fix-', '7_KV575238_fix+', '7_KV575239_fix-', '7_KV575239_fix+', '8-', '8+', '8_GL455996_alt-', '8_GL455996_alt+', '8_GL455997_alt-', '8_GL455997_alt+', '8_KV575240_fix-', '8_KV575240_fix+', '9-', '9+', '9_KB469738_fix-', '9_KB469738_fix+', '9_KQ030490_fix-', '9_KQ030490_fix+', 'M-', 'M+', 'Un_GL456239-', 'Un_GL456239+', 'Un_GL456359-', 'Un_GL456359+', 'Un_GL456360-', 'Un_GL456360+', 'Un_GL456366-', 'Un_GL456366+', 'Un_GL456367-', 'Un_GL456367+', 'Un_GL456368-', 'Un_GL456368+', 'Un_GL456370+', 'Un_GL456372-', 'Un_GL456372+', 'Un_GL456378-', 'Un_GL456378+', 'Un_GL456379-', 'Un_GL456379+', 'Un_GL456381-', 'Un_GL456381+', 'Un_GL456382-', 'Un_GL456382+', 'Un_GL456383-', 'Un_GL456383+', 'Un_GL456385-', 'Un_GL456385+', 'Un_GL456387-', 'Un_GL456387+', 'Un_GL456389-', 'Un_GL456389+', 'Un_GL456390-', 'Un_GL456390+', 'Un_GL456392-', 'Un_GL456392+', 'Un_GL456393-', 'Un_GL456393+', 'Un_GL456394-', 'Un_GL456394+', 'Un_GL456396-', 'Un_GL456396+', 'Un_JH584304-', 'Un_JH584304+', 'X-', 'X+', 'X_GL456003_alt-', 'X_GL456003_alt+', 'X_GL456004_alt-', 'X_GL456004_alt+', 'X_GL456031_alt-', 'X_GL456031_alt+', 'X_GL456032_alt-', 'X_GL456032_alt+', 'X_GL456033_alt-', 'X_GL456033_alt+', 'X_GL456233_random-', 'X_GL456233_random+', 'X_JH792831_fix-', 'X_JH792831_fix+', 'X_KQ030495_fix-', 'X_KQ030495_fix+', 'X_KQ030496_fix-', 'X_KQ030496_fix+', 'X_KQ030497_fix-', 'X_KQ030497_fix+', 'X_KZ289092_fix-', 'X_KZ289092_fix+', 'X_KZ289093_fix-', 'X_KZ289093_fix+', 'X_KZ289094_fix-', 'X_KZ289094_fix+', 'X_KZ289095_fix-', 'X_KZ289095_fix+', 'Y-', 'Y+', 'Y_GL456071_alt-', 'Y_GL456071_alt+', 'Y_GL456072_alt-', 'Y_GL456072_alt+', 'Y_GL456073_alt-', 'Y_GL456073_alt+', 'Y_GL456080_alt-', 'Y_GL456080_alt+', 'Y_GL456081_alt-', 'Y_GL456081_alt+', 'Y_GL456082_alt-', 'Y_GL456082_alt+', 'Y_JH584300_random-', 'Y_JH584300_random+', 'Y_JH584301_random-', 'Y_JH584301_random+', 'Y_JH584302_random-', 'Y_JH584302_random+', 'Y_JH584303_random-', 'Y_JH584303_random+', 'Y_JH792832_fix-', 'Y_JH792832_fix+', 'Y_JH792833_fix-', 'Y_JH792833_fix+', 'Y_JH792834_fix-', 'Y_JH792834_fix+', 'na_GL456050_alt-']
2025-11-04 11:25:59,437 - DEBUG - Summarizing the results of intron validation.
2025-11-04 11:25:59,515 - DEBUG - Validated 1063 introns (of which unique intervals 420) out of 700789 total possible introns (considering each possible transcript models).
2025-11-04 11:25:59,515 - DEBUG - Reading /storage/scratch01/groups/ci/Trem1_GEICAM/Sarai/Single.Cell.Tet2/outs/out.smR065.9/outs/per_sample_outs/smpR065_DsRedP-KO2/count/cellsorted_sample_alignments.bam
2025-11-04 11:25:59,533 - DEBUG - Read first 0 million reads
2025-11-04 11:26:15,024 - DEBUG - Counting for batch 1, containing 100 cells and 1892199 reads
2025-11-04 11:26:25,197 - DEBUG - 241415 reads not considered because fully enclosed in repeat masked regions
2025-11-04 11:26:40,484 - DEBUG - Counting for batch 2, containing 100 cells and 1942715 reads
2025-11-04 11:26:52,634 - DEBUG - 246903 reads not considered because fully enclosed in repeat masked regions
2025-11-04 11:27:10,119 - DEBUG - Counting for batch 3, containing 100 cells and 2298736 reads
2025-11-04 11:27:24,047 - DEBUG - 294838 reads not considered because fully enclosed in repeat masked regions
2025-11-04 11:27:41,732 - DEBUG - Counting for batch 4, containing 100 cells and 2289632 reads
2025-11-04 11:27:55,394 - DEBUG - 292054 reads not considered because fully enclosed in repeat masked regions
2025-11-04 11:28:01,531 - DEBUG - Read first 10 million reads
2025-11-04 11:28:12,204 - DEBUG - Counting for batch 5, containing 100 cells and 2133517 reads
2025-11-04 11:28:25,445 - DEBUG - 270014 reads not considered because fully enclosed in repeat masked regions
2025-11-04 11:28:41,003 - DEBUG - Counting for batch 6, containing 100 cells and 1914605 reads
2025-11-04 11:28:53,273 - DEBUG - 243735 reads not considered because fully enclosed in repeat masked regions
2025-11-04 11:29:06,396 - DEBUG - Counting for batch 7, containing 100 cells and 1785018 reads
2025-11-04 11:29:17,875 - DEBUG - 224692 reads not considered because fully enclosed in repeat masked regions
2025-11-04 11:29:30,352 - DEBUG - Counting for batch 8, containing 100 cells and 1716259 reads
2025-11-04 11:29:41,548 - DEBUG - 214958 reads not considered because fully enclosed in repeat masked regions
2025-11-04 11:29:56,940 - DEBUG - Read first 20 million reads
2025-11-04 11:29:58,075 - DEBUG - Counting for batch 9, containing 100 cells and 2195336 reads
2025-11-04 11:30:11,571 - DEBUG - 282409 reads not considered because fully enclosed in repeat masked regions
2025-11-04 11:30:26,417 - DEBUG - Counting for batch 10, containing 100 cells and 1821957 reads
2025-11-04 11:30:38,870 - DEBUG - 228498 reads not considered because fully enclosed in repeat masked regions
2025-11-04 11:30:52,335 - DEBUG - Counting for batch 11, containing 100 cells and 1851260 reads
2025-11-04 11:31:04,278 - DEBUG - 233037 reads not considered because fully enclosed in repeat masked regions
2025-11-04 11:31:22,735 - DEBUG - Counting for batch 12, containing 100 cells and 2461194 reads
2025-11-04 11:31:37,439 - DEBUG - 320095 reads not considered because fully enclosed in repeat masked regions
2025-11-04 11:31:55,039 - DEBUG - Counting for batch 13, containing 100 cells and 2245112 reads
2025-11-04 11:32:08,889 - DEBUG - 286796 reads not considered because fully enclosed in repeat masked regions
2025-11-04 11:32:12,596 - DEBUG - Read first 30 million reads
2025-11-04 11:32:27,864 - DEBUG - Counting for batch 14, containing 100 cells and 2470071 reads
2025-11-04 11:32:42,698 - DEBUG - 316649 reads not considered because fully enclosed in repeat masked regions
2025-11-04 11:32:57,423 - DEBUG - Counting for batch 15, containing 100 cells and 2017234 reads
2025-11-04 11:33:10,119 - DEBUG - 252009 reads not considered because fully enclosed in repeat masked regions
2025-11-04 11:33:25,893 - DEBUG - Counting for batch 16, containing 100 cells and 2037822 reads
2025-11-04 11:33:38,887 - DEBUG - 259840 reads not considered because fully enclosed in repeat masked regions
2025-11-04 11:33:53,151 - DEBUG - Counting for batch 17, containing 100 cells and 1744296 reads
2025-11-04 11:34:04,770 - DEBUG - 222336 reads not considered because fully enclosed in repeat masked regions
2025-11-04 11:34:11,654 - DEBUG - Read first 40 million reads
2025-11-04 11:34:17,459 - DEBUG - Counting for batch 18, containing 100 cells and 1736466 reads
2025-11-04 11:34:28,981 - DEBUG - 220083 reads not considered because fully enclosed in repeat masked regions
2025-11-04 11:34:44,040 - DEBUG - Counting for batch 19, containing 100 cells and 2151823 reads
2025-11-04 11:34:57,342 - DEBUG - 274462 reads not considered because fully enclosed in repeat masked regions
2025-11-04 11:35:11,672 - DEBUG - Counting for batch 20, containing 100 cells and 1740100 reads
2025-11-04 11:35:23,363 - DEBUG - 221553 reads not considered because fully enclosed in repeat masked regions
2025-11-04 11:35:35,601 - DEBUG - Counting for batch 21, containing 100 cells and 1665529 reads
2025-11-04 11:35:46,679 - DEBUG - 206684 reads not considered because fully enclosed in repeat masked regions
2025-11-04 11:36:01,272 - DEBUG - Counting for batch 22, containing 100 cells and 2095469 reads
2025-11-04 11:36:14,512 - DEBUG - 263445 reads not considered because fully enclosed in repeat masked regions
2025-11-04 11:36:19,162 - DEBUG - Read first 50 million reads
2025-11-04 11:36:29,142 - DEBUG - Counting for batch 23, containing 100 cells and 1781883 reads
2025-11-04 11:36:38,999 - DEBUG - 224490 reads not considered because fully enclosed in repeat masked regions
2025-11-04 11:36:52,529 - DEBUG - Counting for batch 24, containing 100 cells and 1706797 reads
2025-11-04 11:37:03,737 - DEBUG - 215974 reads not considered because fully enclosed in repeat masked regions
2025-11-04 11:37:19,427 - DEBUG - Counting for batch 25, containing 100 cells and 2041138 reads
2025-11-04 11:37:32,529 - DEBUG - 257547 reads not considered because fully enclosed in repeat masked regions
2025-11-04 11:37:51,637 - DEBUG - Counting for batch 26, containing 100 cells and 2521243 reads
2025-11-04 11:38:06,788 - DEBUG - 323970 reads not considered because fully enclosed in repeat masked regions
2025-11-04 11:38:18,517 - DEBUG - Read first 60 million reads
2025-11-04 11:38:20,815 - DEBUG - Counting for batch 27, containing 100 cells and 1881149 reads
2025-11-04 11:38:32,951 - DEBUG - 237482 reads not considered because fully enclosed in repeat masked regions
2025-11-04 11:38:50,467 - DEBUG - Counting for batch 28, containing 100 cells and 2296917 reads
2025-11-04 11:39:04,629 - DEBUG - 291819 reads not considered because fully enclosed in repeat masked regions
2025-11-04 11:39:18,888 - DEBUG - Counting for batch 29, containing 100 cells and 1961130 reads
2025-11-04 11:39:31,425 - DEBUG - 251434 reads not considered because fully enclosed in repeat masked regions
2025-11-04 11:39:46,519 - DEBUG - Counting for batch 30, containing 100 cells and 1886473 reads
2025-11-04 11:39:58,741 - DEBUG - 242052 reads not considered because fully enclosed in repeat masked regions
2025-11-04 11:40:10,942 - DEBUG - Counting for batch 31, containing 100 cells and 1622520 reads
2025-11-04 11:40:19,866 - DEBUG - 204780 reads not considered because fully enclosed in repeat masked regions
2025-11-04 11:40:26,697 - DEBUG - Read first 70 million reads
2025-11-04 11:40:33,279 - DEBUG - Counting for batch 32, containing 100 cells and 1705715 reads
2025-11-04 11:40:44,451 - DEBUG - 218255 reads not considered because fully enclosed in repeat masked regions
2025-11-04 11:40:59,054 - DEBUG - Counting for batch 33, containing 100 cells and 1832355 reads
2025-11-04 11:41:09,045 - DEBUG - 233315 reads not considered because fully enclosed in repeat masked regions
2025-11-04 11:41:27,047 - DEBUG - Counting for batch 34, containing 100 cells and 2179561 reads
2025-11-04 11:41:40,790 - DEBUG - 275858 reads not considered because fully enclosed in repeat masked regions
2025-11-04 11:41:57,460 - DEBUG - Counting for batch 35, containing 100 cells and 2364481 reads
2025-11-04 11:42:11,824 - DEBUG - 301422 reads not considered because fully enclosed in repeat masked regions
2025-11-04 11:42:26,053 - DEBUG - Read first 80 million reads
2025-11-04 11:42:26,507 - DEBUG - Counting for batch 36, containing 100 cells and 1765175 reads
2025-11-04 11:42:38,229 - DEBUG - 222312 reads not considered because fully enclosed in repeat masked regions
2025-11-04 11:42:51,050 - DEBUG - Counting for batch 37, containing 100 cells and 1732459 reads
2025-11-04 11:43:02,524 - DEBUG - 222207 reads not considered because fully enclosed in repeat masked regions
2025-11-04 11:43:17,273 - DEBUG - Counting for batch 38, containing 100 cells and 2114235 reads
2025-11-04 11:43:30,550 - DEBUG - 270619 reads not considered because fully enclosed in repeat masked regions
2025-11-04 11:43:45,179 - DEBUG - Counting for batch 39, containing 100 cells and 1792854 reads
2025-11-04 11:43:57,111 - DEBUG - 225359 reads not considered because fully enclosed in repeat masked regions
2025-11-04 11:44:09,655 - DEBUG - Counting for batch 40, containing 100 cells and 1707208 reads
2025-11-04 11:44:21,046 - DEBUG - 216673 reads not considered because fully enclosed in repeat masked regions
2025-11-04 11:44:32,295 - DEBUG - Read first 90 million reads
2025-11-04 11:44:35,796 - DEBUG - Counting for batch 41, containing 100 cells and 2123811 reads
2025-11-04 11:44:48,937 - DEBUG - 274171 reads not considered because fully enclosed in repeat masked regions
2025-11-04 11:45:03,400 - DEBUG - Counting for batch 42, containing 100 cells and 1815588 reads
2025-11-04 11:45:15,181 - DEBUG - 226315 reads not considered because fully enclosed in repeat masked regions
2025-11-04 11:45:32,144 - DEBUG - Counting for batch 43, containing 100 cells and 2226741 reads
2025-11-04 11:45:46,047 - DEBUG - 278529 reads not considered because fully enclosed in repeat masked regions
2025-11-04 11:45:59,693 - DEBUG - Counting for batch 44, containing 100 cells and 1852552 reads
2025-11-04 11:46:11,637 - DEBUG - 235878 reads not considered because fully enclosed in repeat masked regions
2025-11-04 11:46:26,916 - DEBUG - Counting for batch 45, containing 100 cells and 1941637 reads
2025-11-04 11:46:39,528 - DEBUG - 249278 reads not considered because fully enclosed in repeat masked regions
2025-11-04 11:46:43,420 - DEBUG - Read first 100 million reads
2025-11-04 11:46:52,364 - DEBUG - Counting for batch 46, containing 100 cells and 1749907 reads
2025-11-04 11:47:03,917 - DEBUG - 224185 reads not considered because fully enclosed in repeat masked regions
2025-11-04 11:47:17,918 - DEBUG - Counting for batch 47, containing 100 cells and 1696135 reads
2025-11-04 11:47:27,179 - DEBUG - 214115 reads not considered because fully enclosed in repeat masked regions
2025-11-04 11:47:42,705 - DEBUG - Counting for batch 48, containing 100 cells and 2054692 reads
2025-11-04 11:47:55,751 - DEBUG - 259623 reads not considered because fully enclosed in repeat masked regions
2025-11-04 11:48:11,685 - DEBUG - Counting for batch 49, containing 100 cells and 2061602 reads
2025-11-04 11:48:24,683 - DEBUG - 260224 reads not considered because fully enclosed in repeat masked regions
2025-11-04 11:48:39,347 - DEBUG - Read first 110 million reads
2025-11-04 11:48:39,599 - DEBUG - Counting for batch 50, containing 100 cells and 1810577 reads
2025-11-04 11:48:49,538 - DEBUG - 225565 reads not considered because fully enclosed in repeat masked regions
2025-11-04 11:49:03,579 - DEBUG - Counting for batch 51, containing 100 cells and 1778089 reads
2025-11-04 11:49:15,152 - DEBUG - 230382 reads not considered because fully enclosed in repeat masked regions
2025-11-04 11:49:30,375 - DEBUG - Counting for batch 52, containing 100 cells and 1919264 reads
2025-11-04 11:49:42,789 - DEBUG - 241450 reads not considered because fully enclosed in repeat masked regions
2025-11-04 11:49:57,067 - DEBUG - Counting for batch 53, containing 100 cells and 1995503 reads
2025-11-04 11:50:09,909 - DEBUG - 256842 reads not considered because fully enclosed in repeat masked regions
2025-11-04 11:50:22,353 - DEBUG - Counting for batch 54, containing 100 cells and 1670623 reads
2025-11-04 11:50:33,511 - DEBUG - 215783 reads not considered because fully enclosed in repeat masked regions
2025-11-04 11:50:44,364 - DEBUG - Read first 120 million reads
2025-11-04 11:50:47,892 - DEBUG - Counting for batch 55, containing 100 cells and 1787958 reads
2025-11-04 11:50:59,654 - DEBUG - 228306 reads not considered because fully enclosed in repeat masked regions
2025-11-04 11:51:11,957 - DEBUG - Counting for batch 56, containing 100 cells and 1622842 reads
2025-11-04 11:51:20,972 - DEBUG - 202459 reads not considered because fully enclosed in repeat masked regions
2025-11-04 11:51:34,402 - DEBUG - Counting for batch 57, containing 100 cells and 1673015 reads
2025-11-04 11:51:45,563 - DEBUG - 208235 reads not considered because fully enclosed in repeat masked regions
2025-11-04 11:52:04,413 - DEBUG - Counting for batch 58, containing 100 cells and 2552282 reads
2025-11-04 11:52:19,764 - DEBUG - 319447 reads not considered because fully enclosed in repeat masked regions
2025-11-04 11:52:36,635 - DEBUG - Counting for batch 59, containing 100 cells and 2094286 reads
2025-11-04 11:52:50,012 - DEBUG - 268642 reads not considered because fully enclosed in repeat masked regions
2025-11-04 11:52:54,707 - DEBUG - Read first 130 million reads
2025-11-04 11:53:04,367 - DEBUG - Counting for batch 60, containing 100 cells and 1997339 reads
2025-11-04 11:53:17,049 - DEBUG - 250879 reads not considered because fully enclosed in repeat masked regions
2025-11-04 11:53:31,755 - DEBUG - Counting for batch 61, containing 100 cells and 1813111 reads
2025-11-04 11:53:43,630 - DEBUG - 231615 reads not considered because fully enclosed in repeat masked regions
2025-11-04 11:53:56,879 - DEBUG - Counting for batch 62, containing 100 cells and 1817737 reads
2025-11-04 11:54:08,721 - DEBUG - 227043 reads not considered because fully enclosed in repeat masked regions
2025-11-04 11:54:22,219 - DEBUG - Counting for batch 63, containing 100 cells and 1885860 reads
2025-11-04 11:54:34,420 - DEBUG - 239775 reads not considered because fully enclosed in repeat masked regions
2025-11-04 11:54:48,394 - DEBUG - Counting for batch 64, containing 100 cells and 1718626 reads
2025-11-04 11:54:59,810 - DEBUG - 217361 reads not considered because fully enclosed in repeat masked regions
2025-11-04 11:55:02,181 - DEBUG - Read first 140 million reads
2025-11-04 11:55:11,774 - DEBUG - Counting for batch 65, containing 100 cells and 1590296 reads
2025-11-04 11:55:22,698 - DEBUG - 200726 reads not considered because fully enclosed in repeat masked regions
2025-11-04 11:55:37,035 - DEBUG - Counting for batch 66, containing 100 cells and 2041236 reads
2025-11-04 11:55:50,137 - DEBUG - 253966 reads not considered because fully enclosed in repeat masked regions
2025-11-04 11:56:04,816 - DEBUG - Counting for batch 67, containing 100 cells and 1786130 reads
2025-11-04 11:56:16,651 - DEBUG - 226876 reads not considered because fully enclosed in repeat masked regions
2025-11-04 11:56:28,905 - DEBUG - Counting for batch 68, containing 100 cells and 1632224 reads
2025-11-04 11:56:40,040 - DEBUG - 209852 reads not considered because fully enclosed in repeat masked regions
2025-11-04 11:56:52,856 - DEBUG - Counting for batch 69, containing 100 cells and 1750183 reads
2025-11-04 11:57:04,574 - DEBUG - 226071 reads not considered because fully enclosed in repeat masked regions
2025-11-04 11:57:07,179 - DEBUG - Read first 150 million reads
2025-11-04 11:57:16,284 - DEBUG - Counting for batch 70, containing 100 cells and 1551161 reads
2025-11-04 11:57:25,004 - DEBUG - 197504 reads not considered because fully enclosed in repeat masked regions
2025-11-04 11:57:43,393 - DEBUG - Counting for batch 71, containing 100 cells and 2280149 reads
2025-11-04 11:57:57,504 - DEBUG - 297919 reads not considered because fully enclosed in repeat masked regions
2025-11-04 11:58:11,811 - DEBUG - Counting for batch 72, containing 100 cells and 1966758 reads
2025-11-04 11:58:24,245 - DEBUG - 244762 reads not considered because fully enclosed in repeat masked regions
2025-11-04 11:58:38,504 - DEBUG - Counting for batch 73, containing 100 cells and 1738366 reads
2025-11-04 11:58:47,911 - DEBUG - 217883 reads not considered because fully enclosed in repeat masked regions
2025-11-04 11:59:00,838 - DEBUG - Read first 160 million reads
2025-11-04 11:59:01,112 - DEBUG - Counting for batch 74, containing 100 cells and 1646127 reads
2025-11-04 11:59:12,007 - DEBUG - 206983 reads not considered because fully enclosed in repeat masked regions
2025-11-04 11:59:28,642 - DEBUG - Counting for batch 75, containing 100 cells and 2181509 reads
2025-11-04 11:59:42,216 - DEBUG - 274354 reads not considered because fully enclosed in repeat masked regions
2025-11-04 11:59:55,970 - DEBUG - Counting for batch 76, containing 100 cells and 1882864 reads
2025-11-04 12:00:08,173 - DEBUG - 239014 reads not considered because fully enclosed in repeat masked regions
2025-11-04 12:00:24,188 - DEBUG - Counting for batch 77, containing 100 cells and 2041661 reads
2025-11-04 12:00:37,248 - DEBUG - 257428 reads not considered because fully enclosed in repeat masked regions
2025-11-04 12:00:54,161 - DEBUG - Counting for batch 78, containing 100 cells and 2435372 reads
2025-11-04 12:01:08,926 - DEBUG - 309256 reads not considered because fully enclosed in repeat masked regions
2025-11-04 12:01:13,830 - DEBUG - Read first 170 million reads
2025-11-04 12:01:29,056 - DEBUG - Counting for batch 79, containing 100 cells and 2425120 reads
2025-11-04 12:01:43,911 - DEBUG - 315098 reads not considered because fully enclosed in repeat masked regions
2025-11-04 12:01:59,969 - DEBUG - Counting for batch 80, containing 100 cells and 2258197 reads
2025-11-04 12:02:13,923 - DEBUG - 290111 reads not considered because fully enclosed in repeat masked regions
2025-11-04 12:02:30,567 - DEBUG - Counting for batch 81, containing 100 cells and 2142163 reads
2025-11-04 12:02:43,839 - DEBUG - 271378 reads not considered because fully enclosed in repeat masked regions
2025-11-04 12:02:59,116 - DEBUG - Counting for batch 82, containing 100 cells and 1883879 reads
2025-11-04 12:03:11,576 - DEBUG - 240865 reads not considered because fully enclosed in repeat masked regions
2025-11-04 12:03:15,950 - DEBUG - Read first 180 million reads
2025-11-04 12:03:28,059 - DEBUG - Counting for batch 83, containing 100 cells and 2382082 reads
2025-11-04 12:03:42,597 - DEBUG - 303627 reads not considered because fully enclosed in repeat masked regions
2025-11-04 12:03:59,608 - DEBUG - Counting for batch 84, containing 100 cells and 2221168 reads
2025-11-04 12:04:13,373 - DEBUG - 284519 reads not considered because fully enclosed in repeat masked regions
2025-11-04 12:04:27,521 - DEBUG - Counting for batch 85, containing 100 cells and 1742904 reads
2025-11-04 12:04:39,002 - DEBUG - 219599 reads not considered because fully enclosed in repeat masked regions
2025-11-04 12:04:51,532 - DEBUG - Counting for batch 86, containing 100 cells and 1731841 reads
2025-11-04 12:05:02,771 - DEBUG - 220756 reads not considered because fully enclosed in repeat masked regions
2025-11-04 12:05:14,644 - DEBUG - Read first 190 million reads
2025-11-04 12:05:18,305 - DEBUG - Counting for batch 87, containing 100 cells and 2036818 reads
2025-11-04 12:05:31,218 - DEBUG - 264311 reads not considered because fully enclosed in repeat masked regions
2025-11-04 12:05:45,986 - DEBUG - Counting for batch 88, containing 100 cells and 1781923 reads
2025-11-04 12:05:55,697 - DEBUG - 223631 reads not considered because fully enclosed in repeat masked regions
2025-11-04 12:06:09,788 - DEBUG - Counting for batch 89, containing 100 cells and 1785273 reads
2025-11-04 12:06:21,479 - DEBUG - 217714 reads not considered because fully enclosed in repeat masked regions
2025-11-04 12:06:31,976 - DEBUG - Counting for batch 90, containing 100 cells and 1371299 reads
2025-11-04 12:06:41,528 - DEBUG - 170025 reads not considered because fully enclosed in repeat masked regions
2025-11-04 12:06:56,394 - DEBUG - Counting for batch 91, containing 100 cells and 1900931 reads
2025-11-04 12:07:06,739 - DEBUG - 239256 reads not considered because fully enclosed in repeat masked regions
2025-11-04 12:07:19,020 - DEBUG - Read first 200 million reads
2025-11-04 12:07:20,681 - DEBUG - Counting for batch 92, containing 100 cells and 1767585 reads
2025-11-04 12:07:32,334 - DEBUG - 220793 reads not considered because fully enclosed in repeat masked regions
2025-11-04 12:07:47,680 - DEBUG - Counting for batch 93, containing 100 cells and 1962031 reads
2025-11-04 12:08:00,477 - DEBUG - 251251 reads not considered because fully enclosed in repeat masked regions
2025-11-04 12:08:14,534 - DEBUG - Counting for batch 94, containing 100 cells and 1946155 reads
2025-11-04 12:08:26,994 - DEBUG - 239557 reads not considered because fully enclosed in repeat masked regions
2025-11-04 12:08:41,343 - DEBUG - Counting for batch 95, containing 100 cells and 1749903 reads
2025-11-04 12:08:51,021 - DEBUG - 218792 reads not considered because fully enclosed in repeat masked regions
2025-11-04 12:09:05,543 - DEBUG - Counting for batch 96, containing 100 cells and 1887871 reads
2025-11-04 12:09:17,638 - DEBUG - 245089 reads not considered because fully enclosed in repeat masked regions
2025-11-04 12:09:26,575 - DEBUG - Read first 210 million reads
2025-11-04 12:09:32,739 - DEBUG - Counting for batch 97, containing 100 cells and 1919145 reads
2025-11-04 12:09:45,088 - DEBUG - 245898 reads not considered because fully enclosed in repeat masked regions
2025-11-04 12:10:02,787 - DEBUG - Counting for batch 98, containing 100 cells and 2321866 reads
2025-11-04 12:10:17,308 - DEBUG - 298623 reads not considered because fully enclosed in repeat masked regions
2025-11-04 12:10:31,440 - DEBUG - Counting for batch 99, containing 100 cells and 1913457 reads
2025-11-04 12:10:43,775 - DEBUG - 243207 reads not considered because fully enclosed in repeat masked regions
2025-11-04 12:10:59,979 - DEBUG - Counting for batch 100, containing 100 cells and 2104713 reads
2025-11-04 12:11:13,161 - DEBUG - 267114 reads not considered because fully enclosed in repeat masked regions
2025-11-04 12:11:26,018 - DEBUG - Read first 220 million reads
2025-11-04 12:11:27,987 - DEBUG - Counting for batch 101, containing 100 cells and 1773866 reads
2025-11-04 12:11:37,706 - DEBUG - 221368 reads not considered because fully enclosed in repeat masked regions
2025-11-04 12:11:52,379 - DEBUG - Counting for batch 102, containing 100 cells and 1880083 reads
2025-11-04 12:12:04,605 - DEBUG - 239434 reads not considered because fully enclosed in repeat masked regions
2025-11-04 12:12:19,852 - DEBUG - Counting for batch 103, containing 100 cells and 1890492 reads
2025-11-04 12:12:32,186 - DEBUG - 236021 reads not considered because fully enclosed in repeat masked regions
2025-11-04 12:12:45,545 - DEBUG - Counting for batch 104, containing 100 cells and 1803151 reads
2025-11-04 12:12:57,611 - DEBUG - 230890 reads not considered because fully enclosed in repeat masked regions
2025-11-04 12:13:11,629 - DEBUG - Counting for batch 105, containing 100 cells and 1936740 reads
2025-11-04 12:13:24,128 - DEBUG - 243747 reads not considered because fully enclosed in repeat masked regions
2025-11-04 12:13:34,875 - DEBUG - Read first 230 million reads
2025-11-04 12:13:37,681 - DEBUG - Counting for batch 106, containing 100 cells and 1865591 reads
2025-11-04 12:13:49,706 - DEBUG - 236907 reads not considered because fully enclosed in repeat masked regions
2025-11-04 12:14:04,289 - DEBUG - Counting for batch 107, containing 100 cells and 1804695 reads
2025-11-04 12:14:16,252 - DEBUG - 225360 reads not considered because fully enclosed in repeat masked regions
2025-11-04 12:14:29,158 - DEBUG - Counting for batch 108, containing 100 cells and 1738726 reads
2025-11-04 12:14:40,821 - DEBUG - 221273 reads not considered because fully enclosed in repeat masked regions
2025-11-04 12:14:53,918 - DEBUG - Counting for batch 109, containing 100 cells and 1788678 reads
2025-11-04 12:15:05,722 - DEBUG - 230011 reads not considered because fully enclosed in repeat masked regions
2025-11-04 12:15:17,915 - DEBUG - Counting for batch 110, containing 100 cells and 1689685 reads
2025-11-04 12:15:28,787 - DEBUG - 214525 reads not considered because fully enclosed in repeat masked regions
2025-11-04 12:15:38,838 - DEBUG - Read first 240 million reads
2025-11-04 12:15:40,927 - DEBUG - Counting for batch 111, containing 100 cells and 1755579 reads
2025-11-04 12:15:51,914 - DEBUG - 216501 reads not considered because fully enclosed in repeat masked regions
2025-11-04 12:16:07,114 - DEBUG - Counting for batch 112, containing 100 cells and 2009895 reads
2025-11-04 12:16:19,670 - DEBUG - 254066 reads not considered because fully enclosed in repeat masked regions
2025-11-04 12:16:33,487 - DEBUG - Counting for batch 113, containing 100 cells and 1996886 reads
2025-11-04 12:16:45,736 - DEBUG - 252992 reads not considered because fully enclosed in repeat masked regions
2025-11-04 12:17:00,844 - DEBUG - Counting for batch 114, containing 100 cells and 1945327 reads
2025-11-04 12:17:10,905 - DEBUG - 245791 reads not considered because fully enclosed in repeat masked regions
2025-11-04 12:17:28,467 - DEBUG - Counting for batch 115, containing 100 cells and 2194872 reads
2025-11-04 12:17:41,784 - DEBUG - 280893 reads not considered because fully enclosed in repeat masked regions
2025-11-04 12:17:45,498 - DEBUG - Read first 250 million reads
2025-11-04 12:17:56,036 - DEBUG - Counting for batch 116, containing 100 cells and 2065032 reads
2025-11-04 12:18:08,773 - DEBUG - 266380 reads not considered because fully enclosed in repeat masked regions
2025-11-04 12:18:22,720 - DEBUG - Counting for batch 117, containing 100 cells and 2042964 reads
2025-11-04 12:18:35,023 - DEBUG - 265771 reads not considered because fully enclosed in repeat masked regions
2025-11-04 12:18:50,323 - DEBUG - Counting for batch 118, containing 100 cells and 2068186 reads
2025-11-04 12:19:02,893 - DEBUG - 267101 reads not considered because fully enclosed in repeat masked regions
2025-11-04 12:19:20,257 - DEBUG - Counting for batch 119, containing 100 cells and 2233467 reads
2025-11-04 12:19:33,517 - DEBUG - 286994 reads not considered because fully enclosed in repeat masked regions
2025-11-04 12:19:41,331 - DEBUG - Read first 260 million reads
2025-11-04 12:19:46,380 - DEBUG - Counting for batch 120, containing 100 cells and 1570826 reads
2025-11-04 12:19:56,709 - DEBUG - 195410 reads not considered because fully enclosed in repeat masked regions
2025-11-04 12:20:08,858 - DEBUG - Counting for batch 121, containing 100 cells and 1743855 reads
2025-11-04 12:20:19,981 - DEBUG - 219740 reads not considered because fully enclosed in repeat masked regions
2025-11-04 12:20:33,724 - DEBUG - Counting for batch 122, containing 100 cells and 2023530 reads
2025-11-04 12:20:46,067 - DEBUG - 252058 reads not considered because fully enclosed in repeat masked regions
2025-11-04 12:20:59,976 - DEBUG - Counting for batch 123, containing 100 cells and 1753762 reads
2025-11-04 12:21:09,110 - DEBUG - 225490 reads not considered because fully enclosed in repeat masked regions
2025-11-04 12:21:22,275 - DEBUG - Counting for batch 124, containing 100 cells and 1716212 reads
2025-11-04 12:21:33,140 - DEBUG - 217405 reads not considered because fully enclosed in repeat masked regions
2025-11-04 12:21:41,224 - DEBUG - Read first 270 million reads
2025-11-04 12:21:49,453 - DEBUG - Counting for batch 125, containing 100 cells and 2242602 reads
2025-11-04 12:22:02,854 - DEBUG - 285897 reads not considered because fully enclosed in repeat masked regions
2025-11-04 12:22:19,609 - DEBUG - Counting for batch 126, containing 100 cells and 2244983 reads
2025-11-04 12:22:33,006 - DEBUG - 289005 reads not considered because fully enclosed in repeat masked regions
2025-11-04 12:22:44,723 - DEBUG - Counting for batch 127, containing 100 cells and 1583083 reads
2025-11-04 12:22:54,999 - DEBUG - 198173 reads not considered because fully enclosed in repeat masked regions
2025-11-04 12:23:06,582 - DEBUG - Counting for batch 128, containing 100 cells and 1642255 reads
2025-11-04 12:23:17,230 - DEBUG - 207646 reads not considered because fully enclosed in repeat masked regions
2025-11-04 12:23:32,079 - DEBUG - Counting for batch 129, containing 100 cells and 1936551 reads
2025-11-04 12:23:44,370 - DEBUG - 247879 reads not considered because fully enclosed in repeat masked regions
2025-11-04 12:23:47,541 - DEBUG - Read first 280 million reads
2025-11-04 12:23:58,452 - DEBUG - Counting for batch 130, containing 100 cells and 2052329 reads
2025-11-04 12:24:11,071 - DEBUG - 259259 reads not considered because fully enclosed in repeat masked regions
2025-11-04 12:24:28,191 - DEBUG - Counting for batch 131, containing 100 cells and 2288137 reads
2025-11-04 12:24:39,616 - DEBUG - 294061 reads not considered because fully enclosed in repeat masked regions
2025-11-04 12:24:52,946 - DEBUG - Counting for batch 132, containing 100 cells and 1711595 reads
2025-11-04 12:25:03,723 - DEBUG - 216975 reads not considered because fully enclosed in repeat masked regions
2025-11-04 12:25:17,799 - DEBUG - Counting for batch 133, containing 100 cells and 1854028 reads
2025-11-04 12:25:29,475 - DEBUG - 234719 reads not considered because fully enclosed in repeat masked regions
2025-11-04 12:25:40,084 - DEBUG - Read first 290 million reads
2025-11-04 12:25:41,182 - DEBUG - Counting for batch 134, containing 100 cells and 1621428 reads
2025-11-04 12:25:51,736 - DEBUG - 207892 reads not considered because fully enclosed in repeat masked regions
2025-11-04 12:26:04,387 - DEBUG - Counting for batch 135, containing 100 cells and 1845894 reads
2025-11-04 12:26:15,979 - DEBUG - 238929 reads not considered because fully enclosed in repeat masked regions
2025-11-04 12:26:24,542 - DEBUG - Counting for batch 136, containing 100 cells and 1024850 reads
2025-11-04 12:26:30,518 - DEBUG - 132688 reads not considered because fully enclosed in repeat masked regions
2025-11-04 12:26:41,059 - DEBUG - Counting for batch 137, containing 100 cells and 1280321 reads
2025-11-04 12:26:48,092 - DEBUG - 158588 reads not considered because fully enclosed in repeat masked regions
2025-11-04 12:27:01,241 - DEBUG - Counting for batch 138, containing 100 cells and 1765135 reads
2025-11-04 12:27:12,499 - DEBUG - 223035 reads not considered because fully enclosed in repeat masked regions
2025-11-04 12:27:27,767 - DEBUG - Counting for batch 139, containing 100 cells and 1986919 reads
2025-11-04 12:27:37,983 - DEBUG - 252741 reads not considered because fully enclosed in repeat masked regions
2025-11-04 12:27:44,712 - DEBUG - Read first 300 million reads
2025-11-04 12:27:52,444 - DEBUG - Counting for batch 140, containing 100 cells and 1934385 reads
2025-11-04 12:28:04,343 - DEBUG - 244031 reads not considered because fully enclosed in repeat masked regions
2025-11-04 12:28:18,109 - DEBUG - Counting for batch 141, containing 100 cells and 1723120 reads
2025-11-04 12:28:29,123 - DEBUG - 217112 reads not considered because fully enclosed in repeat masked regions
2025-11-04 12:28:44,047 - DEBUG - Counting for batch 142, containing 100 cells and 2266975 reads
2025-11-04 12:28:57,471 - DEBUG - 296218 reads not considered because fully enclosed in repeat masked regions
2025-11-04 12:29:11,417 - DEBUG - Counting for batch 143, containing 100 cells and 1730624 reads
2025-11-04 12:29:22,580 - DEBUG - 220098 reads not considered because fully enclosed in repeat masked regions
2025-11-04 12:29:35,124 - DEBUG - Counting for batch 144, containing 100 cells and 1784995 reads
2025-11-04 12:29:46,497 - DEBUG - 216685 reads not considered because fully enclosed in repeat masked regions
2025-11-04 12:29:49,284 - DEBUG - Read first 310 million reads
2025-11-04 12:29:59,826 - DEBUG - Counting for batch 145, containing 100 cells and 1932440 reads
2025-11-04 12:30:11,797 - DEBUG - 235781 reads not considered because fully enclosed in repeat masked regions
2025-11-04 12:30:24,710 - DEBUG - Counting for batch 146, containing 100 cells and 1855384 reads
2025-11-04 12:30:36,287 - DEBUG - 234601 reads not considered because fully enclosed in repeat masked regions
2025-11-04 12:30:51,731 - DEBUG - Counting for batch 147, containing 100 cells and 2071690 reads
2025-11-04 12:31:04,480 - DEBUG - 262553 reads not considered because fully enclosed in repeat masked regions
2025-11-04 12:31:16,099 - DEBUG - Counting for batch 148, containing 100 cells and 1599525 reads
2025-11-04 12:31:26,875 - DEBUG - 201560 reads not considered because fully enclosed in repeat masked regions
2025-11-04 12:31:40,904 - DEBUG - Read first 320 million reads
2025-11-04 12:31:41,303 - DEBUG - Counting for batch 149, containing 100 cells and 1757815 reads
2025-11-04 12:31:50,988 - DEBUG - 225572 reads not considered because fully enclosed in repeat masked regions
2025-11-04 12:32:05,507 - DEBUG - Counting for batch 150, containing 100 cells and 1819977 reads
2025-11-04 12:32:17,485 - DEBUG - 230665 reads not considered because fully enclosed in repeat masked regions
2025-11-04 12:32:32,876 - DEBUG - Counting for batch 151, containing 100 cells and 1894234 reads
2025-11-04 12:32:46,561 - DEBUG - 238102 reads not considered because fully enclosed in repeat masked regions
2025-11-04 12:33:00,023 - DEBUG - Counting for batch 152, containing 100 cells and 1686594 reads
2025-11-04 12:33:12,048 - DEBUG - 211083 reads not considered because fully enclosed in repeat masked regions
2025-11-04 12:33:26,969 - DEBUG - Counting for batch 153, containing 100 cells and 2043068 reads
2025-11-04 12:33:40,791 - DEBUG - 258389 reads not considered because fully enclosed in repeat masked regions
2025-11-04 12:33:52,024 - DEBUG - Read first 330 million reads
2025-11-04 12:33:57,426 - DEBUG - Counting for batch 154, containing 100 cells and 1990388 reads
2025-11-04 12:34:10,993 - DEBUG - 250946 reads not considered because fully enclosed in repeat masked regions
2025-11-04 12:34:23,139 - DEBUG - Counting for batch 155, containing 100 cells and 1495860 reads
2025-11-04 12:34:32,006 - DEBUG - 190790 reads not considered because fully enclosed in repeat masked regions
2025-11-04 12:34:45,640 - DEBUG - Counting for batch 156, containing 100 cells and 1666881 reads
2025-11-04 12:34:57,098 - DEBUG - 209827 reads not considered because fully enclosed in repeat masked regions
2025-11-04 12:35:14,740 - DEBUG - Counting for batch 157, containing 100 cells and 2268088 reads
2025-11-04 12:35:29,259 - DEBUG - 289513 reads not considered because fully enclosed in repeat masked regions
2025-11-04 12:35:43,496 - DEBUG - Counting for batch 158, containing 100 cells and 1898974 reads
2025-11-04 12:35:56,128 - DEBUG - 240681 reads not considered because fully enclosed in repeat masked regions
2025-11-04 12:36:03,083 - DEBUG - Read first 340 million reads
2025-11-04 12:36:07,879 - DEBUG - Counting for batch 159, containing 100 cells and 1518292 reads
2025-11-04 12:36:16,548 - DEBUG - 195551 reads not considered because fully enclosed in repeat masked regions
2025-11-04 12:36:30,978 - DEBUG - Counting for batch 160, containing 100 cells and 1864715 reads
2025-11-04 12:36:43,161 - DEBUG - 238606 reads not considered because fully enclosed in repeat masked regions
2025-11-04 12:36:57,545 - DEBUG - Counting for batch 161, containing 100 cells and 1763457 reads
2025-11-04 12:37:09,447 - DEBUG - 219230 reads not considered because fully enclosed in repeat masked regions
2025-11-04 12:37:20,828 - DEBUG - Counting for batch 162, containing 100 cells and 1508626 reads
2025-11-04 12:37:28,930 - DEBUG - 189281 reads not considered because fully enclosed in repeat masked regions
2025-11-04 12:37:41,427 - DEBUG - Counting for batch 163, containing 100 cells and 1599895 reads
2025-11-04 12:37:51,887 - DEBUG - 202120 reads not considered because fully enclosed in repeat masked regions
2025-11-04 12:38:03,247 - DEBUG - Read first 350 million reads
2025-11-04 12:38:04,917 - DEBUG - Counting for batch 164, containing 100 cells and 1905436 reads
2025-11-04 12:38:17,091 - DEBUG - 237995 reads not considered because fully enclosed in repeat masked regions
2025-11-04 12:38:28,573 - DEBUG - Counting for batch 165, containing 100 cells and 1611858 reads
2025-11-04 12:38:38,881 - DEBUG - 204823 reads not considered because fully enclosed in repeat masked regions
2025-11-04 12:38:52,342 - DEBUG - Counting for batch 166, containing 100 cells and 1732089 reads
2025-11-04 12:39:03,564 - DEBUG - 218423 reads not considered because fully enclosed in repeat masked regions
2025-11-04 12:39:17,288 - DEBUG - Counting for batch 167, containing 100 cells and 1996311 reads
2025-11-04 12:39:29,661 - DEBUG - 252944 reads not considered because fully enclosed in repeat masked regions
2025-11-04 12:39:45,429 - DEBUG - Counting for batch 168, containing 100 cells and 2080030 reads
2025-11-04 12:39:58,253 - DEBUG - 264827 reads not considered because fully enclosed in repeat masked regions
2025-11-04 12:40:05,975 - DEBUG - Read first 360 million reads
2025-11-04 12:40:11,647 - DEBUG - Counting for batch 169, containing 100 cells and 1901697 reads
2025-11-04 12:40:23,546 - DEBUG - 241355 reads not considered because fully enclosed in repeat masked regions
2025-11-04 12:40:36,058 - DEBUG - Counting for batch 170, containing 100 cells and 1775801 reads
2025-11-04 12:40:47,361 - DEBUG - 227181 reads not considered because fully enclosed in repeat masked regions
2025-11-04 12:41:00,103 - DEBUG - Counting for batch 171, containing 100 cells and 1879110 reads
2025-11-04 12:41:11,596 - DEBUG - 235716 reads not considered because fully enclosed in repeat masked regions
2025-11-04 12:41:25,611 - DEBUG - Counting for batch 172, containing 100 cells and 1842068 reads
2025-11-04 12:41:37,009 - DEBUG - 233052 reads not considered because fully enclosed in repeat masked regions
2025-11-04 12:41:53,365 - DEBUG - Counting for batch 173, containing 100 cells and 2186194 reads
2025-11-04 12:42:06,552 - DEBUG - 281007 reads not considered because fully enclosed in repeat masked regions
2025-11-04 12:42:10,771 - DEBUG - Read first 370 million reads
2025-11-04 12:42:12,278 - DEBUG - Counting for batch 174, containing 40 cells and 766618 reads
2025-11-04 12:42:16,558 - DEBUG - 100397 reads not considered because fully enclosed in repeat masked regions
2025-11-04 12:42:17,117 - DEBUG - 11224352 reads were skipped because no apropiate cell or umi barcode was found
2025-11-04 12:42:17,117 - DEBUG - Counting done!
2025-11-04 12:42:17,124 - DEBUG - Generating output file /home/dcaceres/Tet2sc/Results/plots/scVelo/velocyto_loom_files/smpR065_DsRedP-KO2.loom
2025-11-04 12:42:17,124 - DEBUG - Collecting row attributes
2025-11-04 12:42:17,241 - DEBUG - Generating data table
2025-11-04 12:42:21,545 - DEBUG - Writing loom file
2025-11-04 12:42:25,489 - DEBUG - Creating converter from 5 to 3
2025-11-04 12:42:25,489 - DEBUG - Creating converter from 3 to 5
2025-11-04 12:42:53,123 - DEBUG - Terminated Succesfully!
✅ ÉXITO: Loom creado correctamente: /home/dcaceres/Tet2sc/Results/plots/scVelo/velocyto_loom_files/smpR065_DsRedP-KO2.loom
------------------------------------------------------------
🎉 Proceso finalizado correctamente para smpR065_DsRedP-KO2
Finalizado en: Tue Nov  4 12:42:55 CET 2025
------------------------------------------------------------
