------------------------------------------------------------
🚀 INICIO DEL PROCESO VELOCYTO - Tue Nov  4 10:51:32 CET 2025
------------------------------------------------------------
=== Procesando muestra: smpR065_DsRedN-KO2 ===
Directorio de entrada: /storage/scratch01/groups/ci/Trem1_GEICAM/Sarai/Single.Cell.Tet2/outs/out.smR065.9/outs/per_sample_outs/smpR065_DsRedN-KO2/count
Nodo: bc004 | JobID: 5580494 | TaskID: 4
------------------------------------------------------------
🧬 Ejecutando Velocyto...
2025-11-04 10:51:49,399 - DEBUG - Using logic: Default
2025-11-04 10:51:49,429 - INFO - Read 14256 cell barcodes from /storage/scratch01/groups/ci/Trem1_GEICAM/Sarai/Single.Cell.Tet2/outs/out.smR065.9/outs/per_sample_outs/smpR065_DsRedN-KO2/count/sample_filtered_feature_bc_matrix/barcodes.tsv.gz
2025-11-04 10:51:49,430 - DEBUG - Example of barcode: AAACAAGCAACAGCACACTTTAGG and cell_id: smpR065_DsRedN-KO2:AAACAAGCAACAGCACACTTTAGG-1
2025-11-04 10:51:49,447 - DEBUG - Peeking into /storage/scratch01/groups/ci/Trem1_GEICAM/Sarai/Single.Cell.Tet2/outs/out.smR065.9/outs/per_sample_outs/smpR065_DsRedN-KO2/count/sample_alignments.bam
2025-11-04 10:51:49,526 - WARNING - Not found cell and umi barcode in entry 47 of the bam file
2025-11-04 10:51:49,526 - WARNING - Not found cell and umi barcode in entry 53 of the bam file
2025-11-04 10:51:49,526 - WARNING - Not found cell and umi barcode in entry 70 of the bam file
2025-11-04 10:51:49,526 - WARNING - Not found cell and umi barcode in entry 115 of the bam file
2025-11-04 10:51:49,526 - WARNING - Not found cell and umi barcode in entry 144 of the bam file
2025-11-04 10:51:49,526 - WARNING - Not found cell and umi barcode in entry 145 of the bam file
2025-11-04 10:51:49,526 - WARNING - Not found cell and umi barcode in entry 146 of the bam file
2025-11-04 10:51:49,527 - WARNING - Not found cell and umi barcode in entry 183 of the bam file
2025-11-04 10:51:49,527 - WARNING - Not found cell and umi barcode in entry 253 of the bam file
2025-11-04 10:51:49,527 - WARNING - Not found cell and umi barcode in entry 311 of the bam file
2025-11-04 10:51:49,527 - WARNING - Not found cell and umi barcode in entry 332 of the bam file
2025-11-04 10:51:49,527 - WARNING - Not found cell and umi barcode in entry 357 of the bam file
2025-11-04 10:51:49,527 - WARNING - Not found cell and umi barcode in entry 360 of the bam file
2025-11-04 10:51:49,527 - WARNING - Not found cell and umi barcode in entry 361 of the bam file
2025-11-04 10:51:49,527 - WARNING - Not found cell and umi barcode in entry 385 of the bam file
2025-11-04 10:51:49,527 - WARNING - Not found cell and umi barcode in entry 429 of the bam file
2025-11-04 10:51:49,527 - WARNING - Not found cell and umi barcode in entry 438 of the bam file
2025-11-04 10:51:49,527 - WARNING - Not found cell and umi barcode in entry 454 of the bam file
2025-11-04 10:51:49,527 - WARNING - Not found cell and umi barcode in entry 467 of the bam file
2025-11-04 10:51:49,528 - WARNING - Not found cell and umi barcode in entry 566 of the bam file
2025-11-04 10:51:49,528 - WARNING - Not found cell and umi barcode in entry 586 of the bam file
2025-11-04 10:51:49,528 - WARNING - Not found cell and umi barcode in entry 598 of the bam file
2025-11-04 10:51:49,528 - WARNING - Not found cell and umi barcode in entry 599 of the bam file
2025-11-04 10:51:49,529 - WARNING - Not found cell and umi barcode in entry 618 of the bam file
2025-11-04 10:51:49,529 - WARNING - Not found cell and umi barcode in entry 678 of the bam file
2025-11-04 10:51:49,529 - WARNING - Not found cell and umi barcode in entry 714 of the bam file
2025-11-04 10:51:49,529 - WARNING - Not found cell and umi barcode in entry 726 of the bam file
2025-11-04 10:51:49,529 - WARNING - Not found cell and umi barcode in entry 741 of the bam file
2025-11-04 10:51:49,529 - WARNING - Not found cell and umi barcode in entry 759 of the bam file
2025-11-04 10:51:49,529 - WARNING - Not found cell and umi barcode in entry 778 of the bam file
2025-11-04 10:51:49,529 - WARNING - Not found cell and umi barcode in entry 830 of the bam file
2025-11-04 10:51:49,529 - WARNING - Not found cell and umi barcode in entry 857 of the bam file
2025-11-04 10:51:49,530 - WARNING - Not found cell and umi barcode in entry 952 of the bam file
2025-11-04 10:51:49,530 - WARNING - Not found cell and umi barcode in entry 966 of the bam file
2025-11-04 10:51:49,530 - WARNING - Not found cell and umi barcode in entry 990 of the bam file
2025-11-04 10:51:49,530 - WARNING - Not found cell and umi barcode in entry 1011 of the bam file
2025-11-04 10:51:49,531 - WARNING - The file /storage/scratch01/groups/ci/Trem1_GEICAM/Sarai/Single.Cell.Tet2/outs/out.smR065.9/outs/per_sample_outs/smpR065_DsRedN-KO2/count/cellsorted_sample_alignments.bam already exists. The sorting step will be skipped and the existing file will be used.
2025-11-04 10:51:49,531 - INFO - Load the annotation from /storage/scratch01/groups/ci/Trem1_GEICAM/Sarai/Annonation_Files/gencode.vM25.annotation.gtf
2025-11-04 10:51:53,618 - DEBUG - Parsing Chromosome 1 strand - [line 0]
2025-11-04 10:51:53,756 - DEBUG - Done with 1- [line 59062]
2025-11-04 10:51:53,756 - DEBUG - Assigning indexes to genes
2025-11-04 10:51:53,760 - DEBUG - Seen 1693 genes until now
2025-11-04 10:51:53,760 - DEBUG - Parsing Chromosome 1 strand + [line 59063]
2025-11-04 10:51:54,072 - DEBUG - Done with 1+ [line 116931]
2025-11-04 10:51:54,072 - DEBUG - Assigning indexes to genes
2025-11-04 10:51:54,076 - DEBUG - Seen 3446 genes until now
2025-11-04 10:51:54,076 - DEBUG - Parsing Chromosome 10 strand - [line 116932]
2025-11-04 10:51:54,357 - DEBUG - Done with 10- [line 158870]
2025-11-04 10:51:54,357 - DEBUG - Assigning indexes to genes
2025-11-04 10:51:54,360 - DEBUG - Seen 4713 genes until now
2025-11-04 10:51:54,361 - DEBUG - Parsing Chromosome 10 strand + [line 158871]
2025-11-04 10:51:54,467 - DEBUG - Done with 10+ [line 203797]
2025-11-04 10:51:54,467 - DEBUG - Assigning indexes to genes
2025-11-04 10:51:54,471 - DEBUG - Seen 6068 genes until now
2025-11-04 10:51:54,471 - DEBUG - Parsing Chromosome 11 strand - [line 203798]
2025-11-04 10:51:54,827 - DEBUG - Done with 11- [line 268491]
2025-11-04 10:51:54,827 - DEBUG - Assigning indexes to genes
2025-11-04 10:51:54,832 - DEBUG - Seen 7617 genes until now
2025-11-04 10:51:54,832 - DEBUG - Parsing Chromosome 11 strand + [line 268492]
2025-11-04 10:51:54,985 - DEBUG - Done with 11+ [line 332954]
2025-11-04 10:51:54,985 - DEBUG - Assigning indexes to genes
2025-11-04 10:51:54,989 - DEBUG - Seen 9067 genes until now
2025-11-04 10:51:54,989 - DEBUG - Parsing Chromosome 12 strand - [line 332955]
2025-11-04 10:51:55,055 - DEBUG - Done with 12- [line 360299]
2025-11-04 10:51:55,055 - DEBUG - Assigning indexes to genes
2025-11-04 10:51:55,057 - DEBUG - Seen 10382 genes until now
2025-11-04 10:51:55,057 - DEBUG - Parsing Chromosome 12 strand + [line 360300]
2025-11-04 10:51:55,147 - DEBUG - Done with 12+ [line 397190]
2025-11-04 10:51:55,147 - DEBUG - Assigning indexes to genes
2025-11-04 10:51:55,151 - DEBUG - Seen 11544 genes until now
2025-11-04 10:51:55,151 - DEBUG - Parsing Chromosome 13 strand - [line 397191]
2025-11-04 10:51:55,464 - DEBUG - Done with 13- [line 433847]
2025-11-04 10:51:55,464 - DEBUG - Assigning indexes to genes
2025-11-04 10:51:55,467 - DEBUG - Seen 12811 genes until now
2025-11-04 10:51:55,467 - DEBUG - Parsing Chromosome 13 strand + [line 433848]
2025-11-04 10:51:55,535 - DEBUG - Done with 13+ [line 462828]
2025-11-04 10:51:55,535 - DEBUG - Assigning indexes to genes
2025-11-04 10:51:55,538 - DEBUG - Seen 14046 genes until now
2025-11-04 10:51:55,538 - DEBUG - Parsing Chromosome 14 strand - [line 462829]
2025-11-04 10:51:55,632 - DEBUG - Done with 14- [line 501813]
2025-11-04 10:51:55,632 - DEBUG - Assigning indexes to genes
2025-11-04 10:51:55,635 - DEBUG - Seen 15241 genes until now
2025-11-04 10:51:55,635 - DEBUG - Parsing Chromosome 14 strand + [line 501814]
2025-11-04 10:51:55,728 - DEBUG - Done with 14+ [line 537473]
2025-11-04 10:51:55,728 - DEBUG - Assigning indexes to genes
2025-11-04 10:51:55,731 - DEBUG - Seen 16580 genes until now
2025-11-04 10:51:55,731 - DEBUG - Parsing Chromosome 15 strand - [line 537474]
2025-11-04 10:51:55,823 - DEBUG - Done with 15- [line 575556]
2025-11-04 10:51:55,823 - DEBUG - Assigning indexes to genes
2025-11-04 10:51:55,826 - DEBUG - Seen 17521 genes until now
2025-11-04 10:51:55,826 - DEBUG - Parsing Chromosome 15 strand + [line 575557]
2025-11-04 10:51:56,158 - DEBUG - Done with 15+ [line 608149]
2025-11-04 10:51:56,158 - DEBUG - Assigning indexes to genes
2025-11-04 10:51:56,161 - DEBUG - Seen 18432 genes until now
2025-11-04 10:51:56,161 - DEBUG - Parsing Chromosome 16 strand - [line 608150]
2025-11-04 10:51:56,229 - DEBUG - Done with 16- [line 636582]
2025-11-04 10:51:56,229 - DEBUG - Assigning indexes to genes
2025-11-04 10:51:56,231 - DEBUG - Seen 19223 genes until now
2025-11-04 10:51:56,231 - DEBUG - Parsing Chromosome 16 strand + [line 636583]
2025-11-04 10:51:56,308 - DEBUG - Done with 16+ [line 668857]
2025-11-04 10:51:56,308 - DEBUG - Assigning indexes to genes
2025-11-04 10:51:56,310 - DEBUG - Seen 20039 genes until now
2025-11-04 10:51:56,310 - DEBUG - Parsing Chromosome 17 strand - [line 668858]
2025-11-04 10:51:56,423 - DEBUG - Done with 17- [line 715100]
2025-11-04 10:51:56,423 - DEBUG - Assigning indexes to genes
2025-11-04 10:51:56,427 - DEBUG - Seen 21218 genes until now
2025-11-04 10:51:56,427 - DEBUG - Parsing Chromosome 17 strand + [line 715101]
2025-11-04 10:51:56,544 - DEBUG - Done with 17+ [line 764344]
2025-11-04 10:51:56,544 - DEBUG - Assigning indexes to genes
2025-11-04 10:51:56,551 - DEBUG - Seen 22359 genes until now
2025-11-04 10:51:56,551 - DEBUG - Parsing Chromosome 18 strand - [line 764345]
2025-11-04 10:51:56,599 - DEBUG - Done with 18- [line 784050]
2025-11-04 10:51:56,599 - DEBUG - Assigning indexes to genes
2025-11-04 10:51:56,600 - DEBUG - Seen 22997 genes until now
2025-11-04 10:51:56,600 - DEBUG - Parsing Chromosome 18 strand + [line 784051]
2025-11-04 10:51:56,949 - DEBUG - Done with 18+ [line 811173]
2025-11-04 10:51:56,949 - DEBUG - Assigning indexes to genes
2025-11-04 10:51:56,951 - DEBUG - Seen 23758 genes until now
2025-11-04 10:51:56,951 - DEBUG - Parsing Chromosome 19 strand - [line 811174]
2025-11-04 10:51:57,032 - DEBUG - Done with 19- [line 844397]
2025-11-04 10:51:57,032 - DEBUG - Assigning indexes to genes
2025-11-04 10:51:57,034 - DEBUG - Seen 24442 genes until now
2025-11-04 10:51:57,034 - DEBUG - Parsing Chromosome 19 strand + [line 844398]
2025-11-04 10:51:57,102 - DEBUG - Done with 19+ [line 873497]
2025-11-04 10:51:57,102 - DEBUG - Assigning indexes to genes
2025-11-04 10:51:57,105 - DEBUG - Seen 25152 genes until now
2025-11-04 10:51:57,105 - DEBUG - Parsing Chromosome 2 strand - [line 873498]
2025-11-04 10:51:57,297 - DEBUG - Done with 2- [line 953009]
2025-11-04 10:51:57,297 - DEBUG - Assigning indexes to genes
2025-11-04 10:51:57,303 - DEBUG - Seen 26981 genes until now
2025-11-04 10:51:57,303 - DEBUG - Parsing Chromosome 2 strand + [line 953010]
2025-11-04 10:51:57,480 - DEBUG - Done with 2+ [line 1027336]
2025-11-04 10:51:57,480 - DEBUG - Assigning indexes to genes
2025-11-04 10:51:57,486 - DEBUG - Seen 28946 genes until now
2025-11-04 10:51:57,486 - DEBUG - Parsing Chromosome 3 strand - [line 1027337]
2025-11-04 10:51:57,584 - DEBUG - Done with 3- [line 1069026]
2025-11-04 10:51:57,584 - DEBUG - Assigning indexes to genes
2025-11-04 10:51:57,588 - DEBUG - Seen 30404 genes until now
2025-11-04 10:51:57,588 - DEBUG - Parsing Chromosome 3 strand + [line 1069027]
2025-11-04 10:51:58,023 - DEBUG - Done with 3+ [line 1115102]
2025-11-04 10:51:58,023 - DEBUG - Assigning indexes to genes
2025-11-04 10:51:58,027 - DEBUG - Seen 31831 genes until now
2025-11-04 10:51:58,027 - DEBUG - Parsing Chromosome 4 strand - [line 1115103]
2025-11-04 10:51:58,156 - DEBUG - Done with 4- [line 1169156]
2025-11-04 10:51:58,156 - DEBUG - Assigning indexes to genes
2025-11-04 10:51:58,160 - DEBUG - Seen 33222 genes until now
2025-11-04 10:51:58,160 - DEBUG - Parsing Chromosome 4 strand + [line 1169157]
2025-11-04 10:51:58,284 - DEBUG - Done with 4+ [line 1221291]
2025-11-04 10:51:58,284 - DEBUG - Assigning indexes to genes
2025-11-04 10:51:58,288 - DEBUG - Seen 34690 genes until now
2025-11-04 10:51:58,288 - DEBUG - Parsing Chromosome 5 strand - [line 1221292]
2025-11-04 10:51:58,434 - DEBUG - Done with 5- [line 1282135]
2025-11-04 10:51:58,434 - DEBUG - Assigning indexes to genes
2025-11-04 10:51:58,439 - DEBUG - Seen 36281 genes until now
2025-11-04 10:51:58,439 - DEBUG - Parsing Chromosome 5 strand + [line 1282136]
2025-11-04 10:51:58,587 - DEBUG - Done with 5+ [line 1344076]
2025-11-04 10:51:58,587 - DEBUG - Assigning indexes to genes
2025-11-04 10:51:58,592 - DEBUG - Seen 37942 genes until now
2025-11-04 10:51:58,592 - DEBUG - Parsing Chromosome 6 strand - [line 1344077]
2025-11-04 10:51:58,705 - DEBUG - Done with 6- [line 1392155]
2025-11-04 10:51:58,705 - DEBUG - Assigning indexes to genes
2025-11-04 10:51:58,710 - DEBUG - Seen 39466 genes until now
2025-11-04 10:51:58,710 - DEBUG - Parsing Chromosome 6 strand + [line 1392156]
2025-11-04 10:51:59,207 - DEBUG - Done with 6+ [line 1442945]
2025-11-04 10:51:59,207 - DEBUG - Assigning indexes to genes
2025-11-04 10:51:59,213 - DEBUG - Seen 41071 genes until now
2025-11-04 10:51:59,213 - DEBUG - Parsing Chromosome 7 strand - [line 1442946]
2025-11-04 10:51:59,396 - DEBUG - Done with 7- [line 1521802]
2025-11-04 10:51:59,396 - DEBUG - Assigning indexes to genes
2025-11-04 10:51:59,405 - DEBUG - Seen 43608 genes until now
2025-11-04 10:51:59,405 - DEBUG - Parsing Chromosome 7 strand + [line 1521803]
2025-11-04 10:51:59,579 - DEBUG - Done with 7+ [line 1597237]
2025-11-04 10:51:59,579 - DEBUG - Assigning indexes to genes
2025-11-04 10:51:59,595 - DEBUG - Seen 45790 genes until now
2025-11-04 10:51:59,595 - DEBUG - Parsing Chromosome 8 strand - [line 1597238]
2025-11-04 10:51:59,686 - DEBUG - Done with 8- [line 1635144]
2025-11-04 10:51:59,686 - DEBUG - Assigning indexes to genes
2025-11-04 10:51:59,689 - DEBUG - Seen 47022 genes until now
2025-11-04 10:51:59,689 - DEBUG - Parsing Chromosome 8 strand + [line 1635145]
2025-11-04 10:51:59,804 - DEBUG - Done with 8+ [line 1684308]
2025-11-04 10:51:59,804 - DEBUG - Assigning indexes to genes
2025-11-04 10:51:59,808 - DEBUG - Seen 48326 genes until now
2025-11-04 10:51:59,808 - DEBUG - Parsing Chromosome 9 strand - [line 1684309]
2025-11-04 10:51:59,937 - DEBUG - Done with 9- [line 1738082]
2025-11-04 10:51:59,937 - DEBUG - Assigning indexes to genes
2025-11-04 10:51:59,942 - DEBUG - Seen 49688 genes until now
2025-11-04 10:51:59,942 - DEBUG - Parsing Chromosome 9 strand + [line 1738083]
2025-11-04 10:52:00,073 - DEBUG - Done with 9+ [line 1794072]
2025-11-04 10:52:00,073 - DEBUG - Assigning indexes to genes
2025-11-04 10:52:00,078 - DEBUG - Seen 51169 genes until now
2025-11-04 10:52:00,078 - DEBUG - Parsing Chromosome M strand - [line 1794073]
2025-11-04 10:52:00,078 - DEBUG - Done with M- [line 1794103]
2025-11-04 10:52:00,078 - DEBUG - Assigning indexes to genes
2025-11-04 10:52:00,078 - DEBUG - Seen 51178 genes until now
2025-11-04 10:52:00,078 - DEBUG - Parsing Chromosome M strand + [line 1794104]
2025-11-04 10:52:00,078 - DEBUG - Done with M+ [line 1794225]
2025-11-04 10:52:00,078 - DEBUG - Assigning indexes to genes
2025-11-04 10:52:00,078 - DEBUG - Seen 51206 genes until now
2025-11-04 10:52:00,078 - DEBUG - Parsing Chromosome X strand - [line 1794226]
2025-11-04 10:52:00,150 - DEBUG - Done with X- [line 1824523]
2025-11-04 10:52:00,150 - DEBUG - Assigning indexes to genes
2025-11-04 10:52:00,152 - DEBUG - Seen 52478 genes until now
2025-11-04 10:52:00,152 - DEBUG - Parsing Chromosome X strand + [line 1824524]
2025-11-04 10:52:00,676 - DEBUG - Done with X+ [line 1858357]
2025-11-04 10:52:00,676 - DEBUG - Assigning indexes to genes
2025-11-04 10:52:00,679 - DEBUG - Seen 53832 genes until now
2025-11-04 10:52:00,679 - DEBUG - Parsing Chromosome Y strand - [line 1858358]
2025-11-04 10:52:00,698 - DEBUG - Done with Y- [line 1865468]
2025-11-04 10:52:00,698 - DEBUG - Assigning indexes to genes
2025-11-04 10:52:00,699 - DEBUG - Seen 54711 genes until now
2025-11-04 10:52:00,700 - DEBUG - Parsing Chromosome Y strand + [line 1865469]
2025-11-04 10:52:00,717 - DEBUG - Assigning indexes to genes
2025-11-04 10:52:00,718 - DEBUG - Done with Y+ [line 1872050]
2025-11-04 10:52:00,718 - DEBUG - Fixing corner cases of transcript models containg intron longer than 1000Kbp
2025-11-04 10:52:01,408 - DEBUG - Generated 1544182 features corresponding to 142604 transcript models from /storage/scratch01/groups/ci/Trem1_GEICAM/Sarai/Annonation_Files/gencode.vM25.annotation.gtf
2025-11-04 10:52:01,424 - INFO - Load the repeat masking annotation from /storage/scratch01/groups/ci/Trem1_GEICAM/Sarai/Annonation_Files/rmsk_velocyto.txt
2025-11-04 10:52:01,424 - DEBUG - Reading /storage/scratch01/groups/ci/Trem1_GEICAM/Sarai/Annonation_Files/rmsk_velocyto.txt, the file will be sorted in memory
2025-11-04 10:52:16,559 - DEBUG - Processed masked annotation .gtf and generated 4369219 intervals to mask!
2025-11-04 10:52:16,704 - INFO - Scan /storage/scratch01/groups/ci/Trem1_GEICAM/Sarai/Single.Cell.Tet2/outs/out.smR065.9/outs/per_sample_outs/smpR065_DsRedN-KO2/count/sample_alignments.bam to validate intron intervals
2025-11-04 10:52:17,506 - DEBUG - Reading /storage/scratch01/groups/ci/Trem1_GEICAM/Sarai/Single.Cell.Tet2/outs/out.smR065.9/outs/per_sample_outs/smpR065_DsRedN-KO2/count/sample_alignments.bam
2025-11-04 10:52:17,510 - DEBUG - Read first 0 million reads
2025-11-04 10:52:17,510 - DEBUG - Marking up chromosome 1
2025-11-04 10:53:22,001 - DEBUG - Read first 10 million reads
2025-11-04 10:53:59,834 - DEBUG - Marking up chromosome 10
2025-11-04 10:54:26,688 - DEBUG - Read first 20 million reads
2025-11-04 10:55:25,627 - DEBUG - Marking up chromosome 11
2025-11-04 10:55:37,855 - DEBUG - Read first 30 million reads
2025-11-04 10:56:42,821 - DEBUG - Read first 40 million reads
2025-11-04 10:57:38,528 - DEBUG - Marking up chromosome 12
2025-11-04 10:57:45,310 - DEBUG - Read first 50 million reads
2025-11-04 10:58:32,669 - DEBUG - Marking up chromosome 13
2025-11-04 10:58:47,623 - DEBUG - Read first 60 million reads
2025-11-04 10:59:17,810 - DEBUG - Marking up chromosome 14
2025-11-04 10:59:51,221 - DEBUG - Read first 70 million reads
2025-11-04 11:00:04,397 - DEBUG - Marking up chromosome 15
2025-11-04 11:00:54,891 - DEBUG - Read first 80 million reads
2025-11-04 11:01:04,414 - DEBUG - Marking up chromosome 16
2025-11-04 11:01:43,485 - DEBUG - Marking up chromosome 17
2025-11-04 11:02:00,862 - DEBUG - Read first 90 million reads
2025-11-04 11:03:05,991 - DEBUG - Read first 100 million reads
2025-11-04 11:03:26,175 - DEBUG - Marking up chromosome 18
2025-11-04 11:04:05,687 - DEBUG - Read first 110 million reads
2025-11-04 11:04:24,729 - DEBUG - Marking up chromosome 19
2025-11-04 11:05:08,812 - DEBUG - Read first 120 million reads
2025-11-04 11:05:28,709 - DEBUG - Marking up chromosome 2
2025-11-04 11:06:12,580 - DEBUG - Read first 130 million reads
2025-11-04 11:07:18,489 - DEBUG - Read first 140 million reads
2025-11-04 11:07:32,804 - DEBUG - Marking up chromosome 3
2025-11-04 11:08:24,392 - DEBUG - Read first 150 million reads
2025-11-04 11:08:44,809 - DEBUG - Marking up chromosome 4
2025-11-04 11:09:26,892 - DEBUG - Read first 160 million reads
2025-11-04 11:10:18,715 - DEBUG - Marking up chromosome 5
2025-11-04 11:10:31,699 - DEBUG - Read first 170 million reads
2025-11-04 11:11:35,881 - DEBUG - Read first 180 million reads
2025-11-04 11:11:41,698 - DEBUG - Marking up chromosome 6
2025-11-04 11:12:38,520 - DEBUG - Read first 190 million reads
2025-11-04 11:12:52,081 - DEBUG - Marking up chromosome 7
2025-11-04 11:13:42,428 - DEBUG - Read first 200 million reads
2025-11-04 11:14:47,800 - DEBUG - Read first 210 million reads
2025-11-04 11:15:13,999 - DEBUG - Marking up chromosome 8
2025-11-04 11:15:52,486 - DEBUG - Read first 220 million reads
2025-11-04 11:16:35,169 - DEBUG - Marking up chromosome 9
2025-11-04 11:16:53,599 - DEBUG - Read first 230 million reads
2025-11-04 11:17:33,909 - DEBUG - Marking up chromosome MT
2025-11-04 11:17:33,909 - WARNING - The .bam file refers to a chromosome 'MT+' not present in the annotation (.gtf) file
2025-11-04 11:17:33,909 - WARNING - The .bam file refers to a chromosome 'MT-' not present in the annotation (.gtf) file
2025-11-04 11:17:34,727 - DEBUG - Marking up chromosome X
2025-11-04 11:17:49,304 - DEBUG - Read first 240 million reads
2025-11-04 11:18:11,175 - DEBUG - Marking up chromosome Y
2025-11-04 11:18:11,183 - DEBUG - Marking up chromosome GL456233.2
2025-11-04 11:18:11,183 - WARNING - The .bam file refers to a chromosome 'GL456233.2+' not present in the annotation (.gtf) file
2025-11-04 11:18:11,183 - WARNING - The .bam file refers to a chromosome 'GL456233.2-' not present in the annotation (.gtf) file
2025-11-04 11:18:11,208 - DEBUG - Marking up chromosome JH584304.1
2025-11-04 11:18:11,208 - WARNING - The .bam file refers to a chromosome 'JH584304.1+' not present in the annotation (.gtf) file
2025-11-04 11:18:11,208 - WARNING - The .bam file refers to a chromosome 'JH584304.1-' not present in the annotation (.gtf) file
2025-11-04 11:18:11,216 - DEBUG - Marking up chromosome GL456366.1
2025-11-04 11:18:11,216 - WARNING - The .bam file refers to a chromosome 'GL456366.1+' not present in the annotation (.gtf) file
2025-11-04 11:18:11,216 - WARNING - The .bam file refers to a chromosome 'GL456366.1-' not present in the annotation (.gtf) file
2025-11-04 11:18:11,216 - DEBUG - Marking up chromosome GL456378.1
2025-11-04 11:18:11,216 - WARNING - The .bam file refers to a chromosome 'GL456378.1+' not present in the annotation (.gtf) file
2025-11-04 11:18:11,216 - WARNING - The .bam file refers to a chromosome 'GL456378.1-' not present in the annotation (.gtf) file
2025-11-04 11:18:11,216 - DEBUG - Marking up chromosome MU069434.1
2025-11-04 11:18:11,216 - WARNING - The .bam file refers to a chromosome 'MU069434.1+' not present in the annotation (.gtf) file
2025-11-04 11:18:11,216 - WARNING - The .bam file refers to a chromosome 'MU069434.1-' not present in the annotation (.gtf) file
2025-11-04 11:18:13,855 - DEBUG - End of file. Reset index: start scanning from initial position.
2025-11-04 11:18:13,855 - DEBUG - 7434810 reads were skipped because no apropiate cell or umi barcode was found
2025-11-04 11:18:13,855 - DEBUG - Start molecule counting!
2025-11-04 11:18:14,977 - DEBUG - Features available for chromosomes : ['1-', '1+', '10-', '10+', '11-', '11+', '12-', '12+', '13-', '13+', '14-', '14+', '15-', '15+', '16-', '16+', '17-', '17+', '18-', '18+', '19-', '19+', '2-', '2+', '3-', '3+', '4-', '4+', '5-', '5+', '6-', '6+', '7-', '7+', '8-', '8+', '9-', '9+', 'M-', 'M+', 'X-', 'X+', 'Y-', 'Y+']
2025-11-04 11:18:14,977 - DEBUG - Mask available for chromosomes : ['1-', '1+', '10-', '10+', '10_GL456015_alt-', '10_GL456015_alt+', '10_KQ030491_fix-', '10_KQ030491_fix+', '10_KZ289071_fix-', '10_KZ289071_fix+', '10_KZ289072_fix-', '10_KZ289072_fix+', '11-', '11+', '11_GL455998_alt-', '11_GL455998_alt+', '11_GL456016_alt-', '11_GL456016_alt+', '11_GL456060_alt-', '11_GL456060_alt+', '11_JH584265_alt-', '11_JH584265_alt+', '11_JH584316_alt-', '11_JH584316_alt+', '11_JH584317_alt-', '11_JH584317_alt+', '11_JH584327_alt-', '11_JH584327_alt+', '11_KB469739_fix-', '11_KB469739_fix+', '11_KZ289073_alt-', '11_KZ289073_alt+', '11_KZ289074_alt-', '11_KZ289074_alt+', '11_KZ289075_alt-', '11_KZ289075_alt+', '11_KZ289076_fix-', '11_KZ289076_fix+', '11_KZ289077_alt-', '11_KZ289077_alt+', '11_KZ289078_alt-', '11_KZ289078_alt+', '11_KZ289079_alt-', '11_KZ289079_alt+', '11_KZ289080_alt-', '11_KZ289080_alt+', '11_KZ289081_alt-', '11_KZ289081_alt+', '12-', '12+', '12_GL456017_alt-', '12_GL456017_alt+', '12_GL456068_alt-', '12_GL456068_alt+', '12_GL456074_alt-', '12_GL456074_alt+', '12_GL456078_alt-', '12_GL456078_alt+', '12_GL456349_alt-', '12_GL456349_alt+', '12_KB469740_fix-', '12_KB469740_fix+', '12_KZ289082_fix-', '12_KZ289082_fix+', '13-', '13+', '13_GL455990_alt-', '13_GL455990_alt+', '13_GL455999_alt-', '13_GL455999_alt+', '13_JH584305_alt-', '13_JH584305_alt+', '14-', '14+', '14_GL456019_alt-', '14_GL456019_alt+', '14_GL456020_alt-', '14_GL456020_alt+', '14_KZ289083_fix-', '14_KZ289083_fix+', '14_KZ289084_fix-', '14_KZ289084_fix+', '15-', '15+', '15_GL456000_alt-', '15_GL456000_alt+', '15_JH584270_alt-', '15_JH584270_alt+', '15_KQ030492_fix-', '15_KQ030492_fix+', '15_KQ030493_fix-', '15_KQ030493_fix+', '15_KV575241_fix-', '15_KV575241_fix+', '15_KZ289085_fix-', '15_KZ289085_fix+', '15_KZ289086_fix-', '15_KZ289086_fix+', '16-', '16+', '16_GL456001_alt-', '16_GL456001_alt+', '16_GL456028_alt-', '16_GL456028_alt+', '16_JH584306_alt-', '16_JH584306_alt+', '16_JH584307_alt-', '16_JH584307_alt+', '16_JH584310_alt-', '16_JH584310_alt+', '16_JH584311_alt-', '16_JH584311_alt+', '16_JH584312_alt-', '16_JH584312_alt+', '16_JH584313_alt-', '16_JH584313_alt+', '16_JH584314_alt-', '16_JH584314_alt+', '16_KB469741_fix-', '16_KB469741_fix+', '17-', '17+', '17_GL456002_alt-', '17_GL456002_alt+', '17_GL456021_alt-', '17_GL456021_alt+', '17_GL456022_alt-', '17_GL456022_alt+', '17_GL456069_alt-', '17_GL456069_alt+', '17_JH584266_alt-', '17_JH584266_alt+', '17_JH584267_alt-', '17_JH584267_alt+', '17_JH584308_alt-', '17_JH584308_alt+', '17_JH584309_alt-', '17_JH584309_alt+', '17_JH584328_alt-', '17_JH584328_alt+', '17_JH590470_alt-', '17_JH590470_alt+', '17_KB469742_fix-', '17_KB469742_fix+', '17_KZ289087_fix-', '17_KZ289087_fix+', '17_KZ289088_fix-', '17_KZ289088_fix+', '17_KZ289089_fix-', '17_KZ289089_fix+', '18-', '18+', '18_GL456070_alt-', '18_GL456070_alt+', '18_JH584318_alt-', '18_JH584318_alt+', '18_JH792829_fix-', '18_JH792829_fix+', '18_KZ289090_fix-', '18_KZ289090_fix+', '18_KZ289091_fix-', '18_KZ289091_fix+', '19-', '19+', '19_GL456079_alt-', '19_GL456079_alt+', '19_JH584319_alt-', '19_JH584319_alt+', '19_JH792830_fix-', '19_JH792830_fix+', '19_KQ030494_fix-', '19_KQ030494_fix+', '19_KV575242_fix-', '19_KV575242_fix+', '1_GL455991_alt-', '1_GL455991_alt+', '1_GL455992_alt-', '1_GL455992_alt+', '1_GL455993_alt-', '1_GL455993_alt+', '1_GL456005_alt-', '1_GL456005_alt+', '1_GL456210_random-', '1_GL456210_random+', '1_GL456211_random-', '1_GL456211_random+', '1_GL456212_random-', '1_GL456212_random+', '1_GL456213_random-', '1_GL456213_random+', '1_GL456221_random-', '1_GL456221_random+', '1_JH584315_alt-', '1_JH584315_alt+', '1_JH584320_alt-', '1_JH584320_alt+', '1_JH584321_alt-', '1_JH584321_alt+', '1_JH584322_alt-', '1_JH584322_alt+', '1_KK082441_alt-', '1_KK082441_alt+', '1_KV575232_fix-', '1_KV575232_fix+', '1_KV575233_fix-', '1_KV575233_fix+', '1_KV575234_fix-', '1_KV575234_fix+', '2-', '2+', '2_GL456024_alt-', '2_GL456024_alt+', '2_KV575235_fix-', '2_KV575235_fix+', '2_KV575236_fix-', '2_KV575236_fix+', '3-', '3+', '3_GL456006_alt-', '3_GL456006_alt+', '3_GL456007_alt-', '3_GL456007_alt+', '3_GL456008_alt-', '3_GL456008_alt+', '3_GL456042_alt-', '3_GL456042_alt+', '3_GL456044_alt-', '3_GL456044_alt+', '3_GL456045_alt-', '3_GL456045_alt+', '3_GL456048_alt-', '3_GL456048_alt+', '3_GL456049_alt-', '3_GL456049_alt+', '3_JH584323_alt-', '3_JH584323_alt+', '3_KQ030484_fix-', '3_KQ030484_fix+', '3_KZ289064_fix-', '3_KZ289064_fix+', '3_KZ289065_fix-', '3_KZ289065_fix+', '3_KZ289066_fix-', '3_KZ289066_fix+', '4-', '4+', '4_GL455994_alt-', '4_GL455994_alt+', '4_GL456009_alt-', '4_GL456009_alt+', '4_GL456010_alt-', '4_GL456010_alt+', '4_GL456053_alt-', '4_GL456053_alt+', '4_GL456064_alt-', '4_GL456064_alt+', '4_GL456075_alt-', '4_GL456075_alt+', '4_GL456076_alt-', '4_GL456076_alt+', '4_GL456077_alt-', '4_GL456077_alt+', '4_GL456216_random-', '4_GL456216_random+', '4_GL456350_random-', '4_GL456350_random+', '4_JH584268_alt-', '4_JH584268_alt+', '4_JH584269_alt-', '4_JH584269_alt+', '4_JH584292_random-', '4_JH584292_random+', '4_JH584293_random-', '4_JH584293_random+', '4_JH584294_random-', '4_JH584294_random+', '4_JH584295_random+', '4_JH584324_alt-', '4_JH584324_alt+', '4_JH584325_alt-', '4_JH584325_alt+', '4_JH584326_alt-', '4_JH584326_alt+', '4_JH792826_fix-', '4_JH792826_fix+', '4_KQ030485_fix-', '4_KQ030485_fix+', '4_KQ030486_fix-', '4_KQ030486_fix+', '4_KQ030487_fix-', '4_KQ030487_fix+', '4_KQ030488_fix-', '4_KQ030488_fix+', '4_KQ030489_fix-', '4_KQ030489_fix+', '4_KZ289067_fix-', '4_KZ289067_fix+', '4_KZ289068_fix-', '4_KZ289068_fix+', '4_KZ289069_fix-', '4_KZ289069_fix+', '4_KZ289070_fix-', '4_KZ289070_fix+', '5-', '5+', '5_GL455995_alt-', '5_GL455995_alt+', '5_GL456011_alt-', '5_GL456011_alt+', '5_GL456354_random-', '5_GL456354_random+', '5_JH584296_random-', '5_JH584296_random+', '5_JH584297_random-', '5_JH584297_random+', '5_JH584298_random-', '5_JH584298_random+', '5_JH584299_random-', '5_JH584299_random+', '5_JH792827_fix-', '5_JH792827_fix+', '5_KV575237_fix-', '5_KV575237_fix+', '6-', '6+', '6_GL456012_alt-', '6_GL456012_alt+', '6_GL456025_alt-', '6_GL456025_alt+', '6_GL456026_alt-', '6_GL456026_alt+', '6_GL456054_alt-', '6_GL456054_alt+', '6_GL456065_alt-', '6_GL456065_alt+', '6_JH584264_alt-', '6_JH584264_alt+', '6_KK082442_fix-', '6_KK082442_fix+', '6_KK082443_fix-', '6_KK082443_fix+', '7-', '7+', '7_GL455989_alt-', '7_GL455989_alt+', '7_GL456013_alt-', '7_GL456013_alt+', '7_GL456014_alt-', '7_GL456014_alt+', '7_GL456219_random-', '7_GL456219_random+', '7_JH792828_fix-', '7_JH792828_fix+', '7_KV575238_fix-', '7_KV575238_fix+', '7_KV575239_fix-', '7_KV575239_fix+', '8-', '8+', '8_GL455996_alt-', '8_GL455996_alt+', '8_GL455997_alt-', '8_GL455997_alt+', '8_KV575240_fix-', '8_KV575240_fix+', '9-', '9+', '9_KB469738_fix-', '9_KB469738_fix+', '9_KQ030490_fix-', '9_KQ030490_fix+', 'M-', 'M+', 'Un_GL456239-', 'Un_GL456239+', 'Un_GL456359-', 'Un_GL456359+', 'Un_GL456360-', 'Un_GL456360+', 'Un_GL456366-', 'Un_GL456366+', 'Un_GL456367-', 'Un_GL456367+', 'Un_GL456368-', 'Un_GL456368+', 'Un_GL456370+', 'Un_GL456372-', 'Un_GL456372+', 'Un_GL456378-', 'Un_GL456378+', 'Un_GL456379-', 'Un_GL456379+', 'Un_GL456381-', 'Un_GL456381+', 'Un_GL456382-', 'Un_GL456382+', 'Un_GL456383-', 'Un_GL456383+', 'Un_GL456385-', 'Un_GL456385+', 'Un_GL456387-', 'Un_GL456387+', 'Un_GL456389-', 'Un_GL456389+', 'Un_GL456390-', 'Un_GL456390+', 'Un_GL456392-', 'Un_GL456392+', 'Un_GL456393-', 'Un_GL456393+', 'Un_GL456394-', 'Un_GL456394+', 'Un_GL456396-', 'Un_GL456396+', 'Un_JH584304-', 'Un_JH584304+', 'X-', 'X+', 'X_GL456003_alt-', 'X_GL456003_alt+', 'X_GL456004_alt-', 'X_GL456004_alt+', 'X_GL456031_alt-', 'X_GL456031_alt+', 'X_GL456032_alt-', 'X_GL456032_alt+', 'X_GL456033_alt-', 'X_GL456033_alt+', 'X_GL456233_random-', 'X_GL456233_random+', 'X_JH792831_fix-', 'X_JH792831_fix+', 'X_KQ030495_fix-', 'X_KQ030495_fix+', 'X_KQ030496_fix-', 'X_KQ030496_fix+', 'X_KQ030497_fix-', 'X_KQ030497_fix+', 'X_KZ289092_fix-', 'X_KZ289092_fix+', 'X_KZ289093_fix-', 'X_KZ289093_fix+', 'X_KZ289094_fix-', 'X_KZ289094_fix+', 'X_KZ289095_fix-', 'X_KZ289095_fix+', 'Y-', 'Y+', 'Y_GL456071_alt-', 'Y_GL456071_alt+', 'Y_GL456072_alt-', 'Y_GL456072_alt+', 'Y_GL456073_alt-', 'Y_GL456073_alt+', 'Y_GL456080_alt-', 'Y_GL456080_alt+', 'Y_GL456081_alt-', 'Y_GL456081_alt+', 'Y_GL456082_alt-', 'Y_GL456082_alt+', 'Y_JH584300_random-', 'Y_JH584300_random+', 'Y_JH584301_random-', 'Y_JH584301_random+', 'Y_JH584302_random-', 'Y_JH584302_random+', 'Y_JH584303_random-', 'Y_JH584303_random+', 'Y_JH792832_fix-', 'Y_JH792832_fix+', 'Y_JH792833_fix-', 'Y_JH792833_fix+', 'Y_JH792834_fix-', 'Y_JH792834_fix+', 'na_GL456050_alt-']
2025-11-04 11:18:14,978 - DEBUG - Summarizing the results of intron validation.
2025-11-04 11:18:15,056 - DEBUG - Validated 1046 introns (of which unique intervals 415) out of 700789 total possible introns (considering each possible transcript models).
2025-11-04 11:18:15,056 - DEBUG - Reading /storage/scratch01/groups/ci/Trem1_GEICAM/Sarai/Single.Cell.Tet2/outs/out.smR065.9/outs/per_sample_outs/smpR065_DsRedN-KO2/count/cellsorted_sample_alignments.bam
2025-11-04 11:18:15,086 - DEBUG - Read first 0 million reads
2025-11-04 11:18:25,679 - DEBUG - Counting for batch 1, containing 100 cells and 1375994 reads
2025-11-04 11:18:35,320 - DEBUG - 174794 reads not considered because fully enclosed in repeat masked regions
2025-11-04 11:18:45,952 - DEBUG - Counting for batch 2, containing 100 cells and 1399269 reads
2025-11-04 11:18:55,727 - DEBUG - 179914 reads not considered because fully enclosed in repeat masked regions
2025-11-04 11:19:08,648 - DEBUG - Counting for batch 3, containing 100 cells and 1798699 reads
2025-11-04 11:19:20,209 - DEBUG - 231849 reads not considered because fully enclosed in repeat masked regions
2025-11-04 11:19:30,842 - DEBUG - Counting for batch 4, containing 100 cells and 1373714 reads
2025-11-04 11:19:40,318 - DEBUG - 177781 reads not considered because fully enclosed in repeat masked regions
2025-11-04 11:19:51,297 - DEBUG - Counting for batch 5, containing 100 cells and 1506704 reads
2025-11-04 11:20:01,455 - DEBUG - 196809 reads not considered because fully enclosed in repeat masked regions
2025-11-04 11:20:12,460 - DEBUG - Counting for batch 6, containing 100 cells and 1485633 reads
2025-11-04 11:20:22,457 - DEBUG - 187453 reads not considered because fully enclosed in repeat masked regions
2025-11-04 11:20:23,766 - DEBUG - Read first 10 million reads
2025-11-04 11:20:34,881 - DEBUG - Counting for batch 7, containing 100 cells and 1740775 reads
2025-11-04 11:20:46,303 - DEBUG - 222565 reads not considered because fully enclosed in repeat masked regions
2025-11-04 11:21:01,299 - DEBUG - Counting for batch 8, containing 100 cells and 1641628 reads
2025-11-04 11:21:12,436 - DEBUG - 211296 reads not considered because fully enclosed in repeat masked regions
2025-11-04 11:21:26,206 - DEBUG - Counting for batch 9, containing 100 cells and 1622107 reads
2025-11-04 11:21:37,055 - DEBUG - 208711 reads not considered because fully enclosed in repeat masked regions
2025-11-04 11:21:49,813 - DEBUG - Counting for batch 10, containing 100 cells and 1457528 reads
2025-11-04 11:21:58,551 - DEBUG - 183624 reads not considered because fully enclosed in repeat masked regions
2025-11-04 11:22:13,169 - DEBUG - Counting for batch 11, containing 100 cells and 1558507 reads
2025-11-04 11:22:24,238 - DEBUG - 199704 reads not considered because fully enclosed in repeat masked regions
2025-11-04 11:22:33,675 - DEBUG - Read first 20 million reads
2025-11-04 11:22:36,415 - DEBUG - Counting for batch 12, containing 100 cells and 1378011 reads
2025-11-04 11:22:46,113 - DEBUG - 179213 reads not considered because fully enclosed in repeat masked regions
2025-11-04 11:22:59,506 - DEBUG - Counting for batch 13, containing 100 cells and 1597292 reads
2025-11-04 11:23:10,137 - DEBUG - 203626 reads not considered because fully enclosed in repeat masked regions
2025-11-04 11:23:21,826 - DEBUG - Counting for batch 14, containing 100 cells and 1322510 reads
2025-11-04 11:23:31,714 - DEBUG - 166427 reads not considered because fully enclosed in repeat masked regions
2025-11-04 11:23:45,221 - DEBUG - Counting for batch 15, containing 100 cells and 1567270 reads
2025-11-04 11:23:56,396 - DEBUG - 201024 reads not considered because fully enclosed in repeat masked regions
2025-11-04 11:24:12,342 - DEBUG - Counting for batch 16, containing 100 cells and 1730972 reads
2025-11-04 11:24:21,965 - DEBUG - 220283 reads not considered because fully enclosed in repeat masked regions
2025-11-04 11:24:36,962 - DEBUG - Counting for batch 17, containing 100 cells and 1642791 reads
2025-11-04 11:24:47,970 - DEBUG - 210164 reads not considered because fully enclosed in repeat masked regions
2025-11-04 11:24:53,768 - DEBUG - Read first 30 million reads
2025-11-04 11:25:00,173 - DEBUG - Counting for batch 18, containing 100 cells and 1419693 reads
2025-11-04 11:25:10,239 - DEBUG - 183046 reads not considered because fully enclosed in repeat masked regions
2025-11-04 11:25:23,742 - DEBUG - Counting for batch 19, containing 100 cells and 1631495 reads
2025-11-04 11:25:34,666 - DEBUG - 205460 reads not considered because fully enclosed in repeat masked regions
2025-11-04 11:25:47,598 - DEBUG - Counting for batch 20, containing 100 cells and 1300760 reads
2025-11-04 11:25:55,293 - DEBUG - 166114 reads not considered because fully enclosed in repeat masked regions
2025-11-04 11:26:08,215 - DEBUG - Counting for batch 21, containing 100 cells and 1345013 reads
2025-11-04 11:26:16,146 - DEBUG - 171663 reads not considered because fully enclosed in repeat masked regions
2025-11-04 11:26:28,881 - DEBUG - Counting for batch 22, containing 100 cells and 1317625 reads
2025-11-04 11:26:36,509 - DEBUG - 166531 reads not considered because fully enclosed in repeat masked regions
2025-11-04 11:26:50,894 - DEBUG - Counting for batch 23, containing 100 cells and 1581771 reads
2025-11-04 11:27:01,904 - DEBUG - 201658 reads not considered because fully enclosed in repeat masked regions
2025-11-04 11:27:11,447 - DEBUG - Read first 40 million reads
2025-11-04 11:27:15,682 - DEBUG - Counting for batch 24, containing 100 cells and 1632215 reads
2025-11-04 11:27:26,782 - DEBUG - 211969 reads not considered because fully enclosed in repeat masked regions
2025-11-04 11:27:38,867 - DEBUG - Counting for batch 25, containing 100 cells and 1391957 reads
2025-11-04 11:27:48,672 - DEBUG - 174568 reads not considered because fully enclosed in repeat masked regions
2025-11-04 11:28:01,033 - DEBUG - Counting for batch 26, containing 100 cells and 1467505 reads
2025-11-04 11:28:11,300 - DEBUG - 188578 reads not considered because fully enclosed in repeat masked regions
2025-11-04 11:28:22,755 - DEBUG - Counting for batch 27, containing 100 cells and 1303908 reads
2025-11-04 11:28:32,163 - DEBUG - 163203 reads not considered because fully enclosed in repeat masked regions
2025-11-04 11:28:45,333 - DEBUG - Counting for batch 28, containing 100 cells and 1577832 reads
2025-11-04 11:28:56,219 - DEBUG - 198581 reads not considered because fully enclosed in repeat masked regions
2025-11-04 11:29:09,602 - DEBUG - Counting for batch 29, containing 100 cells and 1587102 reads
2025-11-04 11:29:20,460 - DEBUG - 200856 reads not considered because fully enclosed in repeat masked regions
2025-11-04 11:29:29,592 - DEBUG - Read first 50 million reads
2025-11-04 11:29:36,967 - DEBUG - Counting for batch 30, containing 100 cells and 1821094 reads
2025-11-04 11:29:49,169 - DEBUG - 233756 reads not considered because fully enclosed in repeat masked regions
2025-11-04 11:30:04,742 - DEBUG - Counting for batch 31, containing 100 cells and 1859002 reads
2025-11-04 11:30:16,935 - DEBUG - 240868 reads not considered because fully enclosed in repeat masked regions
2025-11-04 11:30:30,428 - DEBUG - Counting for batch 32, containing 100 cells and 1445735 reads
2025-11-04 11:30:40,714 - DEBUG - 186982 reads not considered because fully enclosed in repeat masked regions
2025-11-04 11:30:55,535 - DEBUG - Counting for batch 33, containing 100 cells and 1801787 reads
2025-11-04 11:31:07,473 - DEBUG - 232495 reads not considered because fully enclosed in repeat masked regions
2025-11-04 11:31:18,516 - DEBUG - Counting for batch 34, containing 100 cells and 1205667 reads
2025-11-04 11:31:27,464 - DEBUG - 153196 reads not considered because fully enclosed in repeat masked regions
2025-11-04 11:31:39,389 - DEBUG - Counting for batch 35, containing 100 cells and 1401287 reads
2025-11-04 11:31:49,451 - DEBUG - 176631 reads not considered because fully enclosed in repeat masked regions
2025-11-04 11:31:53,286 - DEBUG - Read first 60 million reads
2025-11-04 11:32:02,834 - DEBUG - Counting for batch 36, containing 100 cells and 1569888 reads
2025-11-04 11:32:11,688 - DEBUG - 204185 reads not considered because fully enclosed in repeat masked regions
2025-11-04 11:32:24,980 - DEBUG - Counting for batch 37, containing 100 cells and 1402872 reads
2025-11-04 11:32:34,906 - DEBUG - 178158 reads not considered because fully enclosed in repeat masked regions
2025-11-04 11:32:46,686 - DEBUG - Counting for batch 38, containing 100 cells and 1342202 reads
2025-11-04 11:32:56,323 - DEBUG - 172714 reads not considered because fully enclosed in repeat masked regions
2025-11-04 11:33:11,033 - DEBUG - Counting for batch 39, containing 100 cells and 1778413 reads
2025-11-04 11:33:23,151 - DEBUG - 226049 reads not considered because fully enclosed in repeat masked regions
2025-11-04 11:33:38,336 - DEBUG - Counting for batch 40, containing 100 cells and 1799638 reads
2025-11-04 11:33:50,222 - DEBUG - 228036 reads not considered because fully enclosed in repeat masked regions
2025-11-04 11:34:02,616 - DEBUG - Read first 70 million reads
2025-11-04 11:34:04,421 - DEBUG - Counting for batch 41, containing 100 cells and 1685937 reads
2025-11-04 11:34:15,735 - DEBUG - 210414 reads not considered because fully enclosed in repeat masked regions
2025-11-04 11:34:29,744 - DEBUG - Counting for batch 42, containing 100 cells and 1466777 reads
2025-11-04 11:34:40,131 - DEBUG - 192189 reads not considered because fully enclosed in repeat masked regions
2025-11-04 11:34:55,703 - DEBUG - Counting for batch 43, containing 100 cells and 1907459 reads
2025-11-04 11:35:08,091 - DEBUG - 245818 reads not considered because fully enclosed in repeat masked regions
2025-11-04 11:35:21,046 - DEBUG - Counting for batch 44, containing 100 cells and 1471125 reads
2025-11-04 11:35:31,271 - DEBUG - 191003 reads not considered because fully enclosed in repeat masked regions
2025-11-04 11:35:45,913 - DEBUG - Counting for batch 45, containing 100 cells and 1772440 reads
2025-11-04 11:35:57,738 - DEBUG - 224710 reads not considered because fully enclosed in repeat masked regions
2025-11-04 11:36:12,957 - DEBUG - Counting for batch 46, containing 100 cells and 1606576 reads
2025-11-04 11:36:21,908 - DEBUG - 208890 reads not considered because fully enclosed in repeat masked regions
2025-11-04 11:36:27,232 - DEBUG - Read first 80 million reads
2025-11-04 11:36:33,976 - DEBUG - Counting for batch 47, containing 100 cells and 1175622 reads
2025-11-04 11:36:41,024 - DEBUG - 147624 reads not considered because fully enclosed in repeat masked regions
2025-11-04 11:36:55,072 - DEBUG - Counting for batch 48, containing 100 cells and 1531454 reads
2025-11-04 11:37:05,776 - DEBUG - 195659 reads not considered because fully enclosed in repeat masked regions
2025-11-04 11:37:19,112 - DEBUG - Counting for batch 49, containing 100 cells and 1556821 reads
2025-11-04 11:37:29,951 - DEBUG - 202234 reads not considered because fully enclosed in repeat masked regions
2025-11-04 11:37:42,777 - DEBUG - Counting for batch 50, containing 100 cells and 1478083 reads
2025-11-04 11:37:52,999 - DEBUG - 185484 reads not considered because fully enclosed in repeat masked regions
2025-11-04 11:38:06,780 - DEBUG - Counting for batch 51, containing 100 cells and 1627839 reads
2025-11-04 11:38:17,996 - DEBUG - 208400 reads not considered because fully enclosed in repeat masked regions
2025-11-04 11:38:32,330 - DEBUG - Counting for batch 52, containing 100 cells and 1721513 reads
2025-11-04 11:38:43,884 - DEBUG - 215959 reads not considered because fully enclosed in repeat masked regions
2025-11-04 11:38:46,180 - DEBUG - Read first 90 million reads
2025-11-04 11:38:56,403 - DEBUG - Counting for batch 53, containing 100 cells and 1432284 reads
2025-11-04 11:39:06,479 - DEBUG - 179063 reads not considered because fully enclosed in repeat masked regions
2025-11-04 11:39:22,772 - DEBUG - Counting for batch 54, containing 100 cells and 1804770 reads
2025-11-04 11:39:34,941 - DEBUG - 231843 reads not considered because fully enclosed in repeat masked regions
2025-11-04 11:39:48,570 - DEBUG - Counting for batch 55, containing 100 cells and 1555240 reads
2025-11-04 11:39:57,331 - DEBUG - 199023 reads not considered because fully enclosed in repeat masked regions
2025-11-04 11:40:12,046 - DEBUG - Counting for batch 56, containing 100 cells and 1613759 reads
2025-11-04 11:40:23,165 - DEBUG - 206039 reads not considered because fully enclosed in repeat masked regions
2025-11-04 11:40:36,844 - DEBUG - Counting for batch 57, containing 100 cells and 1622062 reads
2025-11-04 11:40:47,786 - DEBUG - 207940 reads not considered because fully enclosed in repeat masked regions
2025-11-04 11:40:57,250 - DEBUG - Read first 100 million reads
2025-11-04 11:41:04,041 - DEBUG - Counting for batch 58, containing 100 cells and 1775413 reads
2025-11-04 11:41:15,997 - DEBUG - 232377 reads not considered because fully enclosed in repeat masked regions
2025-11-04 11:41:30,307 - DEBUG - Counting for batch 59, containing 100 cells and 1665836 reads
2025-11-04 11:41:41,600 - DEBUG - 213617 reads not considered because fully enclosed in repeat masked regions
2025-11-04 11:41:58,301 - DEBUG - Counting for batch 60, containing 100 cells and 2045922 reads
2025-11-04 11:42:11,202 - DEBUG - 264881 reads not considered because fully enclosed in repeat masked regions
2025-11-04 11:42:24,357 - DEBUG - Counting for batch 61, containing 100 cells and 1493575 reads
2025-11-04 11:42:34,598 - DEBUG - 195623 reads not considered because fully enclosed in repeat masked regions
2025-11-04 11:42:49,726 - DEBUG - Counting for batch 62, containing 100 cells and 1618286 reads
2025-11-04 11:42:58,747 - DEBUG - 205000 reads not considered because fully enclosed in repeat masked regions
2025-11-04 11:43:11,688 - DEBUG - Read first 110 million reads
2025-11-04 11:43:12,838 - DEBUG - Counting for batch 63, containing 100 cells and 1486527 reads
2025-11-04 11:43:23,249 - DEBUG - 192772 reads not considered because fully enclosed in repeat masked regions
2025-11-04 11:43:35,562 - DEBUG - Counting for batch 64, containing 100 cells and 1385411 reads
2025-11-04 11:43:45,610 - DEBUG - 174289 reads not considered because fully enclosed in repeat masked regions
2025-11-04 11:43:58,281 - DEBUG - Counting for batch 65, containing 100 cells and 1467439 reads
2025-11-04 11:44:06,775 - DEBUG - 182844 reads not considered because fully enclosed in repeat masked regions
2025-11-04 11:44:22,490 - DEBUG - Counting for batch 66, containing 100 cells and 1754225 reads
2025-11-04 11:44:34,112 - DEBUG - 218388 reads not considered because fully enclosed in repeat masked regions
2025-11-04 11:44:50,400 - DEBUG - Counting for batch 67, containing 100 cells and 1747930 reads
2025-11-04 11:45:00,351 - DEBUG - 224538 reads not considered because fully enclosed in repeat masked regions
2025-11-04 11:45:16,368 - DEBUG - Counting for batch 68, containing 100 cells and 1765485 reads
2025-11-04 11:45:27,989 - DEBUG - 228084 reads not considered because fully enclosed in repeat masked regions
2025-11-04 11:45:33,553 - DEBUG - Read first 120 million reads
2025-11-04 11:45:41,175 - DEBUG - Counting for batch 69, containing 100 cells and 1544759 reads
2025-11-04 11:45:51,591 - DEBUG - 194996 reads not considered because fully enclosed in repeat masked regions
2025-11-04 11:46:07,573 - DEBUG - Counting for batch 70, containing 100 cells and 1760196 reads
2025-11-04 11:46:19,443 - DEBUG - 227450 reads not considered because fully enclosed in repeat masked regions
2025-11-04 11:46:31,436 - DEBUG - Counting for batch 71, containing 100 cells and 1332285 reads
2025-11-04 11:46:39,328 - DEBUG - 168951 reads not considered because fully enclosed in repeat masked regions
2025-11-04 11:46:53,662 - DEBUG - Counting for batch 72, containing 100 cells and 1558906 reads
2025-11-04 11:47:04,477 - DEBUG - 200345 reads not considered because fully enclosed in repeat masked regions
2025-11-04 11:47:16,254 - DEBUG - Counting for batch 73, containing 100 cells and 1312990 reads
2025-11-04 11:47:23,981 - DEBUG - 171193 reads not considered because fully enclosed in repeat masked regions
2025-11-04 11:47:38,399 - DEBUG - Counting for batch 74, containing 100 cells and 1592463 reads
2025-11-04 11:47:49,388 - DEBUG - 202411 reads not considered because fully enclosed in repeat masked regions
2025-11-04 11:47:53,869 - DEBUG - Read first 130 million reads
2025-11-04 11:48:01,944 - DEBUG - Counting for batch 75, containing 100 cells and 1445906 reads
2025-11-04 11:48:12,315 - DEBUG - 183316 reads not considered because fully enclosed in repeat masked regions
2025-11-04 11:48:25,401 - DEBUG - Counting for batch 76, containing 100 cells and 1541954 reads
2025-11-04 11:48:36,236 - DEBUG - 195239 reads not considered because fully enclosed in repeat masked regions
2025-11-04 11:48:49,208 - DEBUG - Counting for batch 77, containing 100 cells and 1497563 reads
2025-11-04 11:48:57,911 - DEBUG - 190475 reads not considered because fully enclosed in repeat masked regions
2025-11-04 11:49:14,259 - DEBUG - Counting for batch 78, containing 100 cells and 1866254 reads
2025-11-04 11:49:26,500 - DEBUG - 244238 reads not considered because fully enclosed in repeat masked regions
2025-11-04 11:49:43,061 - DEBUG - Counting for batch 79, containing 100 cells and 1787286 reads
2025-11-04 11:49:55,150 - DEBUG - 232466 reads not considered because fully enclosed in repeat masked regions
2025-11-04 11:50:07,136 - DEBUG - Read first 140 million reads
2025-11-04 11:50:07,319 - DEBUG - Counting for batch 80, containing 100 cells and 1343089 reads
2025-11-04 11:50:15,211 - DEBUG - 169601 reads not considered because fully enclosed in repeat masked regions
2025-11-04 11:50:28,747 - DEBUG - Counting for batch 81, containing 100 cells and 1429748 reads
2025-11-04 11:50:38,992 - DEBUG - 181197 reads not considered because fully enclosed in repeat masked regions
2025-11-04 11:50:52,594 - DEBUG - Counting for batch 82, containing 100 cells and 1593312 reads
2025-11-04 11:51:01,655 - DEBUG - 206098 reads not considered because fully enclosed in repeat masked regions
2025-11-04 11:51:17,695 - DEBUG - Counting for batch 83, containing 100 cells and 1815401 reads
2025-11-04 11:51:29,739 - DEBUG - 234877 reads not considered because fully enclosed in repeat masked regions
2025-11-04 11:51:43,124 - DEBUG - Counting for batch 84, containing 100 cells and 1337828 reads
2025-11-04 11:51:50,982 - DEBUG - 167967 reads not considered because fully enclosed in repeat masked regions
2025-11-04 11:52:04,408 - DEBUG - Counting for batch 85, containing 100 cells and 1424384 reads
2025-11-04 11:52:14,647 - DEBUG - 181224 reads not considered because fully enclosed in repeat masked regions
2025-11-04 11:52:26,067 - DEBUG - Read first 150 million reads
2025-11-04 11:52:28,842 - DEBUG - Counting for batch 86, containing 100 cells and 1689142 reads
2025-11-04 11:52:40,436 - DEBUG - 221588 reads not considered because fully enclosed in repeat masked regions
2025-11-04 11:52:53,488 - DEBUG - Counting for batch 87, containing 100 cells and 1491869 reads
2025-11-04 11:53:03,864 - DEBUG - 192037 reads not considered because fully enclosed in repeat masked regions
2025-11-04 11:53:18,279 - DEBUG - Counting for batch 88, containing 100 cells and 1730663 reads
2025-11-04 11:53:30,047 - DEBUG - 223807 reads not considered because fully enclosed in repeat masked regions
2025-11-04 11:53:42,271 - DEBUG - Counting for batch 89, containing 100 cells and 1382639 reads
2025-11-04 11:53:52,129 - DEBUG - 181153 reads not considered because fully enclosed in repeat masked regions
2025-11-04 11:54:05,851 - DEBUG - Counting for batch 90, containing 100 cells and 1643934 reads
2025-11-04 11:54:17,197 - DEBUG - 210842 reads not considered because fully enclosed in repeat masked regions
2025-11-04 11:54:29,275 - DEBUG - Counting for batch 91, containing 100 cells and 1360135 reads
2025-11-04 11:54:39,068 - DEBUG - 174264 reads not considered because fully enclosed in repeat masked regions
2025-11-04 11:54:46,286 - DEBUG - Read first 160 million reads
2025-11-04 11:54:53,141 - DEBUG - Counting for batch 92, containing 100 cells and 1696339 reads
2025-11-04 11:55:04,698 - DEBUG - 216434 reads not considered because fully enclosed in repeat masked regions
2025-11-04 11:55:17,272 - DEBUG - Counting for batch 93, containing 100 cells and 1428485 reads
2025-11-04 11:55:27,518 - DEBUG - 180138 reads not considered because fully enclosed in repeat masked regions
2025-11-04 11:55:43,506 - DEBUG - Counting for batch 94, containing 100 cells and 1972907 reads
2025-11-04 11:55:56,378 - DEBUG - 255607 reads not considered because fully enclosed in repeat masked regions
2025-11-04 11:56:08,155 - DEBUG - Counting for batch 95, containing 100 cells and 1280549 reads
2025-11-04 11:56:17,610 - DEBUG - 168599 reads not considered because fully enclosed in repeat masked regions
2025-11-04 11:56:30,497 - DEBUG - Counting for batch 96, containing 100 cells and 1531908 reads
2025-11-04 11:56:41,140 - DEBUG - 198500 reads not considered because fully enclosed in repeat masked regions
2025-11-04 11:56:53,994 - DEBUG - Counting for batch 97, containing 100 cells and 1496997 reads
2025-11-04 11:57:04,549 - DEBUG - 192879 reads not considered because fully enclosed in repeat masked regions
2025-11-04 11:57:08,618 - DEBUG - Read first 170 million reads
2025-11-04 11:57:17,945 - DEBUG - Counting for batch 98, containing 100 cells and 1590954 reads
2025-11-04 11:57:28,776 - DEBUG - 197731 reads not considered because fully enclosed in repeat masked regions
2025-11-04 11:57:39,930 - DEBUG - Counting for batch 99, containing 100 cells and 1253219 reads
2025-11-04 11:57:49,133 - DEBUG - 162961 reads not considered because fully enclosed in repeat masked regions
2025-11-04 11:58:00,686 - DEBUG - Counting for batch 100, containing 100 cells and 1329058 reads
2025-11-04 11:58:08,649 - DEBUG - 167357 reads not considered because fully enclosed in repeat masked regions
2025-11-04 11:58:20,770 - DEBUG - Counting for batch 101, containing 100 cells and 1230235 reads
2025-11-04 11:58:28,054 - DEBUG - 155068 reads not considered because fully enclosed in repeat masked regions
2025-11-04 11:58:40,992 - DEBUG - Counting for batch 102, containing 100 cells and 1383394 reads
2025-11-04 11:58:50,910 - DEBUG - 168168 reads not considered because fully enclosed in repeat masked regions
2025-11-04 11:59:03,055 - DEBUG - Counting for batch 103, containing 100 cells and 1410040 reads
2025-11-04 11:59:13,142 - DEBUG - 178849 reads not considered because fully enclosed in repeat masked regions
2025-11-04 11:59:22,080 - DEBUG - Read first 180 million reads
2025-11-04 11:59:28,401 - DEBUG - Counting for batch 104, containing 100 cells and 1852176 reads
2025-11-04 11:59:40,804 - DEBUG - 236312 reads not considered because fully enclosed in repeat masked regions
2025-11-04 11:59:55,387 - DEBUG - Counting for batch 105, containing 100 cells and 1735871 reads
2025-11-04 12:00:07,090 - DEBUG - 221103 reads not considered because fully enclosed in repeat masked regions
2025-11-04 12:00:19,176 - DEBUG - Counting for batch 106, containing 100 cells and 1371628 reads
2025-11-04 12:00:28,980 - DEBUG - 174306 reads not considered because fully enclosed in repeat masked regions
2025-11-04 12:00:45,060 - DEBUG - Counting for batch 107, containing 100 cells and 1773197 reads
2025-11-04 12:00:54,845 - DEBUG - 225353 reads not considered because fully enclosed in repeat masked regions
2025-11-04 12:01:10,236 - DEBUG - Counting for batch 108, containing 100 cells and 1708296 reads
2025-11-04 12:01:21,782 - DEBUG - 220192 reads not considered because fully enclosed in repeat masked regions
2025-11-04 12:01:37,670 - DEBUG - Read first 190 million reads
2025-11-04 12:01:38,415 - DEBUG - Counting for batch 109, containing 100 cells and 1835350 reads
2025-11-04 12:01:50,708 - DEBUG - 235266 reads not considered because fully enclosed in repeat masked regions
2025-11-04 12:02:04,291 - DEBUG - Counting for batch 110, containing 100 cells and 1560050 reads
2025-11-04 12:02:15,268 - DEBUG - 197084 reads not considered because fully enclosed in repeat masked regions
2025-11-04 12:02:21,945 - DEBUG - Counting for batch 111, containing 100 cells and 763970 reads
2025-11-04 12:02:27,067 - DEBUG - 100049 reads not considered because fully enclosed in repeat masked regions
2025-11-04 12:02:39,389 - DEBUG - Counting for batch 112, containing 100 cells and 1356475 reads
2025-11-04 12:02:49,115 - DEBUG - 173590 reads not considered because fully enclosed in repeat masked regions
2025-11-04 12:03:01,584 - DEBUG - Counting for batch 113, containing 100 cells and 1474440 reads
2025-11-04 12:03:11,978 - DEBUG - 190778 reads not considered because fully enclosed in repeat masked regions
2025-11-04 12:03:23,484 - DEBUG - Counting for batch 114, containing 100 cells and 1290978 reads
2025-11-04 12:03:31,051 - DEBUG - 162075 reads not considered because fully enclosed in repeat masked regions
2025-11-04 12:03:46,447 - DEBUG - Counting for batch 115, containing 100 cells and 1749146 reads
2025-11-04 12:03:58,143 - DEBUG - 228147 reads not considered because fully enclosed in repeat masked regions
2025-11-04 12:04:05,238 - DEBUG - Read first 200 million reads
2025-11-04 12:04:12,688 - DEBUG - Counting for batch 116, containing 100 cells and 1498426 reads
2025-11-04 12:04:21,215 - DEBUG - 195891 reads not considered because fully enclosed in repeat masked regions
2025-11-04 12:04:34,665 - DEBUG - Counting for batch 117, containing 100 cells and 1391188 reads
2025-11-04 12:04:42,883 - DEBUG - 178764 reads not considered because fully enclosed in repeat masked regions
2025-11-04 12:04:57,690 - DEBUG - Counting for batch 118, containing 100 cells and 1628383 reads
2025-11-04 12:05:08,857 - DEBUG - 206601 reads not considered because fully enclosed in repeat masked regions
2025-11-04 12:05:21,437 - DEBUG - Counting for batch 119, containing 100 cells and 1456624 reads
2025-11-04 12:05:31,704 - DEBUG - 184593 reads not considered because fully enclosed in repeat masked regions
2025-11-04 12:05:46,546 - DEBUG - Counting for batch 120, containing 100 cells and 1555716 reads
2025-11-04 12:05:55,440 - DEBUG - 195723 reads not considered because fully enclosed in repeat masked regions
2025-11-04 12:06:10,959 - DEBUG - Counting for batch 121, containing 100 cells and 1701529 reads
2025-11-04 12:06:22,525 - DEBUG - 212959 reads not considered because fully enclosed in repeat masked regions
2025-11-04 12:06:26,046 - DEBUG - Read first 210 million reads
2025-11-04 12:06:35,225 - DEBUG - Counting for batch 122, containing 100 cells and 1440782 reads
2025-11-04 12:06:45,506 - DEBUG - 183007 reads not considered because fully enclosed in repeat masked regions
2025-11-04 12:06:57,901 - DEBUG - Counting for batch 123, containing 100 cells and 1411547 reads
2025-11-04 12:07:06,231 - DEBUG - 178362 reads not considered because fully enclosed in repeat masked regions
2025-11-04 12:07:20,377 - DEBUG - Counting for batch 124, containing 100 cells and 1513349 reads
2025-11-04 12:07:30,925 - DEBUG - 195851 reads not considered because fully enclosed in repeat masked regions
2025-11-04 12:07:43,877 - DEBUG - Counting for batch 125, containing 100 cells and 1519381 reads
2025-11-04 12:07:54,520 - DEBUG - 195776 reads not considered because fully enclosed in repeat masked regions
2025-11-04 12:08:09,922 - DEBUG - Counting for batch 126, containing 100 cells and 1884090 reads
2025-11-04 12:08:22,237 - DEBUG - 240112 reads not considered because fully enclosed in repeat masked regions
2025-11-04 12:08:36,414 - DEBUG - Read first 220 million reads
2025-11-04 12:08:37,136 - DEBUG - Counting for batch 127, containing 100 cells and 1563565 reads
2025-11-04 12:08:48,073 - DEBUG - 200403 reads not considered because fully enclosed in repeat masked regions
2025-11-04 12:09:00,270 - DEBUG - Counting for batch 128, containing 100 cells and 1381976 reads
2025-11-04 12:09:08,324 - DEBUG - 177508 reads not considered because fully enclosed in repeat masked regions
2025-11-04 12:09:23,074 - DEBUG - Counting for batch 129, containing 100 cells and 1605168 reads
2025-11-04 12:09:34,200 - DEBUG - 208532 reads not considered because fully enclosed in repeat masked regions
2025-11-04 12:09:44,994 - DEBUG - Counting for batch 130, containing 100 cells and 1174472 reads
2025-11-04 12:09:52,025 - DEBUG - 148448 reads not considered because fully enclosed in repeat masked regions
2025-11-04 12:10:04,185 - DEBUG - Counting for batch 131, containing 100 cells and 1243127 reads
2025-11-04 12:10:11,507 - DEBUG - 158017 reads not considered because fully enclosed in repeat masked regions
2025-11-04 12:10:24,983 - DEBUG - Counting for batch 132, containing 100 cells and 1438837 reads
2025-11-04 12:10:35,210 - DEBUG - 185853 reads not considered because fully enclosed in repeat masked regions
2025-11-04 12:10:48,241 - DEBUG - Counting for batch 133, containing 100 cells and 1524545 reads
2025-11-04 12:10:57,116 - DEBUG - 195166 reads not considered because fully enclosed in repeat masked regions
2025-11-04 12:11:02,789 - DEBUG - Read first 230 million reads
2025-11-04 12:11:09,233 - DEBUG - Counting for batch 134, containing 100 cells and 1206704 reads
2025-11-04 12:11:16,473 - DEBUG - 153267 reads not considered because fully enclosed in repeat masked regions
2025-11-04 12:11:30,431 - DEBUG - Counting for batch 135, containing 100 cells and 1540788 reads
2025-11-04 12:11:41,226 - DEBUG - 197087 reads not considered because fully enclosed in repeat masked regions
2025-11-04 12:11:52,783 - DEBUG - Counting for batch 136, containing 100 cells and 1309009 reads
2025-11-04 12:12:02,274 - DEBUG - 168606 reads not considered because fully enclosed in repeat masked regions
2025-11-04 12:12:15,651 - DEBUG - Counting for batch 137, containing 100 cells and 1619029 reads
2025-11-04 12:12:26,571 - DEBUG - 206336 reads not considered because fully enclosed in repeat masked regions
2025-11-04 12:12:41,076 - DEBUG - Counting for batch 138, containing 100 cells and 1751354 reads
2025-11-04 12:12:52,846 - DEBUG - 225903 reads not considered because fully enclosed in repeat masked regions
2025-11-04 12:13:07,874 - DEBUG - Counting for batch 139, containing 100 cells and 1567473 reads
2025-11-04 12:13:18,672 - DEBUG - 201426 reads not considered because fully enclosed in repeat masked regions
2025-11-04 12:13:22,625 - DEBUG - Read first 240 million reads
2025-11-04 12:13:31,834 - DEBUG - Counting for batch 140, containing 100 cells and 1519604 reads
2025-11-04 12:13:40,561 - DEBUG - 192940 reads not considered because fully enclosed in repeat masked regions
2025-11-04 12:13:51,865 - DEBUG - Counting for batch 141, containing 100 cells and 1075395 reads
2025-11-04 12:13:58,456 - DEBUG - 134267 reads not considered because fully enclosed in repeat masked regions
2025-11-04 12:14:13,375 - DEBUG - Counting for batch 142, containing 100 cells and 1665403 reads
2025-11-04 12:14:24,727 - DEBUG - 213945 reads not considered because fully enclosed in repeat masked regions
2025-11-04 12:14:31,996 - DEBUG - Counting for batch 143, containing 56 cells and 856840 reads
2025-11-04 12:14:37,056 - DEBUG - 109908 reads not considered because fully enclosed in repeat masked regions
2025-11-04 12:14:37,789 - DEBUG - 7434810 reads were skipped because no apropiate cell or umi barcode was found
2025-11-04 12:14:37,790 - DEBUG - Counting done!
2025-11-04 12:14:37,795 - DEBUG - Generating output file /home/dcaceres/Tet2sc/Results/plots/scVelo/velocyto_loom_files/smpR065_DsRedN-KO2.loom
2025-11-04 12:14:37,795 - DEBUG - Collecting row attributes
2025-11-04 12:14:37,921 - DEBUG - Generating data table
2025-11-04 12:14:41,623 - DEBUG - Writing loom file
2025-11-04 12:14:45,043 - DEBUG - Creating converter from 5 to 3
2025-11-04 12:14:45,044 - DEBUG - Creating converter from 3 to 5
2025-11-04 12:15:10,040 - DEBUG - Terminated Succesfully!
✅ ÉXITO: Loom creado correctamente: /home/dcaceres/Tet2sc/Results/plots/scVelo/velocyto_loom_files/smpR065_DsRedN-KO2.loom
------------------------------------------------------------
🎉 Proceso finalizado correctamente para smpR065_DsRedN-KO2
Finalizado en: Tue Nov  4 12:15:12 CET 2025
------------------------------------------------------------
