------------------------------------------------------------
🚀 INICIO DEL PROCESO VELOCYTO - Fri Nov  7 19:32:39 CET 2025
------------------------------------------------------------
=== Procesando muestra: smpR065_DsRedP-KO2 ===
Directorio de entrada: /storage/scratch01/groups/ci/Trem1_GEICAM/Sarai/Single.Cell.Tet2/outs/out.smR065.9/outs/per_sample_outs/smpR065_DsRedP-KO2/count
Nodo: bc010 | JobID: 5611417 | TaskID: 6
------------------------------------------------------------
🧬 Ejecutando Velocyto...
2025-11-07 19:33:00,772 - DEBUG - Using logic: Default
2025-11-07 19:33:00,800 - INFO - Read 17340 cell barcodes from /storage/scratch01/groups/ci/Trem1_GEICAM/Sarai/Single.Cell.Tet2/outs/out.smR065.9/outs/per_sample_outs/smpR065_DsRedP-KO2/count/sample_filtered_feature_bc_matrix/barcodes.tsv.gz
2025-11-07 19:33:00,801 - DEBUG - Example of barcode: AAACAAGCAAATACCGAGTAGGCT and cell_id: smpR065_DsRedP-KO2:AAACAAGCAAATACCGAGTAGGCT-1
2025-11-07 19:33:00,837 - DEBUG - Peeking into /storage/scratch01/groups/ci/Trem1_GEICAM/Sarai/Single.Cell.Tet2/outs/out.smR065.9/outs/per_sample_outs/smpR065_DsRedP-KO2/count/sample_alignments.bam
2025-11-07 19:33:01,016 - WARNING - Not found cell and umi barcode in entry 1 of the bam file
2025-11-07 19:33:01,016 - WARNING - Not found cell and umi barcode in entry 10 of the bam file
2025-11-07 19:33:01,016 - WARNING - Not found cell and umi barcode in entry 65 of the bam file
2025-11-07 19:33:01,016 - WARNING - Not found cell and umi barcode in entry 69 of the bam file
2025-11-07 19:33:01,016 - WARNING - Not found cell and umi barcode in entry 88 of the bam file
2025-11-07 19:33:01,017 - WARNING - Not found cell and umi barcode in entry 128 of the bam file
2025-11-07 19:33:01,017 - WARNING - Not found cell and umi barcode in entry 137 of the bam file
2025-11-07 19:33:01,017 - WARNING - Not found cell and umi barcode in entry 189 of the bam file
2025-11-07 19:33:01,017 - WARNING - Not found cell and umi barcode in entry 220 of the bam file
2025-11-07 19:33:01,017 - WARNING - Not found cell and umi barcode in entry 222 of the bam file
2025-11-07 19:33:01,017 - WARNING - Not found cell and umi barcode in entry 225 of the bam file
2025-11-07 19:33:01,017 - WARNING - Not found cell and umi barcode in entry 226 of the bam file
2025-11-07 19:33:01,017 - WARNING - Not found cell and umi barcode in entry 229 of the bam file
2025-11-07 19:33:01,017 - WARNING - Not found cell and umi barcode in entry 231 of the bam file
2025-11-07 19:33:01,017 - WARNING - Not found cell and umi barcode in entry 236 of the bam file
2025-11-07 19:33:01,017 - WARNING - Not found cell and umi barcode in entry 239 of the bam file
2025-11-07 19:33:01,017 - WARNING - Not found cell and umi barcode in entry 247 of the bam file
2025-11-07 19:33:01,017 - WARNING - Not found cell and umi barcode in entry 269 of the bam file
2025-11-07 19:33:01,017 - WARNING - Not found cell and umi barcode in entry 284 of the bam file
2025-11-07 19:33:01,017 - WARNING - Not found cell and umi barcode in entry 390 of the bam file
2025-11-07 19:33:01,019 - WARNING - Not found cell and umi barcode in entry 493 of the bam file
2025-11-07 19:33:01,019 - WARNING - Not found cell and umi barcode in entry 496 of the bam file
2025-11-07 19:33:01,019 - WARNING - Not found cell and umi barcode in entry 503 of the bam file
2025-11-07 19:33:01,019 - WARNING - Not found cell and umi barcode in entry 525 of the bam file
2025-11-07 19:33:01,019 - WARNING - Not found cell and umi barcode in entry 558 of the bam file
2025-11-07 19:33:01,019 - WARNING - Not found cell and umi barcode in entry 581 of the bam file
2025-11-07 19:33:01,019 - WARNING - Not found cell and umi barcode in entry 587 of the bam file
2025-11-07 19:33:01,019 - WARNING - Not found cell and umi barcode in entry 592 of the bam file
2025-11-07 19:33:01,019 - WARNING - Not found cell and umi barcode in entry 613 of the bam file
2025-11-07 19:33:01,019 - WARNING - Not found cell and umi barcode in entry 642 of the bam file
2025-11-07 19:33:01,019 - WARNING - Not found cell and umi barcode in entry 644 of the bam file
2025-11-07 19:33:01,020 - WARNING - Not found cell and umi barcode in entry 787 of the bam file
2025-11-07 19:33:01,020 - WARNING - Not found cell and umi barcode in entry 811 of the bam file
2025-11-07 19:33:01,020 - WARNING - Not found cell and umi barcode in entry 821 of the bam file
2025-11-07 19:33:01,020 - WARNING - Not found cell and umi barcode in entry 837 of the bam file
2025-11-07 19:33:01,020 - WARNING - Not found cell and umi barcode in entry 839 of the bam file
2025-11-07 19:33:01,020 - WARNING - Not found cell and umi barcode in entry 871 of the bam file
2025-11-07 19:33:01,020 - WARNING - Not found cell and umi barcode in entry 875 of the bam file
2025-11-07 19:33:01,020 - WARNING - Not found cell and umi barcode in entry 877 of the bam file
2025-11-07 19:33:01,020 - WARNING - Not found cell and umi barcode in entry 908 of the bam file
2025-11-07 19:33:01,020 - WARNING - Not found cell and umi barcode in entry 994 of the bam file
2025-11-07 19:33:01,020 - WARNING - Not found cell and umi barcode in entry 1014 of the bam file
2025-11-07 19:33:01,021 - WARNING - Not found cell and umi barcode in entry 1029 of the bam file
2025-11-07 19:33:01,021 - WARNING - Not found cell and umi barcode in entry 1038 of the bam file
2025-11-07 19:33:01,022 - WARNING - The file /storage/scratch01/groups/ci/Trem1_GEICAM/Sarai/Single.Cell.Tet2/outs/out.smR065.9/outs/per_sample_outs/smpR065_DsRedP-KO2/count/cellsorted_sample_alignments.bam already exists. The sorting step will be skipped and the existing file will be used.
2025-11-07 19:33:01,022 - INFO - Load the annotation from /storage/scratch01/groups/ci/Trem1_GEICAM/Sarai/Annonation_Files/gencode.vM25.annotation.gtf
2025-11-07 19:33:06,872 - DEBUG - Parsing Chromosome 1 strand - [line 0]
2025-11-07 19:33:07,012 - DEBUG - Done with 1- [line 59062]
2025-11-07 19:33:07,012 - DEBUG - Assigning indexes to genes
2025-11-07 19:33:07,016 - DEBUG - Seen 1693 genes until now
2025-11-07 19:33:07,016 - DEBUG - Parsing Chromosome 1 strand + [line 59063]
2025-11-07 19:33:07,330 - DEBUG - Done with 1+ [line 116931]
2025-11-07 19:33:07,330 - DEBUG - Assigning indexes to genes
2025-11-07 19:33:07,334 - DEBUG - Seen 3446 genes until now
2025-11-07 19:33:07,334 - DEBUG - Parsing Chromosome 10 strand - [line 116932]
2025-11-07 19:33:07,617 - DEBUG - Done with 10- [line 158870]
2025-11-07 19:33:07,617 - DEBUG - Assigning indexes to genes
2025-11-07 19:33:07,620 - DEBUG - Seen 4713 genes until now
2025-11-07 19:33:07,620 - DEBUG - Parsing Chromosome 10 strand + [line 158871]
2025-11-07 19:33:07,726 - DEBUG - Done with 10+ [line 203797]
2025-11-07 19:33:07,726 - DEBUG - Assigning indexes to genes
2025-11-07 19:33:07,729 - DEBUG - Seen 6068 genes until now
2025-11-07 19:33:07,730 - DEBUG - Parsing Chromosome 11 strand - [line 203798]
2025-11-07 19:33:08,086 - DEBUG - Done with 11- [line 268491]
2025-11-07 19:33:08,087 - DEBUG - Assigning indexes to genes
2025-11-07 19:33:08,091 - DEBUG - Seen 7617 genes until now
2025-11-07 19:33:08,091 - DEBUG - Parsing Chromosome 11 strand + [line 268492]
2025-11-07 19:33:08,244 - DEBUG - Done with 11+ [line 332954]
2025-11-07 19:33:08,244 - DEBUG - Assigning indexes to genes
2025-11-07 19:33:08,248 - DEBUG - Seen 9067 genes until now
2025-11-07 19:33:08,248 - DEBUG - Parsing Chromosome 12 strand - [line 332955]
2025-11-07 19:33:08,313 - DEBUG - Done with 12- [line 360299]
2025-11-07 19:33:08,313 - DEBUG - Assigning indexes to genes
2025-11-07 19:33:08,316 - DEBUG - Seen 10382 genes until now
2025-11-07 19:33:08,316 - DEBUG - Parsing Chromosome 12 strand + [line 360300]
2025-11-07 19:33:08,405 - DEBUG - Done with 12+ [line 397190]
2025-11-07 19:33:08,405 - DEBUG - Assigning indexes to genes
2025-11-07 19:33:08,408 - DEBUG - Seen 11544 genes until now
2025-11-07 19:33:08,408 - DEBUG - Parsing Chromosome 13 strand - [line 397191]
2025-11-07 19:33:08,722 - DEBUG - Done with 13- [line 433847]
2025-11-07 19:33:08,722 - DEBUG - Assigning indexes to genes
2025-11-07 19:33:08,725 - DEBUG - Seen 12811 genes until now
2025-11-07 19:33:08,725 - DEBUG - Parsing Chromosome 13 strand + [line 433848]
2025-11-07 19:33:08,792 - DEBUG - Done with 13+ [line 462828]
2025-11-07 19:33:08,793 - DEBUG - Assigning indexes to genes
2025-11-07 19:33:08,796 - DEBUG - Seen 14046 genes until now
2025-11-07 19:33:08,796 - DEBUG - Parsing Chromosome 14 strand - [line 462829]
2025-11-07 19:33:08,889 - DEBUG - Done with 14- [line 501813]
2025-11-07 19:33:08,889 - DEBUG - Assigning indexes to genes
2025-11-07 19:33:08,892 - DEBUG - Seen 15241 genes until now
2025-11-07 19:33:08,892 - DEBUG - Parsing Chromosome 14 strand + [line 501814]
2025-11-07 19:33:08,975 - DEBUG - Done with 14+ [line 537473]
2025-11-07 19:33:08,976 - DEBUG - Assigning indexes to genes
2025-11-07 19:33:08,979 - DEBUG - Seen 16580 genes until now
2025-11-07 19:33:08,979 - DEBUG - Parsing Chromosome 15 strand - [line 537474]
2025-11-07 19:33:09,071 - DEBUG - Done with 15- [line 575556]
2025-11-07 19:33:09,071 - DEBUG - Assigning indexes to genes
2025-11-07 19:33:09,074 - DEBUG - Seen 17521 genes until now
2025-11-07 19:33:09,074 - DEBUG - Parsing Chromosome 15 strand + [line 575557]
2025-11-07 19:33:09,406 - DEBUG - Done with 15+ [line 608149]
2025-11-07 19:33:09,406 - DEBUG - Assigning indexes to genes
2025-11-07 19:33:09,409 - DEBUG - Seen 18432 genes until now
2025-11-07 19:33:09,409 - DEBUG - Parsing Chromosome 16 strand - [line 608150]
2025-11-07 19:33:09,479 - DEBUG - Done with 16- [line 636582]
2025-11-07 19:33:09,479 - DEBUG - Assigning indexes to genes
2025-11-07 19:33:09,481 - DEBUG - Seen 19223 genes until now
2025-11-07 19:33:09,481 - DEBUG - Parsing Chromosome 16 strand + [line 636583]
2025-11-07 19:33:09,558 - DEBUG - Done with 16+ [line 668857]
2025-11-07 19:33:09,558 - DEBUG - Assigning indexes to genes
2025-11-07 19:33:09,560 - DEBUG - Seen 20039 genes until now
2025-11-07 19:33:09,560 - DEBUG - Parsing Chromosome 17 strand - [line 668858]
2025-11-07 19:33:09,674 - DEBUG - Done with 17- [line 715100]
2025-11-07 19:33:09,674 - DEBUG - Assigning indexes to genes
2025-11-07 19:33:09,677 - DEBUG - Seen 21218 genes until now
2025-11-07 19:33:09,677 - DEBUG - Parsing Chromosome 17 strand + [line 715101]
2025-11-07 19:33:09,794 - DEBUG - Done with 17+ [line 764344]
2025-11-07 19:33:09,794 - DEBUG - Assigning indexes to genes
2025-11-07 19:33:09,799 - DEBUG - Seen 22359 genes until now
2025-11-07 19:33:09,799 - DEBUG - Parsing Chromosome 18 strand - [line 764345]
2025-11-07 19:33:09,847 - DEBUG - Done with 18- [line 784050]
2025-11-07 19:33:09,847 - DEBUG - Assigning indexes to genes
2025-11-07 19:33:09,848 - DEBUG - Seen 22997 genes until now
2025-11-07 19:33:09,848 - DEBUG - Parsing Chromosome 18 strand + [line 784051]
2025-11-07 19:33:10,201 - DEBUG - Done with 18+ [line 811173]
2025-11-07 19:33:10,201 - DEBUG - Assigning indexes to genes
2025-11-07 19:33:10,203 - DEBUG - Seen 23758 genes until now
2025-11-07 19:33:10,203 - DEBUG - Parsing Chromosome 19 strand - [line 811174]
2025-11-07 19:33:10,283 - DEBUG - Done with 19- [line 844397]
2025-11-07 19:33:10,283 - DEBUG - Assigning indexes to genes
2025-11-07 19:33:10,285 - DEBUG - Seen 24442 genes until now
2025-11-07 19:33:10,285 - DEBUG - Parsing Chromosome 19 strand + [line 844398]
2025-11-07 19:33:10,354 - DEBUG - Done with 19+ [line 873497]
2025-11-07 19:33:10,354 - DEBUG - Assigning indexes to genes
2025-11-07 19:33:10,357 - DEBUG - Seen 25152 genes until now
2025-11-07 19:33:10,357 - DEBUG - Parsing Chromosome 2 strand - [line 873498]
2025-11-07 19:33:10,546 - DEBUG - Done with 2- [line 953009]
2025-11-07 19:33:10,546 - DEBUG - Assigning indexes to genes
2025-11-07 19:33:10,551 - DEBUG - Seen 26981 genes until now
2025-11-07 19:33:10,551 - DEBUG - Parsing Chromosome 2 strand + [line 953010]
2025-11-07 19:33:10,729 - DEBUG - Done with 2+ [line 1027336]
2025-11-07 19:33:10,729 - DEBUG - Assigning indexes to genes
2025-11-07 19:33:10,735 - DEBUG - Seen 28946 genes until now
2025-11-07 19:33:10,735 - DEBUG - Parsing Chromosome 3 strand - [line 1027337]
2025-11-07 19:33:10,833 - DEBUG - Done with 3- [line 1069026]
2025-11-07 19:33:10,833 - DEBUG - Assigning indexes to genes
2025-11-07 19:33:10,837 - DEBUG - Seen 30404 genes until now
2025-11-07 19:33:10,837 - DEBUG - Parsing Chromosome 3 strand + [line 1069027]
2025-11-07 19:33:11,278 - DEBUG - Done with 3+ [line 1115102]
2025-11-07 19:33:11,278 - DEBUG - Assigning indexes to genes
2025-11-07 19:33:11,282 - DEBUG - Seen 31831 genes until now
2025-11-07 19:33:11,282 - DEBUG - Parsing Chromosome 4 strand - [line 1115103]
2025-11-07 19:33:11,409 - DEBUG - Done with 4- [line 1169156]
2025-11-07 19:33:11,409 - DEBUG - Assigning indexes to genes
2025-11-07 19:33:11,413 - DEBUG - Seen 33222 genes until now
2025-11-07 19:33:11,413 - DEBUG - Parsing Chromosome 4 strand + [line 1169157]
2025-11-07 19:33:11,536 - DEBUG - Done with 4+ [line 1221291]
2025-11-07 19:33:11,536 - DEBUG - Assigning indexes to genes
2025-11-07 19:33:11,540 - DEBUG - Seen 34690 genes until now
2025-11-07 19:33:11,540 - DEBUG - Parsing Chromosome 5 strand - [line 1221292]
2025-11-07 19:33:11,685 - DEBUG - Done with 5- [line 1282135]
2025-11-07 19:33:11,685 - DEBUG - Assigning indexes to genes
2025-11-07 19:33:11,690 - DEBUG - Seen 36281 genes until now
2025-11-07 19:33:11,690 - DEBUG - Parsing Chromosome 5 strand + [line 1282136]
2025-11-07 19:33:11,836 - DEBUG - Done with 5+ [line 1344076]
2025-11-07 19:33:11,836 - DEBUG - Assigning indexes to genes
2025-11-07 19:33:11,841 - DEBUG - Seen 37942 genes until now
2025-11-07 19:33:11,841 - DEBUG - Parsing Chromosome 6 strand - [line 1344077]
2025-11-07 19:33:11,954 - DEBUG - Done with 6- [line 1392155]
2025-11-07 19:33:11,954 - DEBUG - Assigning indexes to genes
2025-11-07 19:33:11,958 - DEBUG - Seen 39466 genes until now
2025-11-07 19:33:11,958 - DEBUG - Parsing Chromosome 6 strand + [line 1392156]
2025-11-07 19:33:12,466 - DEBUG - Done with 6+ [line 1442945]
2025-11-07 19:33:12,466 - DEBUG - Assigning indexes to genes
2025-11-07 19:33:12,471 - DEBUG - Seen 41071 genes until now
2025-11-07 19:33:12,471 - DEBUG - Parsing Chromosome 7 strand - [line 1442946]
2025-11-07 19:33:12,653 - DEBUG - Done with 7- [line 1521802]
2025-11-07 19:33:12,653 - DEBUG - Assigning indexes to genes
2025-11-07 19:33:12,661 - DEBUG - Seen 43608 genes until now
2025-11-07 19:33:12,661 - DEBUG - Parsing Chromosome 7 strand + [line 1521803]
2025-11-07 19:33:12,836 - DEBUG - Done with 7+ [line 1597237]
2025-11-07 19:33:12,836 - DEBUG - Assigning indexes to genes
2025-11-07 19:33:12,845 - DEBUG - Seen 45790 genes until now
2025-11-07 19:33:12,845 - DEBUG - Parsing Chromosome 8 strand - [line 1597238]
2025-11-07 19:33:12,945 - DEBUG - Done with 8- [line 1635144]
2025-11-07 19:33:12,945 - DEBUG - Assigning indexes to genes
2025-11-07 19:33:12,948 - DEBUG - Seen 47022 genes until now
2025-11-07 19:33:12,948 - DEBUG - Parsing Chromosome 8 strand + [line 1635145]
2025-11-07 19:33:13,063 - DEBUG - Done with 8+ [line 1684308]
2025-11-07 19:33:13,063 - DEBUG - Assigning indexes to genes
2025-11-07 19:33:13,066 - DEBUG - Seen 48326 genes until now
2025-11-07 19:33:13,066 - DEBUG - Parsing Chromosome 9 strand - [line 1684309]
2025-11-07 19:33:13,194 - DEBUG - Done with 9- [line 1738082]
2025-11-07 19:33:13,194 - DEBUG - Assigning indexes to genes
2025-11-07 19:33:13,199 - DEBUG - Seen 49688 genes until now
2025-11-07 19:33:13,199 - DEBUG - Parsing Chromosome 9 strand + [line 1738083]
2025-11-07 19:33:13,329 - DEBUG - Done with 9+ [line 1794072]
2025-11-07 19:33:13,329 - DEBUG - Assigning indexes to genes
2025-11-07 19:33:13,333 - DEBUG - Seen 51169 genes until now
2025-11-07 19:33:13,333 - DEBUG - Parsing Chromosome M strand - [line 1794073]
2025-11-07 19:33:13,333 - DEBUG - Done with M- [line 1794103]
2025-11-07 19:33:13,333 - DEBUG - Assigning indexes to genes
2025-11-07 19:33:13,333 - DEBUG - Seen 51178 genes until now
2025-11-07 19:33:13,334 - DEBUG - Parsing Chromosome M strand + [line 1794104]
2025-11-07 19:33:13,334 - DEBUG - Done with M+ [line 1794225]
2025-11-07 19:33:13,334 - DEBUG - Assigning indexes to genes
2025-11-07 19:33:13,334 - DEBUG - Seen 51206 genes until now
2025-11-07 19:33:13,334 - DEBUG - Parsing Chromosome X strand - [line 1794226]
2025-11-07 19:33:13,405 - DEBUG - Done with X- [line 1824523]
2025-11-07 19:33:13,405 - DEBUG - Assigning indexes to genes
2025-11-07 19:33:13,407 - DEBUG - Seen 52478 genes until now
2025-11-07 19:33:13,407 - DEBUG - Parsing Chromosome X strand + [line 1824524]
2025-11-07 19:33:13,946 - DEBUG - Done with X+ [line 1858357]
2025-11-07 19:33:13,946 - DEBUG - Assigning indexes to genes
2025-11-07 19:33:13,948 - DEBUG - Seen 53832 genes until now
2025-11-07 19:33:13,948 - DEBUG - Parsing Chromosome Y strand - [line 1858358]
2025-11-07 19:33:13,967 - DEBUG - Done with Y- [line 1865468]
2025-11-07 19:33:13,967 - DEBUG - Assigning indexes to genes
2025-11-07 19:33:13,968 - DEBUG - Seen 54711 genes until now
2025-11-07 19:33:13,968 - DEBUG - Parsing Chromosome Y strand + [line 1865469]
2025-11-07 19:33:13,985 - DEBUG - Assigning indexes to genes
2025-11-07 19:33:13,986 - DEBUG - Done with Y+ [line 1872050]
2025-11-07 19:33:13,987 - DEBUG - Fixing corner cases of transcript models containg intron longer than 1000Kbp
2025-11-07 19:33:14,566 - DEBUG - Generated 1544182 features corresponding to 142604 transcript models from /storage/scratch01/groups/ci/Trem1_GEICAM/Sarai/Annonation_Files/gencode.vM25.annotation.gtf
2025-11-07 19:33:14,580 - INFO - Load the repeat masking annotation from /storage/scratch01/groups/ci/Trem1_GEICAM/Sarai/Annonation_Files/rmsk_velocyto.txt
2025-11-07 19:33:14,580 - DEBUG - Reading /storage/scratch01/groups/ci/Trem1_GEICAM/Sarai/Annonation_Files/rmsk_velocyto.txt, the file will be sorted in memory
2025-11-07 19:33:29,347 - DEBUG - Processed masked annotation .gtf and generated 4369219 intervals to mask!
2025-11-07 19:33:29,484 - INFO - Scan /storage/scratch01/groups/ci/Trem1_GEICAM/Sarai/Single.Cell.Tet2/outs/out.smR065.9/outs/per_sample_outs/smpR065_DsRedP-KO2/count/sample_alignments.bam to validate intron intervals
2025-11-07 19:33:30,197 - DEBUG - Reading /storage/scratch01/groups/ci/Trem1_GEICAM/Sarai/Single.Cell.Tet2/outs/out.smR065.9/outs/per_sample_outs/smpR065_DsRedP-KO2/count/sample_alignments.bam
2025-11-07 19:33:30,203 - DEBUG - Read first 0 million reads
2025-11-07 19:33:30,203 - DEBUG - Marking up chromosome 1
2025-11-07 19:34:28,613 - DEBUG - Read first 10 million reads
2025-11-07 19:35:27,774 - DEBUG - Read first 20 million reads
2025-11-07 19:35:44,422 - DEBUG - Marking up chromosome 10
2025-11-07 19:36:26,375 - DEBUG - Read first 30 million reads
2025-11-07 19:37:34,344 - DEBUG - Read first 40 million reads
2025-11-07 19:37:41,615 - DEBUG - Marking up chromosome 11
2025-11-07 19:38:34,195 - DEBUG - Read first 50 million reads
2025-11-07 19:39:33,309 - DEBUG - Read first 60 million reads
2025-11-07 19:40:30,380 - DEBUG - Read first 70 million reads
2025-11-07 19:40:38,305 - DEBUG - Marking up chromosome 12
2025-11-07 19:41:27,578 - DEBUG - Read first 80 million reads
2025-11-07 19:41:51,192 - DEBUG - Marking up chromosome 13
2025-11-07 19:42:24,653 - DEBUG - Read first 90 million reads
2025-11-07 19:42:52,703 - DEBUG - Marking up chromosome 14
2025-11-07 19:43:23,276 - DEBUG - Read first 100 million reads
2025-11-07 19:43:56,812 - DEBUG - Marking up chromosome 15
2025-11-07 19:44:20,518 - DEBUG - Read first 110 million reads
2025-11-07 19:45:15,338 - DEBUG - Marking up chromosome 16
2025-11-07 19:45:19,352 - DEBUG - Read first 120 million reads
2025-11-07 19:46:07,718 - DEBUG - Marking up chromosome 17
2025-11-07 19:46:19,381 - DEBUG - Read first 130 million reads
2025-11-07 19:47:20,793 - DEBUG - Read first 140 million reads
2025-11-07 19:48:17,589 - DEBUG - Read first 150 million reads
2025-11-07 19:48:34,734 - DEBUG - Marking up chromosome 18
2025-11-07 19:49:07,241 - DEBUG - Read first 160 million reads
2025-11-07 19:49:51,234 - DEBUG - Marking up chromosome 19
2025-11-07 19:50:00,550 - DEBUG - Read first 170 million reads
2025-11-07 19:50:56,936 - DEBUG - Read first 180 million reads
2025-11-07 19:51:17,462 - DEBUG - Marking up chromosome 2
2025-11-07 19:51:54,817 - DEBUG - Read first 190 million reads
2025-11-07 19:52:54,789 - DEBUG - Read first 200 million reads
2025-11-07 19:53:53,638 - DEBUG - Read first 210 million reads
2025-11-07 19:54:09,992 - DEBUG - Marking up chromosome 3
2025-11-07 19:54:53,496 - DEBUG - Read first 220 million reads
2025-11-07 19:55:46,570 - DEBUG - Marking up chromosome 4
2025-11-07 19:55:51,387 - DEBUG - Read first 230 million reads
2025-11-07 19:56:48,365 - DEBUG - Read first 240 million reads
2025-11-07 19:57:46,300 - DEBUG - Read first 250 million reads
2025-11-07 19:57:58,697 - DEBUG - Marking up chromosome 5
2025-11-07 19:58:43,924 - DEBUG - Read first 260 million reads
2025-11-07 19:59:42,087 - DEBUG - Read first 270 million reads
2025-11-07 19:59:49,410 - DEBUG - Marking up chromosome 6
2025-11-07 20:00:38,181 - DEBUG - Read first 280 million reads
2025-11-07 20:01:18,031 - DEBUG - Marking up chromosome 7
2025-11-07 20:01:34,790 - DEBUG - Read first 290 million reads
2025-11-07 20:02:31,333 - DEBUG - Read first 300 million reads
2025-11-07 20:03:31,446 - DEBUG - Read first 310 million reads
2025-11-07 20:04:31,162 - DEBUG - Read first 320 million reads
2025-11-07 20:04:54,332 - DEBUG - Marking up chromosome 8
2025-11-07 20:05:29,484 - DEBUG - Read first 330 million reads
2025-11-07 20:06:30,262 - DEBUG - Read first 340 million reads
2025-11-07 20:06:46,419 - DEBUG - Marking up chromosome 9
2025-11-07 20:07:33,002 - DEBUG - Read first 350 million reads
2025-11-07 20:08:15,046 - DEBUG - Marking up chromosome MT
2025-11-07 20:08:15,047 - WARNING - The .bam file refers to a chromosome 'MT+' not present in the annotation (.gtf) file
2025-11-07 20:08:15,047 - WARNING - The .bam file refers to a chromosome 'MT-' not present in the annotation (.gtf) file
2025-11-07 20:08:16,700 - DEBUG - Marking up chromosome X
2025-11-07 20:08:32,702 - DEBUG - Read first 360 million reads
2025-11-07 20:09:16,669 - DEBUG - Marking up chromosome Y
2025-11-07 20:09:16,683 - DEBUG - Marking up chromosome GL456233.2
2025-11-07 20:09:16,683 - WARNING - The .bam file refers to a chromosome 'GL456233.2+' not present in the annotation (.gtf) file
2025-11-07 20:09:16,683 - WARNING - The .bam file refers to a chromosome 'GL456233.2-' not present in the annotation (.gtf) file
2025-11-07 20:09:16,723 - DEBUG - Marking up chromosome JH584304.1
2025-11-07 20:09:16,723 - WARNING - The .bam file refers to a chromosome 'JH584304.1+' not present in the annotation (.gtf) file
2025-11-07 20:09:16,723 - WARNING - The .bam file refers to a chromosome 'JH584304.1-' not present in the annotation (.gtf) file
2025-11-07 20:09:16,731 - DEBUG - Marking up chromosome GL456378.1
2025-11-07 20:09:16,731 - WARNING - The .bam file refers to a chromosome 'GL456378.1+' not present in the annotation (.gtf) file
2025-11-07 20:09:16,731 - WARNING - The .bam file refers to a chromosome 'GL456378.1-' not present in the annotation (.gtf) file
2025-11-07 20:09:16,732 - DEBUG - Marking up chromosome MU069434.1
2025-11-07 20:09:16,732 - WARNING - The .bam file refers to a chromosome 'MU069434.1+' not present in the annotation (.gtf) file
2025-11-07 20:09:16,732 - WARNING - The .bam file refers to a chromosome 'MU069434.1-' not present in the annotation (.gtf) file
2025-11-07 20:09:23,159 - DEBUG - Read first 370 million reads
2025-11-07 20:09:23,783 - DEBUG - End of file. Reset index: start scanning from initial position.
2025-11-07 20:09:23,783 - DEBUG - 11224352 reads were skipped because no apropiate cell or umi barcode was found
2025-11-07 20:09:23,783 - DEBUG - Start molecule counting!
2025-11-07 20:09:24,802 - DEBUG - Features available for chromosomes : ['1-', '1+', '10-', '10+', '11-', '11+', '12-', '12+', '13-', '13+', '14-', '14+', '15-', '15+', '16-', '16+', '17-', '17+', '18-', '18+', '19-', '19+', '2-', '2+', '3-', '3+', '4-', '4+', '5-', '5+', '6-', '6+', '7-', '7+', '8-', '8+', '9-', '9+', 'M-', 'M+', 'X-', 'X+', 'Y-', 'Y+']
2025-11-07 20:09:24,802 - DEBUG - Mask available for chromosomes : ['1-', '1+', '10-', '10+', '10_GL456015_alt-', '10_GL456015_alt+', '10_KQ030491_fix-', '10_KQ030491_fix+', '10_KZ289071_fix-', '10_KZ289071_fix+', '10_KZ289072_fix-', '10_KZ289072_fix+', '11-', '11+', '11_GL455998_alt-', '11_GL455998_alt+', '11_GL456016_alt-', '11_GL456016_alt+', '11_GL456060_alt-', '11_GL456060_alt+', '11_JH584265_alt-', '11_JH584265_alt+', '11_JH584316_alt-', '11_JH584316_alt+', '11_JH584317_alt-', '11_JH584317_alt+', '11_JH584327_alt-', '11_JH584327_alt+', '11_KB469739_fix-', '11_KB469739_fix+', '11_KZ289073_alt-', '11_KZ289073_alt+', '11_KZ289074_alt-', '11_KZ289074_alt+', '11_KZ289075_alt-', '11_KZ289075_alt+', '11_KZ289076_fix-', '11_KZ289076_fix+', '11_KZ289077_alt-', '11_KZ289077_alt+', '11_KZ289078_alt-', '11_KZ289078_alt+', '11_KZ289079_alt-', '11_KZ289079_alt+', '11_KZ289080_alt-', '11_KZ289080_alt+', '11_KZ289081_alt-', '11_KZ289081_alt+', '12-', '12+', '12_GL456017_alt-', '12_GL456017_alt+', '12_GL456068_alt-', '12_GL456068_alt+', '12_GL456074_alt-', '12_GL456074_alt+', '12_GL456078_alt-', '12_GL456078_alt+', '12_GL456349_alt-', '12_GL456349_alt+', '12_KB469740_fix-', '12_KB469740_fix+', '12_KZ289082_fix-', '12_KZ289082_fix+', '13-', '13+', '13_GL455990_alt-', '13_GL455990_alt+', '13_GL455999_alt-', '13_GL455999_alt+', '13_JH584305_alt-', '13_JH584305_alt+', '14-', '14+', '14_GL456019_alt-', '14_GL456019_alt+', '14_GL456020_alt-', '14_GL456020_alt+', '14_KZ289083_fix-', '14_KZ289083_fix+', '14_KZ289084_fix-', '14_KZ289084_fix+', '15-', '15+', '15_GL456000_alt-', '15_GL456000_alt+', '15_JH584270_alt-', '15_JH584270_alt+', '15_KQ030492_fix-', '15_KQ030492_fix+', '15_KQ030493_fix-', '15_KQ030493_fix+', '15_KV575241_fix-', '15_KV575241_fix+', '15_KZ289085_fix-', '15_KZ289085_fix+', '15_KZ289086_fix-', '15_KZ289086_fix+', '16-', '16+', '16_GL456001_alt-', '16_GL456001_alt+', '16_GL456028_alt-', '16_GL456028_alt+', '16_JH584306_alt-', '16_JH584306_alt+', '16_JH584307_alt-', '16_JH584307_alt+', '16_JH584310_alt-', '16_JH584310_alt+', '16_JH584311_alt-', '16_JH584311_alt+', '16_JH584312_alt-', '16_JH584312_alt+', '16_JH584313_alt-', '16_JH584313_alt+', '16_JH584314_alt-', '16_JH584314_alt+', '16_KB469741_fix-', '16_KB469741_fix+', '17-', '17+', '17_GL456002_alt-', '17_GL456002_alt+', '17_GL456021_alt-', '17_GL456021_alt+', '17_GL456022_alt-', '17_GL456022_alt+', '17_GL456069_alt-', '17_GL456069_alt+', '17_JH584266_alt-', '17_JH584266_alt+', '17_JH584267_alt-', '17_JH584267_alt+', '17_JH584308_alt-', '17_JH584308_alt+', '17_JH584309_alt-', '17_JH584309_alt+', '17_JH584328_alt-', '17_JH584328_alt+', '17_JH590470_alt-', '17_JH590470_alt+', '17_KB469742_fix-', '17_KB469742_fix+', '17_KZ289087_fix-', '17_KZ289087_fix+', '17_KZ289088_fix-', '17_KZ289088_fix+', '17_KZ289089_fix-', '17_KZ289089_fix+', '18-', '18+', '18_GL456070_alt-', '18_GL456070_alt+', '18_JH584318_alt-', '18_JH584318_alt+', '18_JH792829_fix-', '18_JH792829_fix+', '18_KZ289090_fix-', '18_KZ289090_fix+', '18_KZ289091_fix-', '18_KZ289091_fix+', '19-', '19+', '19_GL456079_alt-', '19_GL456079_alt+', '19_JH584319_alt-', '19_JH584319_alt+', '19_JH792830_fix-', '19_JH792830_fix+', '19_KQ030494_fix-', '19_KQ030494_fix+', '19_KV575242_fix-', '19_KV575242_fix+', '1_GL455991_alt-', '1_GL455991_alt+', '1_GL455992_alt-', '1_GL455992_alt+', '1_GL455993_alt-', '1_GL455993_alt+', '1_GL456005_alt-', '1_GL456005_alt+', '1_GL456210_random-', '1_GL456210_random+', '1_GL456211_random-', '1_GL456211_random+', '1_GL456212_random-', '1_GL456212_random+', '1_GL456213_random-', '1_GL456213_random+', '1_GL456221_random-', '1_GL456221_random+', '1_JH584315_alt-', '1_JH584315_alt+', '1_JH584320_alt-', '1_JH584320_alt+', '1_JH584321_alt-', '1_JH584321_alt+', '1_JH584322_alt-', '1_JH584322_alt+', '1_KK082441_alt-', '1_KK082441_alt+', '1_KV575232_fix-', '1_KV575232_fix+', '1_KV575233_fix-', '1_KV575233_fix+', '1_KV575234_fix-', '1_KV575234_fix+', '2-', '2+', '2_GL456024_alt-', '2_GL456024_alt+', '2_KV575235_fix-', '2_KV575235_fix+', '2_KV575236_fix-', '2_KV575236_fix+', '3-', '3+', '3_GL456006_alt-', '3_GL456006_alt+', '3_GL456007_alt-', '3_GL456007_alt+', '3_GL456008_alt-', '3_GL456008_alt+', '3_GL456042_alt-', '3_GL456042_alt+', '3_GL456044_alt-', '3_GL456044_alt+', '3_GL456045_alt-', '3_GL456045_alt+', '3_GL456048_alt-', '3_GL456048_alt+', '3_GL456049_alt-', '3_GL456049_alt+', '3_JH584323_alt-', '3_JH584323_alt+', '3_KQ030484_fix-', '3_KQ030484_fix+', '3_KZ289064_fix-', '3_KZ289064_fix+', '3_KZ289065_fix-', '3_KZ289065_fix+', '3_KZ289066_fix-', '3_KZ289066_fix+', '4-', '4+', '4_GL455994_alt-', '4_GL455994_alt+', '4_GL456009_alt-', '4_GL456009_alt+', '4_GL456010_alt-', '4_GL456010_alt+', '4_GL456053_alt-', '4_GL456053_alt+', '4_GL456064_alt-', '4_GL456064_alt+', '4_GL456075_alt-', '4_GL456075_alt+', '4_GL456076_alt-', '4_GL456076_alt+', '4_GL456077_alt-', '4_GL456077_alt+', '4_GL456216_random-', '4_GL456216_random+', '4_GL456350_random-', '4_GL456350_random+', '4_JH584268_alt-', '4_JH584268_alt+', '4_JH584269_alt-', '4_JH584269_alt+', '4_JH584292_random-', '4_JH584292_random+', '4_JH584293_random-', '4_JH584293_random+', '4_JH584294_random-', '4_JH584294_random+', '4_JH584295_random+', '4_JH584324_alt-', '4_JH584324_alt+', '4_JH584325_alt-', '4_JH584325_alt+', '4_JH584326_alt-', '4_JH584326_alt+', '4_JH792826_fix-', '4_JH792826_fix+', '4_KQ030485_fix-', '4_KQ030485_fix+', '4_KQ030486_fix-', '4_KQ030486_fix+', '4_KQ030487_fix-', '4_KQ030487_fix+', '4_KQ030488_fix-', '4_KQ030488_fix+', '4_KQ030489_fix-', '4_KQ030489_fix+', '4_KZ289067_fix-', '4_KZ289067_fix+', '4_KZ289068_fix-', '4_KZ289068_fix+', '4_KZ289069_fix-', '4_KZ289069_fix+', '4_KZ289070_fix-', '4_KZ289070_fix+', '5-', '5+', '5_GL455995_alt-', '5_GL455995_alt+', '5_GL456011_alt-', '5_GL456011_alt+', '5_GL456354_random-', '5_GL456354_random+', '5_JH584296_random-', '5_JH584296_random+', '5_JH584297_random-', '5_JH584297_random+', '5_JH584298_random-', '5_JH584298_random+', '5_JH584299_random-', '5_JH584299_random+', '5_JH792827_fix-', '5_JH792827_fix+', '5_KV575237_fix-', '5_KV575237_fix+', '6-', '6+', '6_GL456012_alt-', '6_GL456012_alt+', '6_GL456025_alt-', '6_GL456025_alt+', '6_GL456026_alt-', '6_GL456026_alt+', '6_GL456054_alt-', '6_GL456054_alt+', '6_GL456065_alt-', '6_GL456065_alt+', '6_JH584264_alt-', '6_JH584264_alt+', '6_KK082442_fix-', '6_KK082442_fix+', '6_KK082443_fix-', '6_KK082443_fix+', '7-', '7+', '7_GL455989_alt-', '7_GL455989_alt+', '7_GL456013_alt-', '7_GL456013_alt+', '7_GL456014_alt-', '7_GL456014_alt+', '7_GL456219_random-', '7_GL456219_random+', '7_JH792828_fix-', '7_JH792828_fix+', '7_KV575238_fix-', '7_KV575238_fix+', '7_KV575239_fix-', '7_KV575239_fix+', '8-', '8+', '8_GL455996_alt-', '8_GL455996_alt+', '8_GL455997_alt-', '8_GL455997_alt+', '8_KV575240_fix-', '8_KV575240_fix+', '9-', '9+', '9_KB469738_fix-', '9_KB469738_fix+', '9_KQ030490_fix-', '9_KQ030490_fix+', 'M-', 'M+', 'Un_GL456239-', 'Un_GL456239+', 'Un_GL456359-', 'Un_GL456359+', 'Un_GL456360-', 'Un_GL456360+', 'Un_GL456366-', 'Un_GL456366+', 'Un_GL456367-', 'Un_GL456367+', 'Un_GL456368-', 'Un_GL456368+', 'Un_GL456370+', 'Un_GL456372-', 'Un_GL456372+', 'Un_GL456378-', 'Un_GL456378+', 'Un_GL456379-', 'Un_GL456379+', 'Un_GL456381-', 'Un_GL456381+', 'Un_GL456382-', 'Un_GL456382+', 'Un_GL456383-', 'Un_GL456383+', 'Un_GL456385-', 'Un_GL456385+', 'Un_GL456387-', 'Un_GL456387+', 'Un_GL456389-', 'Un_GL456389+', 'Un_GL456390-', 'Un_GL456390+', 'Un_GL456392-', 'Un_GL456392+', 'Un_GL456393-', 'Un_GL456393+', 'Un_GL456394-', 'Un_GL456394+', 'Un_GL456396-', 'Un_GL456396+', 'Un_JH584304-', 'Un_JH584304+', 'X-', 'X+', 'X_GL456003_alt-', 'X_GL456003_alt+', 'X_GL456004_alt-', 'X_GL456004_alt+', 'X_GL456031_alt-', 'X_GL456031_alt+', 'X_GL456032_alt-', 'X_GL456032_alt+', 'X_GL456033_alt-', 'X_GL456033_alt+', 'X_GL456233_random-', 'X_GL456233_random+', 'X_JH792831_fix-', 'X_JH792831_fix+', 'X_KQ030495_fix-', 'X_KQ030495_fix+', 'X_KQ030496_fix-', 'X_KQ030496_fix+', 'X_KQ030497_fix-', 'X_KQ030497_fix+', 'X_KZ289092_fix-', 'X_KZ289092_fix+', 'X_KZ289093_fix-', 'X_KZ289093_fix+', 'X_KZ289094_fix-', 'X_KZ289094_fix+', 'X_KZ289095_fix-', 'X_KZ289095_fix+', 'Y-', 'Y+', 'Y_GL456071_alt-', 'Y_GL456071_alt+', 'Y_GL456072_alt-', 'Y_GL456072_alt+', 'Y_GL456073_alt-', 'Y_GL456073_alt+', 'Y_GL456080_alt-', 'Y_GL456080_alt+', 'Y_GL456081_alt-', 'Y_GL456081_alt+', 'Y_GL456082_alt-', 'Y_GL456082_alt+', 'Y_JH584300_random-', 'Y_JH584300_random+', 'Y_JH584301_random-', 'Y_JH584301_random+', 'Y_JH584302_random-', 'Y_JH584302_random+', 'Y_JH584303_random-', 'Y_JH584303_random+', 'Y_JH792832_fix-', 'Y_JH792832_fix+', 'Y_JH792833_fix-', 'Y_JH792833_fix+', 'Y_JH792834_fix-', 'Y_JH792834_fix+', 'na_GL456050_alt-']
2025-11-07 20:09:24,802 - DEBUG - Summarizing the results of intron validation.
2025-11-07 20:09:24,873 - DEBUG - Validated 1063 introns (of which unique intervals 420) out of 700789 total possible introns (considering each possible transcript models).
2025-11-07 20:09:24,873 - DEBUG - Reading /storage/scratch01/groups/ci/Trem1_GEICAM/Sarai/Single.Cell.Tet2/outs/out.smR065.9/outs/per_sample_outs/smpR065_DsRedP-KO2/count/cellsorted_sample_alignments.bam
2025-11-07 20:09:24,939 - DEBUG - Read first 0 million reads
2025-11-07 20:09:41,602 - DEBUG - Counting for batch 1, containing 100 cells and 1892199 reads
2025-11-07 20:09:51,066 - DEBUG - 241415 reads not considered because fully enclosed in repeat masked regions
2025-11-07 20:10:07,438 - DEBUG - Counting for batch 2, containing 100 cells and 1942715 reads
2025-11-07 20:10:19,010 - DEBUG - 246903 reads not considered because fully enclosed in repeat masked regions
2025-11-07 20:10:37,710 - DEBUG - Counting for batch 3, containing 100 cells and 2298736 reads
2025-11-07 20:10:50,919 - DEBUG - 294838 reads not considered because fully enclosed in repeat masked regions
2025-11-07 20:11:09,509 - DEBUG - Counting for batch 4, containing 100 cells and 2289632 reads
2025-11-07 20:11:21,168 - DEBUG - 292054 reads not considered because fully enclosed in repeat masked regions
2025-11-07 20:11:26,768 - DEBUG - Read first 10 million reads
2025-11-07 20:11:36,567 - DEBUG - Counting for batch 5, containing 100 cells and 2133517 reads
2025-11-07 20:11:47,385 - DEBUG - 270014 reads not considered because fully enclosed in repeat masked regions
2025-11-07 20:12:01,298 - DEBUG - Counting for batch 6, containing 100 cells and 1914605 reads
2025-11-07 20:12:11,310 - DEBUG - 243735 reads not considered because fully enclosed in repeat masked regions
2025-11-07 20:12:22,870 - DEBUG - Counting for batch 7, containing 100 cells and 1785018 reads
2025-11-07 20:12:32,441 - DEBUG - 224692 reads not considered because fully enclosed in repeat masked regions
2025-11-07 20:12:43,411 - DEBUG - Counting for batch 8, containing 100 cells and 1716259 reads
2025-11-07 20:12:52,440 - DEBUG - 214958 reads not considered because fully enclosed in repeat masked regions
2025-11-07 20:13:06,142 - DEBUG - Read first 20 million reads
2025-11-07 20:13:07,118 - DEBUG - Counting for batch 9, containing 100 cells and 2195336 reads
2025-11-07 20:13:18,011 - DEBUG - 282409 reads not considered because fully enclosed in repeat masked regions
2025-11-07 20:13:31,196 - DEBUG - Counting for batch 10, containing 100 cells and 1821957 reads
2025-11-07 20:13:40,805 - DEBUG - 228498 reads not considered because fully enclosed in repeat masked regions
2025-11-07 20:13:52,551 - DEBUG - Counting for batch 11, containing 100 cells and 1851260 reads
2025-11-07 20:14:02,242 - DEBUG - 233037 reads not considered because fully enclosed in repeat masked regions
2025-11-07 20:14:18,521 - DEBUG - Counting for batch 12, containing 100 cells and 2461194 reads
2025-11-07 20:14:30,382 - DEBUG - 320095 reads not considered because fully enclosed in repeat masked regions
2025-11-07 20:14:46,042 - DEBUG - Counting for batch 13, containing 100 cells and 2245112 reads
2025-11-07 20:14:57,146 - DEBUG - 286796 reads not considered because fully enclosed in repeat masked regions
2025-11-07 20:15:00,248 - DEBUG - Read first 30 million reads
2025-11-07 20:15:14,001 - DEBUG - Counting for batch 14, containing 100 cells and 2470071 reads
2025-11-07 20:15:25,902 - DEBUG - 316649 reads not considered because fully enclosed in repeat masked regions
2025-11-07 20:15:38,755 - DEBUG - Counting for batch 15, containing 100 cells and 2017234 reads
2025-11-07 20:15:48,904 - DEBUG - 252009 reads not considered because fully enclosed in repeat masked regions
2025-11-07 20:16:02,899 - DEBUG - Counting for batch 16, containing 100 cells and 2037822 reads
2025-11-07 20:16:13,148 - DEBUG - 259840 reads not considered because fully enclosed in repeat masked regions
2025-11-07 20:16:25,876 - DEBUG - Counting for batch 17, containing 100 cells and 1744296 reads
2025-11-07 20:16:35,199 - DEBUG - 222336 reads not considered because fully enclosed in repeat masked regions
2025-11-07 20:16:41,075 - DEBUG - Read first 40 million reads
2025-11-07 20:16:46,304 - DEBUG - Counting for batch 18, containing 100 cells and 1736466 reads
2025-11-07 20:16:55,457 - DEBUG - 220083 reads not considered because fully enclosed in repeat masked regions
2025-11-07 20:17:08,575 - DEBUG - Counting for batch 19, containing 100 cells and 2151823 reads
2025-11-07 20:17:19,202 - DEBUG - 274462 reads not considered because fully enclosed in repeat masked regions
2025-11-07 20:17:32,246 - DEBUG - Counting for batch 20, containing 100 cells and 1740100 reads
2025-11-07 20:17:41,679 - DEBUG - 221553 reads not considered because fully enclosed in repeat masked regions
2025-11-07 20:17:52,435 - DEBUG - Counting for batch 21, containing 100 cells and 1665529 reads
2025-11-07 20:18:01,306 - DEBUG - 206684 reads not considered because fully enclosed in repeat masked regions
2025-11-07 20:18:14,008 - DEBUG - Counting for batch 22, containing 100 cells and 2095469 reads
2025-11-07 20:18:24,446 - DEBUG - 263445 reads not considered because fully enclosed in repeat masked regions
2025-11-07 20:18:28,353 - DEBUG - Read first 50 million reads
2025-11-07 20:18:37,383 - DEBUG - Counting for batch 23, containing 100 cells and 1781883 reads
2025-11-07 20:18:44,878 - DEBUG - 224490 reads not considered because fully enclosed in repeat masked regions
2025-11-07 20:18:56,873 - DEBUG - Counting for batch 24, containing 100 cells and 1706797 reads
2025-11-07 20:19:05,792 - DEBUG - 215974 reads not considered because fully enclosed in repeat masked regions
2025-11-07 20:19:19,690 - DEBUG - Counting for batch 25, containing 100 cells and 2041138 reads
2025-11-07 20:19:30,189 - DEBUG - 257547 reads not considered because fully enclosed in repeat masked regions
2025-11-07 20:19:47,092 - DEBUG - Counting for batch 26, containing 100 cells and 2521243 reads
2025-11-07 20:19:59,198 - DEBUG - 323970 reads not considered because fully enclosed in repeat masked regions
2025-11-07 20:20:09,423 - DEBUG - Read first 60 million reads
2025-11-07 20:20:11,396 - DEBUG - Counting for batch 27, containing 100 cells and 1881149 reads
2025-11-07 20:20:21,028 - DEBUG - 237482 reads not considered because fully enclosed in repeat masked regions
2025-11-07 20:20:36,478 - DEBUG - Counting for batch 28, containing 100 cells and 2296917 reads
2025-11-07 20:20:47,782 - DEBUG - 291819 reads not considered because fully enclosed in repeat masked regions
2025-11-07 20:21:00,145 - DEBUG - Counting for batch 29, containing 100 cells and 1961130 reads
2025-11-07 20:21:10,126 - DEBUG - 251434 reads not considered because fully enclosed in repeat masked regions
2025-11-07 20:21:23,502 - DEBUG - Counting for batch 30, containing 100 cells and 1886473 reads
2025-11-07 20:21:33,331 - DEBUG - 242052 reads not considered because fully enclosed in repeat masked regions
2025-11-07 20:21:43,964 - DEBUG - Counting for batch 31, containing 100 cells and 1622520 reads
2025-11-07 20:21:50,688 - DEBUG - 204780 reads not considered because fully enclosed in repeat masked regions
2025-11-07 20:21:56,756 - DEBUG - Read first 70 million reads
2025-11-07 20:22:02,630 - DEBUG - Counting for batch 32, containing 100 cells and 1705715 reads
2025-11-07 20:22:11,577 - DEBUG - 218255 reads not considered because fully enclosed in repeat masked regions
2025-11-07 20:22:24,503 - DEBUG - Counting for batch 33, containing 100 cells and 1832355 reads
2025-11-07 20:22:32,595 - DEBUG - 233315 reads not considered because fully enclosed in repeat masked regions
2025-11-07 20:22:48,743 - DEBUG - Counting for batch 34, containing 100 cells and 2179561 reads
2025-11-07 20:22:59,663 - DEBUG - 275858 reads not considered because fully enclosed in repeat masked regions
2025-11-07 20:23:14,778 - DEBUG - Counting for batch 35, containing 100 cells and 2364481 reads
2025-11-07 20:23:26,888 - DEBUG - 301422 reads not considered because fully enclosed in repeat masked regions
2025-11-07 20:23:39,712 - DEBUG - Read first 80 million reads
2025-11-07 20:23:40,104 - DEBUG - Counting for batch 36, containing 100 cells and 1765175 reads
2025-11-07 20:23:49,465 - DEBUG - 222312 reads not considered because fully enclosed in repeat masked regions
2025-11-07 20:24:00,542 - DEBUG - Counting for batch 37, containing 100 cells and 1732459 reads
2025-11-07 20:24:09,705 - DEBUG - 222207 reads not considered because fully enclosed in repeat masked regions
2025-11-07 20:24:22,481 - DEBUG - Counting for batch 38, containing 100 cells and 2114235 reads
2025-11-07 20:24:33,046 - DEBUG - 270619 reads not considered because fully enclosed in repeat masked regions
2025-11-07 20:24:45,927 - DEBUG - Counting for batch 39, containing 100 cells and 1792854 reads
2025-11-07 20:24:55,427 - DEBUG - 225359 reads not considered because fully enclosed in repeat masked regions
2025-11-07 20:25:06,418 - DEBUG - Counting for batch 40, containing 100 cells and 1707208 reads
2025-11-07 20:25:15,480 - DEBUG - 216673 reads not considered because fully enclosed in repeat masked regions
2025-11-07 20:25:25,255 - DEBUG - Read first 90 million reads
2025-11-07 20:25:28,279 - DEBUG - Counting for batch 41, containing 100 cells and 2123811 reads
2025-11-07 20:25:38,773 - DEBUG - 274171 reads not considered because fully enclosed in repeat masked regions
2025-11-07 20:25:51,559 - DEBUG - Counting for batch 42, containing 100 cells and 1815588 reads
2025-11-07 20:26:00,974 - DEBUG - 226315 reads not considered because fully enclosed in repeat masked regions
2025-11-07 20:26:15,989 - DEBUG - Counting for batch 43, containing 100 cells and 2226741 reads
2025-11-07 20:26:27,079 - DEBUG - 278529 reads not considered because fully enclosed in repeat masked regions
2025-11-07 20:26:38,941 - DEBUG - Counting for batch 44, containing 100 cells and 1852552 reads
2025-11-07 20:26:48,391 - DEBUG - 235878 reads not considered because fully enclosed in repeat masked regions
2025-11-07 20:27:01,872 - DEBUG - Counting for batch 45, containing 100 cells and 1941637 reads
2025-11-07 20:27:11,847 - DEBUG - 249278 reads not considered because fully enclosed in repeat masked regions
2025-11-07 20:27:15,137 - DEBUG - Read first 100 million reads
2025-11-07 20:27:23,054 - DEBUG - Counting for batch 46, containing 100 cells and 1749907 reads
2025-11-07 20:27:32,655 - DEBUG - 224185 reads not considered because fully enclosed in repeat masked regions
2025-11-07 20:27:45,097 - DEBUG - Counting for batch 47, containing 100 cells and 1696135 reads
2025-11-07 20:27:52,233 - DEBUG - 214115 reads not considered because fully enclosed in repeat masked regions
2025-11-07 20:28:06,031 - DEBUG - Counting for batch 48, containing 100 cells and 2054692 reads
2025-11-07 20:28:18,669 - DEBUG - 259623 reads not considered because fully enclosed in repeat masked regions
2025-11-07 20:28:37,044 - DEBUG - Counting for batch 49, containing 100 cells and 2061602 reads
2025-11-07 20:28:50,116 - DEBUG - 260224 reads not considered because fully enclosed in repeat masked regions
2025-11-07 20:29:06,290 - DEBUG - Read first 110 million reads
2025-11-07 20:29:06,572 - DEBUG - Counting for batch 50, containing 100 cells and 1810577 reads
2025-11-07 20:29:16,317 - DEBUG - 225565 reads not considered because fully enclosed in repeat masked regions
2025-11-07 20:29:31,844 - DEBUG - Counting for batch 51, containing 100 cells and 1778089 reads
2025-11-07 20:29:43,355 - DEBUG - 230382 reads not considered because fully enclosed in repeat masked regions
2025-11-07 20:30:00,161 - DEBUG - Counting for batch 52, containing 100 cells and 1919264 reads
2025-11-07 20:30:12,490 - DEBUG - 241450 reads not considered because fully enclosed in repeat masked regions
2025-11-07 20:30:28,352 - DEBUG - Counting for batch 53, containing 100 cells and 1995503 reads
2025-11-07 20:30:41,063 - DEBUG - 256842 reads not considered because fully enclosed in repeat masked regions
2025-11-07 20:30:54,925 - DEBUG - Counting for batch 54, containing 100 cells and 1670623 reads
2025-11-07 20:31:05,979 - DEBUG - 215783 reads not considered because fully enclosed in repeat masked regions
2025-11-07 20:31:18,054 - DEBUG - Read first 120 million reads
2025-11-07 20:31:21,953 - DEBUG - Counting for batch 55, containing 100 cells and 1787958 reads
2025-11-07 20:31:33,678 - DEBUG - 228306 reads not considered because fully enclosed in repeat masked regions
2025-11-07 20:31:47,281 - DEBUG - Counting for batch 56, containing 100 cells and 1622842 reads
2025-11-07 20:31:56,102 - DEBUG - 202459 reads not considered because fully enclosed in repeat masked regions
2025-11-07 20:32:11,007 - DEBUG - Counting for batch 57, containing 100 cells and 1673015 reads
2025-11-07 20:32:22,074 - DEBUG - 208235 reads not considered because fully enclosed in repeat masked regions
2025-11-07 20:32:43,066 - DEBUG - Counting for batch 58, containing 100 cells and 2552282 reads
2025-11-07 20:32:58,250 - DEBUG - 319447 reads not considered because fully enclosed in repeat masked regions
2025-11-07 20:33:16,016 - DEBUG - Counting for batch 59, containing 100 cells and 2094286 reads
2025-11-07 20:33:28,118 - DEBUG - 268642 reads not considered because fully enclosed in repeat masked regions
2025-11-07 20:33:32,477 - DEBUG - Read first 130 million reads
2025-11-07 20:33:41,737 - DEBUG - Counting for batch 60, containing 100 cells and 1997339 reads
2025-11-07 20:33:52,208 - DEBUG - 250879 reads not considered because fully enclosed in repeat masked regions
2025-11-07 20:34:05,172 - DEBUG - Counting for batch 61, containing 100 cells and 1813111 reads
2025-11-07 20:34:14,706 - DEBUG - 231615 reads not considered because fully enclosed in repeat masked regions
2025-11-07 20:34:26,280 - DEBUG - Counting for batch 62, containing 100 cells and 1817737 reads
2025-11-07 20:34:35,798 - DEBUG - 227043 reads not considered because fully enclosed in repeat masked regions
2025-11-07 20:34:47,548 - DEBUG - Counting for batch 63, containing 100 cells and 1885860 reads
2025-11-07 20:34:57,208 - DEBUG - 239775 reads not considered because fully enclosed in repeat masked regions
2025-11-07 20:35:09,652 - DEBUG - Counting for batch 64, containing 100 cells and 1718626 reads
2025-11-07 20:35:18,851 - DEBUG - 217361 reads not considered because fully enclosed in repeat masked regions
2025-11-07 20:35:20,830 - DEBUG - Read first 140 million reads
2025-11-07 20:35:29,326 - DEBUG - Counting for batch 65, containing 100 cells and 1590296 reads
2025-11-07 20:35:38,047 - DEBUG - 200726 reads not considered because fully enclosed in repeat masked regions
2025-11-07 20:35:50,545 - DEBUG - Counting for batch 66, containing 100 cells and 2041236 reads
2025-11-07 20:36:01,039 - DEBUG - 253966 reads not considered because fully enclosed in repeat masked regions
2025-11-07 20:36:14,043 - DEBUG - Counting for batch 67, containing 100 cells and 1786130 reads
2025-11-07 20:36:23,505 - DEBUG - 226876 reads not considered because fully enclosed in repeat masked regions
2025-11-07 20:36:34,215 - DEBUG - Counting for batch 68, containing 100 cells and 1632224 reads
2025-11-07 20:36:43,081 - DEBUG - 209852 reads not considered because fully enclosed in repeat masked regions
2025-11-07 20:36:54,268 - DEBUG - Counting for batch 69, containing 100 cells and 1750183 reads
2025-11-07 20:37:03,651 - DEBUG - 226071 reads not considered because fully enclosed in repeat masked regions
2025-11-07 20:37:05,843 - DEBUG - Read first 150 million reads
2025-11-07 20:37:13,959 - DEBUG - Counting for batch 70, containing 100 cells and 1551161 reads
2025-11-07 20:37:20,566 - DEBUG - 197504 reads not considered because fully enclosed in repeat masked regions
2025-11-07 20:37:37,539 - DEBUG - Counting for batch 71, containing 100 cells and 2280149 reads
2025-11-07 20:37:48,842 - DEBUG - 297919 reads not considered because fully enclosed in repeat masked regions
2025-11-07 20:38:01,294 - DEBUG - Counting for batch 72, containing 100 cells and 1966758 reads
2025-11-07 20:38:11,201 - DEBUG - 244762 reads not considered because fully enclosed in repeat masked regions
2025-11-07 20:38:23,876 - DEBUG - Counting for batch 73, containing 100 cells and 1738366 reads
2025-11-07 20:38:31,005 - DEBUG - 217883 reads not considered because fully enclosed in repeat masked regions
2025-11-07 20:38:42,571 - DEBUG - Read first 160 million reads
2025-11-07 20:38:42,804 - DEBUG - Counting for batch 74, containing 100 cells and 1646127 reads
2025-11-07 20:38:51,488 - DEBUG - 206983 reads not considered because fully enclosed in repeat masked regions
2025-11-07 20:39:06,212 - DEBUG - Counting for batch 75, containing 100 cells and 2181509 reads
2025-11-07 20:39:17,127 - DEBUG - 274354 reads not considered because fully enclosed in repeat masked regions
2025-11-07 20:39:29,070 - DEBUG - Counting for batch 76, containing 100 cells and 1882864 reads
2025-11-07 20:39:38,772 - DEBUG - 239014 reads not considered because fully enclosed in repeat masked regions
2025-11-07 20:39:52,886 - DEBUG - Counting for batch 77, containing 100 cells and 2041661 reads
2025-11-07 20:40:03,276 - DEBUG - 257428 reads not considered because fully enclosed in repeat masked regions
2025-11-07 20:40:17,861 - DEBUG - Counting for batch 78, containing 100 cells and 2435372 reads
2025-11-07 20:40:29,577 - DEBUG - 309256 reads not considered because fully enclosed in repeat masked regions
2025-11-07 20:40:33,902 - DEBUG - Read first 170 million reads
2025-11-07 20:40:47,269 - DEBUG - Counting for batch 79, containing 100 cells and 2425120 reads
2025-11-07 20:40:59,152 - DEBUG - 315098 reads not considered because fully enclosed in repeat masked regions
2025-11-07 20:41:13,091 - DEBUG - Counting for batch 80, containing 100 cells and 2258197 reads
2025-11-07 20:41:24,198 - DEBUG - 290111 reads not considered because fully enclosed in repeat masked regions
2025-11-07 20:41:38,800 - DEBUG - Counting for batch 81, containing 100 cells and 2142163 reads
2025-11-07 20:41:49,364 - DEBUG - 271378 reads not considered because fully enclosed in repeat masked regions
2025-11-07 20:42:02,781 - DEBUG - Counting for batch 82, containing 100 cells and 1883879 reads
2025-11-07 20:42:12,610 - DEBUG - 240865 reads not considered because fully enclosed in repeat masked regions
2025-11-07 20:42:16,263 - DEBUG - Read first 180 million reads
2025-11-07 20:42:26,764 - DEBUG - Counting for batch 83, containing 100 cells and 2382082 reads
2025-11-07 20:42:38,717 - DEBUG - 303627 reads not considered because fully enclosed in repeat masked regions
2025-11-07 20:42:53,586 - DEBUG - Counting for batch 84, containing 100 cells and 2221168 reads
2025-11-07 20:43:04,519 - DEBUG - 284519 reads not considered because fully enclosed in repeat masked regions
2025-11-07 20:43:16,969 - DEBUG - Counting for batch 85, containing 100 cells and 1742904 reads
2025-11-07 20:43:26,283 - DEBUG - 219599 reads not considered because fully enclosed in repeat masked regions
2025-11-07 20:43:37,144 - DEBUG - Counting for batch 86, containing 100 cells and 1731841 reads
2025-11-07 20:43:46,079 - DEBUG - 220756 reads not considered because fully enclosed in repeat masked regions
2025-11-07 20:43:56,629 - DEBUG - Read first 190 million reads
2025-11-07 20:43:59,778 - DEBUG - Counting for batch 87, containing 100 cells and 2036818 reads
2025-11-07 20:44:10,032 - DEBUG - 264311 reads not considered because fully enclosed in repeat masked regions
2025-11-07 20:44:22,888 - DEBUG - Counting for batch 88, containing 100 cells and 1781923 reads
2025-11-07 20:44:30,217 - DEBUG - 223631 reads not considered because fully enclosed in repeat masked regions
2025-11-07 20:44:42,628 - DEBUG - Counting for batch 89, containing 100 cells and 1785273 reads
2025-11-07 20:44:51,886 - DEBUG - 217714 reads not considered because fully enclosed in repeat masked regions
2025-11-07 20:45:00,985 - DEBUG - Counting for batch 90, containing 100 cells and 1371299 reads
2025-11-07 20:45:08,548 - DEBUG - 170025 reads not considered because fully enclosed in repeat masked regions
2025-11-07 20:45:21,640 - DEBUG - Counting for batch 91, containing 100 cells and 1900931 reads
2025-11-07 20:45:29,447 - DEBUG - 239256 reads not considered because fully enclosed in repeat masked regions
2025-11-07 20:45:40,294 - DEBUG - Read first 200 million reads
2025-11-07 20:45:41,704 - DEBUG - Counting for batch 92, containing 100 cells and 1767585 reads
2025-11-07 20:45:50,851 - DEBUG - 220793 reads not considered because fully enclosed in repeat masked regions
2025-11-07 20:46:04,413 - DEBUG - Counting for batch 93, containing 100 cells and 1962031 reads
2025-11-07 20:46:14,500 - DEBUG - 251251 reads not considered because fully enclosed in repeat masked regions
2025-11-07 20:46:26,557 - DEBUG - Counting for batch 94, containing 100 cells and 1946155 reads
2025-11-07 20:46:36,409 - DEBUG - 239557 reads not considered because fully enclosed in repeat masked regions
2025-11-07 20:46:49,112 - DEBUG - Counting for batch 95, containing 100 cells and 1749903 reads
2025-11-07 20:46:56,349 - DEBUG - 218792 reads not considered because fully enclosed in repeat masked regions
2025-11-07 20:47:09,052 - DEBUG - Counting for batch 96, containing 100 cells and 1887871 reads
2025-11-07 20:47:18,530 - DEBUG - 245089 reads not considered because fully enclosed in repeat masked regions
2025-11-07 20:47:26,324 - DEBUG - Read first 210 million reads
2025-11-07 20:47:32,302 - DEBUG - Counting for batch 97, containing 100 cells and 1919145 reads
2025-11-07 20:47:42,083 - DEBUG - 245898 reads not considered because fully enclosed in repeat masked regions
2025-11-07 20:47:57,536 - DEBUG - Counting for batch 98, containing 100 cells and 2321866 reads
2025-11-07 20:48:08,992 - DEBUG - 298623 reads not considered because fully enclosed in repeat masked regions
2025-11-07 20:48:21,173 - DEBUG - Counting for batch 99, containing 100 cells and 1913457 reads
2025-11-07 20:48:30,822 - DEBUG - 243207 reads not considered because fully enclosed in repeat masked regions
2025-11-07 20:48:45,050 - DEBUG - Counting for batch 100, containing 100 cells and 2104713 reads
2025-11-07 20:48:55,452 - DEBUG - 267114 reads not considered because fully enclosed in repeat masked regions
2025-11-07 20:49:06,647 - DEBUG - Read first 220 million reads
2025-11-07 20:49:08,563 - DEBUG - Counting for batch 101, containing 100 cells and 1773866 reads
2025-11-07 20:49:15,834 - DEBUG - 221368 reads not considered because fully enclosed in repeat masked regions
2025-11-07 20:49:28,769 - DEBUG - Counting for batch 102, containing 100 cells and 1880083 reads
2025-11-07 20:49:38,462 - DEBUG - 239434 reads not considered because fully enclosed in repeat masked regions
2025-11-07 20:49:51,816 - DEBUG - Counting for batch 103, containing 100 cells and 1890492 reads
2025-11-07 20:50:01,639 - DEBUG - 236021 reads not considered because fully enclosed in repeat masked regions
2025-11-07 20:50:13,165 - DEBUG - Counting for batch 104, containing 100 cells and 1803151 reads
2025-11-07 20:50:22,683 - DEBUG - 230890 reads not considered because fully enclosed in repeat masked regions
2025-11-07 20:50:34,734 - DEBUG - Counting for batch 105, containing 100 cells and 1936740 reads
2025-11-07 20:50:44,588 - DEBUG - 243747 reads not considered because fully enclosed in repeat masked regions
2025-11-07 20:50:53,904 - DEBUG - Read first 230 million reads
2025-11-07 20:50:56,318 - DEBUG - Counting for batch 106, containing 100 cells and 1865591 reads
2025-11-07 20:51:05,808 - DEBUG - 236907 reads not considered because fully enclosed in repeat masked regions
2025-11-07 20:51:18,716 - DEBUG - Counting for batch 107, containing 100 cells and 1804695 reads
2025-11-07 20:51:28,218 - DEBUG - 225360 reads not considered because fully enclosed in repeat masked regions
2025-11-07 20:51:39,397 - DEBUG - Counting for batch 108, containing 100 cells and 1738726 reads
2025-11-07 20:51:48,580 - DEBUG - 221273 reads not considered because fully enclosed in repeat masked regions
2025-11-07 20:51:59,910 - DEBUG - Counting for batch 109, containing 100 cells and 1788678 reads
2025-11-07 20:52:09,301 - DEBUG - 230011 reads not considered because fully enclosed in repeat masked regions
2025-11-07 20:52:20,056 - DEBUG - Counting for batch 110, containing 100 cells and 1689685 reads
2025-11-07 20:52:29,231 - DEBUG - 214525 reads not considered because fully enclosed in repeat masked regions
2025-11-07 20:52:38,487 - DEBUG - Read first 240 million reads
2025-11-07 20:52:40,338 - DEBUG - Counting for batch 111, containing 100 cells and 1755579 reads
2025-11-07 20:52:49,298 - DEBUG - 216501 reads not considered because fully enclosed in repeat masked regions
2025-11-07 20:53:03,152 - DEBUG - Counting for batch 112, containing 100 cells and 2009895 reads
2025-11-07 20:53:13,437 - DEBUG - 254066 reads not considered because fully enclosed in repeat masked regions
2025-11-07 20:53:25,816 - DEBUG - Counting for batch 113, containing 100 cells and 1996886 reads
2025-11-07 20:53:35,827 - DEBUG - 252992 reads not considered because fully enclosed in repeat masked regions
2025-11-07 20:53:49,486 - DEBUG - Counting for batch 114, containing 100 cells and 1945327 reads
2025-11-07 20:53:57,339 - DEBUG - 245791 reads not considered because fully enclosed in repeat masked regions
2025-11-07 20:54:13,418 - DEBUG - Counting for batch 115, containing 100 cells and 2194872 reads
2025-11-07 20:54:24,404 - DEBUG - 280893 reads not considered because fully enclosed in repeat masked regions
2025-11-07 20:54:27,616 - DEBUG - Read first 250 million reads
2025-11-07 20:54:37,185 - DEBUG - Counting for batch 116, containing 100 cells and 2065032 reads
2025-11-07 20:54:47,506 - DEBUG - 266380 reads not considered because fully enclosed in repeat masked regions
2025-11-07 20:55:00,042 - DEBUG - Counting for batch 117, containing 100 cells and 2042964 reads
2025-11-07 20:55:10,019 - DEBUG - 265771 reads not considered because fully enclosed in repeat masked regions
2025-11-07 20:55:23,874 - DEBUG - Counting for batch 118, containing 100 cells and 2068186 reads
2025-11-07 20:55:34,115 - DEBUG - 267101 reads not considered because fully enclosed in repeat masked regions
2025-11-07 20:55:48,840 - DEBUG - Counting for batch 119, containing 100 cells and 2233467 reads
2025-11-07 20:55:59,482 - DEBUG - 286994 reads not considered because fully enclosed in repeat masked regions
2025-11-07 20:56:06,517 - DEBUG - Read first 260 million reads
2025-11-07 20:56:11,180 - DEBUG - Counting for batch 120, containing 100 cells and 1570826 reads
2025-11-07 20:56:19,611 - DEBUG - 195410 reads not considered because fully enclosed in repeat masked regions
2025-11-07 20:56:30,533 - DEBUG - Counting for batch 121, containing 100 cells and 1743855 reads
2025-11-07 20:56:39,648 - DEBUG - 219740 reads not considered because fully enclosed in repeat masked regions
2025-11-07 20:56:52,010 - DEBUG - Counting for batch 122, containing 100 cells and 2023530 reads
2025-11-07 20:57:02,089 - DEBUG - 252058 reads not considered because fully enclosed in repeat masked regions
2025-11-07 20:57:14,790 - DEBUG - Counting for batch 123, containing 100 cells and 1753762 reads
2025-11-07 20:57:21,919 - DEBUG - 225490 reads not considered because fully enclosed in repeat masked regions
2025-11-07 20:57:34,169 - DEBUG - Counting for batch 124, containing 100 cells and 1716212 reads
2025-11-07 20:57:43,032 - DEBUG - 217405 reads not considered because fully enclosed in repeat masked regions
2025-11-07 20:57:50,324 - DEBUG - Read first 270 million reads
2025-11-07 20:57:57,775 - DEBUG - Counting for batch 125, containing 100 cells and 2242602 reads
2025-11-07 20:58:08,739 - DEBUG - 285897 reads not considered because fully enclosed in repeat masked regions
2025-11-07 20:58:23,797 - DEBUG - Counting for batch 126, containing 100 cells and 2244983 reads
2025-11-07 20:58:34,808 - DEBUG - 289005 reads not considered because fully enclosed in repeat masked regions
2025-11-07 20:58:45,208 - DEBUG - Counting for batch 127, containing 100 cells and 1583083 reads
2025-11-07 20:58:53,629 - DEBUG - 198173 reads not considered because fully enclosed in repeat masked regions
2025-11-07 20:59:03,916 - DEBUG - Counting for batch 128, containing 100 cells and 1642255 reads
2025-11-07 20:59:12,556 - DEBUG - 207646 reads not considered because fully enclosed in repeat masked regions
2025-11-07 20:59:26,017 - DEBUG - Counting for batch 129, containing 100 cells and 1936551 reads
2025-11-07 20:59:36,129 - DEBUG - 247879 reads not considered because fully enclosed in repeat masked regions
2025-11-07 20:59:38,879 - DEBUG - Read first 280 million reads
2025-11-07 20:59:48,759 - DEBUG - Counting for batch 130, containing 100 cells and 2052329 reads
2025-11-07 20:59:59,049 - DEBUG - 259259 reads not considered because fully enclosed in repeat masked regions
2025-11-07 21:00:14,597 - DEBUG - Counting for batch 131, containing 100 cells and 2288137 reads
2025-11-07 21:00:23,618 - DEBUG - 294061 reads not considered because fully enclosed in repeat masked regions
2025-11-07 21:00:35,773 - DEBUG - Counting for batch 132, containing 100 cells and 1711595 reads
2025-11-07 21:00:44,550 - DEBUG - 216975 reads not considered because fully enclosed in repeat masked regions
2025-11-07 21:00:57,444 - DEBUG - Counting for batch 133, containing 100 cells and 1854028 reads
2025-11-07 21:01:06,977 - DEBUG - 234719 reads not considered because fully enclosed in repeat masked regions
2025-11-07 21:01:16,585 - DEBUG - Read first 290 million reads
2025-11-07 21:01:17,568 - DEBUG - Counting for batch 134, containing 100 cells and 1621428 reads
2025-11-07 21:01:26,219 - DEBUG - 207892 reads not considered because fully enclosed in repeat masked regions
2025-11-07 21:01:37,659 - DEBUG - Counting for batch 135, containing 100 cells and 1845894 reads
2025-11-07 21:01:47,099 - DEBUG - 238929 reads not considered because fully enclosed in repeat masked regions
2025-11-07 21:01:54,892 - DEBUG - Counting for batch 136, containing 100 cells and 1024850 reads
2025-11-07 21:01:59,510 - DEBUG - 132688 reads not considered because fully enclosed in repeat masked regions
2025-11-07 21:02:09,247 - DEBUG - Counting for batch 137, containing 100 cells and 1280321 reads
2025-11-07 21:02:14,722 - DEBUG - 158588 reads not considered because fully enclosed in repeat masked regions
2025-11-07 21:02:26,780 - DEBUG - Counting for batch 138, containing 100 cells and 1765135 reads
2025-11-07 21:02:36,446 - DEBUG - 223035 reads not considered because fully enclosed in repeat masked regions
2025-11-07 21:02:50,289 - DEBUG - Counting for batch 139, containing 100 cells and 1986919 reads
2025-11-07 21:02:58,284 - DEBUG - 252741 reads not considered because fully enclosed in repeat masked regions
2025-11-07 21:03:04,395 - DEBUG - Read first 300 million reads
2025-11-07 21:03:11,466 - DEBUG - Counting for batch 140, containing 100 cells and 1934385 reads
2025-11-07 21:03:21,183 - DEBUG - 244031 reads not considered because fully enclosed in repeat masked regions
2025-11-07 21:03:33,645 - DEBUG - Counting for batch 141, containing 100 cells and 1723120 reads
2025-11-07 21:03:42,666 - DEBUG - 217112 reads not considered because fully enclosed in repeat masked regions
2025-11-07 21:03:56,173 - DEBUG - Counting for batch 142, containing 100 cells and 2266975 reads
2025-11-07 21:04:07,211 - DEBUG - 296218 reads not considered because fully enclosed in repeat masked regions
2025-11-07 21:04:19,891 - DEBUG - Counting for batch 143, containing 100 cells and 1730624 reads
2025-11-07 21:04:29,033 - DEBUG - 220098 reads not considered because fully enclosed in repeat masked regions
2025-11-07 21:04:40,346 - DEBUG - Counting for batch 144, containing 100 cells and 1784995 reads
2025-11-07 21:04:49,689 - DEBUG - 216685 reads not considered because fully enclosed in repeat masked regions
2025-11-07 21:04:52,105 - DEBUG - Read first 310 million reads
2025-11-07 21:05:01,739 - DEBUG - Counting for batch 145, containing 100 cells and 1932440 reads
2025-11-07 21:05:11,538 - DEBUG - 235781 reads not considered because fully enclosed in repeat masked regions
2025-11-07 21:05:23,167 - DEBUG - Counting for batch 146, containing 100 cells and 1855384 reads
2025-11-07 21:05:32,576 - DEBUG - 234601 reads not considered because fully enclosed in repeat masked regions
2025-11-07 21:05:46,642 - DEBUG - Counting for batch 147, containing 100 cells and 2071690 reads
2025-11-07 21:05:57,103 - DEBUG - 262553 reads not considered because fully enclosed in repeat masked regions
2025-11-07 21:06:07,558 - DEBUG - Counting for batch 148, containing 100 cells and 1599525 reads
2025-11-07 21:06:16,002 - DEBUG - 201560 reads not considered because fully enclosed in repeat masked regions
2025-11-07 21:06:28,253 - DEBUG - Read first 320 million reads
2025-11-07 21:06:28,589 - DEBUG - Counting for batch 149, containing 100 cells and 1757815 reads
2025-11-07 21:06:35,859 - DEBUG - 225572 reads not considered because fully enclosed in repeat masked regions
2025-11-07 21:06:48,394 - DEBUG - Counting for batch 150, containing 100 cells and 1819977 reads
2025-11-07 21:06:57,720 - DEBUG - 230665 reads not considered because fully enclosed in repeat masked regions
2025-11-07 21:07:11,034 - DEBUG - Counting for batch 151, containing 100 cells and 1894234 reads
2025-11-07 21:07:20,793 - DEBUG - 238102 reads not considered because fully enclosed in repeat masked regions
2025-11-07 21:07:32,004 - DEBUG - Counting for batch 152, containing 100 cells and 1686594 reads
2025-11-07 21:07:40,906 - DEBUG - 211083 reads not considered because fully enclosed in repeat masked regions
2025-11-07 21:07:53,279 - DEBUG - Counting for batch 153, containing 100 cells and 2043068 reads
2025-11-07 21:08:03,623 - DEBUG - 258389 reads not considered because fully enclosed in repeat masked regions
2025-11-07 21:08:12,957 - DEBUG - Read first 330 million reads
2025-11-07 21:08:17,580 - DEBUG - Counting for batch 154, containing 100 cells and 1990388 reads
2025-11-07 21:08:27,812 - DEBUG - 250946 reads not considered because fully enclosed in repeat masked regions
2025-11-07 21:08:37,884 - DEBUG - Counting for batch 155, containing 100 cells and 1495860 reads
2025-11-07 21:08:44,184 - DEBUG - 190790 reads not considered because fully enclosed in repeat masked regions
2025-11-07 21:08:55,948 - DEBUG - Counting for batch 156, containing 100 cells and 1666881 reads
2025-11-07 21:09:04,854 - DEBUG - 209827 reads not considered because fully enclosed in repeat masked regions
2025-11-07 21:09:20,645 - DEBUG - Counting for batch 157, containing 100 cells and 2268088 reads
2025-11-07 21:09:32,049 - DEBUG - 289513 reads not considered because fully enclosed in repeat masked regions
2025-11-07 21:09:44,230 - DEBUG - Counting for batch 158, containing 100 cells and 1898974 reads
2025-11-07 21:09:54,056 - DEBUG - 240681 reads not considered because fully enclosed in repeat masked regions
2025-11-07 21:09:59,910 - DEBUG - Read first 340 million reads
2025-11-07 21:10:04,193 - DEBUG - Counting for batch 159, containing 100 cells and 1518292 reads
2025-11-07 21:10:10,572 - DEBUG - 195551 reads not considered because fully enclosed in repeat masked regions
2025-11-07 21:10:23,176 - DEBUG - Counting for batch 160, containing 100 cells and 1864715 reads
2025-11-07 21:10:32,701 - DEBUG - 238606 reads not considered because fully enclosed in repeat masked regions
2025-11-07 21:10:45,307 - DEBUG - Counting for batch 161, containing 100 cells and 1763457 reads
2025-11-07 21:10:54,564 - DEBUG - 219230 reads not considered because fully enclosed in repeat masked regions
2025-11-07 21:11:04,606 - DEBUG - Counting for batch 162, containing 100 cells and 1508626 reads
2025-11-07 21:11:10,907 - DEBUG - 189281 reads not considered because fully enclosed in repeat masked regions
2025-11-07 21:11:22,414 - DEBUG - Counting for batch 163, containing 100 cells and 1599895 reads
2025-11-07 21:11:30,982 - DEBUG - 202120 reads not considered because fully enclosed in repeat masked regions
2025-11-07 21:11:41,196 - DEBUG - Read first 350 million reads
2025-11-07 21:11:42,669 - DEBUG - Counting for batch 164, containing 100 cells and 1905436 reads
2025-11-07 21:11:52,476 - DEBUG - 237995 reads not considered because fully enclosed in repeat masked regions
2025-11-07 21:12:02,833 - DEBUG - Counting for batch 165, containing 100 cells and 1611858 reads
2025-11-07 21:12:11,276 - DEBUG - 204823 reads not considered because fully enclosed in repeat masked regions
2025-11-07 21:12:23,556 - DEBUG - Counting for batch 166, containing 100 cells and 1732089 reads
2025-11-07 21:12:33,278 - DEBUG - 218423 reads not considered because fully enclosed in repeat masked regions
2025-11-07 21:12:45,555 - DEBUG - Counting for batch 167, containing 100 cells and 1996311 reads
2025-11-07 21:12:55,691 - DEBUG - 252944 reads not considered because fully enclosed in repeat masked regions
2025-11-07 21:13:10,050 - DEBUG - Counting for batch 168, containing 100 cells and 2080030 reads
2025-11-07 21:13:20,563 - DEBUG - 264827 reads not considered because fully enclosed in repeat masked regions
2025-11-07 21:13:27,359 - DEBUG - Read first 360 million reads
2025-11-07 21:13:32,589 - DEBUG - Counting for batch 169, containing 100 cells and 1901697 reads
2025-11-07 21:13:42,344 - DEBUG - 241355 reads not considered because fully enclosed in repeat masked regions
2025-11-07 21:13:53,600 - DEBUG - Counting for batch 170, containing 100 cells and 1775801 reads
2025-11-07 21:14:02,824 - DEBUG - 227181 reads not considered because fully enclosed in repeat masked regions
2025-11-07 21:14:14,328 - DEBUG - Counting for batch 171, containing 100 cells and 1879110 reads
2025-11-07 21:14:23,705 - DEBUG - 235716 reads not considered because fully enclosed in repeat masked regions
2025-11-07 21:14:36,537 - DEBUG - Counting for batch 172, containing 100 cells and 1842068 reads
2025-11-07 21:14:45,831 - DEBUG - 233052 reads not considered because fully enclosed in repeat masked regions
2025-11-07 21:15:00,705 - DEBUG - Counting for batch 173, containing 100 cells and 2186194 reads
2025-11-07 21:15:11,594 - DEBUG - 281007 reads not considered because fully enclosed in repeat masked regions
2025-11-07 21:15:15,249 - DEBUG - Read first 370 million reads
2025-11-07 21:15:16,584 - DEBUG - Counting for batch 174, containing 40 cells and 766618 reads
2025-11-07 21:15:19,970 - DEBUG - 100397 reads not considered because fully enclosed in repeat masked regions
2025-11-07 21:15:20,431 - DEBUG - 11224352 reads were skipped because no apropiate cell or umi barcode was found
2025-11-07 21:15:20,431 - DEBUG - Counting done!
2025-11-07 21:15:20,437 - DEBUG - Generating output file /home/dcaceres/Tet2sc/Results/plots/scVelo/velocyto_loom_files/smpR065_DsRedP-KO2.loom
2025-11-07 21:15:20,437 - DEBUG - Collecting row attributes
2025-11-07 21:15:20,531 - DEBUG - Generating data table
2025-11-07 21:15:24,642 - DEBUG - Writing loom file
2025-11-07 21:15:28,134 - DEBUG - Creating converter from 5 to 3
2025-11-07 21:15:28,134 - DEBUG - Creating converter from 3 to 5
2025-11-07 21:15:51,379 - DEBUG - Terminated Succesfully!
✅ ÉXITO: Loom creado correctamente: /home/dcaceres/Tet2sc/Results/plots/scVelo/velocyto_loom_files/smpR065_DsRedP-KO2.loom
------------------------------------------------------------
🎉 Proceso finalizado correctamente para smpR065_DsRedP-KO2
Finalizado en: Fri Nov  7 21:15:54 CET 2025
------------------------------------------------------------
