------------------------------------------------------------
🚀 INICIO DEL PROCESO VELOCYTO - Fri Nov  7 19:32:39 CET 2025
------------------------------------------------------------
=== Procesando muestra: smpR065_DsRedN-KO3 ===
Directorio de entrada: /storage/scratch01/groups/ci/Trem1_GEICAM/Sarai/Single.Cell.Tet2/outs/out.smR065.9/outs/per_sample_outs/smpR065_DsRedN-KO3/count
Nodo: bc010 | JobID: 5611416 | TaskID: 5
------------------------------------------------------------
🧬 Ejecutando Velocyto...
2025-11-07 19:33:00,178 - DEBUG - Using logic: Default
2025-11-07 19:33:00,217 - INFO - Read 14770 cell barcodes from /storage/scratch01/groups/ci/Trem1_GEICAM/Sarai/Single.Cell.Tet2/outs/out.smR065.9/outs/per_sample_outs/smpR065_DsRedN-KO3/count/sample_filtered_feature_bc_matrix/barcodes.tsv.gz
2025-11-07 19:33:00,217 - DEBUG - Example of barcode: AAACAAGCAAACACGCAACGGGAA and cell_id: smpR065_DsRedN-KO3:AAACAAGCAAACACGCAACGGGAA-1
2025-11-07 19:33:00,246 - DEBUG - Peeking into /storage/scratch01/groups/ci/Trem1_GEICAM/Sarai/Single.Cell.Tet2/outs/out.smR065.9/outs/per_sample_outs/smpR065_DsRedN-KO3/count/sample_alignments.bam
2025-11-07 19:33:00,401 - WARNING - Not found cell and umi barcode in entry 22 of the bam file
2025-11-07 19:33:00,401 - WARNING - Not found cell and umi barcode in entry 32 of the bam file
2025-11-07 19:33:00,401 - WARNING - Not found cell and umi barcode in entry 65 of the bam file
2025-11-07 19:33:00,401 - WARNING - Not found cell and umi barcode in entry 67 of the bam file
2025-11-07 19:33:00,401 - WARNING - Not found cell and umi barcode in entry 78 of the bam file
2025-11-07 19:33:00,401 - WARNING - Not found cell and umi barcode in entry 114 of the bam file
2025-11-07 19:33:00,401 - WARNING - Not found cell and umi barcode in entry 126 of the bam file
2025-11-07 19:33:00,401 - WARNING - Not found cell and umi barcode in entry 156 of the bam file
2025-11-07 19:33:00,401 - WARNING - Not found cell and umi barcode in entry 172 of the bam file
2025-11-07 19:33:00,401 - WARNING - Not found cell and umi barcode in entry 179 of the bam file
2025-11-07 19:33:00,401 - WARNING - Not found cell and umi barcode in entry 217 of the bam file
2025-11-07 19:33:00,401 - WARNING - Not found cell and umi barcode in entry 252 of the bam file
2025-11-07 19:33:00,401 - WARNING - Not found cell and umi barcode in entry 253 of the bam file
2025-11-07 19:33:00,401 - WARNING - Not found cell and umi barcode in entry 256 of the bam file
2025-11-07 19:33:00,401 - WARNING - Not found cell and umi barcode in entry 258 of the bam file
2025-11-07 19:33:00,402 - WARNING - Not found cell and umi barcode in entry 261 of the bam file
2025-11-07 19:33:00,402 - WARNING - Not found cell and umi barcode in entry 262 of the bam file
2025-11-07 19:33:00,402 - WARNING - Not found cell and umi barcode in entry 270 of the bam file
2025-11-07 19:33:00,402 - WARNING - Not found cell and umi barcode in entry 273 of the bam file
2025-11-07 19:33:00,402 - WARNING - Not found cell and umi barcode in entry 275 of the bam file
2025-11-07 19:33:00,402 - WARNING - Not found cell and umi barcode in entry 277 of the bam file
2025-11-07 19:33:00,402 - WARNING - Not found cell and umi barcode in entry 281 of the bam file
2025-11-07 19:33:00,402 - WARNING - Not found cell and umi barcode in entry 303 of the bam file
2025-11-07 19:33:00,402 - WARNING - Not found cell and umi barcode in entry 304 of the bam file
2025-11-07 19:33:00,402 - WARNING - Not found cell and umi barcode in entry 361 of the bam file
2025-11-07 19:33:00,402 - WARNING - Not found cell and umi barcode in entry 369 of the bam file
2025-11-07 19:33:00,402 - WARNING - Not found cell and umi barcode in entry 372 of the bam file
2025-11-07 19:33:00,402 - WARNING - Not found cell and umi barcode in entry 381 of the bam file
2025-11-07 19:33:00,402 - WARNING - Not found cell and umi barcode in entry 433 of the bam file
2025-11-07 19:33:00,402 - WARNING - Not found cell and umi barcode in entry 437 of the bam file
2025-11-07 19:33:00,403 - WARNING - Not found cell and umi barcode in entry 462 of the bam file
2025-11-07 19:33:00,403 - WARNING - Not found cell and umi barcode in entry 493 of the bam file
2025-11-07 19:33:00,403 - WARNING - Not found cell and umi barcode in entry 494 of the bam file
2025-11-07 19:33:00,403 - WARNING - Not found cell and umi barcode in entry 539 of the bam file
2025-11-07 19:33:00,403 - WARNING - Not found cell and umi barcode in entry 594 of the bam file
2025-11-07 19:33:00,403 - WARNING - Not found cell and umi barcode in entry 668 of the bam file
2025-11-07 19:33:00,403 - WARNING - Not found cell and umi barcode in entry 686 of the bam file
2025-11-07 19:33:00,403 - WARNING - Not found cell and umi barcode in entry 688 of the bam file
2025-11-07 19:33:00,403 - WARNING - Not found cell and umi barcode in entry 709 of the bam file
2025-11-07 19:33:00,403 - WARNING - Not found cell and umi barcode in entry 749 of the bam file
2025-11-07 19:33:00,403 - WARNING - Not found cell and umi barcode in entry 764 of the bam file
2025-11-07 19:33:00,404 - WARNING - Not found cell and umi barcode in entry 781 of the bam file
2025-11-07 19:33:00,404 - WARNING - Not found cell and umi barcode in entry 801 of the bam file
2025-11-07 19:33:00,404 - WARNING - Not found cell and umi barcode in entry 826 of the bam file
2025-11-07 19:33:00,404 - WARNING - Not found cell and umi barcode in entry 879 of the bam file
2025-11-07 19:33:00,404 - WARNING - Not found cell and umi barcode in entry 904 of the bam file
2025-11-07 19:33:00,404 - WARNING - Not found cell and umi barcode in entry 1009 of the bam file
2025-11-07 19:33:00,404 - WARNING - Not found cell and umi barcode in entry 1019 of the bam file
2025-11-07 19:33:00,427 - WARNING - The file /storage/scratch01/groups/ci/Trem1_GEICAM/Sarai/Single.Cell.Tet2/outs/out.smR065.9/outs/per_sample_outs/smpR065_DsRedN-KO3/count/cellsorted_sample_alignments.bam already exists. The sorting step will be skipped and the existing file will be used.
2025-11-07 19:33:00,427 - INFO - Load the annotation from /storage/scratch01/groups/ci/Trem1_GEICAM/Sarai/Annonation_Files/gencode.vM25.annotation.gtf
2025-11-07 19:33:06,583 - DEBUG - Parsing Chromosome 1 strand - [line 0]
2025-11-07 19:33:06,696 - DEBUG - Done with 1- [line 59062]
2025-11-07 19:33:06,697 - DEBUG - Assigning indexes to genes
2025-11-07 19:33:06,699 - DEBUG - Seen 1693 genes until now
2025-11-07 19:33:06,700 - DEBUG - Parsing Chromosome 1 strand + [line 59063]
2025-11-07 19:33:06,974 - DEBUG - Done with 1+ [line 116931]
2025-11-07 19:33:06,975 - DEBUG - Assigning indexes to genes
2025-11-07 19:33:06,978 - DEBUG - Seen 3446 genes until now
2025-11-07 19:33:06,978 - DEBUG - Parsing Chromosome 10 strand - [line 116932]
2025-11-07 19:33:07,233 - DEBUG - Done with 10- [line 158870]
2025-11-07 19:33:07,233 - DEBUG - Assigning indexes to genes
2025-11-07 19:33:07,236 - DEBUG - Seen 4713 genes until now
2025-11-07 19:33:07,236 - DEBUG - Parsing Chromosome 10 strand + [line 158871]
2025-11-07 19:33:07,323 - DEBUG - Done with 10+ [line 203797]
2025-11-07 19:33:07,323 - DEBUG - Assigning indexes to genes
2025-11-07 19:33:07,325 - DEBUG - Seen 6068 genes until now
2025-11-07 19:33:07,326 - DEBUG - Parsing Chromosome 11 strand - [line 203798]
2025-11-07 19:33:07,644 - DEBUG - Done with 11- [line 268491]
2025-11-07 19:33:07,644 - DEBUG - Assigning indexes to genes
2025-11-07 19:33:07,648 - DEBUG - Seen 7617 genes until now
2025-11-07 19:33:07,648 - DEBUG - Parsing Chromosome 11 strand + [line 268492]
2025-11-07 19:33:07,774 - DEBUG - Done with 11+ [line 332954]
2025-11-07 19:33:07,774 - DEBUG - Assigning indexes to genes
2025-11-07 19:33:07,777 - DEBUG - Seen 9067 genes until now
2025-11-07 19:33:07,777 - DEBUG - Parsing Chromosome 12 strand - [line 332955]
2025-11-07 19:33:07,831 - DEBUG - Done with 12- [line 360299]
2025-11-07 19:33:07,831 - DEBUG - Assigning indexes to genes
2025-11-07 19:33:07,833 - DEBUG - Seen 10382 genes until now
2025-11-07 19:33:07,833 - DEBUG - Parsing Chromosome 12 strand + [line 360300]
2025-11-07 19:33:07,906 - DEBUG - Done with 12+ [line 397190]
2025-11-07 19:33:07,906 - DEBUG - Assigning indexes to genes
2025-11-07 19:33:07,909 - DEBUG - Seen 11544 genes until now
2025-11-07 19:33:07,909 - DEBUG - Parsing Chromosome 13 strand - [line 397191]
2025-11-07 19:33:08,194 - DEBUG - Done with 13- [line 433847]
2025-11-07 19:33:08,194 - DEBUG - Assigning indexes to genes
2025-11-07 19:33:08,196 - DEBUG - Seen 12811 genes until now
2025-11-07 19:33:08,196 - DEBUG - Parsing Chromosome 13 strand + [line 433848]
2025-11-07 19:33:08,258 - DEBUG - Done with 13+ [line 462828]
2025-11-07 19:33:08,258 - DEBUG - Assigning indexes to genes
2025-11-07 19:33:08,261 - DEBUG - Seen 14046 genes until now
2025-11-07 19:33:08,261 - DEBUG - Parsing Chromosome 14 strand - [line 462829]
2025-11-07 19:33:08,338 - DEBUG - Done with 14- [line 501813]
2025-11-07 19:33:08,338 - DEBUG - Assigning indexes to genes
2025-11-07 19:33:08,340 - DEBUG - Seen 15241 genes until now
2025-11-07 19:33:08,340 - DEBUG - Parsing Chromosome 14 strand + [line 501814]
2025-11-07 19:33:08,409 - DEBUG - Done with 14+ [line 537473]
2025-11-07 19:33:08,409 - DEBUG - Assigning indexes to genes
2025-11-07 19:33:08,412 - DEBUG - Seen 16580 genes until now
2025-11-07 19:33:08,412 - DEBUG - Parsing Chromosome 15 strand - [line 537474]
2025-11-07 19:33:08,487 - DEBUG - Done with 15- [line 575556]
2025-11-07 19:33:08,487 - DEBUG - Assigning indexes to genes
2025-11-07 19:33:08,489 - DEBUG - Seen 17521 genes until now
2025-11-07 19:33:08,490 - DEBUG - Parsing Chromosome 15 strand + [line 575557]
2025-11-07 19:33:08,794 - DEBUG - Done with 15+ [line 608149]
2025-11-07 19:33:08,794 - DEBUG - Assigning indexes to genes
2025-11-07 19:33:08,796 - DEBUG - Seen 18432 genes until now
2025-11-07 19:33:08,797 - DEBUG - Parsing Chromosome 16 strand - [line 608150]
2025-11-07 19:33:08,852 - DEBUG - Done with 16- [line 636582]
2025-11-07 19:33:08,852 - DEBUG - Assigning indexes to genes
2025-11-07 19:33:08,854 - DEBUG - Seen 19223 genes until now
2025-11-07 19:33:08,854 - DEBUG - Parsing Chromosome 16 strand + [line 636583]
2025-11-07 19:33:08,917 - DEBUG - Done with 16+ [line 668857]
2025-11-07 19:33:08,917 - DEBUG - Assigning indexes to genes
2025-11-07 19:33:08,919 - DEBUG - Seen 20039 genes until now
2025-11-07 19:33:08,919 - DEBUG - Parsing Chromosome 17 strand - [line 668858]
2025-11-07 19:33:09,012 - DEBUG - Done with 17- [line 715100]
2025-11-07 19:33:09,012 - DEBUG - Assigning indexes to genes
2025-11-07 19:33:09,015 - DEBUG - Seen 21218 genes until now
2025-11-07 19:33:09,015 - DEBUG - Parsing Chromosome 17 strand + [line 715101]
2025-11-07 19:33:09,110 - DEBUG - Done with 17+ [line 764344]
2025-11-07 19:33:09,110 - DEBUG - Assigning indexes to genes
2025-11-07 19:33:09,114 - DEBUG - Seen 22359 genes until now
2025-11-07 19:33:09,114 - DEBUG - Parsing Chromosome 18 strand - [line 764345]
2025-11-07 19:33:09,153 - DEBUG - Done with 18- [line 784050]
2025-11-07 19:33:09,153 - DEBUG - Assigning indexes to genes
2025-11-07 19:33:09,154 - DEBUG - Seen 22997 genes until now
2025-11-07 19:33:09,154 - DEBUG - Parsing Chromosome 18 strand + [line 784051]
2025-11-07 19:33:09,479 - DEBUG - Done with 18+ [line 811173]
2025-11-07 19:33:09,479 - DEBUG - Assigning indexes to genes
2025-11-07 19:33:09,481 - DEBUG - Seen 23758 genes until now
2025-11-07 19:33:09,481 - DEBUG - Parsing Chromosome 19 strand - [line 811174]
2025-11-07 19:33:09,547 - DEBUG - Done with 19- [line 844397]
2025-11-07 19:33:09,547 - DEBUG - Assigning indexes to genes
2025-11-07 19:33:09,549 - DEBUG - Seen 24442 genes until now
2025-11-07 19:33:09,549 - DEBUG - Parsing Chromosome 19 strand + [line 844398]
2025-11-07 19:33:09,607 - DEBUG - Done with 19+ [line 873497]
2025-11-07 19:33:09,607 - DEBUG - Assigning indexes to genes
2025-11-07 19:33:09,609 - DEBUG - Seen 25152 genes until now
2025-11-07 19:33:09,609 - DEBUG - Parsing Chromosome 2 strand - [line 873498]
2025-11-07 19:33:09,766 - DEBUG - Done with 2- [line 953009]
2025-11-07 19:33:09,766 - DEBUG - Assigning indexes to genes
2025-11-07 19:33:09,771 - DEBUG - Seen 26981 genes until now
2025-11-07 19:33:09,771 - DEBUG - Parsing Chromosome 2 strand + [line 953010]
2025-11-07 19:33:09,916 - DEBUG - Done with 2+ [line 1027336]
2025-11-07 19:33:09,916 - DEBUG - Assigning indexes to genes
2025-11-07 19:33:09,920 - DEBUG - Seen 28946 genes until now
2025-11-07 19:33:09,920 - DEBUG - Parsing Chromosome 3 strand - [line 1027337]
2025-11-07 19:33:10,001 - DEBUG - Done with 3- [line 1069026]
2025-11-07 19:33:10,001 - DEBUG - Assigning indexes to genes
2025-11-07 19:33:10,004 - DEBUG - Seen 30404 genes until now
2025-11-07 19:33:10,004 - DEBUG - Parsing Chromosome 3 strand + [line 1069027]
2025-11-07 19:33:10,409 - DEBUG - Done with 3+ [line 1115102]
2025-11-07 19:33:10,410 - DEBUG - Assigning indexes to genes
2025-11-07 19:33:10,413 - DEBUG - Seen 31831 genes until now
2025-11-07 19:33:10,413 - DEBUG - Parsing Chromosome 4 strand - [line 1115103]
2025-11-07 19:33:10,518 - DEBUG - Done with 4- [line 1169156]
2025-11-07 19:33:10,518 - DEBUG - Assigning indexes to genes
2025-11-07 19:33:10,522 - DEBUG - Seen 33222 genes until now
2025-11-07 19:33:10,522 - DEBUG - Parsing Chromosome 4 strand + [line 1169157]
2025-11-07 19:33:10,623 - DEBUG - Done with 4+ [line 1221291]
2025-11-07 19:33:10,623 - DEBUG - Assigning indexes to genes
2025-11-07 19:33:10,627 - DEBUG - Seen 34690 genes until now
2025-11-07 19:33:10,627 - DEBUG - Parsing Chromosome 5 strand - [line 1221292]
2025-11-07 19:33:10,746 - DEBUG - Done with 5- [line 1282135]
2025-11-07 19:33:10,746 - DEBUG - Assigning indexes to genes
2025-11-07 19:33:10,750 - DEBUG - Seen 36281 genes until now
2025-11-07 19:33:10,750 - DEBUG - Parsing Chromosome 5 strand + [line 1282136]
2025-11-07 19:33:10,871 - DEBUG - Done with 5+ [line 1344076]
2025-11-07 19:33:10,871 - DEBUG - Assigning indexes to genes
2025-11-07 19:33:10,875 - DEBUG - Seen 37942 genes until now
2025-11-07 19:33:10,875 - DEBUG - Parsing Chromosome 6 strand - [line 1344077]
2025-11-07 19:33:10,968 - DEBUG - Done with 6- [line 1392155]
2025-11-07 19:33:10,968 - DEBUG - Assigning indexes to genes
2025-11-07 19:33:10,972 - DEBUG - Seen 39466 genes until now
2025-11-07 19:33:10,972 - DEBUG - Parsing Chromosome 6 strand + [line 1392156]
2025-11-07 19:33:11,438 - DEBUG - Done with 6+ [line 1442945]
2025-11-07 19:33:11,438 - DEBUG - Assigning indexes to genes
2025-11-07 19:33:11,442 - DEBUG - Seen 41071 genes until now
2025-11-07 19:33:11,442 - DEBUG - Parsing Chromosome 7 strand - [line 1442946]
2025-11-07 19:33:11,594 - DEBUG - Done with 7- [line 1521802]
2025-11-07 19:33:11,594 - DEBUG - Assigning indexes to genes
2025-11-07 19:33:11,601 - DEBUG - Seen 43608 genes until now
2025-11-07 19:33:11,601 - DEBUG - Parsing Chromosome 7 strand + [line 1521803]
2025-11-07 19:33:11,745 - DEBUG - Done with 7+ [line 1597237]
2025-11-07 19:33:11,745 - DEBUG - Assigning indexes to genes
2025-11-07 19:33:11,753 - DEBUG - Seen 45790 genes until now
2025-11-07 19:33:11,753 - DEBUG - Parsing Chromosome 8 strand - [line 1597238]
2025-11-07 19:33:11,830 - DEBUG - Done with 8- [line 1635144]
2025-11-07 19:33:11,830 - DEBUG - Assigning indexes to genes
2025-11-07 19:33:11,833 - DEBUG - Seen 47022 genes until now
2025-11-07 19:33:11,833 - DEBUG - Parsing Chromosome 8 strand + [line 1635145]
2025-11-07 19:33:11,927 - DEBUG - Done with 8+ [line 1684308]
2025-11-07 19:33:11,928 - DEBUG - Assigning indexes to genes
2025-11-07 19:33:11,930 - DEBUG - Seen 48326 genes until now
2025-11-07 19:33:11,931 - DEBUG - Parsing Chromosome 9 strand - [line 1684309]
2025-11-07 19:33:12,036 - DEBUG - Done with 9- [line 1738082]
2025-11-07 19:33:12,036 - DEBUG - Assigning indexes to genes
2025-11-07 19:33:12,040 - DEBUG - Seen 49688 genes until now
2025-11-07 19:33:12,040 - DEBUG - Parsing Chromosome 9 strand + [line 1738083]
2025-11-07 19:33:12,147 - DEBUG - Done with 9+ [line 1794072]
2025-11-07 19:33:12,147 - DEBUG - Assigning indexes to genes
2025-11-07 19:33:12,150 - DEBUG - Seen 51169 genes until now
2025-11-07 19:33:12,150 - DEBUG - Parsing Chromosome M strand - [line 1794073]
2025-11-07 19:33:12,151 - DEBUG - Done with M- [line 1794103]
2025-11-07 19:33:12,151 - DEBUG - Assigning indexes to genes
2025-11-07 19:33:12,151 - DEBUG - Seen 51178 genes until now
2025-11-07 19:33:12,151 - DEBUG - Parsing Chromosome M strand + [line 1794104]
2025-11-07 19:33:12,151 - DEBUG - Done with M+ [line 1794225]
2025-11-07 19:33:12,151 - DEBUG - Assigning indexes to genes
2025-11-07 19:33:12,151 - DEBUG - Seen 51206 genes until now
2025-11-07 19:33:12,151 - DEBUG - Parsing Chromosome X strand - [line 1794226]
2025-11-07 19:33:12,209 - DEBUG - Done with X- [line 1824523]
2025-11-07 19:33:12,209 - DEBUG - Assigning indexes to genes
2025-11-07 19:33:12,211 - DEBUG - Seen 52478 genes until now
2025-11-07 19:33:12,211 - DEBUG - Parsing Chromosome X strand + [line 1824524]
2025-11-07 19:33:12,711 - DEBUG - Done with X+ [line 1858357]
2025-11-07 19:33:12,711 - DEBUG - Assigning indexes to genes
2025-11-07 19:33:12,713 - DEBUG - Seen 53832 genes until now
2025-11-07 19:33:12,713 - DEBUG - Parsing Chromosome Y strand - [line 1858358]
2025-11-07 19:33:12,729 - DEBUG - Done with Y- [line 1865468]
2025-11-07 19:33:12,729 - DEBUG - Assigning indexes to genes
2025-11-07 19:33:12,730 - DEBUG - Seen 54711 genes until now
2025-11-07 19:33:12,730 - DEBUG - Parsing Chromosome Y strand + [line 1865469]
2025-11-07 19:33:12,744 - DEBUG - Assigning indexes to genes
2025-11-07 19:33:12,745 - DEBUG - Done with Y+ [line 1872050]
2025-11-07 19:33:12,745 - DEBUG - Fixing corner cases of transcript models containg intron longer than 1000Kbp
2025-11-07 19:33:13,269 - DEBUG - Generated 1544182 features corresponding to 142604 transcript models from /storage/scratch01/groups/ci/Trem1_GEICAM/Sarai/Annonation_Files/gencode.vM25.annotation.gtf
2025-11-07 19:33:13,282 - INFO - Load the repeat masking annotation from /storage/scratch01/groups/ci/Trem1_GEICAM/Sarai/Annonation_Files/rmsk_velocyto.txt
2025-11-07 19:33:13,282 - DEBUG - Reading /storage/scratch01/groups/ci/Trem1_GEICAM/Sarai/Annonation_Files/rmsk_velocyto.txt, the file will be sorted in memory
2025-11-07 19:33:27,510 - DEBUG - Processed masked annotation .gtf and generated 4369219 intervals to mask!
2025-11-07 19:33:27,641 - INFO - Scan /storage/scratch01/groups/ci/Trem1_GEICAM/Sarai/Single.Cell.Tet2/outs/out.smR065.9/outs/per_sample_outs/smpR065_DsRedN-KO3/count/sample_alignments.bam to validate intron intervals
2025-11-07 19:33:28,250 - DEBUG - Reading /storage/scratch01/groups/ci/Trem1_GEICAM/Sarai/Single.Cell.Tet2/outs/out.smR065.9/outs/per_sample_outs/smpR065_DsRedN-KO3/count/sample_alignments.bam
2025-11-07 19:33:28,255 - DEBUG - Read first 0 million reads
2025-11-07 19:33:28,255 - DEBUG - Marking up chromosome 1
2025-11-07 19:34:15,951 - DEBUG - Read first 10 million reads
2025-11-07 19:35:04,450 - DEBUG - Read first 20 million reads
2025-11-07 19:35:29,461 - DEBUG - Marking up chromosome 10
2025-11-07 19:35:52,846 - DEBUG - Read first 30 million reads
2025-11-07 19:36:46,972 - DEBUG - Read first 40 million reads
2025-11-07 19:37:05,592 - DEBUG - Marking up chromosome 11
2025-11-07 19:37:36,409 - DEBUG - Read first 50 million reads
2025-11-07 19:38:24,538 - DEBUG - Read first 60 million reads
2025-11-07 19:39:13,165 - DEBUG - Read first 70 million reads
2025-11-07 19:39:42,773 - DEBUG - Marking up chromosome 12
2025-11-07 19:40:00,005 - DEBUG - Read first 80 million reads
2025-11-07 19:40:46,498 - DEBUG - Read first 90 million reads
2025-11-07 19:40:46,728 - DEBUG - Marking up chromosome 13
2025-11-07 19:41:32,835 - DEBUG - Read first 100 million reads
2025-11-07 19:41:40,196 - DEBUG - Marking up chromosome 14
2025-11-07 19:42:21,650 - DEBUG - Read first 110 million reads
2025-11-07 19:42:36,924 - DEBUG - Marking up chromosome 15
2025-11-07 19:43:09,021 - DEBUG - Read first 120 million reads
2025-11-07 19:43:48,950 - DEBUG - Marking up chromosome 16
2025-11-07 19:43:57,260 - DEBUG - Read first 130 million reads
2025-11-07 19:44:36,184 - DEBUG - Marking up chromosome 17
2025-11-07 19:44:46,901 - DEBUG - Read first 140 million reads
2025-11-07 19:45:37,514 - DEBUG - Read first 150 million reads
2025-11-07 19:46:19,630 - DEBUG - Read first 160 million reads
2025-11-07 19:46:24,104 - DEBUG - Marking up chromosome 18
2025-11-07 19:47:06,998 - DEBUG - Read first 170 million reads
2025-11-07 19:47:25,816 - DEBUG - Marking up chromosome 19
2025-11-07 19:47:54,632 - DEBUG - Read first 180 million reads
2025-11-07 19:48:36,286 - DEBUG - Marking up chromosome 2
2025-11-07 19:48:42,197 - DEBUG - Read first 190 million reads
2025-11-07 19:49:30,234 - DEBUG - Read first 200 million reads
2025-11-07 19:50:20,230 - DEBUG - Read first 210 million reads
2025-11-07 19:51:05,193 - DEBUG - Marking up chromosome 3
2025-11-07 19:51:08,753 - DEBUG - Read first 220 million reads
2025-11-07 19:51:58,216 - DEBUG - Read first 230 million reads
2025-11-07 19:52:34,781 - DEBUG - Marking up chromosome 4
2025-11-07 19:52:45,835 - DEBUG - Read first 240 million reads
2025-11-07 19:53:32,559 - DEBUG - Read first 250 million reads
2025-11-07 19:54:20,782 - DEBUG - Read first 260 million reads
2025-11-07 19:54:28,825 - DEBUG - Marking up chromosome 5
2025-11-07 19:55:08,655 - DEBUG - Read first 270 million reads
2025-11-07 19:55:57,458 - DEBUG - Read first 280 million reads
2025-11-07 19:56:03,439 - DEBUG - Marking up chromosome 6
2025-11-07 19:56:44,930 - DEBUG - Read first 290 million reads
2025-11-07 19:57:25,703 - DEBUG - Marking up chromosome 7
2025-11-07 19:57:31,345 - DEBUG - Read first 300 million reads
2025-11-07 19:58:19,528 - DEBUG - Read first 310 million reads
2025-11-07 19:59:08,200 - DEBUG - Read first 320 million reads
2025-11-07 19:59:56,716 - DEBUG - Read first 330 million reads
2025-11-07 20:00:15,771 - DEBUG - Marking up chromosome 8
2025-11-07 20:00:43,796 - DEBUG - Read first 340 million reads
2025-11-07 20:01:33,105 - DEBUG - Read first 350 million reads
2025-11-07 20:01:54,549 - DEBUG - Marking up chromosome 9
2025-11-07 20:02:24,406 - DEBUG - Read first 360 million reads
2025-11-07 20:03:14,285 - DEBUG - Marking up chromosome MT
2025-11-07 20:03:14,285 - WARNING - The .bam file refers to a chromosome 'MT+' not present in the annotation (.gtf) file
2025-11-07 20:03:14,286 - WARNING - The .bam file refers to a chromosome 'MT-' not present in the annotation (.gtf) file
2025-11-07 20:03:14,552 - DEBUG - Read first 370 million reads
2025-11-07 20:03:15,798 - DEBUG - Marking up chromosome X
2025-11-07 20:04:00,967 - DEBUG - Read first 380 million reads
2025-11-07 20:04:08,230 - DEBUG - Marking up chromosome Y
2025-11-07 20:04:08,232 - DEBUG - Marking up chromosome GL456233.2
2025-11-07 20:04:08,232 - WARNING - The .bam file refers to a chromosome 'GL456233.2+' not present in the annotation (.gtf) file
2025-11-07 20:04:08,232 - WARNING - The .bam file refers to a chromosome 'GL456233.2-' not present in the annotation (.gtf) file
2025-11-07 20:04:08,286 - DEBUG - Marking up chromosome JH584304.1
2025-11-07 20:04:08,286 - WARNING - The .bam file refers to a chromosome 'JH584304.1+' not present in the annotation (.gtf) file
2025-11-07 20:04:08,286 - WARNING - The .bam file refers to a chromosome 'JH584304.1-' not present in the annotation (.gtf) file
2025-11-07 20:04:08,294 - DEBUG - Marking up chromosome GL456378.1
2025-11-07 20:04:08,294 - WARNING - The .bam file refers to a chromosome 'GL456378.1+' not present in the annotation (.gtf) file
2025-11-07 20:04:08,294 - WARNING - The .bam file refers to a chromosome 'GL456378.1-' not present in the annotation (.gtf) file
2025-11-07 20:04:08,294 - DEBUG - Marking up chromosome MU069434.1
2025-11-07 20:04:08,294 - WARNING - The .bam file refers to a chromosome 'MU069434.1+' not present in the annotation (.gtf) file
2025-11-07 20:04:08,294 - WARNING - The .bam file refers to a chromosome 'MU069434.1-' not present in the annotation (.gtf) file
2025-11-07 20:04:13,657 - DEBUG - End of file. Reset index: start scanning from initial position.
2025-11-07 20:04:13,657 - DEBUG - 11820893 reads were skipped because no apropiate cell or umi barcode was found
2025-11-07 20:04:13,657 - DEBUG - Start molecule counting!
2025-11-07 20:04:14,562 - DEBUG - Features available for chromosomes : ['1-', '1+', '10-', '10+', '11-', '11+', '12-', '12+', '13-', '13+', '14-', '14+', '15-', '15+', '16-', '16+', '17-', '17+', '18-', '18+', '19-', '19+', '2-', '2+', '3-', '3+', '4-', '4+', '5-', '5+', '6-', '6+', '7-', '7+', '8-', '8+', '9-', '9+', 'M-', 'M+', 'X-', 'X+', 'Y-', 'Y+']
2025-11-07 20:04:14,562 - DEBUG - Mask available for chromosomes : ['1-', '1+', '10-', '10+', '10_GL456015_alt-', '10_GL456015_alt+', '10_KQ030491_fix-', '10_KQ030491_fix+', '10_KZ289071_fix-', '10_KZ289071_fix+', '10_KZ289072_fix-', '10_KZ289072_fix+', '11-', '11+', '11_GL455998_alt-', '11_GL455998_alt+', '11_GL456016_alt-', '11_GL456016_alt+', '11_GL456060_alt-', '11_GL456060_alt+', '11_JH584265_alt-', '11_JH584265_alt+', '11_JH584316_alt-', '11_JH584316_alt+', '11_JH584317_alt-', '11_JH584317_alt+', '11_JH584327_alt-', '11_JH584327_alt+', '11_KB469739_fix-', '11_KB469739_fix+', '11_KZ289073_alt-', '11_KZ289073_alt+', '11_KZ289074_alt-', '11_KZ289074_alt+', '11_KZ289075_alt-', '11_KZ289075_alt+', '11_KZ289076_fix-', '11_KZ289076_fix+', '11_KZ289077_alt-', '11_KZ289077_alt+', '11_KZ289078_alt-', '11_KZ289078_alt+', '11_KZ289079_alt-', '11_KZ289079_alt+', '11_KZ289080_alt-', '11_KZ289080_alt+', '11_KZ289081_alt-', '11_KZ289081_alt+', '12-', '12+', '12_GL456017_alt-', '12_GL456017_alt+', '12_GL456068_alt-', '12_GL456068_alt+', '12_GL456074_alt-', '12_GL456074_alt+', '12_GL456078_alt-', '12_GL456078_alt+', '12_GL456349_alt-', '12_GL456349_alt+', '12_KB469740_fix-', '12_KB469740_fix+', '12_KZ289082_fix-', '12_KZ289082_fix+', '13-', '13+', '13_GL455990_alt-', '13_GL455990_alt+', '13_GL455999_alt-', '13_GL455999_alt+', '13_JH584305_alt-', '13_JH584305_alt+', '14-', '14+', '14_GL456019_alt-', '14_GL456019_alt+', '14_GL456020_alt-', '14_GL456020_alt+', '14_KZ289083_fix-', '14_KZ289083_fix+', '14_KZ289084_fix-', '14_KZ289084_fix+', '15-', '15+', '15_GL456000_alt-', '15_GL456000_alt+', '15_JH584270_alt-', '15_JH584270_alt+', '15_KQ030492_fix-', '15_KQ030492_fix+', '15_KQ030493_fix-', '15_KQ030493_fix+', '15_KV575241_fix-', '15_KV575241_fix+', '15_KZ289085_fix-', '15_KZ289085_fix+', '15_KZ289086_fix-', '15_KZ289086_fix+', '16-', '16+', '16_GL456001_alt-', '16_GL456001_alt+', '16_GL456028_alt-', '16_GL456028_alt+', '16_JH584306_alt-', '16_JH584306_alt+', '16_JH584307_alt-', '16_JH584307_alt+', '16_JH584310_alt-', '16_JH584310_alt+', '16_JH584311_alt-', '16_JH584311_alt+', '16_JH584312_alt-', '16_JH584312_alt+', '16_JH584313_alt-', '16_JH584313_alt+', '16_JH584314_alt-', '16_JH584314_alt+', '16_KB469741_fix-', '16_KB469741_fix+', '17-', '17+', '17_GL456002_alt-', '17_GL456002_alt+', '17_GL456021_alt-', '17_GL456021_alt+', '17_GL456022_alt-', '17_GL456022_alt+', '17_GL456069_alt-', '17_GL456069_alt+', '17_JH584266_alt-', '17_JH584266_alt+', '17_JH584267_alt-', '17_JH584267_alt+', '17_JH584308_alt-', '17_JH584308_alt+', '17_JH584309_alt-', '17_JH584309_alt+', '17_JH584328_alt-', '17_JH584328_alt+', '17_JH590470_alt-', '17_JH590470_alt+', '17_KB469742_fix-', '17_KB469742_fix+', '17_KZ289087_fix-', '17_KZ289087_fix+', '17_KZ289088_fix-', '17_KZ289088_fix+', '17_KZ289089_fix-', '17_KZ289089_fix+', '18-', '18+', '18_GL456070_alt-', '18_GL456070_alt+', '18_JH584318_alt-', '18_JH584318_alt+', '18_JH792829_fix-', '18_JH792829_fix+', '18_KZ289090_fix-', '18_KZ289090_fix+', '18_KZ289091_fix-', '18_KZ289091_fix+', '19-', '19+', '19_GL456079_alt-', '19_GL456079_alt+', '19_JH584319_alt-', '19_JH584319_alt+', '19_JH792830_fix-', '19_JH792830_fix+', '19_KQ030494_fix-', '19_KQ030494_fix+', '19_KV575242_fix-', '19_KV575242_fix+', '1_GL455991_alt-', '1_GL455991_alt+', '1_GL455992_alt-', '1_GL455992_alt+', '1_GL455993_alt-', '1_GL455993_alt+', '1_GL456005_alt-', '1_GL456005_alt+', '1_GL456210_random-', '1_GL456210_random+', '1_GL456211_random-', '1_GL456211_random+', '1_GL456212_random-', '1_GL456212_random+', '1_GL456213_random-', '1_GL456213_random+', '1_GL456221_random-', '1_GL456221_random+', '1_JH584315_alt-', '1_JH584315_alt+', '1_JH584320_alt-', '1_JH584320_alt+', '1_JH584321_alt-', '1_JH584321_alt+', '1_JH584322_alt-', '1_JH584322_alt+', '1_KK082441_alt-', '1_KK082441_alt+', '1_KV575232_fix-', '1_KV575232_fix+', '1_KV575233_fix-', '1_KV575233_fix+', '1_KV575234_fix-', '1_KV575234_fix+', '2-', '2+', '2_GL456024_alt-', '2_GL456024_alt+', '2_KV575235_fix-', '2_KV575235_fix+', '2_KV575236_fix-', '2_KV575236_fix+', '3-', '3+', '3_GL456006_alt-', '3_GL456006_alt+', '3_GL456007_alt-', '3_GL456007_alt+', '3_GL456008_alt-', '3_GL456008_alt+', '3_GL456042_alt-', '3_GL456042_alt+', '3_GL456044_alt-', '3_GL456044_alt+', '3_GL456045_alt-', '3_GL456045_alt+', '3_GL456048_alt-', '3_GL456048_alt+', '3_GL456049_alt-', '3_GL456049_alt+', '3_JH584323_alt-', '3_JH584323_alt+', '3_KQ030484_fix-', '3_KQ030484_fix+', '3_KZ289064_fix-', '3_KZ289064_fix+', '3_KZ289065_fix-', '3_KZ289065_fix+', '3_KZ289066_fix-', '3_KZ289066_fix+', '4-', '4+', '4_GL455994_alt-', '4_GL455994_alt+', '4_GL456009_alt-', '4_GL456009_alt+', '4_GL456010_alt-', '4_GL456010_alt+', '4_GL456053_alt-', '4_GL456053_alt+', '4_GL456064_alt-', '4_GL456064_alt+', '4_GL456075_alt-', '4_GL456075_alt+', '4_GL456076_alt-', '4_GL456076_alt+', '4_GL456077_alt-', '4_GL456077_alt+', '4_GL456216_random-', '4_GL456216_random+', '4_GL456350_random-', '4_GL456350_random+', '4_JH584268_alt-', '4_JH584268_alt+', '4_JH584269_alt-', '4_JH584269_alt+', '4_JH584292_random-', '4_JH584292_random+', '4_JH584293_random-', '4_JH584293_random+', '4_JH584294_random-', '4_JH584294_random+', '4_JH584295_random+', '4_JH584324_alt-', '4_JH584324_alt+', '4_JH584325_alt-', '4_JH584325_alt+', '4_JH584326_alt-', '4_JH584326_alt+', '4_JH792826_fix-', '4_JH792826_fix+', '4_KQ030485_fix-', '4_KQ030485_fix+', '4_KQ030486_fix-', '4_KQ030486_fix+', '4_KQ030487_fix-', '4_KQ030487_fix+', '4_KQ030488_fix-', '4_KQ030488_fix+', '4_KQ030489_fix-', '4_KQ030489_fix+', '4_KZ289067_fix-', '4_KZ289067_fix+', '4_KZ289068_fix-', '4_KZ289068_fix+', '4_KZ289069_fix-', '4_KZ289069_fix+', '4_KZ289070_fix-', '4_KZ289070_fix+', '5-', '5+', '5_GL455995_alt-', '5_GL455995_alt+', '5_GL456011_alt-', '5_GL456011_alt+', '5_GL456354_random-', '5_GL456354_random+', '5_JH584296_random-', '5_JH584296_random+', '5_JH584297_random-', '5_JH584297_random+', '5_JH584298_random-', '5_JH584298_random+', '5_JH584299_random-', '5_JH584299_random+', '5_JH792827_fix-', '5_JH792827_fix+', '5_KV575237_fix-', '5_KV575237_fix+', '6-', '6+', '6_GL456012_alt-', '6_GL456012_alt+', '6_GL456025_alt-', '6_GL456025_alt+', '6_GL456026_alt-', '6_GL456026_alt+', '6_GL456054_alt-', '6_GL456054_alt+', '6_GL456065_alt-', '6_GL456065_alt+', '6_JH584264_alt-', '6_JH584264_alt+', '6_KK082442_fix-', '6_KK082442_fix+', '6_KK082443_fix-', '6_KK082443_fix+', '7-', '7+', '7_GL455989_alt-', '7_GL455989_alt+', '7_GL456013_alt-', '7_GL456013_alt+', '7_GL456014_alt-', '7_GL456014_alt+', '7_GL456219_random-', '7_GL456219_random+', '7_JH792828_fix-', '7_JH792828_fix+', '7_KV575238_fix-', '7_KV575238_fix+', '7_KV575239_fix-', '7_KV575239_fix+', '8-', '8+', '8_GL455996_alt-', '8_GL455996_alt+', '8_GL455997_alt-', '8_GL455997_alt+', '8_KV575240_fix-', '8_KV575240_fix+', '9-', '9+', '9_KB469738_fix-', '9_KB469738_fix+', '9_KQ030490_fix-', '9_KQ030490_fix+', 'M-', 'M+', 'Un_GL456239-', 'Un_GL456239+', 'Un_GL456359-', 'Un_GL456359+', 'Un_GL456360-', 'Un_GL456360+', 'Un_GL456366-', 'Un_GL456366+', 'Un_GL456367-', 'Un_GL456367+', 'Un_GL456368-', 'Un_GL456368+', 'Un_GL456370+', 'Un_GL456372-', 'Un_GL456372+', 'Un_GL456378-', 'Un_GL456378+', 'Un_GL456379-', 'Un_GL456379+', 'Un_GL456381-', 'Un_GL456381+', 'Un_GL456382-', 'Un_GL456382+', 'Un_GL456383-', 'Un_GL456383+', 'Un_GL456385-', 'Un_GL456385+', 'Un_GL456387-', 'Un_GL456387+', 'Un_GL456389-', 'Un_GL456389+', 'Un_GL456390-', 'Un_GL456390+', 'Un_GL456392-', 'Un_GL456392+', 'Un_GL456393-', 'Un_GL456393+', 'Un_GL456394-', 'Un_GL456394+', 'Un_GL456396-', 'Un_GL456396+', 'Un_JH584304-', 'Un_JH584304+', 'X-', 'X+', 'X_GL456003_alt-', 'X_GL456003_alt+', 'X_GL456004_alt-', 'X_GL456004_alt+', 'X_GL456031_alt-', 'X_GL456031_alt+', 'X_GL456032_alt-', 'X_GL456032_alt+', 'X_GL456033_alt-', 'X_GL456033_alt+', 'X_GL456233_random-', 'X_GL456233_random+', 'X_JH792831_fix-', 'X_JH792831_fix+', 'X_KQ030495_fix-', 'X_KQ030495_fix+', 'X_KQ030496_fix-', 'X_KQ030496_fix+', 'X_KQ030497_fix-', 'X_KQ030497_fix+', 'X_KZ289092_fix-', 'X_KZ289092_fix+', 'X_KZ289093_fix-', 'X_KZ289093_fix+', 'X_KZ289094_fix-', 'X_KZ289094_fix+', 'X_KZ289095_fix-', 'X_KZ289095_fix+', 'Y-', 'Y+', 'Y_GL456071_alt-', 'Y_GL456071_alt+', 'Y_GL456072_alt-', 'Y_GL456072_alt+', 'Y_GL456073_alt-', 'Y_GL456073_alt+', 'Y_GL456080_alt-', 'Y_GL456080_alt+', 'Y_GL456081_alt-', 'Y_GL456081_alt+', 'Y_GL456082_alt-', 'Y_GL456082_alt+', 'Y_JH584300_random-', 'Y_JH584300_random+', 'Y_JH584301_random-', 'Y_JH584301_random+', 'Y_JH584302_random-', 'Y_JH584302_random+', 'Y_JH584303_random-', 'Y_JH584303_random+', 'Y_JH792832_fix-', 'Y_JH792832_fix+', 'Y_JH792833_fix-', 'Y_JH792833_fix+', 'Y_JH792834_fix-', 'Y_JH792834_fix+', 'na_GL456050_alt-']
2025-11-07 20:04:14,562 - DEBUG - Summarizing the results of intron validation.
2025-11-07 20:04:14,623 - DEBUG - Validated 1120 introns (of which unique intervals 442) out of 700789 total possible introns (considering each possible transcript models).
2025-11-07 20:04:14,623 - DEBUG - Reading /storage/scratch01/groups/ci/Trem1_GEICAM/Sarai/Single.Cell.Tet2/outs/out.smR065.9/outs/per_sample_outs/smpR065_DsRedN-KO3/count/cellsorted_sample_alignments.bam
2025-11-07 20:04:15,580 - DEBUG - Read first 0 million reads
2025-11-07 20:04:30,860 - DEBUG - Counting for batch 1, containing 100 cells and 2071620 reads
2025-11-07 20:04:41,617 - DEBUG - 273539 reads not considered because fully enclosed in repeat masked regions
2025-11-07 20:04:56,575 - DEBUG - Counting for batch 2, containing 100 cells and 2398490 reads
2025-11-07 20:05:08,323 - DEBUG - 315037 reads not considered because fully enclosed in repeat masked regions
2025-11-07 20:05:23,833 - DEBUG - Counting for batch 3, containing 100 cells and 2223306 reads
2025-11-07 20:05:34,943 - DEBUG - 287688 reads not considered because fully enclosed in repeat masked regions
2025-11-07 20:05:50,664 - DEBUG - Read first 10 million reads
2025-11-07 20:05:54,826 - DEBUG - Counting for batch 4, containing 100 cells and 2754091 reads
2025-11-07 20:06:08,056 - DEBUG - 360818 reads not considered because fully enclosed in repeat masked regions
2025-11-07 20:06:20,821 - DEBUG - Counting for batch 5, containing 100 cells and 1877365 reads
2025-11-07 20:06:30,897 - DEBUG - 246446 reads not considered because fully enclosed in repeat masked regions
2025-11-07 20:06:43,917 - DEBUG - Counting for batch 6, containing 100 cells and 2069566 reads
2025-11-07 20:06:54,608 - DEBUG - 274516 reads not considered because fully enclosed in repeat masked regions
2025-11-07 20:07:09,617 - DEBUG - Counting for batch 7, containing 100 cells and 2149222 reads
2025-11-07 20:07:20,420 - DEBUG - 284559 reads not considered because fully enclosed in repeat masked regions
2025-11-07 20:07:37,449 - DEBUG - Counting for batch 8, containing 100 cells and 2401200 reads
2025-11-07 20:07:49,289 - DEBUG - 315052 reads not considered because fully enclosed in repeat masked regions
2025-11-07 20:07:50,894 - DEBUG - Read first 20 million reads
2025-11-07 20:08:04,583 - DEBUG - Counting for batch 9, containing 100 cells and 2449292 reads
2025-11-07 20:08:16,450 - DEBUG - 317451 reads not considered because fully enclosed in repeat masked regions
2025-11-07 20:08:35,994 - DEBUG - Counting for batch 10, containing 100 cells and 2647349 reads
2025-11-07 20:08:49,126 - DEBUG - 349729 reads not considered because fully enclosed in repeat masked regions
2025-11-07 20:09:05,061 - DEBUG - Counting for batch 11, containing 100 cells and 2517670 reads
2025-11-07 20:09:18,207 - DEBUG - 333157 reads not considered because fully enclosed in repeat masked regions
2025-11-07 20:09:28,624 - DEBUG - Read first 30 million reads
2025-11-07 20:09:37,553 - DEBUG - Counting for batch 12, containing 100 cells and 2618992 reads
2025-11-07 20:09:51,299 - DEBUG - 343197 reads not considered because fully enclosed in repeat masked regions
2025-11-07 20:10:09,563 - DEBUG - Counting for batch 13, containing 100 cells and 2156934 reads
2025-11-07 20:10:21,729 - DEBUG - 283047 reads not considered because fully enclosed in repeat masked regions
2025-11-07 20:10:37,318 - DEBUG - Counting for batch 14, containing 100 cells and 2239256 reads
2025-11-07 20:10:49,485 - DEBUG - 288988 reads not considered because fully enclosed in repeat masked regions
2025-11-07 20:11:07,574 - DEBUG - Counting for batch 15, containing 100 cells and 2502526 reads
2025-11-07 20:11:19,986 - DEBUG - 324330 reads not considered because fully enclosed in repeat masked regions
2025-11-07 20:11:26,328 - DEBUG - Read first 40 million reads
2025-11-07 20:11:39,513 - DEBUG - Counting for batch 16, containing 100 cells and 2751923 reads
2025-11-07 20:11:52,686 - DEBUG - 359913 reads not considered because fully enclosed in repeat masked regions
2025-11-07 20:12:10,908 - DEBUG - Counting for batch 17, containing 100 cells and 2757823 reads
2025-11-07 20:12:23,928 - DEBUG - 363300 reads not considered because fully enclosed in repeat masked regions
2025-11-07 20:12:42,526 - DEBUG - Counting for batch 18, containing 100 cells and 2409935 reads
2025-11-07 20:12:54,590 - DEBUG - 317972 reads not considered because fully enclosed in repeat masked regions
2025-11-07 20:13:06,278 - DEBUG - Read first 50 million reads
2025-11-07 20:13:08,221 - DEBUG - Counting for batch 19, containing 100 cells and 2186626 reads
2025-11-07 20:13:19,151 - DEBUG - 282115 reads not considered because fully enclosed in repeat masked regions
2025-11-07 20:13:34,074 - DEBUG - Counting for batch 20, containing 100 cells and 2115293 reads
2025-11-07 20:13:42,818 - DEBUG - 272360 reads not considered because fully enclosed in repeat masked regions
2025-11-07 20:14:01,307 - DEBUG - Counting for batch 21, containing 100 cells and 2629037 reads
2025-11-07 20:14:13,952 - DEBUG - 339885 reads not considered because fully enclosed in repeat masked regions
2025-11-07 20:14:30,446 - DEBUG - Counting for batch 22, containing 100 cells and 2414296 reads
2025-11-07 20:14:42,379 - DEBUG - 313219 reads not considered because fully enclosed in repeat masked regions
2025-11-07 20:14:52,204 - DEBUG - Read first 60 million reads
2025-11-07 20:14:58,984 - DEBUG - Counting for batch 23, containing 100 cells and 2427550 reads
2025-11-07 20:15:10,967 - DEBUG - 315497 reads not considered because fully enclosed in repeat masked regions
2025-11-07 20:15:23,952 - DEBUG - Counting for batch 24, containing 100 cells and 2039360 reads
2025-11-07 20:15:34,458 - DEBUG - 268771 reads not considered because fully enclosed in repeat masked regions
2025-11-07 20:15:48,662 - DEBUG - Counting for batch 25, containing 100 cells and 2010901 reads
2025-11-07 20:15:57,033 - DEBUG - 264833 reads not considered because fully enclosed in repeat masked regions
2025-11-07 20:16:16,316 - DEBUG - Counting for batch 26, containing 100 cells and 2704557 reads
2025-11-07 20:16:29,353 - DEBUG - 349570 reads not considered because fully enclosed in repeat masked regions
2025-11-07 20:16:38,177 - DEBUG - Read first 70 million reads
2025-11-07 20:16:44,081 - DEBUG - Counting for batch 27, containing 100 cells and 2037774 reads
2025-11-07 20:16:52,673 - DEBUG - 264028 reads not considered because fully enclosed in repeat masked regions
2025-11-07 20:17:08,135 - DEBUG - Counting for batch 28, containing 100 cells and 1959801 reads
2025-11-07 20:17:16,334 - DEBUG - 259460 reads not considered because fully enclosed in repeat masked regions
2025-11-07 20:17:33,063 - DEBUG - Counting for batch 29, containing 100 cells and 2136529 reads
2025-11-07 20:17:41,776 - DEBUG - 276132 reads not considered because fully enclosed in repeat masked regions
2025-11-07 20:17:58,532 - DEBUG - Counting for batch 30, containing 100 cells and 2243536 reads
2025-11-07 20:18:09,888 - DEBUG - 292151 reads not considered because fully enclosed in repeat masked regions
2025-11-07 20:18:21,268 - DEBUG - Read first 80 million reads
2025-11-07 20:18:22,845 - DEBUG - Counting for batch 31, containing 100 cells and 2062148 reads
2025-11-07 20:18:33,535 - DEBUG - 269006 reads not considered because fully enclosed in repeat masked regions
2025-11-07 20:18:46,032 - DEBUG - Counting for batch 32, containing 100 cells and 1992348 reads
2025-11-07 20:18:56,243 - DEBUG - 257734 reads not considered because fully enclosed in repeat masked regions
2025-11-07 20:19:10,285 - DEBUG - Counting for batch 33, containing 100 cells and 2044108 reads
2025-11-07 20:19:20,857 - DEBUG - 264336 reads not considered because fully enclosed in repeat masked regions
2025-11-07 20:19:36,517 - DEBUG - Counting for batch 34, containing 100 cells and 2337946 reads
2025-11-07 20:19:48,154 - DEBUG - 301769 reads not considered because fully enclosed in repeat masked regions
2025-11-07 20:20:03,765 - DEBUG - Read first 90 million reads
2025-11-07 20:20:05,260 - DEBUG - Counting for batch 35, containing 100 cells and 2546129 reads
2025-11-07 20:20:17,840 - DEBUG - 332192 reads not considered because fully enclosed in repeat masked regions
2025-11-07 20:20:36,443 - DEBUG - Counting for batch 36, containing 100 cells and 2810220 reads
2025-11-07 20:20:49,732 - DEBUG - 363578 reads not considered because fully enclosed in repeat masked regions
2025-11-07 20:21:01,234 - DEBUG - Counting for batch 37, containing 100 cells and 1703036 reads
2025-11-07 20:21:10,418 - DEBUG - 225869 reads not considered because fully enclosed in repeat masked regions
2025-11-07 20:21:24,805 - DEBUG - Counting for batch 38, containing 100 cells and 2089087 reads
2025-11-07 20:21:35,808 - DEBUG - 275321 reads not considered because fully enclosed in repeat masked regions
2025-11-07 20:21:48,294 - DEBUG - Read first 100 million reads
2025-11-07 20:21:49,419 - DEBUG - Counting for batch 39, containing 100 cells and 2215435 reads
2025-11-07 20:22:00,679 - DEBUG - 290240 reads not considered because fully enclosed in repeat masked regions
2025-11-07 20:22:21,438 - DEBUG - Counting for batch 40, containing 100 cells and 2991038 reads
2025-11-07 20:22:36,155 - DEBUG - 394375 reads not considered because fully enclosed in repeat masked regions
2025-11-07 20:22:50,379 - DEBUG - Counting for batch 41, containing 100 cells and 2248014 reads
2025-11-07 20:23:01,565 - DEBUG - 295238 reads not considered because fully enclosed in repeat masked regions
2025-11-07 20:23:19,981 - DEBUG - Counting for batch 42, containing 100 cells and 2416799 reads
2025-11-07 20:23:31,952 - DEBUG - 317791 reads not considered because fully enclosed in repeat masked regions
2025-11-07 20:23:38,738 - DEBUG - Read first 110 million reads
2025-11-07 20:23:52,212 - DEBUG - Counting for batch 43, containing 100 cells and 3071022 reads
2025-11-07 20:24:06,408 - DEBUG - 395810 reads not considered because fully enclosed in repeat masked regions
2025-11-07 20:24:22,810 - DEBUG - Counting for batch 44, containing 100 cells and 2312980 reads
2025-11-07 20:24:34,406 - DEBUG - 296138 reads not considered because fully enclosed in repeat masked regions
2025-11-07 20:24:48,746 - DEBUG - Counting for batch 45, containing 100 cells and 2352805 reads
2025-11-07 20:25:00,475 - DEBUG - 307674 reads not considered because fully enclosed in repeat masked regions
2025-11-07 20:25:15,891 - DEBUG - Read first 120 million reads
2025-11-07 20:25:16,669 - DEBUG - Counting for batch 46, containing 100 cells and 2378726 reads
2025-11-07 20:25:28,551 - DEBUG - 305902 reads not considered because fully enclosed in repeat masked regions
2025-11-07 20:25:45,845 - DEBUG - Counting for batch 47, containing 100 cells and 2597944 reads
2025-11-07 20:25:58,399 - DEBUG - 336518 reads not considered because fully enclosed in repeat masked regions
2025-11-07 20:26:15,973 - DEBUG - Counting for batch 48, containing 100 cells and 2648412 reads
2025-11-07 20:26:28,694 - DEBUG - 342265 reads not considered because fully enclosed in repeat masked regions
2025-11-07 20:26:44,840 - DEBUG - Counting for batch 49, containing 100 cells and 2376591 reads
2025-11-07 20:26:56,447 - DEBUG - 314074 reads not considered because fully enclosed in repeat masked regions
2025-11-07 20:27:05,619 - DEBUG - Read first 130 million reads
2025-11-07 20:27:13,080 - DEBUG - Counting for batch 50, containing 100 cells and 2188959 reads
2025-11-07 20:27:21,875 - DEBUG - 284631 reads not considered because fully enclosed in repeat masked regions
2025-11-07 20:27:39,133 - DEBUG - Counting for batch 51, containing 100 cells and 2309200 reads
2025-11-07 20:27:50,853 - DEBUG - 304693 reads not considered because fully enclosed in repeat masked regions
2025-11-07 20:28:04,108 - DEBUG - Counting for batch 52, containing 100 cells and 2097019 reads
2025-11-07 20:28:16,123 - DEBUG - 273623 reads not considered because fully enclosed in repeat masked regions
2025-11-07 20:28:32,699 - DEBUG - Counting for batch 53, containing 100 cells and 2026020 reads
2025-11-07 20:28:44,856 - DEBUG - 262110 reads not considered because fully enclosed in repeat masked regions
2025-11-07 20:28:55,122 - DEBUG - Read first 140 million reads
2025-11-07 20:29:04,654 - DEBUG - Counting for batch 54, containing 100 cells and 2560345 reads
2025-11-07 20:29:19,221 - DEBUG - 336766 reads not considered because fully enclosed in repeat masked regions
2025-11-07 20:29:40,578 - DEBUG - Counting for batch 55, containing 100 cells and 2454432 reads
2025-11-07 20:29:55,180 - DEBUG - 327342 reads not considered because fully enclosed in repeat masked regions
2025-11-07 20:30:13,447 - DEBUG - Counting for batch 56, containing 100 cells and 2501927 reads
2025-11-07 20:30:27,804 - DEBUG - 322809 reads not considered because fully enclosed in repeat masked regions
2025-11-07 20:30:50,078 - DEBUG - Read first 150 million reads
2025-11-07 20:30:50,306 - DEBUG - Counting for batch 57, containing 100 cells and 2623686 reads
2025-11-07 20:31:05,640 - DEBUG - 346674 reads not considered because fully enclosed in repeat masked regions
2025-11-07 20:31:23,597 - DEBUG - Counting for batch 58, containing 100 cells and 2395233 reads
2025-11-07 20:31:37,547 - DEBUG - 312670 reads not considered because fully enclosed in repeat masked regions
2025-11-07 20:31:55,980 - DEBUG - Counting for batch 59, containing 100 cells and 2298850 reads
2025-11-07 20:32:09,484 - DEBUG - 299302 reads not considered because fully enclosed in repeat masked regions
2025-11-07 20:32:27,863 - DEBUG - Counting for batch 60, containing 100 cells and 2291896 reads
2025-11-07 20:32:41,368 - DEBUG - 304009 reads not considered because fully enclosed in repeat masked regions
2025-11-07 20:32:57,403 - DEBUG - Read first 160 million reads
2025-11-07 20:32:59,764 - DEBUG - Counting for batch 61, containing 100 cells and 2310538 reads
2025-11-07 20:33:12,986 - DEBUG - 302101 reads not considered because fully enclosed in repeat masked regions
2025-11-07 20:33:29,005 - DEBUG - Counting for batch 62, containing 100 cells and 1960282 reads
2025-11-07 20:33:37,798 - DEBUG - 257366 reads not considered because fully enclosed in repeat masked regions
2025-11-07 20:33:55,967 - DEBUG - Counting for batch 63, containing 100 cells and 2447425 reads
2025-11-07 20:34:08,225 - DEBUG - 318721 reads not considered because fully enclosed in repeat masked regions
2025-11-07 20:34:25,684 - DEBUG - Counting for batch 64, containing 100 cells and 2597151 reads
2025-11-07 20:34:38,295 - DEBUG - 329317 reads not considered because fully enclosed in repeat masked regions
2025-11-07 20:34:48,718 - DEBUG - Read first 170 million reads
2025-11-07 20:34:56,029 - DEBUG - Counting for batch 65, containing 100 cells and 2608892 reads
2025-11-07 20:35:08,943 - DEBUG - 338160 reads not considered because fully enclosed in repeat masked regions
2025-11-07 20:35:24,097 - DEBUG - Counting for batch 66, containing 100 cells and 2426196 reads
2025-11-07 20:35:36,160 - DEBUG - 321036 reads not considered because fully enclosed in repeat masked regions
2025-11-07 20:35:50,659 - DEBUG - Counting for batch 67, containing 100 cells and 2033476 reads
2025-11-07 20:36:01,304 - DEBUG - 267125 reads not considered because fully enclosed in repeat masked regions
2025-11-07 20:36:14,815 - DEBUG - Counting for batch 68, containing 100 cells and 2200746 reads
2025-11-07 20:36:25,926 - DEBUG - 286498 reads not considered because fully enclosed in repeat masked regions
2025-11-07 20:36:33,903 - DEBUG - Read first 180 million reads
2025-11-07 20:36:41,402 - DEBUG - Counting for batch 69, containing 100 cells and 2296094 reads
2025-11-07 20:36:52,821 - DEBUG - 295556 reads not considered because fully enclosed in repeat masked regions
2025-11-07 20:37:12,891 - DEBUG - Counting for batch 70, containing 100 cells and 2800908 reads
2025-11-07 20:37:26,555 - DEBUG - 363305 reads not considered because fully enclosed in repeat masked regions
2025-11-07 20:37:41,785 - DEBUG - Counting for batch 71, containing 100 cells and 2329954 reads
2025-11-07 20:37:53,359 - DEBUG - 303973 reads not considered because fully enclosed in repeat masked regions
2025-11-07 20:38:08,366 - DEBUG - Counting for batch 72, containing 100 cells and 2193128 reads
2025-11-07 20:38:19,416 - DEBUG - 282253 reads not considered because fully enclosed in repeat masked regions
2025-11-07 20:38:22,493 - DEBUG - Read first 190 million reads
2025-11-07 20:38:37,982 - DEBUG - Counting for batch 73, containing 100 cells and 2940289 reads
2025-11-07 20:38:54,302 - DEBUG - 388728 reads not considered because fully enclosed in repeat masked regions
2025-11-07 20:39:08,621 - DEBUG - Counting for batch 74, containing 100 cells and 2235360 reads
2025-11-07 20:39:19,938 - DEBUG - 294828 reads not considered because fully enclosed in repeat masked regions
2025-11-07 20:39:34,364 - DEBUG - Counting for batch 75, containing 100 cells and 2375244 reads
2025-11-07 20:39:45,950 - DEBUG - 299635 reads not considered because fully enclosed in repeat masked regions
2025-11-07 20:39:58,814 - DEBUG - Read first 200 million reads
2025-11-07 20:40:00,410 - DEBUG - Counting for batch 76, containing 100 cells and 2105800 reads
2025-11-07 20:40:10,917 - DEBUG - 273738 reads not considered because fully enclosed in repeat masked regions
2025-11-07 20:40:25,530 - DEBUG - Counting for batch 77, containing 100 cells and 2181286 reads
2025-11-07 20:40:36,568 - DEBUG - 286487 reads not considered because fully enclosed in repeat masked regions
2025-11-07 20:40:53,496 - DEBUG - Counting for batch 78, containing 100 cells and 2286342 reads
2025-11-07 20:41:05,038 - DEBUG - 297061 reads not considered because fully enclosed in repeat masked regions
2025-11-07 20:41:17,536 - DEBUG - Counting for batch 79, containing 100 cells and 1936485 reads
2025-11-07 20:41:27,764 - DEBUG - 251146 reads not considered because fully enclosed in repeat masked regions
2025-11-07 20:41:40,265 - DEBUG - Counting for batch 80, containing 100 cells and 1988064 reads
2025-11-07 20:41:50,567 - DEBUG - 259418 reads not considered because fully enclosed in repeat masked regions
2025-11-07 20:41:53,004 - DEBUG - Read first 210 million reads
2025-11-07 20:42:06,080 - DEBUG - Counting for batch 81, containing 100 cells and 2286172 reads
2025-11-07 20:42:17,672 - DEBUG - 300624 reads not considered because fully enclosed in repeat masked regions
2025-11-07 20:42:31,847 - DEBUG - Counting for batch 82, containing 100 cells and 2174444 reads
2025-11-07 20:42:42,696 - DEBUG - 291325 reads not considered because fully enclosed in repeat masked regions
2025-11-07 20:42:57,817 - DEBUG - Counting for batch 83, containing 100 cells and 2249139 reads
2025-11-07 20:43:08,926 - DEBUG - 287345 reads not considered because fully enclosed in repeat masked regions
2025-11-07 20:43:25,253 - DEBUG - Read first 220 million reads
2025-11-07 20:43:25,269 - DEBUG - Counting for batch 84, containing 100 cells and 2488672 reads
2025-11-07 20:43:37,394 - DEBUG - 334751 reads not considered because fully enclosed in repeat masked regions
2025-11-07 20:43:51,985 - DEBUG - Counting for batch 85, containing 100 cells and 2110912 reads
2025-11-07 20:44:02,466 - DEBUG - 271568 reads not considered because fully enclosed in repeat masked regions
2025-11-07 20:44:17,802 - DEBUG - Counting for batch 86, containing 100 cells and 2318173 reads
2025-11-07 20:44:29,231 - DEBUG - 304125 reads not considered because fully enclosed in repeat masked regions
2025-11-07 20:44:46,204 - DEBUG - Counting for batch 87, containing 100 cells and 2296244 reads
2025-11-07 20:44:57,600 - DEBUG - 302915 reads not considered because fully enclosed in repeat masked regions
2025-11-07 20:45:09,018 - DEBUG - Counting for batch 88, containing 100 cells and 1718651 reads
2025-11-07 20:45:18,169 - DEBUG - 225712 reads not considered because fully enclosed in repeat masked regions
2025-11-07 20:45:21,369 - DEBUG - Read first 230 million reads
2025-11-07 20:45:31,962 - DEBUG - Counting for batch 89, containing 100 cells and 2297975 reads
2025-11-07 20:45:43,132 - DEBUG - 300667 reads not considered because fully enclosed in repeat masked regions
2025-11-07 20:45:59,640 - DEBUG - Counting for batch 90, containing 100 cells and 2523706 reads
2025-11-07 20:46:11,639 - DEBUG - 335297 reads not considered because fully enclosed in repeat masked regions
2025-11-07 20:46:28,998 - DEBUG - Counting for batch 91, containing 100 cells and 2336418 reads
2025-11-07 20:46:40,625 - DEBUG - 309572 reads not considered because fully enclosed in repeat masked regions
2025-11-07 20:46:53,762 - DEBUG - Counting for batch 92, containing 100 cells and 2089611 reads
2025-11-07 20:47:04,331 - DEBUG - 271634 reads not considered because fully enclosed in repeat masked regions
2025-11-07 20:47:05,992 - DEBUG - Read first 240 million reads
2025-11-07 20:47:19,120 - DEBUG - Counting for batch 93, containing 100 cells and 2128701 reads
2025-11-07 20:47:30,000 - DEBUG - 277379 reads not considered because fully enclosed in repeat masked regions
2025-11-07 20:47:44,412 - DEBUG - Counting for batch 94, containing 100 cells and 2359874 reads
2025-11-07 20:47:55,881 - DEBUG - 308807 reads not considered because fully enclosed in repeat masked regions
2025-11-07 20:48:17,862 - DEBUG - Counting for batch 95, containing 100 cells and 3228986 reads
2025-11-07 20:48:32,700 - DEBUG - 426832 reads not considered because fully enclosed in repeat masked regions
2025-11-07 20:48:42,352 - DEBUG - Read first 250 million reads
2025-11-07 20:48:50,832 - DEBUG - Counting for batch 96, containing 100 cells and 2699479 reads
2025-11-07 20:49:03,542 - DEBUG - 353822 reads not considered because fully enclosed in repeat masked regions
2025-11-07 20:49:19,593 - DEBUG - Counting for batch 97, containing 100 cells and 2334750 reads
2025-11-07 20:49:31,110 - DEBUG - 305129 reads not considered because fully enclosed in repeat masked regions
2025-11-07 20:49:43,550 - DEBUG - Counting for batch 98, containing 100 cells and 1968674 reads
2025-11-07 20:49:53,547 - DEBUG - 258761 reads not considered because fully enclosed in repeat masked regions
2025-11-07 20:50:11,706 - DEBUG - Counting for batch 99, containing 100 cells and 2567909 reads
2025-11-07 20:50:24,210 - DEBUG - 333335 reads not considered because fully enclosed in repeat masked regions
2025-11-07 20:50:28,856 - DEBUG - Read first 260 million reads
2025-11-07 20:50:36,248 - DEBUG - Counting for batch 100, containing 100 cells and 1837546 reads
2025-11-07 20:50:45,755 - DEBUG - 238103 reads not considered because fully enclosed in repeat masked regions
2025-11-07 20:51:01,005 - DEBUG - Counting for batch 101, containing 100 cells and 2258076 reads
2025-11-07 20:51:12,258 - DEBUG - 296414 reads not considered because fully enclosed in repeat masked regions
2025-11-07 20:51:26,926 - DEBUG - Counting for batch 102, containing 100 cells and 2427376 reads
2025-11-07 20:51:38,488 - DEBUG - 313645 reads not considered because fully enclosed in repeat masked regions
2025-11-07 20:51:54,481 - DEBUG - Counting for batch 103, containing 100 cells and 2073842 reads
2025-11-07 20:52:02,946 - DEBUG - 274376 reads not considered because fully enclosed in repeat masked regions
2025-11-07 20:52:10,120 - DEBUG - Read first 270 million reads
2025-11-07 20:52:21,320 - DEBUG - Counting for batch 104, containing 100 cells and 2602708 reads
2025-11-07 20:52:34,120 - DEBUG - 340748 reads not considered because fully enclosed in repeat masked regions
2025-11-07 20:52:46,328 - DEBUG - Counting for batch 105, containing 100 cells and 1886104 reads
2025-11-07 20:52:56,027 - DEBUG - 242398 reads not considered because fully enclosed in repeat masked regions
2025-11-07 20:53:09,958 - DEBUG - Counting for batch 106, containing 100 cells and 2047818 reads
2025-11-07 20:53:20,222 - DEBUG - 261932 reads not considered because fully enclosed in repeat masked regions
2025-11-07 20:53:37,804 - DEBUG - Counting for batch 107, containing 100 cells and 2772072 reads
2025-11-07 20:53:50,756 - DEBUG - 360848 reads not considered because fully enclosed in repeat masked regions
2025-11-07 20:53:56,601 - DEBUG - Read first 280 million reads
2025-11-07 20:54:08,462 - DEBUG - Counting for batch 108, containing 100 cells and 2418840 reads
2025-11-07 20:54:20,212 - DEBUG - 311761 reads not considered because fully enclosed in repeat masked regions
2025-11-07 20:54:37,815 - DEBUG - Counting for batch 109, containing 100 cells and 2670155 reads
2025-11-07 20:54:50,611 - DEBUG - 346936 reads not considered because fully enclosed in repeat masked regions
2025-11-07 20:55:06,284 - DEBUG - Counting for batch 110, containing 100 cells and 2172338 reads
2025-11-07 20:55:17,160 - DEBUG - 285410 reads not considered because fully enclosed in repeat masked regions
2025-11-07 20:55:30,635 - DEBUG - Counting for batch 111, containing 100 cells and 2184027 reads
2025-11-07 20:55:41,338 - DEBUG - 283810 reads not considered because fully enclosed in repeat masked regions
2025-11-07 20:55:43,411 - DEBUG - Read first 290 million reads
2025-11-07 20:55:55,405 - DEBUG - Counting for batch 112, containing 100 cells and 1994435 reads
2025-11-07 20:56:05,658 - DEBUG - 256356 reads not considered because fully enclosed in repeat masked regions
2025-11-07 20:56:18,442 - DEBUG - Counting for batch 113, containing 100 cells and 2045287 reads
2025-11-07 20:56:28,749 - DEBUG - 263292 reads not considered because fully enclosed in repeat masked regions
2025-11-07 20:56:40,997 - DEBUG - Counting for batch 114, containing 100 cells and 1970244 reads
2025-11-07 20:56:50,840 - DEBUG - 260852 reads not considered because fully enclosed in repeat masked regions
2025-11-07 20:57:01,422 - DEBUG - Counting for batch 115, containing 100 cells and 1355155 reads
2025-11-07 20:57:07,198 - DEBUG - 178749 reads not considered because fully enclosed in repeat masked regions
2025-11-07 20:57:17,071 - DEBUG - Counting for batch 116, containing 100 cells and 1300951 reads
2025-11-07 20:57:24,519 - DEBUG - 166443 reads not considered because fully enclosed in repeat masked regions
2025-11-07 20:57:27,228 - DEBUG - Read first 300 million reads
2025-11-07 20:57:37,797 - DEBUG - Counting for batch 117, containing 100 cells and 2141583 reads
2025-11-07 20:57:48,292 - DEBUG - 282557 reads not considered because fully enclosed in repeat masked regions
2025-11-07 20:58:03,496 - DEBUG - Counting for batch 118, containing 100 cells and 2307773 reads
2025-11-07 20:58:14,811 - DEBUG - 299778 reads not considered because fully enclosed in repeat masked regions
2025-11-07 20:58:30,918 - DEBUG - Counting for batch 119, containing 100 cells and 2122771 reads
2025-11-07 20:58:39,395 - DEBUG - 282418 reads not considered because fully enclosed in repeat masked regions
2025-11-07 20:58:56,531 - DEBUG - Counting for batch 120, containing 100 cells and 2354961 reads
2025-11-07 20:59:08,130 - DEBUG - 311962 reads not considered because fully enclosed in repeat masked regions
2025-11-07 20:59:11,726 - DEBUG - Read first 310 million reads
2025-11-07 20:59:24,865 - DEBUG - Counting for batch 121, containing 100 cells and 2447381 reads
2025-11-07 20:59:36,943 - DEBUG - 320739 reads not considered because fully enclosed in repeat masked regions
2025-11-07 20:59:51,834 - DEBUG - Counting for batch 122, containing 100 cells and 2426367 reads
2025-11-07 21:00:03,368 - DEBUG - 316024 reads not considered because fully enclosed in repeat masked regions
2025-11-07 21:00:18,402 - DEBUG - Counting for batch 123, containing 100 cells and 2168410 reads
2025-11-07 21:00:29,179 - DEBUG - 284198 reads not considered because fully enclosed in repeat masked regions
2025-11-07 21:00:44,591 - DEBUG - Read first 320 million reads
2025-11-07 21:00:47,192 - DEBUG - Counting for batch 124, containing 100 cells and 2809634 reads
2025-11-07 21:01:03,013 - DEBUG - 366251 reads not considered because fully enclosed in repeat masked regions
2025-11-07 21:01:19,172 - DEBUG - Counting for batch 125, containing 100 cells and 2614202 reads
2025-11-07 21:01:31,412 - DEBUG - 328560 reads not considered because fully enclosed in repeat masked regions
2025-11-07 21:01:47,941 - DEBUG - Counting for batch 126, containing 100 cells and 2469151 reads
2025-11-07 21:01:59,789 - DEBUG - 326727 reads not considered because fully enclosed in repeat masked regions
2025-11-07 21:02:15,324 - DEBUG - Counting for batch 127, containing 100 cells and 2263764 reads
2025-11-07 21:02:26,475 - DEBUG - 300917 reads not considered because fully enclosed in repeat masked regions
2025-11-07 21:02:35,068 - DEBUG - Read first 330 million reads
2025-11-07 21:02:43,018 - DEBUG - Counting for batch 128, containing 100 cells and 2346524 reads
2025-11-07 21:02:54,473 - DEBUG - 305569 reads not considered because fully enclosed in repeat masked regions
2025-11-07 21:03:08,638 - DEBUG - Counting for batch 129, containing 100 cells and 1955928 reads
2025-11-07 21:03:16,708 - DEBUG - 256992 reads not considered because fully enclosed in repeat masked regions
2025-11-07 21:03:36,457 - DEBUG - Counting for batch 130, containing 100 cells and 2930393 reads
2025-11-07 21:03:50,108 - DEBUG - 381123 reads not considered because fully enclosed in repeat masked regions
2025-11-07 21:04:09,039 - DEBUG - Counting for batch 131, containing 100 cells and 2546895 reads
2025-11-07 21:04:21,482 - DEBUG - 328334 reads not considered because fully enclosed in repeat masked regions
2025-11-07 21:04:24,273 - DEBUG - Read first 340 million reads
2025-11-07 21:04:38,356 - DEBUG - Counting for batch 132, containing 100 cells and 2833247 reads
2025-11-07 21:04:51,509 - DEBUG - 369975 reads not considered because fully enclosed in repeat masked regions
2025-11-07 21:05:06,299 - DEBUG - Counting for batch 133, containing 100 cells and 2089433 reads
2025-11-07 21:05:16,701 - DEBUG - 275636 reads not considered because fully enclosed in repeat masked regions
2025-11-07 21:05:34,950 - DEBUG - Counting for batch 134, containing 100 cells and 2551592 reads
2025-11-07 21:05:47,534 - DEBUG - 335431 reads not considered because fully enclosed in repeat masked regions
2025-11-07 21:05:59,079 - DEBUG - Read first 350 million reads
2025-11-07 21:05:59,451 - DEBUG - Counting for batch 135, containing 100 cells and 1803709 reads
2025-11-07 21:06:08,867 - DEBUG - 233223 reads not considered because fully enclosed in repeat masked regions
2025-11-07 21:06:24,351 - DEBUG - Counting for batch 136, containing 100 cells and 2309829 reads
2025-11-07 21:06:35,801 - DEBUG - 304875 reads not considered because fully enclosed in repeat masked regions
2025-11-07 21:06:53,289 - DEBUG - Counting for batch 137, containing 100 cells and 2625216 reads
2025-11-07 21:07:06,088 - DEBUG - 339577 reads not considered because fully enclosed in repeat masked regions
2025-11-07 21:07:19,845 - DEBUG - Counting for batch 138, containing 100 cells and 2182445 reads
2025-11-07 21:07:31,291 - DEBUG - 291626 reads not considered because fully enclosed in repeat masked regions
2025-11-07 21:07:44,233 - DEBUG - Read first 360 million reads
2025-11-07 21:07:48,444 - DEBUG - Counting for batch 139, containing 100 cells and 2649180 reads
2025-11-07 21:08:00,866 - DEBUG - 350141 reads not considered because fully enclosed in repeat masked regions
2025-11-07 21:08:16,995 - DEBUG - Counting for batch 140, containing 100 cells and 2219015 reads
2025-11-07 21:08:29,431 - DEBUG - 286275 reads not considered because fully enclosed in repeat masked regions
2025-11-07 21:08:45,184 - DEBUG - Counting for batch 141, containing 100 cells and 2382419 reads
2025-11-07 21:08:56,758 - DEBUG - 308802 reads not considered because fully enclosed in repeat masked regions
2025-11-07 21:09:16,180 - DEBUG - Counting for batch 142, containing 100 cells and 2790499 reads
2025-11-07 21:09:29,348 - DEBUG - 363334 reads not considered because fully enclosed in repeat masked regions
2025-11-07 21:09:34,431 - DEBUG - Read first 370 million reads
2025-11-07 21:09:46,101 - DEBUG - Counting for batch 143, containing 100 cells and 2436885 reads
2025-11-07 21:09:57,918 - DEBUG - 320133 reads not considered because fully enclosed in repeat masked regions
2025-11-07 21:10:14,736 - DEBUG - Counting for batch 144, containing 100 cells and 2476759 reads
2025-11-07 21:10:26,788 - DEBUG - 322730 reads not considered because fully enclosed in repeat masked regions
2025-11-07 21:10:45,480 - DEBUG - Counting for batch 145, containing 100 cells and 2815313 reads
2025-11-07 21:10:58,995 - DEBUG - 378374 reads not considered because fully enclosed in repeat masked regions
2025-11-07 21:11:11,527 - DEBUG - Read first 380 million reads
2025-11-07 21:11:12,542 - DEBUG - Counting for batch 146, containing 100 cells and 2112158 reads
2025-11-07 21:11:23,147 - DEBUG - 281011 reads not considered because fully enclosed in repeat masked regions
2025-11-07 21:11:37,158 - DEBUG - Counting for batch 147, containing 100 cells and 1936599 reads
2025-11-07 21:11:45,263 - DEBUG - 251084 reads not considered because fully enclosed in repeat masked regions
2025-11-07 21:11:56,731 - DEBUG - Counting for batch 148, containing 70 cells and 1568897 reads
2025-11-07 21:12:04,765 - DEBUG - 197698 reads not considered because fully enclosed in repeat masked regions
2025-11-07 21:12:05,706 - DEBUG - 11820893 reads were skipped because no apropiate cell or umi barcode was found
2025-11-07 21:12:05,706 - DEBUG - Counting done!
2025-11-07 21:12:05,711 - DEBUG - Generating output file /home/dcaceres/Tet2sc/Results/plots/scVelo/velocyto_loom_files/smpR065_DsRedN-KO3.loom
2025-11-07 21:12:05,711 - DEBUG - Collecting row attributes
2025-11-07 21:12:05,810 - DEBUG - Generating data table
2025-11-07 21:12:09,471 - DEBUG - Writing loom file
2025-11-07 21:12:12,391 - DEBUG - Creating converter from 5 to 3
2025-11-07 21:12:12,392 - DEBUG - Creating converter from 3 to 5
2025-11-07 21:12:34,190 - DEBUG - Terminated Succesfully!
✅ ÉXITO: Loom creado correctamente: /home/dcaceres/Tet2sc/Results/plots/scVelo/velocyto_loom_files/smpR065_DsRedN-KO3.loom
------------------------------------------------------------
🎉 Proceso finalizado correctamente para smpR065_DsRedN-KO3
Finalizado en: Fri Nov  7 21:12:37 CET 2025
------------------------------------------------------------
