------------------------------------------------------------
🚀 INICIO DEL PROCESO VELOCYTO - Tue Nov  4 10:51:31 CET 2025
------------------------------------------------------------
=== Procesando muestra: WT1-DsRedp ===
Directorio de entrada: /storage/scratch01/groups/ci/Trem1_GEICAM/Sarai/Single.Cell.Tet2/outs/out.smR039a.9/outs/per_sample_outs/WT1-DsRedp/count
Nodo: bc009 | JobID: 5580491 | TaskID: 1
------------------------------------------------------------
🧬 Ejecutando Velocyto...
2025-11-04 10:51:47,441 - DEBUG - Using logic: Default
2025-11-04 10:51:47,474 - INFO - Read 14278 cell barcodes from /storage/scratch01/groups/ci/Trem1_GEICAM/Sarai/Single.Cell.Tet2/outs/out.smR039a.9/outs/per_sample_outs/WT1-DsRedp/count/sample_filtered_feature_bc_matrix/barcodes.tsv.gz
2025-11-04 10:51:47,474 - DEBUG - Example of barcode: AAACAAGCAAAGCTCAAACGGGAA and cell_id: WT1-DsRedp:AAACAAGCAAAGCTCAAACGGGAA-1
2025-11-04 10:51:47,486 - DEBUG - Peeking into /storage/scratch01/groups/ci/Trem1_GEICAM/Sarai/Single.Cell.Tet2/outs/out.smR039a.9/outs/per_sample_outs/WT1-DsRedp/count/sample_alignments.bam
2025-11-04 10:51:47,547 - WARNING - Not found cell and umi barcode in entry 91 of the bam file
2025-11-04 10:51:47,547 - WARNING - Not found cell and umi barcode in entry 93 of the bam file
2025-11-04 10:51:47,547 - WARNING - Not found cell and umi barcode in entry 148 of the bam file
2025-11-04 10:51:47,547 - WARNING - Not found cell and umi barcode in entry 219 of the bam file
2025-11-04 10:51:47,547 - WARNING - Not found cell and umi barcode in entry 234 of the bam file
2025-11-04 10:51:47,547 - WARNING - Not found cell and umi barcode in entry 238 of the bam file
2025-11-04 10:51:47,548 - WARNING - Not found cell and umi barcode in entry 242 of the bam file
2025-11-04 10:51:47,548 - WARNING - Not found cell and umi barcode in entry 271 of the bam file
2025-11-04 10:51:47,549 - WARNING - Not found cell and umi barcode in entry 404 of the bam file
2025-11-04 10:51:47,549 - WARNING - Not found cell and umi barcode in entry 496 of the bam file
2025-11-04 10:51:47,549 - WARNING - Not found cell and umi barcode in entry 499 of the bam file
2025-11-04 10:51:47,549 - WARNING - Not found cell and umi barcode in entry 599 of the bam file
2025-11-04 10:51:47,549 - WARNING - Not found cell and umi barcode in entry 688 of the bam file
2025-11-04 10:51:47,550 - WARNING - Not found cell and umi barcode in entry 726 of the bam file
2025-11-04 10:51:47,550 - WARNING - Not found cell and umi barcode in entry 816 of the bam file
2025-11-04 10:51:47,550 - WARNING - Not found cell and umi barcode in entry 840 of the bam file
2025-11-04 10:51:47,552 - WARNING - The file /storage/scratch01/groups/ci/Trem1_GEICAM/Sarai/Single.Cell.Tet2/outs/out.smR039a.9/outs/per_sample_outs/WT1-DsRedp/count/cellsorted_sample_alignments.bam already exists. The sorting step will be skipped and the existing file will be used.
2025-11-04 10:51:47,552 - INFO - Load the annotation from /storage/scratch01/groups/ci/Trem1_GEICAM/Sarai/Annonation_Files/gencode.vM25.annotation.gtf
2025-11-04 10:51:51,112 - DEBUG - Parsing Chromosome 1 strand - [line 0]
2025-11-04 10:51:51,225 - DEBUG - Done with 1- [line 59062]
2025-11-04 10:51:51,225 - DEBUG - Assigning indexes to genes
2025-11-04 10:51:51,228 - DEBUG - Seen 1693 genes until now
2025-11-04 10:51:51,228 - DEBUG - Parsing Chromosome 1 strand + [line 59063]
2025-11-04 10:51:51,499 - DEBUG - Done with 1+ [line 116931]
2025-11-04 10:51:51,499 - DEBUG - Assigning indexes to genes
2025-11-04 10:51:51,503 - DEBUG - Seen 3446 genes until now
2025-11-04 10:51:51,503 - DEBUG - Parsing Chromosome 10 strand - [line 116932]
2025-11-04 10:51:51,751 - DEBUG - Done with 10- [line 158870]
2025-11-04 10:51:51,751 - DEBUG - Assigning indexes to genes
2025-11-04 10:51:51,753 - DEBUG - Seen 4713 genes until now
2025-11-04 10:51:51,753 - DEBUG - Parsing Chromosome 10 strand + [line 158871]
2025-11-04 10:51:51,841 - DEBUG - Done with 10+ [line 203797]
2025-11-04 10:51:51,841 - DEBUG - Assigning indexes to genes
2025-11-04 10:51:51,843 - DEBUG - Seen 6068 genes until now
2025-11-04 10:51:51,844 - DEBUG - Parsing Chromosome 11 strand - [line 203798]
2025-11-04 10:51:52,157 - DEBUG - Done with 11- [line 268491]
2025-11-04 10:51:52,157 - DEBUG - Assigning indexes to genes
2025-11-04 10:51:52,161 - DEBUG - Seen 7617 genes until now
2025-11-04 10:51:52,161 - DEBUG - Parsing Chromosome 11 strand + [line 268492]
2025-11-04 10:51:52,287 - DEBUG - Done with 11+ [line 332954]
2025-11-04 10:51:52,287 - DEBUG - Assigning indexes to genes
2025-11-04 10:51:52,290 - DEBUG - Seen 9067 genes until now
2025-11-04 10:51:52,290 - DEBUG - Parsing Chromosome 12 strand - [line 332955]
2025-11-04 10:51:52,344 - DEBUG - Done with 12- [line 360299]
2025-11-04 10:51:52,344 - DEBUG - Assigning indexes to genes
2025-11-04 10:51:52,346 - DEBUG - Seen 10382 genes until now
2025-11-04 10:51:52,346 - DEBUG - Parsing Chromosome 12 strand + [line 360300]
2025-11-04 10:51:52,420 - DEBUG - Done with 12+ [line 397190]
2025-11-04 10:51:52,420 - DEBUG - Assigning indexes to genes
2025-11-04 10:51:52,422 - DEBUG - Seen 11544 genes until now
2025-11-04 10:51:52,422 - DEBUG - Parsing Chromosome 13 strand - [line 397191]
2025-11-04 10:51:52,707 - DEBUG - Done with 13- [line 433847]
2025-11-04 10:51:52,707 - DEBUG - Assigning indexes to genes
2025-11-04 10:51:52,709 - DEBUG - Seen 12811 genes until now
2025-11-04 10:51:52,709 - DEBUG - Parsing Chromosome 13 strand + [line 433848]
2025-11-04 10:51:52,765 - DEBUG - Done with 13+ [line 462828]
2025-11-04 10:51:52,765 - DEBUG - Assigning indexes to genes
2025-11-04 10:51:52,767 - DEBUG - Seen 14046 genes until now
2025-11-04 10:51:52,767 - DEBUG - Parsing Chromosome 14 strand - [line 462829]
2025-11-04 10:51:52,845 - DEBUG - Done with 14- [line 501813]
2025-11-04 10:51:52,845 - DEBUG - Assigning indexes to genes
2025-11-04 10:51:52,847 - DEBUG - Seen 15241 genes until now
2025-11-04 10:51:52,847 - DEBUG - Parsing Chromosome 14 strand + [line 501814]
2025-11-04 10:51:52,916 - DEBUG - Done with 14+ [line 537473]
2025-11-04 10:51:52,916 - DEBUG - Assigning indexes to genes
2025-11-04 10:51:52,918 - DEBUG - Seen 16580 genes until now
2025-11-04 10:51:52,918 - DEBUG - Parsing Chromosome 15 strand - [line 537474]
2025-11-04 10:51:52,994 - DEBUG - Done with 15- [line 575556]
2025-11-04 10:51:52,994 - DEBUG - Assigning indexes to genes
2025-11-04 10:51:52,996 - DEBUG - Seen 17521 genes until now
2025-11-04 10:51:52,996 - DEBUG - Parsing Chromosome 15 strand + [line 575557]
2025-11-04 10:51:53,294 - DEBUG - Done with 15+ [line 608149]
2025-11-04 10:51:53,295 - DEBUG - Assigning indexes to genes
2025-11-04 10:51:53,296 - DEBUG - Seen 18432 genes until now
2025-11-04 10:51:53,296 - DEBUG - Parsing Chromosome 16 strand - [line 608150]
2025-11-04 10:51:53,353 - DEBUG - Done with 16- [line 636582]
2025-11-04 10:51:53,353 - DEBUG - Assigning indexes to genes
2025-11-04 10:51:53,354 - DEBUG - Seen 19223 genes until now
2025-11-04 10:51:53,354 - DEBUG - Parsing Chromosome 16 strand + [line 636583]
2025-11-04 10:51:53,417 - DEBUG - Done with 16+ [line 668857]
2025-11-04 10:51:53,417 - DEBUG - Assigning indexes to genes
2025-11-04 10:51:53,419 - DEBUG - Seen 20039 genes until now
2025-11-04 10:51:53,419 - DEBUG - Parsing Chromosome 17 strand - [line 668858]
2025-11-04 10:51:53,512 - DEBUG - Done with 17- [line 715100]
2025-11-04 10:51:53,512 - DEBUG - Assigning indexes to genes
2025-11-04 10:51:53,514 - DEBUG - Seen 21218 genes until now
2025-11-04 10:51:53,514 - DEBUG - Parsing Chromosome 17 strand + [line 715101]
2025-11-04 10:51:53,610 - DEBUG - Done with 17+ [line 764344]
2025-11-04 10:51:53,610 - DEBUG - Assigning indexes to genes
2025-11-04 10:51:53,614 - DEBUG - Seen 22359 genes until now
2025-11-04 10:51:53,614 - DEBUG - Parsing Chromosome 18 strand - [line 764345]
2025-11-04 10:51:53,653 - DEBUG - Done with 18- [line 784050]
2025-11-04 10:51:53,653 - DEBUG - Assigning indexes to genes
2025-11-04 10:51:53,654 - DEBUG - Seen 22997 genes until now
2025-11-04 10:51:53,654 - DEBUG - Parsing Chromosome 18 strand + [line 784051]
2025-11-04 10:51:53,975 - DEBUG - Done with 18+ [line 811173]
2025-11-04 10:51:53,975 - DEBUG - Assigning indexes to genes
2025-11-04 10:51:53,977 - DEBUG - Seen 23758 genes until now
2025-11-04 10:51:53,977 - DEBUG - Parsing Chromosome 19 strand - [line 811174]
2025-11-04 10:51:54,042 - DEBUG - Done with 19- [line 844397]
2025-11-04 10:51:54,042 - DEBUG - Assigning indexes to genes
2025-11-04 10:51:54,044 - DEBUG - Seen 24442 genes until now
2025-11-04 10:51:54,044 - DEBUG - Parsing Chromosome 19 strand + [line 844398]
2025-11-04 10:51:54,100 - DEBUG - Done with 19+ [line 873497]
2025-11-04 10:51:54,100 - DEBUG - Assigning indexes to genes
2025-11-04 10:51:54,102 - DEBUG - Seen 25152 genes until now
2025-11-04 10:51:54,102 - DEBUG - Parsing Chromosome 2 strand - [line 873498]
2025-11-04 10:51:54,260 - DEBUG - Done with 2- [line 953009]
2025-11-04 10:51:54,260 - DEBUG - Assigning indexes to genes
2025-11-04 10:51:54,264 - DEBUG - Seen 26981 genes until now
2025-11-04 10:51:54,264 - DEBUG - Parsing Chromosome 2 strand + [line 953010]
2025-11-04 10:51:54,409 - DEBUG - Done with 2+ [line 1027336]
2025-11-04 10:51:54,409 - DEBUG - Assigning indexes to genes
2025-11-04 10:51:54,414 - DEBUG - Seen 28946 genes until now
2025-11-04 10:51:54,414 - DEBUG - Parsing Chromosome 3 strand - [line 1027337]
2025-11-04 10:51:54,495 - DEBUG - Done with 3- [line 1069026]
2025-11-04 10:51:54,495 - DEBUG - Assigning indexes to genes
2025-11-04 10:51:54,498 - DEBUG - Seen 30404 genes until now
2025-11-04 10:51:54,498 - DEBUG - Parsing Chromosome 3 strand + [line 1069027]
2025-11-04 10:51:54,897 - DEBUG - Done with 3+ [line 1115102]
2025-11-04 10:51:54,897 - DEBUG - Assigning indexes to genes
2025-11-04 10:51:54,900 - DEBUG - Seen 31831 genes until now
2025-11-04 10:51:54,900 - DEBUG - Parsing Chromosome 4 strand - [line 1115103]
2025-11-04 10:51:55,006 - DEBUG - Done with 4- [line 1169156]
2025-11-04 10:51:55,006 - DEBUG - Assigning indexes to genes
2025-11-04 10:51:55,009 - DEBUG - Seen 33222 genes until now
2025-11-04 10:51:55,009 - DEBUG - Parsing Chromosome 4 strand + [line 1169157]
2025-11-04 10:51:55,111 - DEBUG - Done with 4+ [line 1221291]
2025-11-04 10:51:55,111 - DEBUG - Assigning indexes to genes
2025-11-04 10:51:55,114 - DEBUG - Seen 34690 genes until now
2025-11-04 10:51:55,114 - DEBUG - Parsing Chromosome 5 strand - [line 1221292]
2025-11-04 10:51:55,234 - DEBUG - Done with 5- [line 1282135]
2025-11-04 10:51:55,235 - DEBUG - Assigning indexes to genes
2025-11-04 10:51:55,238 - DEBUG - Seen 36281 genes until now
2025-11-04 10:51:55,238 - DEBUG - Parsing Chromosome 5 strand + [line 1282136]
2025-11-04 10:51:55,359 - DEBUG - Done with 5+ [line 1344076]
2025-11-04 10:51:55,359 - DEBUG - Assigning indexes to genes
2025-11-04 10:51:55,363 - DEBUG - Seen 37942 genes until now
2025-11-04 10:51:55,363 - DEBUG - Parsing Chromosome 6 strand - [line 1344077]
2025-11-04 10:51:55,457 - DEBUG - Done with 6- [line 1392155]
2025-11-04 10:51:55,457 - DEBUG - Assigning indexes to genes
2025-11-04 10:51:55,460 - DEBUG - Seen 39466 genes until now
2025-11-04 10:51:55,460 - DEBUG - Parsing Chromosome 6 strand + [line 1392156]
2025-11-04 10:51:55,925 - DEBUG - Done with 6+ [line 1442945]
2025-11-04 10:51:55,925 - DEBUG - Assigning indexes to genes
2025-11-04 10:51:55,929 - DEBUG - Seen 41071 genes until now
2025-11-04 10:51:55,929 - DEBUG - Parsing Chromosome 7 strand - [line 1442946]
2025-11-04 10:51:56,081 - DEBUG - Done with 7- [line 1521802]
2025-11-04 10:51:56,081 - DEBUG - Assigning indexes to genes
2025-11-04 10:51:56,087 - DEBUG - Seen 43608 genes until now
2025-11-04 10:51:56,087 - DEBUG - Parsing Chromosome 7 strand + [line 1521803]
2025-11-04 10:51:56,231 - DEBUG - Done with 7+ [line 1597237]
2025-11-04 10:51:56,231 - DEBUG - Assigning indexes to genes
2025-11-04 10:51:56,240 - DEBUG - Seen 45790 genes until now
2025-11-04 10:51:56,240 - DEBUG - Parsing Chromosome 8 strand - [line 1597238]
2025-11-04 10:51:56,315 - DEBUG - Done with 8- [line 1635144]
2025-11-04 10:51:56,315 - DEBUG - Assigning indexes to genes
2025-11-04 10:51:56,317 - DEBUG - Seen 47022 genes until now
2025-11-04 10:51:56,317 - DEBUG - Parsing Chromosome 8 strand + [line 1635145]
2025-11-04 10:51:56,412 - DEBUG - Done with 8+ [line 1684308]
2025-11-04 10:51:56,412 - DEBUG - Assigning indexes to genes
2025-11-04 10:51:56,415 - DEBUG - Seen 48326 genes until now
2025-11-04 10:51:56,415 - DEBUG - Parsing Chromosome 9 strand - [line 1684309]
2025-11-04 10:51:56,522 - DEBUG - Done with 9- [line 1738082]
2025-11-04 10:51:56,523 - DEBUG - Assigning indexes to genes
2025-11-04 10:51:56,526 - DEBUG - Seen 49688 genes until now
2025-11-04 10:51:56,526 - DEBUG - Parsing Chromosome 9 strand + [line 1738083]
2025-11-04 10:51:56,635 - DEBUG - Done with 9+ [line 1794072]
2025-11-04 10:51:56,635 - DEBUG - Assigning indexes to genes
2025-11-04 10:51:56,639 - DEBUG - Seen 51169 genes until now
2025-11-04 10:51:56,639 - DEBUG - Parsing Chromosome M strand - [line 1794073]
2025-11-04 10:51:56,639 - DEBUG - Done with M- [line 1794103]
2025-11-04 10:51:56,639 - DEBUG - Assigning indexes to genes
2025-11-04 10:51:56,639 - DEBUG - Seen 51178 genes until now
2025-11-04 10:51:56,639 - DEBUG - Parsing Chromosome M strand + [line 1794104]
2025-11-04 10:51:56,639 - DEBUG - Done with M+ [line 1794225]
2025-11-04 10:51:56,639 - DEBUG - Assigning indexes to genes
2025-11-04 10:51:56,640 - DEBUG - Seen 51206 genes until now
2025-11-04 10:51:56,640 - DEBUG - Parsing Chromosome X strand - [line 1794226]
2025-11-04 10:51:56,699 - DEBUG - Done with X- [line 1824523]
2025-11-04 10:51:56,699 - DEBUG - Assigning indexes to genes
2025-11-04 10:51:56,701 - DEBUG - Seen 52478 genes until now
2025-11-04 10:51:56,701 - DEBUG - Parsing Chromosome X strand + [line 1824524]
2025-11-04 10:51:57,193 - DEBUG - Done with X+ [line 1858357]
2025-11-04 10:51:57,193 - DEBUG - Assigning indexes to genes
2025-11-04 10:51:57,196 - DEBUG - Seen 53832 genes until now
2025-11-04 10:51:57,196 - DEBUG - Parsing Chromosome Y strand - [line 1858358]
2025-11-04 10:51:57,211 - DEBUG - Done with Y- [line 1865468]
2025-11-04 10:51:57,211 - DEBUG - Assigning indexes to genes
2025-11-04 10:51:57,212 - DEBUG - Seen 54711 genes until now
2025-11-04 10:51:57,212 - DEBUG - Parsing Chromosome Y strand + [line 1865469]
2025-11-04 10:51:57,226 - DEBUG - Assigning indexes to genes
2025-11-04 10:51:57,227 - DEBUG - Done with Y+ [line 1872050]
2025-11-04 10:51:57,227 - DEBUG - Fixing corner cases of transcript models containg intron longer than 1000Kbp
2025-11-04 10:51:57,743 - DEBUG - Generated 1544182 features corresponding to 142604 transcript models from /storage/scratch01/groups/ci/Trem1_GEICAM/Sarai/Annonation_Files/gencode.vM25.annotation.gtf
2025-11-04 10:51:57,757 - INFO - Load the repeat masking annotation from /storage/scratch01/groups/ci/Trem1_GEICAM/Sarai/Annonation_Files/rmsk_velocyto.txt
2025-11-04 10:51:57,757 - DEBUG - Reading /storage/scratch01/groups/ci/Trem1_GEICAM/Sarai/Annonation_Files/rmsk_velocyto.txt, the file will be sorted in memory
2025-11-04 10:52:10,825 - DEBUG - Processed masked annotation .gtf and generated 4369219 intervals to mask!
2025-11-04 10:52:10,965 - INFO - Scan /storage/scratch01/groups/ci/Trem1_GEICAM/Sarai/Single.Cell.Tet2/outs/out.smR039a.9/outs/per_sample_outs/WT1-DsRedp/count/sample_alignments.bam to validate intron intervals
2025-11-04 10:52:11,557 - DEBUG - Reading /storage/scratch01/groups/ci/Trem1_GEICAM/Sarai/Single.Cell.Tet2/outs/out.smR039a.9/outs/per_sample_outs/WT1-DsRedp/count/sample_alignments.bam
2025-11-04 10:52:11,562 - DEBUG - Read first 0 million reads
2025-11-04 10:52:11,562 - DEBUG - Marking up chromosome 1
2025-11-04 10:53:00,480 - DEBUG - Read first 10 million reads
2025-11-04 10:53:32,825 - DEBUG - Marking up chromosome 10
2025-11-04 10:53:52,418 - DEBUG - Read first 20 million reads
2025-11-04 10:54:52,163 - DEBUG - Read first 30 million reads
2025-11-04 10:54:56,399 - DEBUG - Marking up chromosome 11
2025-11-04 10:55:45,036 - DEBUG - Read first 40 million reads
2025-11-04 10:56:35,269 - DEBUG - Read first 50 million reads
2025-11-04 10:56:42,180 - DEBUG - Marking up chromosome 12
2025-11-04 10:57:24,603 - DEBUG - Read first 60 million reads
2025-11-04 10:57:34,785 - DEBUG - Marking up chromosome 13
2025-11-04 10:58:14,389 - DEBUG - Read first 70 million reads
2025-11-04 10:58:14,493 - DEBUG - Marking up chromosome 14
2025-11-04 10:58:57,159 - DEBUG - Marking up chromosome 15
2025-11-04 10:59:07,530 - DEBUG - Read first 80 million reads
2025-11-04 10:59:47,095 - DEBUG - Marking up chromosome 16
2025-11-04 11:00:00,387 - DEBUG - Read first 90 million reads
2025-11-04 11:00:21,807 - DEBUG - Marking up chromosome 17
2025-11-04 11:00:57,213 - DEBUG - Read first 100 million reads
2025-11-04 11:01:48,380 - DEBUG - Read first 110 million reads
2025-11-04 11:01:54,509 - DEBUG - Marking up chromosome 18
2025-11-04 11:02:36,677 - DEBUG - Read first 120 million reads
2025-11-04 11:02:51,426 - DEBUG - Marking up chromosome 19
2025-11-04 11:03:27,132 - DEBUG - Read first 130 million reads
2025-11-04 11:03:45,213 - DEBUG - Marking up chromosome 2
2025-11-04 11:04:19,659 - DEBUG - Read first 140 million reads
2025-11-04 11:05:14,537 - DEBUG - Read first 150 million reads
2025-11-04 11:05:38,944 - DEBUG - Marking up chromosome 3
2025-11-04 11:06:06,414 - DEBUG - Read first 160 million reads
2025-11-04 11:06:39,041 - DEBUG - Marking up chromosome 4
2025-11-04 11:06:55,517 - DEBUG - Read first 170 million reads
2025-11-04 11:07:46,796 - DEBUG - Read first 180 million reads
2025-11-04 11:08:00,246 - DEBUG - Marking up chromosome 5
2025-11-04 11:08:37,875 - DEBUG - Read first 190 million reads
2025-11-04 11:09:14,652 - DEBUG - Marking up chromosome 6
2025-11-04 11:09:29,028 - DEBUG - Read first 200 million reads
2025-11-04 11:10:18,328 - DEBUG - Read first 210 million reads
2025-11-04 11:10:22,745 - DEBUG - Marking up chromosome 7
2025-11-04 11:11:09,599 - DEBUG - Read first 220 million reads
2025-11-04 11:12:02,487 - DEBUG - Read first 230 million reads
2025-11-04 11:12:30,115 - DEBUG - Marking up chromosome 8
2025-11-04 11:12:53,237 - DEBUG - Read first 240 million reads
2025-11-04 11:13:38,352 - DEBUG - Marking up chromosome 9
2025-11-04 11:13:47,588 - DEBUG - Read first 250 million reads
2025-11-04 11:14:37,158 - DEBUG - Marking up chromosome MT
2025-11-04 11:14:37,159 - WARNING - The .bam file refers to a chromosome 'MT+' not present in the annotation (.gtf) file
2025-11-04 11:14:37,159 - WARNING - The .bam file refers to a chromosome 'MT-' not present in the annotation (.gtf) file
2025-11-04 11:14:39,241 - DEBUG - Marking up chromosome X
2025-11-04 11:14:40,437 - DEBUG - Read first 260 million reads
2025-11-04 11:15:18,793 - DEBUG - Marking up chromosome Y
2025-11-04 11:15:18,799 - DEBUG - Marking up chromosome GL456233.2
2025-11-04 11:15:18,799 - WARNING - The .bam file refers to a chromosome 'GL456233.2+' not present in the annotation (.gtf) file
2025-11-04 11:15:18,799 - WARNING - The .bam file refers to a chromosome 'GL456233.2-' not present in the annotation (.gtf) file
2025-11-04 11:15:18,827 - DEBUG - Marking up chromosome GL456221.1
2025-11-04 11:15:18,827 - WARNING - The .bam file refers to a chromosome 'GL456221.1+' not present in the annotation (.gtf) file
2025-11-04 11:15:18,827 - WARNING - The .bam file refers to a chromosome 'GL456221.1-' not present in the annotation (.gtf) file
2025-11-04 11:15:18,827 - DEBUG - Marking up chromosome GL456212.1
2025-11-04 11:15:18,827 - WARNING - The .bam file refers to a chromosome 'GL456212.1+' not present in the annotation (.gtf) file
2025-11-04 11:15:18,827 - WARNING - The .bam file refers to a chromosome 'GL456212.1-' not present in the annotation (.gtf) file
2025-11-04 11:15:18,829 - DEBUG - Marking up chromosome JH584304.1
2025-11-04 11:15:18,829 - WARNING - The .bam file refers to a chromosome 'JH584304.1+' not present in the annotation (.gtf) file
2025-11-04 11:15:18,829 - WARNING - The .bam file refers to a chromosome 'JH584304.1-' not present in the annotation (.gtf) file
2025-11-04 11:15:18,833 - DEBUG - Marking up chromosome GL456366.1
2025-11-04 11:15:18,833 - WARNING - The .bam file refers to a chromosome 'GL456366.1+' not present in the annotation (.gtf) file
2025-11-04 11:15:18,833 - WARNING - The .bam file refers to a chromosome 'GL456366.1-' not present in the annotation (.gtf) file
2025-11-04 11:15:18,833 - DEBUG - Marking up chromosome GL456378.1
2025-11-04 11:15:18,833 - WARNING - The .bam file refers to a chromosome 'GL456378.1+' not present in the annotation (.gtf) file
2025-11-04 11:15:18,833 - WARNING - The .bam file refers to a chromosome 'GL456378.1-' not present in the annotation (.gtf) file
2025-11-04 11:15:18,834 - DEBUG - Marking up chromosome MU069434.1
2025-11-04 11:15:18,834 - WARNING - The .bam file refers to a chromosome 'MU069434.1+' not present in the annotation (.gtf) file
2025-11-04 11:15:18,834 - WARNING - The .bam file refers to a chromosome 'MU069434.1-' not present in the annotation (.gtf) file
2025-11-04 11:15:21,291 - DEBUG - End of file. Reset index: start scanning from initial position.
2025-11-04 11:15:21,291 - DEBUG - 2378825 reads were skipped because no apropiate cell or umi barcode was found
2025-11-04 11:15:21,292 - DEBUG - Start molecule counting!
2025-11-04 11:15:22,174 - DEBUG - Features available for chromosomes : ['1-', '1+', '10-', '10+', '11-', '11+', '12-', '12+', '13-', '13+', '14-', '14+', '15-', '15+', '16-', '16+', '17-', '17+', '18-', '18+', '19-', '19+', '2-', '2+', '3-', '3+', '4-', '4+', '5-', '5+', '6-', '6+', '7-', '7+', '8-', '8+', '9-', '9+', 'M-', 'M+', 'X-', 'X+', 'Y-', 'Y+']
2025-11-04 11:15:22,174 - DEBUG - Mask available for chromosomes : ['1-', '1+', '10-', '10+', '10_GL456015_alt-', '10_GL456015_alt+', '10_KQ030491_fix-', '10_KQ030491_fix+', '10_KZ289071_fix-', '10_KZ289071_fix+', '10_KZ289072_fix-', '10_KZ289072_fix+', '11-', '11+', '11_GL455998_alt-', '11_GL455998_alt+', '11_GL456016_alt-', '11_GL456016_alt+', '11_GL456060_alt-', '11_GL456060_alt+', '11_JH584265_alt-', '11_JH584265_alt+', '11_JH584316_alt-', '11_JH584316_alt+', '11_JH584317_alt-', '11_JH584317_alt+', '11_JH584327_alt-', '11_JH584327_alt+', '11_KB469739_fix-', '11_KB469739_fix+', '11_KZ289073_alt-', '11_KZ289073_alt+', '11_KZ289074_alt-', '11_KZ289074_alt+', '11_KZ289075_alt-', '11_KZ289075_alt+', '11_KZ289076_fix-', '11_KZ289076_fix+', '11_KZ289077_alt-', '11_KZ289077_alt+', '11_KZ289078_alt-', '11_KZ289078_alt+', '11_KZ289079_alt-', '11_KZ289079_alt+', '11_KZ289080_alt-', '11_KZ289080_alt+', '11_KZ289081_alt-', '11_KZ289081_alt+', '12-', '12+', '12_GL456017_alt-', '12_GL456017_alt+', '12_GL456068_alt-', '12_GL456068_alt+', '12_GL456074_alt-', '12_GL456074_alt+', '12_GL456078_alt-', '12_GL456078_alt+', '12_GL456349_alt-', '12_GL456349_alt+', '12_KB469740_fix-', '12_KB469740_fix+', '12_KZ289082_fix-', '12_KZ289082_fix+', '13-', '13+', '13_GL455990_alt-', '13_GL455990_alt+', '13_GL455999_alt-', '13_GL455999_alt+', '13_JH584305_alt-', '13_JH584305_alt+', '14-', '14+', '14_GL456019_alt-', '14_GL456019_alt+', '14_GL456020_alt-', '14_GL456020_alt+', '14_KZ289083_fix-', '14_KZ289083_fix+', '14_KZ289084_fix-', '14_KZ289084_fix+', '15-', '15+', '15_GL456000_alt-', '15_GL456000_alt+', '15_JH584270_alt-', '15_JH584270_alt+', '15_KQ030492_fix-', '15_KQ030492_fix+', '15_KQ030493_fix-', '15_KQ030493_fix+', '15_KV575241_fix-', '15_KV575241_fix+', '15_KZ289085_fix-', '15_KZ289085_fix+', '15_KZ289086_fix-', '15_KZ289086_fix+', '16-', '16+', '16_GL456001_alt-', '16_GL456001_alt+', '16_GL456028_alt-', '16_GL456028_alt+', '16_JH584306_alt-', '16_JH584306_alt+', '16_JH584307_alt-', '16_JH584307_alt+', '16_JH584310_alt-', '16_JH584310_alt+', '16_JH584311_alt-', '16_JH584311_alt+', '16_JH584312_alt-', '16_JH584312_alt+', '16_JH584313_alt-', '16_JH584313_alt+', '16_JH584314_alt-', '16_JH584314_alt+', '16_KB469741_fix-', '16_KB469741_fix+', '17-', '17+', '17_GL456002_alt-', '17_GL456002_alt+', '17_GL456021_alt-', '17_GL456021_alt+', '17_GL456022_alt-', '17_GL456022_alt+', '17_GL456069_alt-', '17_GL456069_alt+', '17_JH584266_alt-', '17_JH584266_alt+', '17_JH584267_alt-', '17_JH584267_alt+', '17_JH584308_alt-', '17_JH584308_alt+', '17_JH584309_alt-', '17_JH584309_alt+', '17_JH584328_alt-', '17_JH584328_alt+', '17_JH590470_alt-', '17_JH590470_alt+', '17_KB469742_fix-', '17_KB469742_fix+', '17_KZ289087_fix-', '17_KZ289087_fix+', '17_KZ289088_fix-', '17_KZ289088_fix+', '17_KZ289089_fix-', '17_KZ289089_fix+', '18-', '18+', '18_GL456070_alt-', '18_GL456070_alt+', '18_JH584318_alt-', '18_JH584318_alt+', '18_JH792829_fix-', '18_JH792829_fix+', '18_KZ289090_fix-', '18_KZ289090_fix+', '18_KZ289091_fix-', '18_KZ289091_fix+', '19-', '19+', '19_GL456079_alt-', '19_GL456079_alt+', '19_JH584319_alt-', '19_JH584319_alt+', '19_JH792830_fix-', '19_JH792830_fix+', '19_KQ030494_fix-', '19_KQ030494_fix+', '19_KV575242_fix-', '19_KV575242_fix+', '1_GL455991_alt-', '1_GL455991_alt+', '1_GL455992_alt-', '1_GL455992_alt+', '1_GL455993_alt-', '1_GL455993_alt+', '1_GL456005_alt-', '1_GL456005_alt+', '1_GL456210_random-', '1_GL456210_random+', '1_GL456211_random-', '1_GL456211_random+', '1_GL456212_random-', '1_GL456212_random+', '1_GL456213_random-', '1_GL456213_random+', '1_GL456221_random-', '1_GL456221_random+', '1_JH584315_alt-', '1_JH584315_alt+', '1_JH584320_alt-', '1_JH584320_alt+', '1_JH584321_alt-', '1_JH584321_alt+', '1_JH584322_alt-', '1_JH584322_alt+', '1_KK082441_alt-', '1_KK082441_alt+', '1_KV575232_fix-', '1_KV575232_fix+', '1_KV575233_fix-', '1_KV575233_fix+', '1_KV575234_fix-', '1_KV575234_fix+', '2-', '2+', '2_GL456024_alt-', '2_GL456024_alt+', '2_KV575235_fix-', '2_KV575235_fix+', '2_KV575236_fix-', '2_KV575236_fix+', '3-', '3+', '3_GL456006_alt-', '3_GL456006_alt+', '3_GL456007_alt-', '3_GL456007_alt+', '3_GL456008_alt-', '3_GL456008_alt+', '3_GL456042_alt-', '3_GL456042_alt+', '3_GL456044_alt-', '3_GL456044_alt+', '3_GL456045_alt-', '3_GL456045_alt+', '3_GL456048_alt-', '3_GL456048_alt+', '3_GL456049_alt-', '3_GL456049_alt+', '3_JH584323_alt-', '3_JH584323_alt+', '3_KQ030484_fix-', '3_KQ030484_fix+', '3_KZ289064_fix-', '3_KZ289064_fix+', '3_KZ289065_fix-', '3_KZ289065_fix+', '3_KZ289066_fix-', '3_KZ289066_fix+', '4-', '4+', '4_GL455994_alt-', '4_GL455994_alt+', '4_GL456009_alt-', '4_GL456009_alt+', '4_GL456010_alt-', '4_GL456010_alt+', '4_GL456053_alt-', '4_GL456053_alt+', '4_GL456064_alt-', '4_GL456064_alt+', '4_GL456075_alt-', '4_GL456075_alt+', '4_GL456076_alt-', '4_GL456076_alt+', '4_GL456077_alt-', '4_GL456077_alt+', '4_GL456216_random-', '4_GL456216_random+', '4_GL456350_random-', '4_GL456350_random+', '4_JH584268_alt-', '4_JH584268_alt+', '4_JH584269_alt-', '4_JH584269_alt+', '4_JH584292_random-', '4_JH584292_random+', '4_JH584293_random-', '4_JH584293_random+', '4_JH584294_random-', '4_JH584294_random+', '4_JH584295_random+', '4_JH584324_alt-', '4_JH584324_alt+', '4_JH584325_alt-', '4_JH584325_alt+', '4_JH584326_alt-', '4_JH584326_alt+', '4_JH792826_fix-', '4_JH792826_fix+', '4_KQ030485_fix-', '4_KQ030485_fix+', '4_KQ030486_fix-', '4_KQ030486_fix+', '4_KQ030487_fix-', '4_KQ030487_fix+', '4_KQ030488_fix-', '4_KQ030488_fix+', '4_KQ030489_fix-', '4_KQ030489_fix+', '4_KZ289067_fix-', '4_KZ289067_fix+', '4_KZ289068_fix-', '4_KZ289068_fix+', '4_KZ289069_fix-', '4_KZ289069_fix+', '4_KZ289070_fix-', '4_KZ289070_fix+', '5-', '5+', '5_GL455995_alt-', '5_GL455995_alt+', '5_GL456011_alt-', '5_GL456011_alt+', '5_GL456354_random-', '5_GL456354_random+', '5_JH584296_random-', '5_JH584296_random+', '5_JH584297_random-', '5_JH584297_random+', '5_JH584298_random-', '5_JH584298_random+', '5_JH584299_random-', '5_JH584299_random+', '5_JH792827_fix-', '5_JH792827_fix+', '5_KV575237_fix-', '5_KV575237_fix+', '6-', '6+', '6_GL456012_alt-', '6_GL456012_alt+', '6_GL456025_alt-', '6_GL456025_alt+', '6_GL456026_alt-', '6_GL456026_alt+', '6_GL456054_alt-', '6_GL456054_alt+', '6_GL456065_alt-', '6_GL456065_alt+', '6_JH584264_alt-', '6_JH584264_alt+', '6_KK082442_fix-', '6_KK082442_fix+', '6_KK082443_fix-', '6_KK082443_fix+', '7-', '7+', '7_GL455989_alt-', '7_GL455989_alt+', '7_GL456013_alt-', '7_GL456013_alt+', '7_GL456014_alt-', '7_GL456014_alt+', '7_GL456219_random-', '7_GL456219_random+', '7_JH792828_fix-', '7_JH792828_fix+', '7_KV575238_fix-', '7_KV575238_fix+', '7_KV575239_fix-', '7_KV575239_fix+', '8-', '8+', '8_GL455996_alt-', '8_GL455996_alt+', '8_GL455997_alt-', '8_GL455997_alt+', '8_KV575240_fix-', '8_KV575240_fix+', '9-', '9+', '9_KB469738_fix-', '9_KB469738_fix+', '9_KQ030490_fix-', '9_KQ030490_fix+', 'M-', 'M+', 'Un_GL456239-', 'Un_GL456239+', 'Un_GL456359-', 'Un_GL456359+', 'Un_GL456360-', 'Un_GL456360+', 'Un_GL456366-', 'Un_GL456366+', 'Un_GL456367-', 'Un_GL456367+', 'Un_GL456368-', 'Un_GL456368+', 'Un_GL456370+', 'Un_GL456372-', 'Un_GL456372+', 'Un_GL456378-', 'Un_GL456378+', 'Un_GL456379-', 'Un_GL456379+', 'Un_GL456381-', 'Un_GL456381+', 'Un_GL456382-', 'Un_GL456382+', 'Un_GL456383-', 'Un_GL456383+', 'Un_GL456385-', 'Un_GL456385+', 'Un_GL456387-', 'Un_GL456387+', 'Un_GL456389-', 'Un_GL456389+', 'Un_GL456390-', 'Un_GL456390+', 'Un_GL456392-', 'Un_GL456392+', 'Un_GL456393-', 'Un_GL456393+', 'Un_GL456394-', 'Un_GL456394+', 'Un_GL456396-', 'Un_GL456396+', 'Un_JH584304-', 'Un_JH584304+', 'X-', 'X+', 'X_GL456003_alt-', 'X_GL456003_alt+', 'X_GL456004_alt-', 'X_GL456004_alt+', 'X_GL456031_alt-', 'X_GL456031_alt+', 'X_GL456032_alt-', 'X_GL456032_alt+', 'X_GL456033_alt-', 'X_GL456033_alt+', 'X_GL456233_random-', 'X_GL456233_random+', 'X_JH792831_fix-', 'X_JH792831_fix+', 'X_KQ030495_fix-', 'X_KQ030495_fix+', 'X_KQ030496_fix-', 'X_KQ030496_fix+', 'X_KQ030497_fix-', 'X_KQ030497_fix+', 'X_KZ289092_fix-', 'X_KZ289092_fix+', 'X_KZ289093_fix-', 'X_KZ289093_fix+', 'X_KZ289094_fix-', 'X_KZ289094_fix+', 'X_KZ289095_fix-', 'X_KZ289095_fix+', 'Y-', 'Y+', 'Y_GL456071_alt-', 'Y_GL456071_alt+', 'Y_GL456072_alt-', 'Y_GL456072_alt+', 'Y_GL456073_alt-', 'Y_GL456073_alt+', 'Y_GL456080_alt-', 'Y_GL456080_alt+', 'Y_GL456081_alt-', 'Y_GL456081_alt+', 'Y_GL456082_alt-', 'Y_GL456082_alt+', 'Y_JH584300_random-', 'Y_JH584300_random+', 'Y_JH584301_random-', 'Y_JH584301_random+', 'Y_JH584302_random-', 'Y_JH584302_random+', 'Y_JH584303_random-', 'Y_JH584303_random+', 'Y_JH792832_fix-', 'Y_JH792832_fix+', 'Y_JH792833_fix-', 'Y_JH792833_fix+', 'Y_JH792834_fix-', 'Y_JH792834_fix+', 'na_GL456050_alt-']
2025-11-04 11:15:22,175 - DEBUG - Summarizing the results of intron validation.
2025-11-04 11:15:22,236 - DEBUG - Validated 1119 introns (of which unique intervals 443) out of 700789 total possible introns (considering each possible transcript models).
2025-11-04 11:15:22,236 - DEBUG - Reading /storage/scratch01/groups/ci/Trem1_GEICAM/Sarai/Single.Cell.Tet2/outs/out.smR039a.9/outs/per_sample_outs/WT1-DsRedp/count/cellsorted_sample_alignments.bam
2025-11-04 11:15:22,252 - DEBUG - Read first 0 million reads
2025-11-04 11:15:34,014 - DEBUG - Counting for batch 1, containing 100 cells and 1689040 reads
2025-11-04 11:15:42,923 - DEBUG - 209354 reads not considered because fully enclosed in repeat masked regions
2025-11-04 11:15:56,104 - DEBUG - Counting for batch 2, containing 100 cells and 1747286 reads
2025-11-04 11:16:05,339 - DEBUG - 213715 reads not considered because fully enclosed in repeat masked regions
2025-11-04 11:16:17,919 - DEBUG - Counting for batch 3, containing 100 cells and 1888328 reads
2025-11-04 11:16:27,625 - DEBUG - 233081 reads not considered because fully enclosed in repeat masked regions
2025-11-04 11:16:41,709 - DEBUG - Counting for batch 4, containing 100 cells and 1861575 reads
2025-11-04 11:16:49,609 - DEBUG - 228133 reads not considered because fully enclosed in repeat masked regions
2025-11-04 11:17:02,306 - DEBUG - Counting for batch 5, containing 100 cells and 1710981 reads
2025-11-04 11:17:11,327 - DEBUG - 212023 reads not considered because fully enclosed in repeat masked regions
2025-11-04 11:17:14,234 - DEBUG - Read first 10 million reads
2025-11-04 11:17:21,282 - DEBUG - Counting for batch 6, containing 100 cells and 1433781 reads
2025-11-04 11:17:29,198 - DEBUG - 174846 reads not considered because fully enclosed in repeat masked regions
2025-11-04 11:17:42,609 - DEBUG - Counting for batch 7, containing 100 cells and 1816959 reads
2025-11-04 11:17:52,242 - DEBUG - 220857 reads not considered because fully enclosed in repeat masked regions
2025-11-04 11:18:04,765 - DEBUG - Counting for batch 8, containing 100 cells and 1889401 reads
2025-11-04 11:18:14,649 - DEBUG - 229097 reads not considered because fully enclosed in repeat masked regions
2025-11-04 11:18:25,367 - DEBUG - Counting for batch 9, containing 100 cells and 1548001 reads
2025-11-04 11:18:33,908 - DEBUG - 187418 reads not considered because fully enclosed in repeat masked regions
2025-11-04 11:18:48,375 - DEBUG - Counting for batch 10, containing 100 cells and 2113090 reads
2025-11-04 11:18:59,471 - DEBUG - 255125 reads not considered because fully enclosed in repeat masked regions
2025-11-04 11:19:06,075 - DEBUG - Read first 20 million reads
2025-11-04 11:19:12,800 - DEBUG - Counting for batch 11, containing 100 cells and 1721422 reads
2025-11-04 11:19:22,120 - DEBUG - 203106 reads not considered because fully enclosed in repeat masked regions
2025-11-04 11:19:37,619 - DEBUG - Counting for batch 12, containing 100 cells and 2136370 reads
2025-11-04 11:19:46,906 - DEBUG - 271125 reads not considered because fully enclosed in repeat masked regions
2025-11-04 11:19:59,880 - DEBUG - Counting for batch 13, containing 100 cells and 1743238 reads
2025-11-04 11:20:08,936 - DEBUG - 214608 reads not considered because fully enclosed in repeat masked regions
2025-11-04 11:20:23,245 - DEBUG - Counting for batch 14, containing 100 cells and 1985006 reads
2025-11-04 11:20:33,520 - DEBUG - 237936 reads not considered because fully enclosed in repeat masked regions
2025-11-04 11:20:46,266 - DEBUG - Counting for batch 15, containing 100 cells and 1961068 reads
2025-11-04 11:20:56,451 - DEBUG - 240609 reads not considered because fully enclosed in repeat masked regions
2025-11-04 11:21:01,076 - DEBUG - Read first 30 million reads
2025-11-04 11:21:10,525 - DEBUG - Counting for batch 16, containing 100 cells and 1984682 reads
2025-11-04 11:21:20,809 - DEBUG - 249335 reads not considered because fully enclosed in repeat masked regions
2025-11-04 11:21:33,014 - DEBUG - Counting for batch 17, containing 100 cells and 1596781 reads
2025-11-04 11:21:41,605 - DEBUG - 181351 reads not considered because fully enclosed in repeat masked regions
2025-11-04 11:21:51,831 - DEBUG - Counting for batch 18, containing 100 cells and 1523555 reads
2025-11-04 11:22:00,302 - DEBUG - 189549 reads not considered because fully enclosed in repeat masked regions
2025-11-04 11:22:12,859 - DEBUG - Counting for batch 19, containing 100 cells and 1970397 reads
2025-11-04 11:22:22,921 - DEBUG - 235081 reads not considered because fully enclosed in repeat masked regions
2025-11-04 11:22:33,325 - DEBUG - Counting for batch 20, containing 100 cells and 1520142 reads
2025-11-04 11:22:41,680 - DEBUG - 179737 reads not considered because fully enclosed in repeat masked regions
2025-11-04 11:22:49,383 - DEBUG - Read first 40 million reads
2025-11-04 11:22:52,153 - DEBUG - Counting for batch 21, containing 100 cells and 1600997 reads
2025-11-04 11:23:00,836 - DEBUG - 194287 reads not considered because fully enclosed in repeat masked regions
2025-11-04 11:23:11,473 - DEBUG - Counting for batch 22, containing 100 cells and 1617814 reads
2025-11-04 11:23:20,218 - DEBUG - 195662 reads not considered because fully enclosed in repeat masked regions
2025-11-04 11:23:33,910 - DEBUG - Counting for batch 23, containing 100 cells and 1911500 reads
2025-11-04 11:23:44,442 - DEBUG - 241049 reads not considered because fully enclosed in repeat masked regions
2025-11-04 11:23:54,492 - DEBUG - Counting for batch 24, containing 100 cells and 1431736 reads
2025-11-04 11:24:02,570 - DEBUG - 177526 reads not considered because fully enclosed in repeat masked regions
2025-11-04 11:24:13,382 - DEBUG - Counting for batch 25, containing 100 cells and 1679733 reads
2025-11-04 11:24:22,096 - DEBUG - 193784 reads not considered because fully enclosed in repeat masked regions
2025-11-04 11:24:33,850 - DEBUG - Counting for batch 26, containing 100 cells and 1557093 reads
2025-11-04 11:24:42,480 - DEBUG - 194334 reads not considered because fully enclosed in repeat masked regions
2025-11-04 11:24:45,731 - DEBUG - Read first 50 million reads
2025-11-04 11:24:52,101 - DEBUG - Counting for batch 27, containing 100 cells and 1385232 reads
2025-11-04 11:24:58,142 - DEBUG - 161565 reads not considered because fully enclosed in repeat masked regions
2025-11-04 11:25:11,868 - DEBUG - Counting for batch 28, containing 100 cells and 1986816 reads
2025-11-04 11:25:22,231 - DEBUG - 246666 reads not considered because fully enclosed in repeat masked regions
2025-11-04 11:25:35,729 - DEBUG - Counting for batch 29, containing 100 cells and 1867923 reads
2025-11-04 11:25:45,481 - DEBUG - 227087 reads not considered because fully enclosed in repeat masked regions
2025-11-04 11:25:58,327 - DEBUG - Counting for batch 30, containing 100 cells and 1667281 reads
2025-11-04 11:26:05,348 - DEBUG - 195497 reads not considered because fully enclosed in repeat masked regions
2025-11-04 11:26:17,123 - DEBUG - Counting for batch 31, containing 100 cells and 1555302 reads
2025-11-04 11:26:25,541 - DEBUG - 182665 reads not considered because fully enclosed in repeat masked regions
2025-11-04 11:26:32,513 - DEBUG - Read first 60 million reads
2025-11-04 11:26:36,915 - DEBUG - Counting for batch 32, containing 100 cells and 1747103 reads
2025-11-04 11:26:46,359 - DEBUG - 219222 reads not considered because fully enclosed in repeat masked regions
2025-11-04 11:26:57,142 - DEBUG - Counting for batch 33, containing 100 cells and 1607389 reads
2025-11-04 11:27:05,809 - DEBUG - 195158 reads not considered because fully enclosed in repeat masked regions
2025-11-04 11:27:19,535 - DEBUG - Counting for batch 34, containing 100 cells and 1871862 reads
2025-11-04 11:27:27,443 - DEBUG - 228076 reads not considered because fully enclosed in repeat masked regions
2025-11-04 11:27:39,691 - DEBUG - Counting for batch 35, containing 100 cells and 1600051 reads
2025-11-04 11:27:48,505 - DEBUG - 197984 reads not considered because fully enclosed in repeat masked regions
2025-11-04 11:28:00,846 - DEBUG - Counting for batch 36, containing 100 cells and 1945978 reads
2025-11-04 11:28:10,593 - DEBUG - 220359 reads not considered because fully enclosed in repeat masked regions
2025-11-04 11:28:22,793 - DEBUG - Read first 70 million reads
2025-11-04 11:28:24,188 - DEBUG - Counting for batch 37, containing 100 cells and 1896913 reads
2025-11-04 11:28:34,087 - DEBUG - 227809 reads not considered because fully enclosed in repeat masked regions
2025-11-04 11:28:47,559 - DEBUG - Counting for batch 38, containing 100 cells and 1722083 reads
2025-11-04 11:28:54,888 - DEBUG - 218121 reads not considered because fully enclosed in repeat masked regions
2025-11-04 11:29:07,623 - DEBUG - Counting for batch 39, containing 100 cells and 1756411 reads
2025-11-04 11:29:17,006 - DEBUG - 217350 reads not considered because fully enclosed in repeat masked regions
2025-11-04 11:29:30,194 - DEBUG - Counting for batch 40, containing 100 cells and 1774337 reads
2025-11-04 11:29:37,654 - DEBUG - 207532 reads not considered because fully enclosed in repeat masked regions
2025-11-04 11:29:53,157 - DEBUG - Counting for batch 41, containing 100 cells and 1983943 reads
2025-11-04 11:30:03,784 - DEBUG - 246618 reads not considered because fully enclosed in repeat masked regions
2025-11-04 11:30:14,771 - DEBUG - Counting for batch 42, containing 100 cells and 1566261 reads
2025-11-04 11:30:21,620 - DEBUG - 197934 reads not considered because fully enclosed in repeat masked regions
2025-11-04 11:30:23,135 - DEBUG - Read first 80 million reads
2025-11-04 11:30:33,973 - DEBUG - Counting for batch 43, containing 100 cells and 1674243 reads
2025-11-04 11:30:43,039 - DEBUG - 209498 reads not considered because fully enclosed in repeat masked regions
2025-11-04 11:30:55,799 - DEBUG - Counting for batch 44, containing 100 cells and 1966765 reads
2025-11-04 11:31:05,996 - DEBUG - 239193 reads not considered because fully enclosed in repeat masked regions
2025-11-04 11:31:19,397 - DEBUG - Counting for batch 45, containing 100 cells and 1850724 reads
2025-11-04 11:31:29,257 - DEBUG - 226378 reads not considered because fully enclosed in repeat masked regions
2025-11-04 11:31:44,794 - DEBUG - Counting for batch 46, containing 100 cells and 1945236 reads
2025-11-04 11:31:56,085 - DEBUG - 244965 reads not considered because fully enclosed in repeat masked regions
2025-11-04 11:32:08,932 - DEBUG - Read first 90 million reads
2025-11-04 11:32:09,610 - DEBUG - Counting for batch 47, containing 100 cells and 1916716 reads
2025-11-04 11:32:21,063 - DEBUG - 233361 reads not considered because fully enclosed in repeat masked regions
2025-11-04 11:32:34,932 - DEBUG - Counting for batch 48, containing 100 cells and 1747523 reads
2025-11-04 11:32:44,568 - DEBUG - 215856 reads not considered because fully enclosed in repeat masked regions
2025-11-04 11:32:55,990 - DEBUG - Counting for batch 49, containing 100 cells and 1707532 reads
2025-11-04 11:33:05,040 - DEBUG - 211399 reads not considered because fully enclosed in repeat masked regions
2025-11-04 11:33:18,520 - DEBUG - Counting for batch 50, containing 100 cells and 1677135 reads
2025-11-04 11:33:26,365 - DEBUG - 197479 reads not considered because fully enclosed in repeat masked regions
2025-11-04 11:33:38,273 - DEBUG - Counting for batch 51, containing 100 cells and 1494665 reads
2025-11-04 11:33:46,865 - DEBUG - 175809 reads not considered because fully enclosed in repeat masked regions
2025-11-04 11:34:02,628 - DEBUG - Read first 100 million reads
2025-11-04 11:34:04,855 - DEBUG - Counting for batch 52, containing 100 cells and 2453370 reads
2025-11-04 11:34:17,121 - DEBUG - 312050 reads not considered because fully enclosed in repeat masked regions
2025-11-04 11:34:29,954 - DEBUG - Counting for batch 53, containing 100 cells and 1811990 reads
2025-11-04 11:34:37,894 - DEBUG - 227387 reads not considered because fully enclosed in repeat masked regions
2025-11-04 11:34:51,199 - DEBUG - Counting for batch 54, containing 100 cells and 1797578 reads
2025-11-04 11:35:01,006 - DEBUG - 220259 reads not considered because fully enclosed in repeat masked regions
2025-11-04 11:35:14,025 - DEBUG - Counting for batch 55, containing 100 cells and 1710590 reads
2025-11-04 11:35:23,629 - DEBUG - 211220 reads not considered because fully enclosed in repeat masked regions
2025-11-04 11:35:34,492 - DEBUG - Counting for batch 56, containing 100 cells and 1574372 reads
2025-11-04 11:35:43,290 - DEBUG - 197436 reads not considered because fully enclosed in repeat masked regions
2025-11-04 11:35:54,351 - DEBUG - Counting for batch 57, containing 100 cells and 1656727 reads
2025-11-04 11:36:03,405 - DEBUG - 199391 reads not considered because fully enclosed in repeat masked regions
2025-11-04 11:36:07,457 - DEBUG - Read first 110 million reads
2025-11-04 11:36:15,502 - DEBUG - Counting for batch 58, containing 100 cells and 1867005 reads
2025-11-04 11:36:25,213 - DEBUG - 220067 reads not considered because fully enclosed in repeat masked regions
2025-11-04 11:36:36,129 - DEBUG - Counting for batch 59, containing 100 cells and 1595204 reads
2025-11-04 11:36:44,993 - DEBUG - 197751 reads not considered because fully enclosed in repeat masked regions
2025-11-04 11:36:55,270 - DEBUG - Counting for batch 60, containing 100 cells and 1523748 reads
2025-11-04 11:37:03,627 - DEBUG - 188843 reads not considered because fully enclosed in repeat masked regions
2025-11-04 11:37:16,298 - DEBUG - Counting for batch 61, containing 100 cells and 1728315 reads
2025-11-04 11:37:25,786 - DEBUG - 215633 reads not considered because fully enclosed in repeat masked regions
2025-11-04 11:37:37,868 - DEBUG - Counting for batch 62, containing 100 cells and 1877015 reads
2025-11-04 11:37:47,445 - DEBUG - 216589 reads not considered because fully enclosed in repeat masked regions
2025-11-04 11:37:55,862 - DEBUG - Read first 120 million reads
2025-11-04 11:38:02,116 - DEBUG - Counting for batch 63, containing 100 cells and 2073813 reads
2025-11-04 11:38:12,983 - DEBUG - 261636 reads not considered because fully enclosed in repeat masked regions
2025-11-04 11:38:24,204 - DEBUG - Counting for batch 64, containing 100 cells and 1662696 reads
2025-11-04 11:38:33,009 - DEBUG - 202200 reads not considered because fully enclosed in repeat masked regions
2025-11-04 11:38:46,419 - DEBUG - Counting for batch 65, containing 100 cells and 1760630 reads
2025-11-04 11:38:55,812 - DEBUG - 204875 reads not considered because fully enclosed in repeat masked regions
2025-11-04 11:39:07,037 - DEBUG - Counting for batch 66, containing 100 cells and 1690374 reads
2025-11-04 11:39:16,094 - DEBUG - 201360 reads not considered because fully enclosed in repeat masked regions
2025-11-04 11:39:28,615 - DEBUG - Counting for batch 67, containing 100 cells and 1958595 reads
2025-11-04 11:39:38,950 - DEBUG - 247839 reads not considered because fully enclosed in repeat masked regions
2025-11-04 11:39:47,733 - DEBUG - Read first 130 million reads
2025-11-04 11:39:51,276 - DEBUG - Counting for batch 68, containing 100 cells and 1588166 reads
2025-11-04 11:39:58,187 - DEBUG - 196847 reads not considered because fully enclosed in repeat masked regions
2025-11-04 11:40:10,773 - DEBUG - Counting for batch 69, containing 100 cells and 1755279 reads
2025-11-04 11:40:20,003 - DEBUG - 213673 reads not considered because fully enclosed in repeat masked regions
2025-11-04 11:40:31,969 - DEBUG - Counting for batch 70, containing 100 cells and 1548350 reads
2025-11-04 11:40:38,560 - DEBUG - 183792 reads not considered because fully enclosed in repeat masked regions
2025-11-04 11:40:51,891 - DEBUG - Counting for batch 71, containing 100 cells and 1885719 reads
2025-11-04 11:41:01,853 - DEBUG - 237609 reads not considered because fully enclosed in repeat masked regions
2025-11-04 11:41:12,561 - DEBUG - Counting for batch 72, containing 100 cells and 1573598 reads
2025-11-04 11:41:21,154 - DEBUG - 195124 reads not considered because fully enclosed in repeat masked regions
2025-11-04 11:41:35,201 - DEBUG - Counting for batch 73, containing 100 cells and 2021225 reads
2025-11-04 11:41:45,520 - DEBUG - 242708 reads not considered because fully enclosed in repeat masked regions
2025-11-04 11:41:47,051 - DEBUG - Read first 140 million reads
2025-11-04 11:41:56,615 - DEBUG - Counting for batch 74, containing 100 cells and 1683363 reads
2025-11-04 11:42:05,483 - DEBUG - 209172 reads not considered because fully enclosed in repeat masked regions
2025-11-04 11:42:16,772 - DEBUG - Counting for batch 75, containing 100 cells and 1454916 reads
2025-11-04 11:42:23,142 - DEBUG - 176697 reads not considered because fully enclosed in repeat masked regions
2025-11-04 11:42:39,058 - DEBUG - Counting for batch 76, containing 100 cells and 2064078 reads
2025-11-04 11:42:47,725 - DEBUG - 255797 reads not considered because fully enclosed in repeat masked regions
2025-11-04 11:43:00,779 - DEBUG - Counting for batch 77, containing 100 cells and 1726567 reads
2025-11-04 11:43:10,317 - DEBUG - 208860 reads not considered because fully enclosed in repeat masked regions
2025-11-04 11:43:23,310 - DEBUG - Counting for batch 78, containing 100 cells and 1760950 reads
2025-11-04 11:43:32,886 - DEBUG - 214178 reads not considered because fully enclosed in repeat masked regions
2025-11-04 11:43:37,491 - DEBUG - Read first 150 million reads
2025-11-04 11:43:45,735 - DEBUG - Counting for batch 79, containing 100 cells and 1866322 reads
2025-11-04 11:43:55,562 - DEBUG - 229515 reads not considered because fully enclosed in repeat masked regions
2025-11-04 11:44:09,742 - DEBUG - Counting for batch 80, containing 100 cells and 1949548 reads
2025-11-04 11:44:20,316 - DEBUG - 237870 reads not considered because fully enclosed in repeat masked regions
2025-11-04 11:44:32,163 - DEBUG - Counting for batch 81, containing 100 cells and 1693681 reads
2025-11-04 11:44:39,615 - DEBUG - 201860 reads not considered because fully enclosed in repeat masked regions
2025-11-04 11:44:52,578 - DEBUG - Counting for batch 82, containing 100 cells and 1726863 reads
2025-11-04 11:45:02,028 - DEBUG - 213467 reads not considered because fully enclosed in repeat masked regions
2025-11-04 11:45:15,563 - DEBUG - Counting for batch 83, containing 100 cells and 1686601 reads
2025-11-04 11:45:23,159 - DEBUG - 198092 reads not considered because fully enclosed in repeat masked regions
2025-11-04 11:45:30,089 - DEBUG - Read first 160 million reads
2025-11-04 11:45:37,272 - DEBUG - Counting for batch 84, containing 100 cells and 1890047 reads
2025-11-04 11:45:47,653 - DEBUG - 231556 reads not considered because fully enclosed in repeat masked regions
2025-11-04 11:46:02,186 - DEBUG - Counting for batch 85, containing 100 cells and 1907773 reads
2025-11-04 11:46:12,872 - DEBUG - 238816 reads not considered because fully enclosed in repeat masked regions
2025-11-04 11:46:24,981 - DEBUG - Counting for batch 86, containing 100 cells and 1718071 reads
2025-11-04 11:46:34,685 - DEBUG - 206203 reads not considered because fully enclosed in repeat masked regions
2025-11-04 11:46:44,113 - DEBUG - Counting for batch 87, containing 100 cells and 1263972 reads
2025-11-04 11:46:51,872 - DEBUG - 155192 reads not considered because fully enclosed in repeat masked regions
2025-11-04 11:47:04,594 - DEBUG - Counting for batch 88, containing 100 cells and 1633999 reads
2025-11-04 11:47:14,100 - DEBUG - 200384 reads not considered because fully enclosed in repeat masked regions
2025-11-04 11:47:25,346 - DEBUG - Read first 170 million reads
2025-11-04 11:47:26,101 - DEBUG - Counting for batch 89, containing 100 cells and 1714380 reads
2025-11-04 11:47:36,104 - DEBUG - 213359 reads not considered because fully enclosed in repeat masked regions
2025-11-04 11:47:48,578 - DEBUG - Counting for batch 90, containing 100 cells and 1814374 reads
2025-11-04 11:47:58,928 - DEBUG - 226342 reads not considered because fully enclosed in repeat masked regions
2025-11-04 11:48:10,432 - DEBUG - Counting for batch 91, containing 100 cells and 1627981 reads
2025-11-04 11:48:19,869 - DEBUG - 197286 reads not considered because fully enclosed in repeat masked regions
2025-11-04 11:48:30,855 - DEBUG - Counting for batch 92, containing 100 cells and 1562934 reads
2025-11-04 11:48:40,053 - DEBUG - 193783 reads not considered because fully enclosed in repeat masked regions
2025-11-04 11:48:55,769 - DEBUG - Counting for batch 93, containing 100 cells and 2188457 reads
2025-11-04 11:49:07,399 - DEBUG - 266440 reads not considered because fully enclosed in repeat masked regions
2025-11-04 11:49:21,758 - DEBUG - Read first 180 million reads
2025-11-04 11:49:21,949 - DEBUG - Counting for batch 94, containing 100 cells and 1915717 reads
2025-11-04 11:49:32,451 - DEBUG - 231796 reads not considered because fully enclosed in repeat masked regions
2025-11-04 11:49:46,936 - DEBUG - Counting for batch 95, containing 100 cells and 1812516 reads
2025-11-04 11:49:57,784 - DEBUG - 229765 reads not considered because fully enclosed in repeat masked regions
2025-11-04 11:50:10,709 - DEBUG - Counting for batch 96, containing 100 cells and 1762748 reads
2025-11-04 11:50:21,214 - DEBUG - 211161 reads not considered because fully enclosed in repeat masked regions
2025-11-04 11:50:34,403 - DEBUG - Counting for batch 97, containing 100 cells and 1837112 reads
2025-11-04 11:50:45,024 - DEBUG - 223014 reads not considered because fully enclosed in repeat masked regions
2025-11-04 11:50:58,112 - DEBUG - Counting for batch 98, containing 100 cells and 1542251 reads
2025-11-04 11:51:05,521 - DEBUG - 184133 reads not considered because fully enclosed in repeat masked regions
2025-11-04 11:51:17,411 - DEBUG - Counting for batch 99, containing 100 cells and 1381530 reads
2025-11-04 11:51:24,216 - DEBUG - 171175 reads not considered because fully enclosed in repeat masked regions
2025-11-04 11:51:30,947 - DEBUG - Read first 190 million reads
2025-11-04 11:51:36,371 - DEBUG - Counting for batch 100, containing 100 cells and 1496468 reads
2025-11-04 11:51:45,586 - DEBUG - 185145 reads not considered because fully enclosed in repeat masked regions
2025-11-04 11:51:57,616 - DEBUG - Counting for batch 101, containing 100 cells and 1771765 reads
2025-11-04 11:52:07,441 - DEBUG - 204388 reads not considered because fully enclosed in repeat masked regions
2025-11-04 11:52:22,431 - DEBUG - Counting for batch 102, containing 100 cells and 1858758 reads
2025-11-04 11:52:33,627 - DEBUG - 223367 reads not considered because fully enclosed in repeat masked regions
2025-11-04 11:52:45,146 - DEBUG - Counting for batch 103, containing 100 cells and 1472621 reads
2025-11-04 11:52:52,355 - DEBUG - 182923 reads not considered because fully enclosed in repeat masked regions
2025-11-04 11:53:06,706 - DEBUG - Counting for batch 104, containing 100 cells and 1843608 reads
2025-11-04 11:53:17,247 - DEBUG - 215250 reads not considered because fully enclosed in repeat masked regions
2025-11-04 11:53:30,602 - DEBUG - Read first 200 million reads
2025-11-04 11:53:31,031 - DEBUG - Counting for batch 105, containing 100 cells and 1669114 reads
2025-11-04 11:53:38,825 - DEBUG - 201600 reads not considered because fully enclosed in repeat masked regions
2025-11-04 11:53:51,863 - DEBUG - Counting for batch 106, containing 100 cells and 1629469 reads
2025-11-04 11:54:01,511 - DEBUG - 200173 reads not considered because fully enclosed in repeat masked regions
2025-11-04 11:54:12,534 - DEBUG - Counting for batch 107, containing 100 cells and 1504002 reads
2025-11-04 11:54:21,235 - DEBUG - 190156 reads not considered because fully enclosed in repeat masked regions
2025-11-04 11:54:33,020 - DEBUG - Counting for batch 108, containing 100 cells and 1456653 reads
2025-11-04 11:54:39,866 - DEBUG - 176711 reads not considered because fully enclosed in repeat masked regions
2025-11-04 11:54:53,056 - DEBUG - Counting for batch 109, containing 100 cells and 1727010 reads
2025-11-04 11:55:02,812 - DEBUG - 212292 reads not considered because fully enclosed in repeat masked regions
2025-11-04 11:55:13,001 - DEBUG - Counting for batch 110, containing 100 cells and 1420489 reads
2025-11-04 11:55:21,403 - DEBUG - 175888 reads not considered because fully enclosed in repeat masked regions
2025-11-04 11:55:27,343 - DEBUG - Counting for batch 111, containing 100 cells and 897689 reads
2025-11-04 11:55:33,460 - DEBUG - 110547 reads not considered because fully enclosed in repeat masked regions
2025-11-04 11:55:36,409 - DEBUG - Read first 210 million reads
2025-11-04 11:55:45,997 - DEBUG - Counting for batch 112, containing 100 cells and 1685544 reads
2025-11-04 11:55:53,638 - DEBUG - 200260 reads not considered because fully enclosed in repeat masked regions
2025-11-04 11:56:04,368 - DEBUG - Counting for batch 113, containing 100 cells and 1260287 reads
2025-11-04 11:56:10,297 - DEBUG - 159515 reads not considered because fully enclosed in repeat masked regions
2025-11-04 11:56:22,637 - DEBUG - Counting for batch 114, containing 100 cells and 1660640 reads
2025-11-04 11:56:31,891 - DEBUG - 199831 reads not considered because fully enclosed in repeat masked regions
2025-11-04 11:56:45,341 - DEBUG - Counting for batch 115, containing 100 cells and 1749516 reads
2025-11-04 11:56:55,279 - DEBUG - 216434 reads not considered because fully enclosed in repeat masked regions
2025-11-04 11:57:07,255 - DEBUG - Counting for batch 116, containing 100 cells and 1730199 reads
2025-11-04 11:57:17,072 - DEBUG - 216250 reads not considered because fully enclosed in repeat masked regions
2025-11-04 11:57:28,168 - DEBUG - Read first 220 million reads
2025-11-04 11:57:30,745 - DEBUG - Counting for batch 117, containing 100 cells and 2088493 reads
2025-11-04 11:57:41,843 - DEBUG - 249676 reads not considered because fully enclosed in repeat masked regions
2025-11-04 11:57:53,203 - DEBUG - Counting for batch 118, containing 100 cells and 1631688 reads
2025-11-04 11:58:02,184 - DEBUG - 186912 reads not considered because fully enclosed in repeat masked regions
2025-11-04 11:58:16,788 - DEBUG - Counting for batch 119, containing 100 cells and 1946962 reads
2025-11-04 11:58:27,419 - DEBUG - 237231 reads not considered because fully enclosed in repeat masked regions
2025-11-04 11:58:40,999 - DEBUG - Counting for batch 120, containing 100 cells and 2061459 reads
2025-11-04 11:58:51,890 - DEBUG - 254753 reads not considered because fully enclosed in repeat masked regions
2025-11-04 11:59:06,466 - DEBUG - Counting for batch 121, containing 100 cells and 1955477 reads
2025-11-04 11:59:17,174 - DEBUG - 240605 reads not considered because fully enclosed in repeat masked regions
2025-11-04 11:59:25,775 - DEBUG - Read first 230 million reads
2025-11-04 11:59:31,126 - DEBUG - Counting for batch 122, containing 100 cells and 1817705 reads
2025-11-04 11:59:41,236 - DEBUG - 224954 reads not considered because fully enclosed in repeat masked regions
2025-11-04 11:59:51,971 - DEBUG - Counting for batch 123, containing 100 cells and 1500860 reads
2025-11-04 12:00:01,038 - DEBUG - 186755 reads not considered because fully enclosed in repeat masked regions
2025-11-04 12:00:12,990 - DEBUG - Counting for batch 124, containing 100 cells and 1678264 reads
2025-11-04 12:00:22,934 - DEBUG - 208108 reads not considered because fully enclosed in repeat masked regions
2025-11-04 12:00:34,440 - DEBUG - Counting for batch 125, containing 100 cells and 1596021 reads
2025-11-04 12:00:43,783 - DEBUG - 192353 reads not considered because fully enclosed in repeat masked regions
2025-11-04 12:00:55,587 - DEBUG - Counting for batch 126, containing 100 cells and 1633552 reads
2025-11-04 12:01:05,421 - DEBUG - 199351 reads not considered because fully enclosed in repeat masked regions
2025-11-04 12:01:19,751 - DEBUG - Counting for batch 127, containing 100 cells and 1849113 reads
2025-11-04 12:01:31,002 - DEBUG - 214870 reads not considered because fully enclosed in repeat masked regions
2025-11-04 12:01:33,816 - DEBUG - Read first 240 million reads
2025-11-04 12:01:45,838 - DEBUG - Counting for batch 128, containing 100 cells and 1642252 reads
2025-11-04 12:01:54,376 - DEBUG - 205855 reads not considered because fully enclosed in repeat masked regions
2025-11-04 12:02:08,386 - DEBUG - Counting for batch 129, containing 100 cells and 1596538 reads
2025-11-04 12:02:18,580 - DEBUG - 186266 reads not considered because fully enclosed in repeat masked regions
2025-11-04 12:02:30,918 - DEBUG - Counting for batch 130, containing 100 cells and 1557778 reads
2025-11-04 12:02:40,929 - DEBUG - 192181 reads not considered because fully enclosed in repeat masked regions
2025-11-04 12:02:53,924 - DEBUG - Counting for batch 131, containing 100 cells and 1662292 reads
2025-11-04 12:03:04,253 - DEBUG - 207776 reads not considered because fully enclosed in repeat masked regions
2025-11-04 12:03:19,005 - DEBUG - Counting for batch 132, containing 100 cells and 1667764 reads
2025-11-04 12:03:29,723 - DEBUG - 207073 reads not considered because fully enclosed in repeat masked regions
2025-11-04 12:03:39,410 - DEBUG - Read first 250 million reads
2025-11-04 12:03:43,408 - DEBUG - Counting for batch 133, containing 100 cells and 1705865 reads
2025-11-04 12:03:54,201 - DEBUG - 213505 reads not considered because fully enclosed in repeat masked regions
2025-11-04 12:04:07,367 - DEBUG - Counting for batch 134, containing 100 cells and 1634933 reads
2025-11-04 12:04:15,581 - DEBUG - 191874 reads not considered because fully enclosed in repeat masked regions
2025-11-04 12:04:27,911 - DEBUG - Counting for batch 135, containing 100 cells and 1529595 reads
2025-11-04 12:04:36,802 - DEBUG - 184063 reads not considered because fully enclosed in repeat masked regions
2025-11-04 12:04:50,830 - DEBUG - Counting for batch 136, containing 100 cells and 1854380 reads
2025-11-04 12:04:59,288 - DEBUG - 231653 reads not considered because fully enclosed in repeat masked regions
2025-11-04 12:05:11,412 - DEBUG - Counting for batch 137, containing 100 cells and 1511592 reads
2025-11-04 12:05:20,200 - DEBUG - 183938 reads not considered because fully enclosed in repeat masked regions
2025-11-04 12:05:36,175 - DEBUG - Counting for batch 138, containing 100 cells and 1920004 reads
2025-11-04 12:05:47,379 - DEBUG - 239347 reads not considered because fully enclosed in repeat masked regions
2025-11-04 12:05:50,732 - DEBUG - Read first 260 million reads
2025-11-04 12:06:00,708 - DEBUG - Counting for batch 139, containing 100 cells and 1917179 reads
2025-11-04 12:06:11,556 - DEBUG - 238215 reads not considered because fully enclosed in repeat masked regions
2025-11-04 12:06:24,122 - DEBUG - Counting for batch 140, containing 100 cells and 1777698 reads
2025-11-04 12:06:34,113 - DEBUG - 224819 reads not considered because fully enclosed in repeat masked regions
2025-11-04 12:06:45,142 - DEBUG - Counting for batch 141, containing 100 cells and 1527082 reads
2025-11-04 12:06:54,160 - DEBUG - 185055 reads not considered because fully enclosed in repeat masked regions
2025-11-04 12:07:07,402 - DEBUG - Counting for batch 142, containing 100 cells and 1961802 reads
2025-11-04 12:07:18,107 - DEBUG - 239846 reads not considered because fully enclosed in repeat masked regions
2025-11-04 12:07:29,033 - DEBUG - Counting for batch 143, containing 78 cells and 1246045 reads
2025-11-04 12:07:34,780 - DEBUG - 154819 reads not considered because fully enclosed in repeat masked regions
2025-11-04 12:07:35,640 - DEBUG - 2378825 reads were skipped because no apropiate cell or umi barcode was found
2025-11-04 12:07:35,640 - DEBUG - Counting done!
2025-11-04 12:07:35,646 - DEBUG - Generating output file /home/dcaceres/Tet2sc/Results/plots/scVelo/velocyto_loom_files/WT1-DsRedp.loom
2025-11-04 12:07:35,646 - DEBUG - Collecting row attributes
2025-11-04 12:07:35,775 - DEBUG - Generating data table
2025-11-04 12:07:41,374 - DEBUG - Writing loom file
2025-11-04 12:07:45,395 - DEBUG - Creating converter from 5 to 3
2025-11-04 12:07:45,395 - DEBUG - Creating converter from 3 to 5
2025-11-04 12:08:08,477 - DEBUG - Terminated Succesfully!
✅ ÉXITO: Loom creado correctamente: /home/dcaceres/Tet2sc/Results/plots/scVelo/velocyto_loom_files/WT1-DsRedp.loom
------------------------------------------------------------
🎉 Proceso finalizado correctamente para WT1-DsRedp
Finalizado en: Tue Nov  4 12:08:11 CET 2025
------------------------------------------------------------
