------------------------------------------------------------
🚀 INICIO DEL PROCESO VELOCYTO - Fri Nov  7 19:32:39 CET 2025
------------------------------------------------------------
=== Procesando muestra: WT2-DsRedp ===
Directorio de entrada: /storage/scratch01/groups/ci/Trem1_GEICAM/Sarai/Single.Cell.Tet2/outs/out.smR039b.9/outs/per_sample_outs/WT2-DsRedp/count
Nodo: bc010 | JobID: 5611414 | TaskID: 3
------------------------------------------------------------
🧬 Ejecutando Velocyto...
2025-11-07 19:33:00,178 - DEBUG - Using logic: Default
2025-11-07 19:33:00,214 - INFO - Read 9811 cell barcodes from /storage/scratch01/groups/ci/Trem1_GEICAM/Sarai/Single.Cell.Tet2/outs/out.smR039b.9/outs/per_sample_outs/WT2-DsRedp/count/sample_filtered_feature_bc_matrix/barcodes.tsv.gz
2025-11-07 19:33:00,214 - DEBUG - Example of barcode: AAACAAGCAAGGCCATAACGGGAA and cell_id: WT2-DsRedp:AAACAAGCAAGGCCATAACGGGAA-1
2025-11-07 19:33:00,246 - DEBUG - Peeking into /storage/scratch01/groups/ci/Trem1_GEICAM/Sarai/Single.Cell.Tet2/outs/out.smR039b.9/outs/per_sample_outs/WT2-DsRedp/count/sample_alignments.bam
2025-11-07 19:33:00,421 - WARNING - Not found cell and umi barcode in entry 9 of the bam file
2025-11-07 19:33:00,421 - WARNING - Not found cell and umi barcode in entry 12 of the bam file
2025-11-07 19:33:00,421 - WARNING - Not found cell and umi barcode in entry 33 of the bam file
2025-11-07 19:33:00,421 - WARNING - Not found cell and umi barcode in entry 36 of the bam file
2025-11-07 19:33:00,421 - WARNING - Not found cell and umi barcode in entry 78 of the bam file
2025-11-07 19:33:00,421 - WARNING - Not found cell and umi barcode in entry 132 of the bam file
2025-11-07 19:33:00,421 - WARNING - Not found cell and umi barcode in entry 133 of the bam file
2025-11-07 19:33:00,421 - WARNING - Not found cell and umi barcode in entry 136 of the bam file
2025-11-07 19:33:00,421 - WARNING - Not found cell and umi barcode in entry 141 of the bam file
2025-11-07 19:33:00,421 - WARNING - Not found cell and umi barcode in entry 144 of the bam file
2025-11-07 19:33:00,421 - WARNING - Not found cell and umi barcode in entry 145 of the bam file
2025-11-07 19:33:00,421 - WARNING - Not found cell and umi barcode in entry 153 of the bam file
2025-11-07 19:33:00,421 - WARNING - Not found cell and umi barcode in entry 155 of the bam file
2025-11-07 19:33:00,421 - WARNING - Not found cell and umi barcode in entry 164 of the bam file
2025-11-07 19:33:00,421 - WARNING - Not found cell and umi barcode in entry 205 of the bam file
2025-11-07 19:33:00,421 - WARNING - Not found cell and umi barcode in entry 210 of the bam file
2025-11-07 19:33:00,421 - WARNING - Not found cell and umi barcode in entry 230 of the bam file
2025-11-07 19:33:00,421 - WARNING - Not found cell and umi barcode in entry 263 of the bam file
2025-11-07 19:33:00,422 - WARNING - Not found cell and umi barcode in entry 337 of the bam file
2025-11-07 19:33:00,422 - WARNING - Not found cell and umi barcode in entry 358 of the bam file
2025-11-07 19:33:00,423 - WARNING - Not found cell and umi barcode in entry 500 of the bam file
2025-11-07 19:33:00,423 - WARNING - Not found cell and umi barcode in entry 539 of the bam file
2025-11-07 19:33:00,423 - WARNING - Not found cell and umi barcode in entry 552 of the bam file
2025-11-07 19:33:00,423 - WARNING - Not found cell and umi barcode in entry 561 of the bam file
2025-11-07 19:33:00,423 - WARNING - Not found cell and umi barcode in entry 575 of the bam file
2025-11-07 19:33:00,423 - WARNING - Not found cell and umi barcode in entry 600 of the bam file
2025-11-07 19:33:00,423 - WARNING - Not found cell and umi barcode in entry 640 of the bam file
2025-11-07 19:33:00,424 - WARNING - Not found cell and umi barcode in entry 766 of the bam file
2025-11-07 19:33:00,424 - WARNING - Not found cell and umi barcode in entry 816 of the bam file
2025-11-07 19:33:00,424 - WARNING - Not found cell and umi barcode in entry 890 of the bam file
2025-11-07 19:33:00,425 - WARNING - Not found cell and umi barcode in entry 1016 of the bam file
2025-11-07 19:33:00,425 - WARNING - Not found cell and umi barcode in entry 1020 of the bam file
2025-11-07 19:33:00,426 - WARNING - The file /storage/scratch01/groups/ci/Trem1_GEICAM/Sarai/Single.Cell.Tet2/outs/out.smR039b.9/outs/per_sample_outs/WT2-DsRedp/count/cellsorted_sample_alignments.bam already exists. The sorting step will be skipped and the existing file will be used.
2025-11-07 19:33:00,426 - INFO - Load the annotation from /storage/scratch01/groups/ci/Trem1_GEICAM/Sarai/Annonation_Files/gencode.vM25.annotation.gtf
2025-11-07 19:33:06,587 - DEBUG - Parsing Chromosome 1 strand - [line 0]
2025-11-07 19:33:06,701 - DEBUG - Done with 1- [line 59062]
2025-11-07 19:33:06,701 - DEBUG - Assigning indexes to genes
2025-11-07 19:33:06,704 - DEBUG - Seen 1693 genes until now
2025-11-07 19:33:06,704 - DEBUG - Parsing Chromosome 1 strand + [line 59063]
2025-11-07 19:33:06,986 - DEBUG - Done with 1+ [line 116931]
2025-11-07 19:33:06,986 - DEBUG - Assigning indexes to genes
2025-11-07 19:33:06,990 - DEBUG - Seen 3446 genes until now
2025-11-07 19:33:06,990 - DEBUG - Parsing Chromosome 10 strand - [line 116932]
2025-11-07 19:33:07,245 - DEBUG - Done with 10- [line 158870]
2025-11-07 19:33:07,245 - DEBUG - Assigning indexes to genes
2025-11-07 19:33:07,247 - DEBUG - Seen 4713 genes until now
2025-11-07 19:33:07,247 - DEBUG - Parsing Chromosome 10 strand + [line 158871]
2025-11-07 19:33:07,335 - DEBUG - Done with 10+ [line 203797]
2025-11-07 19:33:07,335 - DEBUG - Assigning indexes to genes
2025-11-07 19:33:07,337 - DEBUG - Seen 6068 genes until now
2025-11-07 19:33:07,337 - DEBUG - Parsing Chromosome 11 strand - [line 203798]
2025-11-07 19:33:07,655 - DEBUG - Done with 11- [line 268491]
2025-11-07 19:33:07,655 - DEBUG - Assigning indexes to genes
2025-11-07 19:33:07,659 - DEBUG - Seen 7617 genes until now
2025-11-07 19:33:07,659 - DEBUG - Parsing Chromosome 11 strand + [line 268492]
2025-11-07 19:33:07,785 - DEBUG - Done with 11+ [line 332954]
2025-11-07 19:33:07,785 - DEBUG - Assigning indexes to genes
2025-11-07 19:33:07,788 - DEBUG - Seen 9067 genes until now
2025-11-07 19:33:07,788 - DEBUG - Parsing Chromosome 12 strand - [line 332955]
2025-11-07 19:33:07,842 - DEBUG - Done with 12- [line 360299]
2025-11-07 19:33:07,842 - DEBUG - Assigning indexes to genes
2025-11-07 19:33:07,844 - DEBUG - Seen 10382 genes until now
2025-11-07 19:33:07,844 - DEBUG - Parsing Chromosome 12 strand + [line 360300]
2025-11-07 19:33:07,918 - DEBUG - Done with 12+ [line 397190]
2025-11-07 19:33:07,918 - DEBUG - Assigning indexes to genes
2025-11-07 19:33:07,920 - DEBUG - Seen 11544 genes until now
2025-11-07 19:33:07,921 - DEBUG - Parsing Chromosome 13 strand - [line 397191]
2025-11-07 19:33:08,206 - DEBUG - Done with 13- [line 433847]
2025-11-07 19:33:08,206 - DEBUG - Assigning indexes to genes
2025-11-07 19:33:08,208 - DEBUG - Seen 12811 genes until now
2025-11-07 19:33:08,208 - DEBUG - Parsing Chromosome 13 strand + [line 433848]
2025-11-07 19:33:08,266 - DEBUG - Done with 13+ [line 462828]
2025-11-07 19:33:08,266 - DEBUG - Assigning indexes to genes
2025-11-07 19:33:08,269 - DEBUG - Seen 14046 genes until now
2025-11-07 19:33:08,269 - DEBUG - Parsing Chromosome 14 strand - [line 462829]
2025-11-07 19:33:08,346 - DEBUG - Done with 14- [line 501813]
2025-11-07 19:33:08,346 - DEBUG - Assigning indexes to genes
2025-11-07 19:33:08,348 - DEBUG - Seen 15241 genes until now
2025-11-07 19:33:08,349 - DEBUG - Parsing Chromosome 14 strand + [line 501814]
2025-11-07 19:33:08,418 - DEBUG - Done with 14+ [line 537473]
2025-11-07 19:33:08,418 - DEBUG - Assigning indexes to genes
2025-11-07 19:33:08,420 - DEBUG - Seen 16580 genes until now
2025-11-07 19:33:08,420 - DEBUG - Parsing Chromosome 15 strand - [line 537474]
2025-11-07 19:33:08,496 - DEBUG - Done with 15- [line 575556]
2025-11-07 19:33:08,496 - DEBUG - Assigning indexes to genes
2025-11-07 19:33:08,498 - DEBUG - Seen 17521 genes until now
2025-11-07 19:33:08,498 - DEBUG - Parsing Chromosome 15 strand + [line 575557]
2025-11-07 19:33:08,809 - DEBUG - Done with 15+ [line 608149]
2025-11-07 19:33:08,810 - DEBUG - Assigning indexes to genes
2025-11-07 19:33:08,812 - DEBUG - Seen 18432 genes until now
2025-11-07 19:33:08,812 - DEBUG - Parsing Chromosome 16 strand - [line 608150]
2025-11-07 19:33:08,868 - DEBUG - Done with 16- [line 636582]
2025-11-07 19:33:08,868 - DEBUG - Assigning indexes to genes
2025-11-07 19:33:08,870 - DEBUG - Seen 19223 genes until now
2025-11-07 19:33:08,870 - DEBUG - Parsing Chromosome 16 strand + [line 636583]
2025-11-07 19:33:08,933 - DEBUG - Done with 16+ [line 668857]
2025-11-07 19:33:08,933 - DEBUG - Assigning indexes to genes
2025-11-07 19:33:08,935 - DEBUG - Seen 20039 genes until now
2025-11-07 19:33:08,935 - DEBUG - Parsing Chromosome 17 strand - [line 668858]
2025-11-07 19:33:09,028 - DEBUG - Done with 17- [line 715100]
2025-11-07 19:33:09,028 - DEBUG - Assigning indexes to genes
2025-11-07 19:33:09,031 - DEBUG - Seen 21218 genes until now
2025-11-07 19:33:09,031 - DEBUG - Parsing Chromosome 17 strand + [line 715101]
2025-11-07 19:33:09,127 - DEBUG - Done with 17+ [line 764344]
2025-11-07 19:33:09,127 - DEBUG - Assigning indexes to genes
2025-11-07 19:33:09,131 - DEBUG - Seen 22359 genes until now
2025-11-07 19:33:09,131 - DEBUG - Parsing Chromosome 18 strand - [line 764345]
2025-11-07 19:33:09,170 - DEBUG - Done with 18- [line 784050]
2025-11-07 19:33:09,171 - DEBUG - Assigning indexes to genes
2025-11-07 19:33:09,172 - DEBUG - Seen 22997 genes until now
2025-11-07 19:33:09,172 - DEBUG - Parsing Chromosome 18 strand + [line 784051]
2025-11-07 19:33:09,497 - DEBUG - Done with 18+ [line 811173]
2025-11-07 19:33:09,497 - DEBUG - Assigning indexes to genes
2025-11-07 19:33:09,499 - DEBUG - Seen 23758 genes until now
2025-11-07 19:33:09,499 - DEBUG - Parsing Chromosome 19 strand - [line 811174]
2025-11-07 19:33:09,565 - DEBUG - Done with 19- [line 844397]
2025-11-07 19:33:09,565 - DEBUG - Assigning indexes to genes
2025-11-07 19:33:09,567 - DEBUG - Seen 24442 genes until now
2025-11-07 19:33:09,567 - DEBUG - Parsing Chromosome 19 strand + [line 844398]
2025-11-07 19:33:09,627 - DEBUG - Done with 19+ [line 873497]
2025-11-07 19:33:09,627 - DEBUG - Assigning indexes to genes
2025-11-07 19:33:09,629 - DEBUG - Seen 25152 genes until now
2025-11-07 19:33:09,629 - DEBUG - Parsing Chromosome 2 strand - [line 873498]
2025-11-07 19:33:09,787 - DEBUG - Done with 2- [line 953009]
2025-11-07 19:33:09,787 - DEBUG - Assigning indexes to genes
2025-11-07 19:33:09,791 - DEBUG - Seen 26981 genes until now
2025-11-07 19:33:09,791 - DEBUG - Parsing Chromosome 2 strand + [line 953010]
2025-11-07 19:33:09,937 - DEBUG - Done with 2+ [line 1027336]
2025-11-07 19:33:09,937 - DEBUG - Assigning indexes to genes
2025-11-07 19:33:09,941 - DEBUG - Seen 28946 genes until now
2025-11-07 19:33:09,942 - DEBUG - Parsing Chromosome 3 strand - [line 1027337]
2025-11-07 19:33:10,023 - DEBUG - Done with 3- [line 1069026]
2025-11-07 19:33:10,023 - DEBUG - Assigning indexes to genes
2025-11-07 19:33:10,026 - DEBUG - Seen 30404 genes until now
2025-11-07 19:33:10,026 - DEBUG - Parsing Chromosome 3 strand + [line 1069027]
2025-11-07 19:33:10,430 - DEBUG - Done with 3+ [line 1115102]
2025-11-07 19:33:10,431 - DEBUG - Assigning indexes to genes
2025-11-07 19:33:10,434 - DEBUG - Seen 31831 genes until now
2025-11-07 19:33:10,434 - DEBUG - Parsing Chromosome 4 strand - [line 1115103]
2025-11-07 19:33:10,540 - DEBUG - Done with 4- [line 1169156]
2025-11-07 19:33:10,540 - DEBUG - Assigning indexes to genes
2025-11-07 19:33:10,543 - DEBUG - Seen 33222 genes until now
2025-11-07 19:33:10,543 - DEBUG - Parsing Chromosome 4 strand + [line 1169157]
2025-11-07 19:33:10,645 - DEBUG - Done with 4+ [line 1221291]
2025-11-07 19:33:10,645 - DEBUG - Assigning indexes to genes
2025-11-07 19:33:10,649 - DEBUG - Seen 34690 genes until now
2025-11-07 19:33:10,649 - DEBUG - Parsing Chromosome 5 strand - [line 1221292]
2025-11-07 19:33:10,769 - DEBUG - Done with 5- [line 1282135]
2025-11-07 19:33:10,769 - DEBUG - Assigning indexes to genes
2025-11-07 19:33:10,773 - DEBUG - Seen 36281 genes until now
2025-11-07 19:33:10,773 - DEBUG - Parsing Chromosome 5 strand + [line 1282136]
2025-11-07 19:33:10,894 - DEBUG - Done with 5+ [line 1344076]
2025-11-07 19:33:10,894 - DEBUG - Assigning indexes to genes
2025-11-07 19:33:10,898 - DEBUG - Seen 37942 genes until now
2025-11-07 19:33:10,898 - DEBUG - Parsing Chromosome 6 strand - [line 1344077]
2025-11-07 19:33:10,999 - DEBUG - Done with 6- [line 1392155]
2025-11-07 19:33:10,999 - DEBUG - Assigning indexes to genes
2025-11-07 19:33:11,003 - DEBUG - Seen 39466 genes until now
2025-11-07 19:33:11,003 - DEBUG - Parsing Chromosome 6 strand + [line 1392156]
2025-11-07 19:33:11,469 - DEBUG - Done with 6+ [line 1442945]
2025-11-07 19:33:11,469 - DEBUG - Assigning indexes to genes
2025-11-07 19:33:11,473 - DEBUG - Seen 41071 genes until now
2025-11-07 19:33:11,473 - DEBUG - Parsing Chromosome 7 strand - [line 1442946]
2025-11-07 19:33:11,625 - DEBUG - Done with 7- [line 1521802]
2025-11-07 19:33:11,625 - DEBUG - Assigning indexes to genes
2025-11-07 19:33:11,632 - DEBUG - Seen 43608 genes until now
2025-11-07 19:33:11,632 - DEBUG - Parsing Chromosome 7 strand + [line 1521803]
2025-11-07 19:33:11,776 - DEBUG - Done with 7+ [line 1597237]
2025-11-07 19:33:11,776 - DEBUG - Assigning indexes to genes
2025-11-07 19:33:11,784 - DEBUG - Seen 45790 genes until now
2025-11-07 19:33:11,784 - DEBUG - Parsing Chromosome 8 strand - [line 1597238]
2025-11-07 19:33:11,860 - DEBUG - Done with 8- [line 1635144]
2025-11-07 19:33:11,860 - DEBUG - Assigning indexes to genes
2025-11-07 19:33:11,862 - DEBUG - Seen 47022 genes until now
2025-11-07 19:33:11,862 - DEBUG - Parsing Chromosome 8 strand + [line 1635145]
2025-11-07 19:33:11,957 - DEBUG - Done with 8+ [line 1684308]
2025-11-07 19:33:11,957 - DEBUG - Assigning indexes to genes
2025-11-07 19:33:11,960 - DEBUG - Seen 48326 genes until now
2025-11-07 19:33:11,961 - DEBUG - Parsing Chromosome 9 strand - [line 1684309]
2025-11-07 19:33:12,066 - DEBUG - Done with 9- [line 1738082]
2025-11-07 19:33:12,066 - DEBUG - Assigning indexes to genes
2025-11-07 19:33:12,070 - DEBUG - Seen 49688 genes until now
2025-11-07 19:33:12,070 - DEBUG - Parsing Chromosome 9 strand + [line 1738083]
2025-11-07 19:33:12,178 - DEBUG - Done with 9+ [line 1794072]
2025-11-07 19:33:12,178 - DEBUG - Assigning indexes to genes
2025-11-07 19:33:12,182 - DEBUG - Seen 51169 genes until now
2025-11-07 19:33:12,182 - DEBUG - Parsing Chromosome M strand - [line 1794073]
2025-11-07 19:33:12,182 - DEBUG - Done with M- [line 1794103]
2025-11-07 19:33:12,182 - DEBUG - Assigning indexes to genes
2025-11-07 19:33:12,182 - DEBUG - Seen 51178 genes until now
2025-11-07 19:33:12,182 - DEBUG - Parsing Chromosome M strand + [line 1794104]
2025-11-07 19:33:12,182 - DEBUG - Done with M+ [line 1794225]
2025-11-07 19:33:12,182 - DEBUG - Assigning indexes to genes
2025-11-07 19:33:12,182 - DEBUG - Seen 51206 genes until now
2025-11-07 19:33:12,182 - DEBUG - Parsing Chromosome X strand - [line 1794226]
2025-11-07 19:33:12,241 - DEBUG - Done with X- [line 1824523]
2025-11-07 19:33:12,241 - DEBUG - Assigning indexes to genes
2025-11-07 19:33:12,243 - DEBUG - Seen 52478 genes until now
2025-11-07 19:33:12,243 - DEBUG - Parsing Chromosome X strand + [line 1824524]
2025-11-07 19:33:12,743 - DEBUG - Done with X+ [line 1858357]
2025-11-07 19:33:12,743 - DEBUG - Assigning indexes to genes
2025-11-07 19:33:12,745 - DEBUG - Seen 53832 genes until now
2025-11-07 19:33:12,745 - DEBUG - Parsing Chromosome Y strand - [line 1858358]
2025-11-07 19:33:12,761 - DEBUG - Done with Y- [line 1865468]
2025-11-07 19:33:12,761 - DEBUG - Assigning indexes to genes
2025-11-07 19:33:12,762 - DEBUG - Seen 54711 genes until now
2025-11-07 19:33:12,762 - DEBUG - Parsing Chromosome Y strand + [line 1865469]
2025-11-07 19:33:12,776 - DEBUG - Assigning indexes to genes
2025-11-07 19:33:12,777 - DEBUG - Done with Y+ [line 1872050]
2025-11-07 19:33:12,777 - DEBUG - Fixing corner cases of transcript models containg intron longer than 1000Kbp
2025-11-07 19:33:13,305 - DEBUG - Generated 1544182 features corresponding to 142604 transcript models from /storage/scratch01/groups/ci/Trem1_GEICAM/Sarai/Annonation_Files/gencode.vM25.annotation.gtf
2025-11-07 19:33:13,318 - INFO - Load the repeat masking annotation from /storage/scratch01/groups/ci/Trem1_GEICAM/Sarai/Annonation_Files/rmsk_velocyto.txt
2025-11-07 19:33:13,318 - DEBUG - Reading /storage/scratch01/groups/ci/Trem1_GEICAM/Sarai/Annonation_Files/rmsk_velocyto.txt, the file will be sorted in memory
2025-11-07 19:33:27,496 - DEBUG - Processed masked annotation .gtf and generated 4369219 intervals to mask!
2025-11-07 19:33:27,626 - INFO - Scan /storage/scratch01/groups/ci/Trem1_GEICAM/Sarai/Single.Cell.Tet2/outs/out.smR039b.9/outs/per_sample_outs/WT2-DsRedp/count/sample_alignments.bam to validate intron intervals
2025-11-07 19:33:28,212 - DEBUG - Reading /storage/scratch01/groups/ci/Trem1_GEICAM/Sarai/Single.Cell.Tet2/outs/out.smR039b.9/outs/per_sample_outs/WT2-DsRedp/count/sample_alignments.bam
2025-11-07 19:33:28,217 - DEBUG - Read first 0 million reads
2025-11-07 19:33:28,217 - DEBUG - Marking up chromosome 1
2025-11-07 19:34:15,509 - DEBUG - Read first 10 million reads
2025-11-07 19:35:04,419 - DEBUG - Read first 20 million reads
2025-11-07 19:35:19,985 - DEBUG - Marking up chromosome 10
2025-11-07 19:35:53,067 - DEBUG - Read first 30 million reads
2025-11-07 19:36:48,961 - DEBUG - Read first 40 million reads
2025-11-07 19:37:06,360 - DEBUG - Marking up chromosome 11
2025-11-07 19:37:38,920 - DEBUG - Read first 50 million reads
2025-11-07 19:38:28,019 - DEBUG - Read first 60 million reads
2025-11-07 19:39:16,871 - DEBUG - Read first 70 million reads
2025-11-07 19:39:36,188 - DEBUG - Marking up chromosome 12
2025-11-07 19:40:03,519 - DEBUG - Read first 80 million reads
2025-11-07 19:40:50,587 - DEBUG - Read first 90 million reads
2025-11-07 19:41:00,144 - DEBUG - Marking up chromosome 13
2025-11-07 19:41:39,227 - DEBUG - Read first 100 million reads
2025-11-07 19:41:53,614 - DEBUG - Marking up chromosome 14
2025-11-07 19:42:26,900 - DEBUG - Read first 110 million reads
2025-11-07 19:42:50,413 - DEBUG - Marking up chromosome 15
2025-11-07 19:43:14,875 - DEBUG - Read first 120 million reads
2025-11-07 19:43:58,434 - DEBUG - Marking up chromosome 16
2025-11-07 19:44:03,367 - DEBUG - Read first 130 million reads
2025-11-07 19:44:44,364 - DEBUG - Marking up chromosome 17
2025-11-07 19:44:53,352 - DEBUG - Read first 140 million reads
2025-11-07 19:45:44,698 - DEBUG - Read first 150 million reads
2025-11-07 19:46:32,581 - DEBUG - Read first 160 million reads
2025-11-07 19:47:00,232 - DEBUG - Marking up chromosome 18
2025-11-07 19:47:15,557 - DEBUG - Read first 170 million reads
2025-11-07 19:48:03,314 - DEBUG - Read first 180 million reads
2025-11-07 19:48:24,499 - DEBUG - Marking up chromosome 19
2025-11-07 19:48:50,378 - DEBUG - Read first 190 million reads
2025-11-07 19:49:36,375 - DEBUG - Marking up chromosome 2
2025-11-07 19:49:38,551 - DEBUG - Read first 200 million reads
2025-11-07 19:50:26,518 - DEBUG - Read first 210 million reads
2025-11-07 19:51:16,590 - DEBUG - Read first 220 million reads
2025-11-07 19:51:58,488 - DEBUG - Marking up chromosome 3
2025-11-07 19:52:05,130 - DEBUG - Read first 230 million reads
2025-11-07 19:52:54,847 - DEBUG - Read first 240 million reads
2025-11-07 19:53:22,189 - DEBUG - Marking up chromosome 4
2025-11-07 19:53:40,825 - DEBUG - Read first 250 million reads
2025-11-07 19:54:29,146 - DEBUG - Read first 260 million reads
2025-11-07 19:55:13,880 - DEBUG - Marking up chromosome 5
2025-11-07 19:55:17,954 - DEBUG - Read first 270 million reads
2025-11-07 19:56:05,729 - DEBUG - Read first 280 million reads
2025-11-07 19:56:55,392 - DEBUG - Read first 290 million reads
2025-11-07 19:56:55,679 - DEBUG - Marking up chromosome 6
2025-11-07 19:57:43,210 - DEBUG - Read first 300 million reads
2025-11-07 19:58:29,262 - DEBUG - Read first 310 million reads
2025-11-07 19:58:34,281 - DEBUG - Marking up chromosome 7
2025-11-07 19:59:17,728 - DEBUG - Read first 320 million reads
2025-11-07 20:00:06,589 - DEBUG - Read first 330 million reads
2025-11-07 20:00:55,732 - DEBUG - Read first 340 million reads
2025-11-07 20:01:30,157 - DEBUG - Marking up chromosome 8
2025-11-07 20:01:44,209 - DEBUG - Read first 350 million reads
2025-11-07 20:02:33,033 - DEBUG - Read first 360 million reads
2025-11-07 20:03:04,081 - DEBUG - Marking up chromosome 9
2025-11-07 20:03:24,740 - DEBUG - Read first 370 million reads
2025-11-07 20:04:14,713 - DEBUG - Read first 380 million reads
2025-11-07 20:04:22,113 - DEBUG - Marking up chromosome MT
2025-11-07 20:04:22,113 - WARNING - The .bam file refers to a chromosome 'MT+' not present in the annotation (.gtf) file
2025-11-07 20:04:22,113 - WARNING - The .bam file refers to a chromosome 'MT-' not present in the annotation (.gtf) file
2025-11-07 20:04:23,773 - DEBUG - Marking up chromosome X
2025-11-07 20:05:01,486 - DEBUG - Read first 390 million reads
2025-11-07 20:05:17,395 - DEBUG - Marking up chromosome Y
2025-11-07 20:05:17,404 - DEBUG - Marking up chromosome GL456233.2
2025-11-07 20:05:17,404 - WARNING - The .bam file refers to a chromosome 'GL456233.2+' not present in the annotation (.gtf) file
2025-11-07 20:05:17,404 - WARNING - The .bam file refers to a chromosome 'GL456233.2-' not present in the annotation (.gtf) file
2025-11-07 20:05:17,450 - DEBUG - Marking up chromosome GL456221.1
2025-11-07 20:05:17,450 - WARNING - The .bam file refers to a chromosome 'GL456221.1+' not present in the annotation (.gtf) file
2025-11-07 20:05:17,450 - WARNING - The .bam file refers to a chromosome 'GL456221.1-' not present in the annotation (.gtf) file
2025-11-07 20:05:17,451 - DEBUG - Marking up chromosome JH584304.1
2025-11-07 20:05:17,451 - WARNING - The .bam file refers to a chromosome 'JH584304.1+' not present in the annotation (.gtf) file
2025-11-07 20:05:17,451 - WARNING - The .bam file refers to a chromosome 'JH584304.1-' not present in the annotation (.gtf) file
2025-11-07 20:05:17,459 - DEBUG - Marking up chromosome GL456366.1
2025-11-07 20:05:17,459 - WARNING - The .bam file refers to a chromosome 'GL456366.1+' not present in the annotation (.gtf) file
2025-11-07 20:05:17,459 - WARNING - The .bam file refers to a chromosome 'GL456366.1-' not present in the annotation (.gtf) file
2025-11-07 20:05:17,460 - DEBUG - Marking up chromosome GL456378.1
2025-11-07 20:05:17,460 - WARNING - The .bam file refers to a chromosome 'GL456378.1+' not present in the annotation (.gtf) file
2025-11-07 20:05:17,460 - WARNING - The .bam file refers to a chromosome 'GL456378.1-' not present in the annotation (.gtf) file
2025-11-07 20:05:17,460 - DEBUG - Marking up chromosome MU069434.1
2025-11-07 20:05:17,460 - WARNING - The .bam file refers to a chromosome 'MU069434.1+' not present in the annotation (.gtf) file
2025-11-07 20:05:17,460 - WARNING - The .bam file refers to a chromosome 'MU069434.1-' not present in the annotation (.gtf) file
2025-11-07 20:05:23,286 - DEBUG - End of file. Reset index: start scanning from initial position.
2025-11-07 20:05:23,287 - DEBUG - 6834320 reads were skipped because no apropiate cell or umi barcode was found
2025-11-07 20:05:23,287 - DEBUG - Start molecule counting!
2025-11-07 20:05:24,138 - DEBUG - Features available for chromosomes : ['1-', '1+', '10-', '10+', '11-', '11+', '12-', '12+', '13-', '13+', '14-', '14+', '15-', '15+', '16-', '16+', '17-', '17+', '18-', '18+', '19-', '19+', '2-', '2+', '3-', '3+', '4-', '4+', '5-', '5+', '6-', '6+', '7-', '7+', '8-', '8+', '9-', '9+', 'M-', 'M+', 'X-', 'X+', 'Y-', 'Y+']
2025-11-07 20:05:24,138 - DEBUG - Mask available for chromosomes : ['1-', '1+', '10-', '10+', '10_GL456015_alt-', '10_GL456015_alt+', '10_KQ030491_fix-', '10_KQ030491_fix+', '10_KZ289071_fix-', '10_KZ289071_fix+', '10_KZ289072_fix-', '10_KZ289072_fix+', '11-', '11+', '11_GL455998_alt-', '11_GL455998_alt+', '11_GL456016_alt-', '11_GL456016_alt+', '11_GL456060_alt-', '11_GL456060_alt+', '11_JH584265_alt-', '11_JH584265_alt+', '11_JH584316_alt-', '11_JH584316_alt+', '11_JH584317_alt-', '11_JH584317_alt+', '11_JH584327_alt-', '11_JH584327_alt+', '11_KB469739_fix-', '11_KB469739_fix+', '11_KZ289073_alt-', '11_KZ289073_alt+', '11_KZ289074_alt-', '11_KZ289074_alt+', '11_KZ289075_alt-', '11_KZ289075_alt+', '11_KZ289076_fix-', '11_KZ289076_fix+', '11_KZ289077_alt-', '11_KZ289077_alt+', '11_KZ289078_alt-', '11_KZ289078_alt+', '11_KZ289079_alt-', '11_KZ289079_alt+', '11_KZ289080_alt-', '11_KZ289080_alt+', '11_KZ289081_alt-', '11_KZ289081_alt+', '12-', '12+', '12_GL456017_alt-', '12_GL456017_alt+', '12_GL456068_alt-', '12_GL456068_alt+', '12_GL456074_alt-', '12_GL456074_alt+', '12_GL456078_alt-', '12_GL456078_alt+', '12_GL456349_alt-', '12_GL456349_alt+', '12_KB469740_fix-', '12_KB469740_fix+', '12_KZ289082_fix-', '12_KZ289082_fix+', '13-', '13+', '13_GL455990_alt-', '13_GL455990_alt+', '13_GL455999_alt-', '13_GL455999_alt+', '13_JH584305_alt-', '13_JH584305_alt+', '14-', '14+', '14_GL456019_alt-', '14_GL456019_alt+', '14_GL456020_alt-', '14_GL456020_alt+', '14_KZ289083_fix-', '14_KZ289083_fix+', '14_KZ289084_fix-', '14_KZ289084_fix+', '15-', '15+', '15_GL456000_alt-', '15_GL456000_alt+', '15_JH584270_alt-', '15_JH584270_alt+', '15_KQ030492_fix-', '15_KQ030492_fix+', '15_KQ030493_fix-', '15_KQ030493_fix+', '15_KV575241_fix-', '15_KV575241_fix+', '15_KZ289085_fix-', '15_KZ289085_fix+', '15_KZ289086_fix-', '15_KZ289086_fix+', '16-', '16+', '16_GL456001_alt-', '16_GL456001_alt+', '16_GL456028_alt-', '16_GL456028_alt+', '16_JH584306_alt-', '16_JH584306_alt+', '16_JH584307_alt-', '16_JH584307_alt+', '16_JH584310_alt-', '16_JH584310_alt+', '16_JH584311_alt-', '16_JH584311_alt+', '16_JH584312_alt-', '16_JH584312_alt+', '16_JH584313_alt-', '16_JH584313_alt+', '16_JH584314_alt-', '16_JH584314_alt+', '16_KB469741_fix-', '16_KB469741_fix+', '17-', '17+', '17_GL456002_alt-', '17_GL456002_alt+', '17_GL456021_alt-', '17_GL456021_alt+', '17_GL456022_alt-', '17_GL456022_alt+', '17_GL456069_alt-', '17_GL456069_alt+', '17_JH584266_alt-', '17_JH584266_alt+', '17_JH584267_alt-', '17_JH584267_alt+', '17_JH584308_alt-', '17_JH584308_alt+', '17_JH584309_alt-', '17_JH584309_alt+', '17_JH584328_alt-', '17_JH584328_alt+', '17_JH590470_alt-', '17_JH590470_alt+', '17_KB469742_fix-', '17_KB469742_fix+', '17_KZ289087_fix-', '17_KZ289087_fix+', '17_KZ289088_fix-', '17_KZ289088_fix+', '17_KZ289089_fix-', '17_KZ289089_fix+', '18-', '18+', '18_GL456070_alt-', '18_GL456070_alt+', '18_JH584318_alt-', '18_JH584318_alt+', '18_JH792829_fix-', '18_JH792829_fix+', '18_KZ289090_fix-', '18_KZ289090_fix+', '18_KZ289091_fix-', '18_KZ289091_fix+', '19-', '19+', '19_GL456079_alt-', '19_GL456079_alt+', '19_JH584319_alt-', '19_JH584319_alt+', '19_JH792830_fix-', '19_JH792830_fix+', '19_KQ030494_fix-', '19_KQ030494_fix+', '19_KV575242_fix-', '19_KV575242_fix+', '1_GL455991_alt-', '1_GL455991_alt+', '1_GL455992_alt-', '1_GL455992_alt+', '1_GL455993_alt-', '1_GL455993_alt+', '1_GL456005_alt-', '1_GL456005_alt+', '1_GL456210_random-', '1_GL456210_random+', '1_GL456211_random-', '1_GL456211_random+', '1_GL456212_random-', '1_GL456212_random+', '1_GL456213_random-', '1_GL456213_random+', '1_GL456221_random-', '1_GL456221_random+', '1_JH584315_alt-', '1_JH584315_alt+', '1_JH584320_alt-', '1_JH584320_alt+', '1_JH584321_alt-', '1_JH584321_alt+', '1_JH584322_alt-', '1_JH584322_alt+', '1_KK082441_alt-', '1_KK082441_alt+', '1_KV575232_fix-', '1_KV575232_fix+', '1_KV575233_fix-', '1_KV575233_fix+', '1_KV575234_fix-', '1_KV575234_fix+', '2-', '2+', '2_GL456024_alt-', '2_GL456024_alt+', '2_KV575235_fix-', '2_KV575235_fix+', '2_KV575236_fix-', '2_KV575236_fix+', '3-', '3+', '3_GL456006_alt-', '3_GL456006_alt+', '3_GL456007_alt-', '3_GL456007_alt+', '3_GL456008_alt-', '3_GL456008_alt+', '3_GL456042_alt-', '3_GL456042_alt+', '3_GL456044_alt-', '3_GL456044_alt+', '3_GL456045_alt-', '3_GL456045_alt+', '3_GL456048_alt-', '3_GL456048_alt+', '3_GL456049_alt-', '3_GL456049_alt+', '3_JH584323_alt-', '3_JH584323_alt+', '3_KQ030484_fix-', '3_KQ030484_fix+', '3_KZ289064_fix-', '3_KZ289064_fix+', '3_KZ289065_fix-', '3_KZ289065_fix+', '3_KZ289066_fix-', '3_KZ289066_fix+', '4-', '4+', '4_GL455994_alt-', '4_GL455994_alt+', '4_GL456009_alt-', '4_GL456009_alt+', '4_GL456010_alt-', '4_GL456010_alt+', '4_GL456053_alt-', '4_GL456053_alt+', '4_GL456064_alt-', '4_GL456064_alt+', '4_GL456075_alt-', '4_GL456075_alt+', '4_GL456076_alt-', '4_GL456076_alt+', '4_GL456077_alt-', '4_GL456077_alt+', '4_GL456216_random-', '4_GL456216_random+', '4_GL456350_random-', '4_GL456350_random+', '4_JH584268_alt-', '4_JH584268_alt+', '4_JH584269_alt-', '4_JH584269_alt+', '4_JH584292_random-', '4_JH584292_random+', '4_JH584293_random-', '4_JH584293_random+', '4_JH584294_random-', '4_JH584294_random+', '4_JH584295_random+', '4_JH584324_alt-', '4_JH584324_alt+', '4_JH584325_alt-', '4_JH584325_alt+', '4_JH584326_alt-', '4_JH584326_alt+', '4_JH792826_fix-', '4_JH792826_fix+', '4_KQ030485_fix-', '4_KQ030485_fix+', '4_KQ030486_fix-', '4_KQ030486_fix+', '4_KQ030487_fix-', '4_KQ030487_fix+', '4_KQ030488_fix-', '4_KQ030488_fix+', '4_KQ030489_fix-', '4_KQ030489_fix+', '4_KZ289067_fix-', '4_KZ289067_fix+', '4_KZ289068_fix-', '4_KZ289068_fix+', '4_KZ289069_fix-', '4_KZ289069_fix+', '4_KZ289070_fix-', '4_KZ289070_fix+', '5-', '5+', '5_GL455995_alt-', '5_GL455995_alt+', '5_GL456011_alt-', '5_GL456011_alt+', '5_GL456354_random-', '5_GL456354_random+', '5_JH584296_random-', '5_JH584296_random+', '5_JH584297_random-', '5_JH584297_random+', '5_JH584298_random-', '5_JH584298_random+', '5_JH584299_random-', '5_JH584299_random+', '5_JH792827_fix-', '5_JH792827_fix+', '5_KV575237_fix-', '5_KV575237_fix+', '6-', '6+', '6_GL456012_alt-', '6_GL456012_alt+', '6_GL456025_alt-', '6_GL456025_alt+', '6_GL456026_alt-', '6_GL456026_alt+', '6_GL456054_alt-', '6_GL456054_alt+', '6_GL456065_alt-', '6_GL456065_alt+', '6_JH584264_alt-', '6_JH584264_alt+', '6_KK082442_fix-', '6_KK082442_fix+', '6_KK082443_fix-', '6_KK082443_fix+', '7-', '7+', '7_GL455989_alt-', '7_GL455989_alt+', '7_GL456013_alt-', '7_GL456013_alt+', '7_GL456014_alt-', '7_GL456014_alt+', '7_GL456219_random-', '7_GL456219_random+', '7_JH792828_fix-', '7_JH792828_fix+', '7_KV575238_fix-', '7_KV575238_fix+', '7_KV575239_fix-', '7_KV575239_fix+', '8-', '8+', '8_GL455996_alt-', '8_GL455996_alt+', '8_GL455997_alt-', '8_GL455997_alt+', '8_KV575240_fix-', '8_KV575240_fix+', '9-', '9+', '9_KB469738_fix-', '9_KB469738_fix+', '9_KQ030490_fix-', '9_KQ030490_fix+', 'M-', 'M+', 'Un_GL456239-', 'Un_GL456239+', 'Un_GL456359-', 'Un_GL456359+', 'Un_GL456360-', 'Un_GL456360+', 'Un_GL456366-', 'Un_GL456366+', 'Un_GL456367-', 'Un_GL456367+', 'Un_GL456368-', 'Un_GL456368+', 'Un_GL456370+', 'Un_GL456372-', 'Un_GL456372+', 'Un_GL456378-', 'Un_GL456378+', 'Un_GL456379-', 'Un_GL456379+', 'Un_GL456381-', 'Un_GL456381+', 'Un_GL456382-', 'Un_GL456382+', 'Un_GL456383-', 'Un_GL456383+', 'Un_GL456385-', 'Un_GL456385+', 'Un_GL456387-', 'Un_GL456387+', 'Un_GL456389-', 'Un_GL456389+', 'Un_GL456390-', 'Un_GL456390+', 'Un_GL456392-', 'Un_GL456392+', 'Un_GL456393-', 'Un_GL456393+', 'Un_GL456394-', 'Un_GL456394+', 'Un_GL456396-', 'Un_GL456396+', 'Un_JH584304-', 'Un_JH584304+', 'X-', 'X+', 'X_GL456003_alt-', 'X_GL456003_alt+', 'X_GL456004_alt-', 'X_GL456004_alt+', 'X_GL456031_alt-', 'X_GL456031_alt+', 'X_GL456032_alt-', 'X_GL456032_alt+', 'X_GL456033_alt-', 'X_GL456033_alt+', 'X_GL456233_random-', 'X_GL456233_random+', 'X_JH792831_fix-', 'X_JH792831_fix+', 'X_KQ030495_fix-', 'X_KQ030495_fix+', 'X_KQ030496_fix-', 'X_KQ030496_fix+', 'X_KQ030497_fix-', 'X_KQ030497_fix+', 'X_KZ289092_fix-', 'X_KZ289092_fix+', 'X_KZ289093_fix-', 'X_KZ289093_fix+', 'X_KZ289094_fix-', 'X_KZ289094_fix+', 'X_KZ289095_fix-', 'X_KZ289095_fix+', 'Y-', 'Y+', 'Y_GL456071_alt-', 'Y_GL456071_alt+', 'Y_GL456072_alt-', 'Y_GL456072_alt+', 'Y_GL456073_alt-', 'Y_GL456073_alt+', 'Y_GL456080_alt-', 'Y_GL456080_alt+', 'Y_GL456081_alt-', 'Y_GL456081_alt+', 'Y_GL456082_alt-', 'Y_GL456082_alt+', 'Y_JH584300_random-', 'Y_JH584300_random+', 'Y_JH584301_random-', 'Y_JH584301_random+', 'Y_JH584302_random-', 'Y_JH584302_random+', 'Y_JH584303_random-', 'Y_JH584303_random+', 'Y_JH792832_fix-', 'Y_JH792832_fix+', 'Y_JH792833_fix-', 'Y_JH792833_fix+', 'Y_JH792834_fix-', 'Y_JH792834_fix+', 'na_GL456050_alt-']
2025-11-07 20:05:24,138 - DEBUG - Summarizing the results of intron validation.
2025-11-07 20:05:24,198 - DEBUG - Validated 1120 introns (of which unique intervals 443) out of 700789 total possible introns (considering each possible transcript models).
2025-11-07 20:05:24,198 - DEBUG - Reading /storage/scratch01/groups/ci/Trem1_GEICAM/Sarai/Single.Cell.Tet2/outs/out.smR039b.9/outs/per_sample_outs/WT2-DsRedp/count/cellsorted_sample_alignments.bam
2025-11-07 20:05:24,248 - DEBUG - Read first 0 million reads
2025-11-07 20:05:46,444 - DEBUG - Counting for batch 1, containing 100 cells and 3151133 reads
2025-11-07 20:05:58,367 - DEBUG - 379946 reads not considered because fully enclosed in repeat masked regions
2025-11-07 20:06:19,793 - DEBUG - Counting for batch 2, containing 100 cells and 3093367 reads
2025-11-07 20:06:33,360 - DEBUG - 346347 reads not considered because fully enclosed in repeat masked regions
2025-11-07 20:06:54,094 - DEBUG - Read first 10 million reads
2025-11-07 20:07:01,856 - DEBUG - Counting for batch 3, containing 100 cells and 4035642 reads
2025-11-07 20:07:19,642 - DEBUG - 487173 reads not considered because fully enclosed in repeat masked regions
2025-11-07 20:07:42,426 - DEBUG - Counting for batch 4, containing 100 cells and 3403138 reads
2025-11-07 20:07:57,443 - DEBUG - 400035 reads not considered because fully enclosed in repeat masked regions
2025-11-07 20:08:24,547 - DEBUG - Counting for batch 5, containing 100 cells and 4036736 reads
2025-11-07 20:08:42,261 - DEBUG - 499688 reads not considered because fully enclosed in repeat masked regions
2025-11-07 20:08:47,622 - DEBUG - Read first 20 million reads
2025-11-07 20:09:08,929 - DEBUG - Counting for batch 6, containing 100 cells and 3759059 reads
2025-11-07 20:09:27,169 - DEBUG - 456478 reads not considered because fully enclosed in repeat masked regions
2025-11-07 20:09:52,077 - DEBUG - Counting for batch 7, containing 100 cells and 3475676 reads
2025-11-07 20:10:09,124 - DEBUG - 413225 reads not considered because fully enclosed in repeat masked regions
2025-11-07 20:10:29,977 - DEBUG - Read first 30 million reads
2025-11-07 20:10:40,123 - DEBUG - Counting for batch 8, containing 100 cells and 3984330 reads
2025-11-07 20:10:59,294 - DEBUG - 483311 reads not considered because fully enclosed in repeat masked regions
2025-11-07 20:11:22,677 - DEBUG - Counting for batch 9, containing 100 cells and 3398768 reads
2025-11-07 20:11:37,968 - DEBUG - 396536 reads not considered because fully enclosed in repeat masked regions
2025-11-07 20:12:01,005 - DEBUG - Counting for batch 10, containing 100 cells and 3287556 reads
2025-11-07 20:12:16,011 - DEBUG - 402354 reads not considered because fully enclosed in repeat masked regions
2025-11-07 20:12:22,593 - DEBUG - Read first 40 million reads
2025-11-07 20:12:39,559 - DEBUG - Counting for batch 11, containing 100 cells and 3611893 reads
2025-11-07 20:12:55,357 - DEBUG - 415650 reads not considered because fully enclosed in repeat masked regions
2025-11-07 20:13:21,482 - DEBUG - Counting for batch 12, containing 100 cells and 3804375 reads
2025-11-07 20:13:38,565 - DEBUG - 466851 reads not considered because fully enclosed in repeat masked regions
2025-11-07 20:13:55,260 - DEBUG - Read first 50 million reads
2025-11-07 20:13:59,446 - DEBUG - Counting for batch 13, containing 100 cells and 3147694 reads
2025-11-07 20:14:13,830 - DEBUG - 384004 reads not considered because fully enclosed in repeat masked regions
2025-11-07 20:14:39,021 - DEBUG - Counting for batch 14, containing 100 cells and 4120673 reads
2025-11-07 20:14:59,700 - DEBUG - 494896 reads not considered because fully enclosed in repeat masked regions
2025-11-07 20:15:26,239 - DEBUG - Counting for batch 15, containing 100 cells and 4248530 reads
2025-11-07 20:15:44,219 - DEBUG - 520655 reads not considered because fully enclosed in repeat masked regions
2025-11-07 20:15:48,480 - DEBUG - Read first 60 million reads
2025-11-07 20:16:06,686 - DEBUG - Counting for batch 16, containing 100 cells and 3457671 reads
2025-11-07 20:16:22,543 - DEBUG - 424484 reads not considered because fully enclosed in repeat masked regions
2025-11-07 20:16:50,298 - DEBUG - Counting for batch 17, containing 100 cells and 3998619 reads
2025-11-07 20:17:07,823 - DEBUG - 487961 reads not considered because fully enclosed in repeat masked regions
2025-11-07 20:17:21,579 - DEBUG - Read first 70 million reads
2025-11-07 20:17:28,641 - DEBUG - Counting for batch 18, containing 100 cells and 3147581 reads
2025-11-07 20:17:43,180 - DEBUG - 388072 reads not considered because fully enclosed in repeat masked regions
2025-11-07 20:18:07,445 - DEBUG - Counting for batch 19, containing 100 cells and 3665386 reads
2025-11-07 20:18:23,590 - DEBUG - 436983 reads not considered because fully enclosed in repeat masked regions
2025-11-07 20:18:48,127 - DEBUG - Counting for batch 20, containing 100 cells and 3647904 reads
2025-11-07 20:19:04,340 - DEBUG - 428875 reads not considered because fully enclosed in repeat masked regions
2025-11-07 20:19:11,721 - DEBUG - Read first 80 million reads
2025-11-07 20:19:32,131 - DEBUG - Counting for batch 21, containing 100 cells and 4316351 reads
2025-11-07 20:19:50,113 - DEBUG - 543251 reads not considered because fully enclosed in repeat masked regions
2025-11-07 20:20:14,875 - DEBUG - Counting for batch 22, containing 100 cells and 3313735 reads
2025-11-07 20:20:30,046 - DEBUG - 392258 reads not considered because fully enclosed in repeat masked regions
2025-11-07 20:20:44,653 - DEBUG - Read first 90 million reads
2025-11-07 20:20:48,013 - DEBUG - Counting for batch 23, containing 100 cells and 3047161 reads
2025-11-07 20:21:01,796 - DEBUG - 359298 reads not considered because fully enclosed in repeat masked regions
2025-11-07 20:21:23,489 - DEBUG - Counting for batch 24, containing 100 cells and 3218590 reads
2025-11-07 20:21:37,946 - DEBUG - 398377 reads not considered because fully enclosed in repeat masked regions
2025-11-07 20:22:05,192 - DEBUG - Counting for batch 25, containing 100 cells and 3842514 reads
2025-11-07 20:22:22,359 - DEBUG - 482161 reads not considered because fully enclosed in repeat masked regions
2025-11-07 20:22:31,448 - DEBUG - Read first 100 million reads
2025-11-07 20:22:47,668 - DEBUG - Counting for batch 26, containing 100 cells and 3908359 reads
2025-11-07 20:23:05,246 - DEBUG - 484622 reads not considered because fully enclosed in repeat masked regions
2025-11-07 20:23:34,685 - DEBUG - Counting for batch 27, containing 100 cells and 4316935 reads
2025-11-07 20:23:53,468 - DEBUG - 542964 reads not considered because fully enclosed in repeat masked regions
2025-11-07 20:24:09,697 - DEBUG - Read first 110 million reads
2025-11-07 20:24:20,451 - DEBUG - Counting for batch 28, containing 100 cells and 4067945 reads
2025-11-07 20:24:38,303 - DEBUG - 506140 reads not considered because fully enclosed in repeat masked regions
2025-11-07 20:25:04,297 - DEBUG - Counting for batch 29, containing 100 cells and 3943310 reads
2025-11-07 20:25:21,428 - DEBUG - 470829 reads not considered because fully enclosed in repeat masked regions
2025-11-07 20:25:44,491 - DEBUG - Read first 120 million reads
2025-11-07 20:25:48,037 - DEBUG - Counting for batch 30, containing 100 cells and 3661921 reads
2025-11-07 20:26:04,728 - DEBUG - 450413 reads not considered because fully enclosed in repeat masked regions
2025-11-07 20:26:24,082 - DEBUG - Counting for batch 31, containing 100 cells and 3267810 reads
2025-11-07 20:26:41,526 - DEBUG - 386878 reads not considered because fully enclosed in repeat masked regions
2025-11-07 20:27:03,694 - DEBUG - Counting for batch 32, containing 100 cells and 3429063 reads
2025-11-07 20:27:19,219 - DEBUG - 406858 reads not considered because fully enclosed in repeat masked regions
2025-11-07 20:27:33,471 - DEBUG - Read first 130 million reads
2025-11-07 20:27:45,961 - DEBUG - Counting for batch 33, containing 100 cells and 4263623 reads
2025-11-07 20:28:03,528 - DEBUG - 483710 reads not considered because fully enclosed in repeat masked regions
2025-11-07 20:28:31,124 - DEBUG - Counting for batch 34, containing 100 cells and 3421039 reads
2025-11-07 20:28:49,485 - DEBUG - 417091 reads not considered because fully enclosed in repeat masked regions
2025-11-07 20:29:16,094 - DEBUG - Read first 140 million reads
2025-11-07 20:29:18,182 - DEBUG - Counting for batch 35, containing 100 cells and 3896601 reads
2025-11-07 20:29:38,458 - DEBUG - 492029 reads not considered because fully enclosed in repeat masked regions
2025-11-07 20:30:08,493 - DEBUG - Counting for batch 36, containing 100 cells and 3827528 reads
2025-11-07 20:30:27,623 - DEBUG - 430586 reads not considered because fully enclosed in repeat masked regions
2025-11-07 20:31:01,290 - DEBUG - Counting for batch 37, containing 100 cells and 4196084 reads
2025-11-07 20:31:22,650 - DEBUG - 492464 reads not considered because fully enclosed in repeat masked regions
2025-11-07 20:31:29,463 - DEBUG - Read first 150 million reads
2025-11-07 20:31:54,849 - DEBUG - Counting for batch 38, containing 100 cells and 4085214 reads
2025-11-07 20:32:15,791 - DEBUG - 479892 reads not considered because fully enclosed in repeat masked regions
2025-11-07 20:32:47,160 - DEBUG - Counting for batch 39, containing 100 cells and 3945938 reads
2025-11-07 20:33:07,046 - DEBUG - 471000 reads not considered because fully enclosed in repeat masked regions
2025-11-07 20:33:21,288 - DEBUG - Read first 160 million reads
2025-11-07 20:33:32,850 - DEBUG - Counting for batch 40, containing 100 cells and 3646586 reads
2025-11-07 20:33:52,762 - DEBUG - 455514 reads not considered because fully enclosed in repeat masked regions
2025-11-07 20:34:11,989 - DEBUG - Counting for batch 41, containing 100 cells and 3232691 reads
2025-11-07 20:34:26,818 - DEBUG - 394870 reads not considered because fully enclosed in repeat masked regions
2025-11-07 20:34:47,787 - DEBUG - Counting for batch 42, containing 100 cells and 3035444 reads
2025-11-07 20:35:01,951 - DEBUG - 369937 reads not considered because fully enclosed in repeat masked regions
2025-11-07 20:35:10,064 - DEBUG - Read first 170 million reads
2025-11-07 20:35:26,222 - DEBUG - Counting for batch 43, containing 100 cells and 3576684 reads
2025-11-07 20:35:42,469 - DEBUG - 443381 reads not considered because fully enclosed in repeat masked regions
2025-11-07 20:36:06,523 - DEBUG - Counting for batch 44, containing 100 cells and 3827891 reads
2025-11-07 20:36:23,622 - DEBUG - 474454 reads not considered because fully enclosed in repeat masked regions
2025-11-07 20:36:42,151 - DEBUG - Read first 180 million reads
2025-11-07 20:36:48,335 - DEBUG - Counting for batch 45, containing 100 cells and 3585981 reads
2025-11-07 20:37:04,640 - DEBUG - 448408 reads not considered because fully enclosed in repeat masked regions
2025-11-07 20:37:35,287 - DEBUG - Counting for batch 46, containing 100 cells and 4535588 reads
2025-11-07 20:37:55,001 - DEBUG - 572949 reads not considered because fully enclosed in repeat masked regions
2025-11-07 20:38:17,576 - DEBUG - Counting for batch 47, containing 100 cells and 3421269 reads
2025-11-07 20:38:33,110 - DEBUG - 423572 reads not considered because fully enclosed in repeat masked regions
2025-11-07 20:38:36,203 - DEBUG - Read first 190 million reads
2025-11-07 20:38:53,059 - DEBUG - Counting for batch 48, containing 100 cells and 3096918 reads
2025-11-07 20:39:07,273 - DEBUG - 376635 reads not considered because fully enclosed in repeat masked regions
2025-11-07 20:39:31,940 - DEBUG - Counting for batch 49, containing 100 cells and 3831862 reads
2025-11-07 20:39:48,707 - DEBUG - 459533 reads not considered because fully enclosed in repeat masked regions
2025-11-07 20:40:07,112 - DEBUG - Read first 200 million reads
2025-11-07 20:40:16,171 - DEBUG - Counting for batch 50, containing 100 cells and 3926968 reads
2025-11-07 20:40:33,485 - DEBUG - 462277 reads not considered because fully enclosed in repeat masked regions
2025-11-07 20:40:54,737 - DEBUG - Counting for batch 51, containing 100 cells and 3307175 reads
2025-11-07 20:41:09,589 - DEBUG - 397481 reads not considered because fully enclosed in repeat masked regions
2025-11-07 20:41:30,783 - DEBUG - Counting for batch 52, containing 100 cells and 3004497 reads
2025-11-07 20:41:42,251 - DEBUG - 372601 reads not considered because fully enclosed in repeat masked regions
2025-11-07 20:41:53,267 - DEBUG - Read first 210 million reads
2025-11-07 20:42:06,496 - DEBUG - Counting for batch 53, containing 100 cells and 3408910 reads
2025-11-07 20:42:22,140 - DEBUG - 400261 reads not considered because fully enclosed in repeat masked regions
2025-11-07 20:42:43,642 - DEBUG - Counting for batch 54, containing 100 cells and 3220023 reads
2025-11-07 20:42:58,440 - DEBUG - 396451 reads not considered because fully enclosed in repeat masked regions
2025-11-07 20:43:20,946 - DEBUG - Counting for batch 55, containing 100 cells and 3599088 reads
2025-11-07 20:43:37,412 - DEBUG - 451642 reads not considered because fully enclosed in repeat masked regions
2025-11-07 20:43:41,019 - DEBUG - Read first 220 million reads
2025-11-07 20:44:05,222 - DEBUG - Counting for batch 56, containing 100 cells and 4350302 reads
2025-11-07 20:44:23,289 - DEBUG - 527511 reads not considered because fully enclosed in repeat masked regions
2025-11-07 20:44:44,193 - DEBUG - Counting for batch 57, containing 100 cells and 2951203 reads
2025-11-07 20:44:57,666 - DEBUG - 356663 reads not considered because fully enclosed in repeat masked regions
2025-11-07 20:45:12,687 - DEBUG - Read first 230 million reads
2025-11-07 20:45:31,812 - DEBUG - Counting for batch 58, containing 100 cells and 5174705 reads
2025-11-07 20:45:53,365 - DEBUG - 658575 reads not considered because fully enclosed in repeat masked regions
2025-11-07 20:46:17,657 - DEBUG - Counting for batch 59, containing 100 cells and 3787952 reads
2025-11-07 20:46:34,086 - DEBUG - 460571 reads not considered because fully enclosed in repeat masked regions
2025-11-07 20:46:50,192 - DEBUG - Read first 240 million reads
2025-11-07 20:47:01,918 - DEBUG - Counting for batch 60, containing 100 cells and 3934308 reads
2025-11-07 20:47:19,424 - DEBUG - 486843 reads not considered because fully enclosed in repeat masked regions
2025-11-07 20:47:46,818 - DEBUG - Counting for batch 61, containing 100 cells and 4318818 reads
2025-11-07 20:48:05,242 - DEBUG - 546176 reads not considered because fully enclosed in repeat masked regions
2025-11-07 20:48:27,692 - DEBUG - Read first 250 million reads
2025-11-07 20:48:38,113 - DEBUG - Counting for batch 62, containing 100 cells and 4948087 reads
2025-11-07 20:48:58,260 - DEBUG - 606048 reads not considered because fully enclosed in repeat masked regions
2025-11-07 20:49:21,676 - DEBUG - Counting for batch 63, containing 100 cells and 3327910 reads
2025-11-07 20:49:36,445 - DEBUG - 406866 reads not considered because fully enclosed in repeat masked regions
2025-11-07 20:50:03,810 - DEBUG - Read first 260 million reads
2025-11-07 20:50:06,043 - DEBUG - Counting for batch 64, containing 100 cells and 4655214 reads
2025-11-07 20:50:25,840 - DEBUG - 574362 reads not considered because fully enclosed in repeat masked regions
2025-11-07 20:50:53,738 - DEBUG - Counting for batch 65, containing 100 cells and 4228363 reads
2025-11-07 20:51:11,410 - DEBUG - 508490 reads not considered because fully enclosed in repeat masked regions
2025-11-07 20:51:39,829 - DEBUG - Counting for batch 66, containing 100 cells and 4031656 reads
2025-11-07 20:51:57,727 - DEBUG - 496977 reads not considered because fully enclosed in repeat masked regions
2025-11-07 20:52:01,868 - DEBUG - Read first 270 million reads
2025-11-07 20:52:14,905 - DEBUG - Counting for batch 67, containing 100 cells and 2807191 reads
2025-11-07 20:52:27,665 - DEBUG - 335322 reads not considered because fully enclosed in repeat masked regions
2025-11-07 20:52:51,989 - DEBUG - Counting for batch 68, containing 100 cells and 3623236 reads
2025-11-07 20:53:08,068 - DEBUG - 452323 reads not considered because fully enclosed in repeat masked regions
2025-11-07 20:53:28,080 - DEBUG - Read first 280 million reads
2025-11-07 20:53:32,566 - DEBUG - Counting for batch 69, containing 100 cells and 3608918 reads
2025-11-07 20:53:48,885 - DEBUG - 440777 reads not considered because fully enclosed in repeat masked regions
2025-11-07 20:54:15,405 - DEBUG - Counting for batch 70, containing 100 cells and 4378252 reads
2025-11-07 20:54:33,601 - DEBUG - 526087 reads not considered because fully enclosed in repeat masked regions
2025-11-07 20:54:55,855 - DEBUG - Counting for batch 71, containing 100 cells and 3257937 reads
2025-11-07 20:55:10,901 - DEBUG - 396236 reads not considered because fully enclosed in repeat masked regions
2025-11-07 20:55:18,861 - DEBUG - Read first 290 million reads
2025-11-07 20:55:33,316 - DEBUG - Counting for batch 72, containing 100 cells and 3299583 reads
2025-11-07 20:55:48,205 - DEBUG - 399243 reads not considered because fully enclosed in repeat masked regions
2025-11-07 20:56:16,394 - DEBUG - Counting for batch 73, containing 100 cells and 4370243 reads
2025-11-07 20:56:35,028 - DEBUG - 542961 reads not considered because fully enclosed in repeat masked regions
2025-11-07 20:56:52,380 - DEBUG - Read first 300 million reads
2025-11-07 20:56:54,434 - DEBUG - Counting for batch 74, containing 100 cells and 2951255 reads
2025-11-07 20:57:07,781 - DEBUG - 355443 reads not considered because fully enclosed in repeat masked regions
2025-11-07 20:57:28,549 - DEBUG - Counting for batch 75, containing 100 cells and 3062811 reads
2025-11-07 20:57:42,550 - DEBUG - 365219 reads not considered because fully enclosed in repeat masked regions
2025-11-07 20:58:04,989 - DEBUG - Counting for batch 76, containing 100 cells and 3324356 reads
2025-11-07 20:58:20,027 - DEBUG - 407451 reads not considered because fully enclosed in repeat masked regions
2025-11-07 20:58:35,987 - DEBUG - Read first 310 million reads
2025-11-07 20:58:43,686 - DEBUG - Counting for batch 77, containing 100 cells and 3497246 reads
2025-11-07 20:58:59,370 - DEBUG - 441084 reads not considered because fully enclosed in repeat masked regions
2025-11-07 20:59:14,415 - DEBUG - Counting for batch 78, containing 100 cells and 2449198 reads
2025-11-07 20:59:25,490 - DEBUG - 286183 reads not considered because fully enclosed in repeat masked regions
2025-11-07 20:59:47,404 - DEBUG - Counting for batch 79, containing 100 cells and 3356995 reads
2025-11-07 21:00:02,262 - DEBUG - 409963 reads not considered because fully enclosed in repeat masked regions
2025-11-07 21:00:17,701 - DEBUG - Read first 320 million reads
2025-11-07 21:00:23,241 - DEBUG - Counting for batch 80, containing 100 cells and 2951180 reads
2025-11-07 21:00:34,342 - DEBUG - 366300 reads not considered because fully enclosed in repeat masked regions
2025-11-07 21:01:00,749 - DEBUG - Counting for batch 81, containing 100 cells and 3864686 reads
2025-11-07 21:01:18,378 - DEBUG - 470677 reads not considered because fully enclosed in repeat masked regions
2025-11-07 21:01:38,662 - DEBUG - Counting for batch 82, containing 100 cells and 3126532 reads
2025-11-07 21:01:52,756 - DEBUG - 388607 reads not considered because fully enclosed in repeat masked regions
2025-11-07 21:02:03,649 - DEBUG - Read first 330 million reads
2025-11-07 21:02:17,862 - DEBUG - Counting for batch 83, containing 100 cells and 3483797 reads
2025-11-07 21:02:31,115 - DEBUG - 405550 reads not considered because fully enclosed in repeat masked regions
2025-11-07 21:02:57,780 - DEBUG - Counting for batch 84, containing 100 cells and 3864837 reads
2025-11-07 21:03:15,015 - DEBUG - 479903 reads not considered because fully enclosed in repeat masked regions
2025-11-07 21:03:35,264 - DEBUG - Read first 340 million reads
2025-11-07 21:03:41,975 - DEBUG - Counting for batch 85, containing 100 cells and 4053774 reads
2025-11-07 21:03:59,991 - DEBUG - 503246 reads not considered because fully enclosed in repeat masked regions
2025-11-07 21:04:26,209 - DEBUG - Counting for batch 86, containing 100 cells and 3847660 reads
2025-11-07 21:04:43,387 - DEBUG - 477336 reads not considered because fully enclosed in repeat masked regions
2025-11-07 21:05:08,436 - DEBUG - Counting for batch 87, containing 100 cells and 4033186 reads
2025-11-07 21:05:26,024 - DEBUG - 503307 reads not considered because fully enclosed in repeat masked regions
2025-11-07 21:05:29,632 - DEBUG - Read first 350 million reads
2025-11-07 21:05:52,315 - DEBUG - Counting for batch 88, containing 100 cells and 4009354 reads
2025-11-07 21:06:10,047 - DEBUG - 503190 reads not considered because fully enclosed in repeat masked regions
2025-11-07 21:06:33,466 - DEBUG - Counting for batch 89, containing 100 cells and 3484126 reads
2025-11-07 21:06:48,916 - DEBUG - 423128 reads not considered because fully enclosed in repeat masked regions
2025-11-07 21:07:02,937 - DEBUG - Read first 360 million reads
2025-11-07 21:07:11,442 - DEBUG - Counting for batch 90, containing 100 cells and 3347047 reads
2025-11-07 21:07:26,062 - DEBUG - 402799 reads not considered because fully enclosed in repeat masked regions
2025-11-07 21:07:53,285 - DEBUG - Counting for batch 91, containing 100 cells and 4161057 reads
2025-11-07 21:08:10,743 - DEBUG - 487912 reads not considered because fully enclosed in repeat masked regions
2025-11-07 21:08:36,580 - DEBUG - Counting for batch 92, containing 100 cells and 3405769 reads
2025-11-07 21:08:51,538 - DEBUG - 413287 reads not considered because fully enclosed in repeat masked regions
2025-11-07 21:08:54,358 - DEBUG - Read first 370 million reads
2025-11-07 21:09:18,679 - DEBUG - Counting for batch 93, containing 100 cells and 4169545 reads
2025-11-07 21:09:37,150 - DEBUG - 521748 reads not considered because fully enclosed in repeat masked regions
2025-11-07 21:09:58,767 - DEBUG - Counting for batch 94, containing 100 cells and 3393713 reads
2025-11-07 21:10:16,490 - DEBUG - 418353 reads not considered because fully enclosed in repeat masked regions
2025-11-07 21:10:26,928 - DEBUG - Read first 380 million reads
2025-11-07 21:10:41,578 - DEBUG - Counting for batch 95, containing 100 cells and 4027216 reads
2025-11-07 21:10:59,510 - DEBUG - 501289 reads not considered because fully enclosed in repeat masked regions
2025-11-07 21:11:27,399 - DEBUG - Counting for batch 96, containing 100 cells and 4253387 reads
2025-11-07 21:11:45,496 - DEBUG - 532697 reads not considered because fully enclosed in repeat masked regions
2025-11-07 21:12:03,839 - DEBUG - Read first 390 million reads
2025-11-07 21:12:13,694 - DEBUG - Counting for batch 97, containing 100 cells and 4293883 reads
2025-11-07 21:12:32,899 - DEBUG - 535848 reads not considered because fully enclosed in repeat masked regions
2025-11-07 21:12:57,751 - DEBUG - Counting for batch 98, containing 100 cells and 3621143 reads
2025-11-07 21:13:13,645 - DEBUG - 456126 reads not considered because fully enclosed in repeat masked regions
2025-11-07 21:13:17,154 - DEBUG - Counting for batch 99, containing 11 cells and 334043 reads
2025-11-07 21:13:18,761 - DEBUG - 43799 reads not considered because fully enclosed in repeat masked regions
2025-11-07 21:13:18,924 - DEBUG - 6834320 reads were skipped because no apropiate cell or umi barcode was found
2025-11-07 21:13:18,924 - DEBUG - Counting done!
2025-11-07 21:13:18,927 - DEBUG - Generating output file /home/dcaceres/Tet2sc/Results/plots/scVelo/velocyto_loom_files/WT2-DsRedp.loom
2025-11-07 21:13:18,927 - DEBUG - Collecting row attributes
2025-11-07 21:13:19,023 - DEBUG - Generating data table
2025-11-07 21:13:21,408 - DEBUG - Writing loom file
2025-11-07 21:13:23,398 - DEBUG - Creating converter from 5 to 3
2025-11-07 21:13:23,398 - DEBUG - Creating converter from 3 to 5
2025-11-07 21:13:38,546 - DEBUG - Terminated Succesfully!
✅ ÉXITO: Loom creado correctamente: /home/dcaceres/Tet2sc/Results/plots/scVelo/velocyto_loom_files/WT2-DsRedp.loom
------------------------------------------------------------
🎉 Proceso finalizado correctamente para WT2-DsRedp
Finalizado en: Fri Nov  7 21:13:41 CET 2025
------------------------------------------------------------
