------------------------------------------------------------
🚀 INICIO DEL PROCESO VELOCYTO - Fri Nov  7 19:32:39 CET 2025
------------------------------------------------------------
=== Procesando muestra: WT2-DsRedn ===
Directorio de entrada: /storage/scratch01/groups/ci/Trem1_GEICAM/Sarai/Single.Cell.Tet2/outs/out.smR039b.9/outs/per_sample_outs/WT2-DsRedn/count
Nodo: bc010 | JobID: 5611413 | TaskID: 2
------------------------------------------------------------
🧬 Ejecutando Velocyto...
2025-11-07 19:33:00,178 - DEBUG - Using logic: Default
2025-11-07 19:33:00,216 - INFO - Read 12072 cell barcodes from /storage/scratch01/groups/ci/Trem1_GEICAM/Sarai/Single.Cell.Tet2/outs/out.smR039b.9/outs/per_sample_outs/WT2-DsRedn/count/sample_filtered_feature_bc_matrix/barcodes.tsv.gz
2025-11-07 19:33:00,216 - DEBUG - Example of barcode: AAACAAGCAAGCCTAAACTTTAGG and cell_id: WT2-DsRedn:AAACAAGCAAGCCTAAACTTTAGG-1
2025-11-07 19:33:00,246 - DEBUG - Peeking into /storage/scratch01/groups/ci/Trem1_GEICAM/Sarai/Single.Cell.Tet2/outs/out.smR039b.9/outs/per_sample_outs/WT2-DsRedn/count/sample_alignments.bam
2025-11-07 19:33:00,358 - WARNING - Not found cell and umi barcode in entry 19 of the bam file
2025-11-07 19:33:00,358 - WARNING - Not found cell and umi barcode in entry 41 of the bam file
2025-11-07 19:33:00,358 - WARNING - Not found cell and umi barcode in entry 73 of the bam file
2025-11-07 19:33:00,358 - WARNING - Not found cell and umi barcode in entry 217 of the bam file
2025-11-07 19:33:00,359 - WARNING - Not found cell and umi barcode in entry 337 of the bam file
2025-11-07 19:33:00,359 - WARNING - Not found cell and umi barcode in entry 453 of the bam file
2025-11-07 19:33:00,359 - WARNING - Not found cell and umi barcode in entry 466 of the bam file
2025-11-07 19:33:00,359 - WARNING - Not found cell and umi barcode in entry 472 of the bam file
2025-11-07 19:33:00,359 - WARNING - Not found cell and umi barcode in entry 487 of the bam file
2025-11-07 19:33:00,360 - WARNING - Not found cell and umi barcode in entry 575 of the bam file
2025-11-07 19:33:00,360 - WARNING - Not found cell and umi barcode in entry 577 of the bam file
2025-11-07 19:33:00,360 - WARNING - Not found cell and umi barcode in entry 578 of the bam file
2025-11-07 19:33:00,360 - WARNING - Not found cell and umi barcode in entry 579 of the bam file
2025-11-07 19:33:00,360 - WARNING - Not found cell and umi barcode in entry 580 of the bam file
2025-11-07 19:33:00,360 - WARNING - Not found cell and umi barcode in entry 585 of the bam file
2025-11-07 19:33:00,360 - WARNING - Not found cell and umi barcode in entry 587 of the bam file
2025-11-07 19:33:00,360 - WARNING - Not found cell and umi barcode in entry 590 of the bam file
2025-11-07 19:33:00,360 - WARNING - Not found cell and umi barcode in entry 595 of the bam file
2025-11-07 19:33:00,360 - WARNING - Not found cell and umi barcode in entry 625 of the bam file
2025-11-07 19:33:00,361 - WARNING - Not found cell and umi barcode in entry 649 of the bam file
2025-11-07 19:33:00,361 - WARNING - Not found cell and umi barcode in entry 654 of the bam file
2025-11-07 19:33:00,361 - WARNING - Not found cell and umi barcode in entry 722 of the bam file
2025-11-07 19:33:00,361 - WARNING - Not found cell and umi barcode in entry 727 of the bam file
2025-11-07 19:33:00,361 - WARNING - Not found cell and umi barcode in entry 794 of the bam file
2025-11-07 19:33:00,361 - WARNING - Not found cell and umi barcode in entry 940 of the bam file
2025-11-07 19:33:00,362 - WARNING - Not found cell and umi barcode in entry 998 of the bam file
2025-11-07 19:33:00,363 - WARNING - The file /storage/scratch01/groups/ci/Trem1_GEICAM/Sarai/Single.Cell.Tet2/outs/out.smR039b.9/outs/per_sample_outs/WT2-DsRedn/count/cellsorted_sample_alignments.bam already exists. The sorting step will be skipped and the existing file will be used.
2025-11-07 19:33:00,363 - INFO - Load the annotation from /storage/scratch01/groups/ci/Trem1_GEICAM/Sarai/Annonation_Files/gencode.vM25.annotation.gtf
2025-11-07 19:33:06,584 - DEBUG - Parsing Chromosome 1 strand - [line 0]
2025-11-07 19:33:06,698 - DEBUG - Done with 1- [line 59062]
2025-11-07 19:33:06,698 - DEBUG - Assigning indexes to genes
2025-11-07 19:33:06,701 - DEBUG - Seen 1693 genes until now
2025-11-07 19:33:06,701 - DEBUG - Parsing Chromosome 1 strand + [line 59063]
2025-11-07 19:33:06,974 - DEBUG - Done with 1+ [line 116931]
2025-11-07 19:33:06,974 - DEBUG - Assigning indexes to genes
2025-11-07 19:33:06,978 - DEBUG - Seen 3446 genes until now
2025-11-07 19:33:06,978 - DEBUG - Parsing Chromosome 10 strand - [line 116932]
2025-11-07 19:33:07,233 - DEBUG - Done with 10- [line 158870]
2025-11-07 19:33:07,233 - DEBUG - Assigning indexes to genes
2025-11-07 19:33:07,235 - DEBUG - Seen 4713 genes until now
2025-11-07 19:33:07,235 - DEBUG - Parsing Chromosome 10 strand + [line 158871]
2025-11-07 19:33:07,322 - DEBUG - Done with 10+ [line 203797]
2025-11-07 19:33:07,322 - DEBUG - Assigning indexes to genes
2025-11-07 19:33:07,325 - DEBUG - Seen 6068 genes until now
2025-11-07 19:33:07,325 - DEBUG - Parsing Chromosome 11 strand - [line 203798]
2025-11-07 19:33:07,645 - DEBUG - Done with 11- [line 268491]
2025-11-07 19:33:07,645 - DEBUG - Assigning indexes to genes
2025-11-07 19:33:07,648 - DEBUG - Seen 7617 genes until now
2025-11-07 19:33:07,649 - DEBUG - Parsing Chromosome 11 strand + [line 268492]
2025-11-07 19:33:07,774 - DEBUG - Done with 11+ [line 332954]
2025-11-07 19:33:07,774 - DEBUG - Assigning indexes to genes
2025-11-07 19:33:07,777 - DEBUG - Seen 9067 genes until now
2025-11-07 19:33:07,777 - DEBUG - Parsing Chromosome 12 strand - [line 332955]
2025-11-07 19:33:07,831 - DEBUG - Done with 12- [line 360299]
2025-11-07 19:33:07,831 - DEBUG - Assigning indexes to genes
2025-11-07 19:33:07,833 - DEBUG - Seen 10382 genes until now
2025-11-07 19:33:07,833 - DEBUG - Parsing Chromosome 12 strand + [line 360300]
2025-11-07 19:33:07,906 - DEBUG - Done with 12+ [line 397190]
2025-11-07 19:33:07,906 - DEBUG - Assigning indexes to genes
2025-11-07 19:33:07,909 - DEBUG - Seen 11544 genes until now
2025-11-07 19:33:07,909 - DEBUG - Parsing Chromosome 13 strand - [line 397191]
2025-11-07 19:33:08,195 - DEBUG - Done with 13- [line 433847]
2025-11-07 19:33:08,195 - DEBUG - Assigning indexes to genes
2025-11-07 19:33:08,197 - DEBUG - Seen 12811 genes until now
2025-11-07 19:33:08,197 - DEBUG - Parsing Chromosome 13 strand + [line 433848]
2025-11-07 19:33:08,253 - DEBUG - Done with 13+ [line 462828]
2025-11-07 19:33:08,253 - DEBUG - Assigning indexes to genes
2025-11-07 19:33:08,256 - DEBUG - Seen 14046 genes until now
2025-11-07 19:33:08,256 - DEBUG - Parsing Chromosome 14 strand - [line 462829]
2025-11-07 19:33:08,333 - DEBUG - Done with 14- [line 501813]
2025-11-07 19:33:08,333 - DEBUG - Assigning indexes to genes
2025-11-07 19:33:08,335 - DEBUG - Seen 15241 genes until now
2025-11-07 19:33:08,335 - DEBUG - Parsing Chromosome 14 strand + [line 501814]
2025-11-07 19:33:08,404 - DEBUG - Done with 14+ [line 537473]
2025-11-07 19:33:08,404 - DEBUG - Assigning indexes to genes
2025-11-07 19:33:08,407 - DEBUG - Seen 16580 genes until now
2025-11-07 19:33:08,407 - DEBUG - Parsing Chromosome 15 strand - [line 537474]
2025-11-07 19:33:08,482 - DEBUG - Done with 15- [line 575556]
2025-11-07 19:33:08,482 - DEBUG - Assigning indexes to genes
2025-11-07 19:33:08,484 - DEBUG - Seen 17521 genes until now
2025-11-07 19:33:08,484 - DEBUG - Parsing Chromosome 15 strand + [line 575557]
2025-11-07 19:33:08,791 - DEBUG - Done with 15+ [line 608149]
2025-11-07 19:33:08,791 - DEBUG - Assigning indexes to genes
2025-11-07 19:33:08,793 - DEBUG - Seen 18432 genes until now
2025-11-07 19:33:08,793 - DEBUG - Parsing Chromosome 16 strand - [line 608150]
2025-11-07 19:33:08,849 - DEBUG - Done with 16- [line 636582]
2025-11-07 19:33:08,849 - DEBUG - Assigning indexes to genes
2025-11-07 19:33:08,851 - DEBUG - Seen 19223 genes until now
2025-11-07 19:33:08,851 - DEBUG - Parsing Chromosome 16 strand + [line 636583]
2025-11-07 19:33:08,914 - DEBUG - Done with 16+ [line 668857]
2025-11-07 19:33:08,914 - DEBUG - Assigning indexes to genes
2025-11-07 19:33:08,916 - DEBUG - Seen 20039 genes until now
2025-11-07 19:33:08,916 - DEBUG - Parsing Chromosome 17 strand - [line 668858]
2025-11-07 19:33:09,009 - DEBUG - Done with 17- [line 715100]
2025-11-07 19:33:09,009 - DEBUG - Assigning indexes to genes
2025-11-07 19:33:09,012 - DEBUG - Seen 21218 genes until now
2025-11-07 19:33:09,012 - DEBUG - Parsing Chromosome 17 strand + [line 715101]
2025-11-07 19:33:09,107 - DEBUG - Done with 17+ [line 764344]
2025-11-07 19:33:09,107 - DEBUG - Assigning indexes to genes
2025-11-07 19:33:09,112 - DEBUG - Seen 22359 genes until now
2025-11-07 19:33:09,112 - DEBUG - Parsing Chromosome 18 strand - [line 764345]
2025-11-07 19:33:09,151 - DEBUG - Done with 18- [line 784050]
2025-11-07 19:33:09,151 - DEBUG - Assigning indexes to genes
2025-11-07 19:33:09,152 - DEBUG - Seen 22997 genes until now
2025-11-07 19:33:09,152 - DEBUG - Parsing Chromosome 18 strand + [line 784051]
2025-11-07 19:33:09,479 - DEBUG - Done with 18+ [line 811173]
2025-11-07 19:33:09,479 - DEBUG - Assigning indexes to genes
2025-11-07 19:33:09,481 - DEBUG - Seen 23758 genes until now
2025-11-07 19:33:09,481 - DEBUG - Parsing Chromosome 19 strand - [line 811174]
2025-11-07 19:33:09,547 - DEBUG - Done with 19- [line 844397]
2025-11-07 19:33:09,547 - DEBUG - Assigning indexes to genes
2025-11-07 19:33:09,548 - DEBUG - Seen 24442 genes until now
2025-11-07 19:33:09,549 - DEBUG - Parsing Chromosome 19 strand + [line 844398]
2025-11-07 19:33:09,609 - DEBUG - Done with 19+ [line 873497]
2025-11-07 19:33:09,609 - DEBUG - Assigning indexes to genes
2025-11-07 19:33:09,611 - DEBUG - Seen 25152 genes until now
2025-11-07 19:33:09,611 - DEBUG - Parsing Chromosome 2 strand - [line 873498]
2025-11-07 19:33:09,768 - DEBUG - Done with 2- [line 953009]
2025-11-07 19:33:09,768 - DEBUG - Assigning indexes to genes
2025-11-07 19:33:09,772 - DEBUG - Seen 26981 genes until now
2025-11-07 19:33:09,772 - DEBUG - Parsing Chromosome 2 strand + [line 953010]
2025-11-07 19:33:09,917 - DEBUG - Done with 2+ [line 1027336]
2025-11-07 19:33:09,917 - DEBUG - Assigning indexes to genes
2025-11-07 19:33:09,922 - DEBUG - Seen 28946 genes until now
2025-11-07 19:33:09,922 - DEBUG - Parsing Chromosome 3 strand - [line 1027337]
2025-11-07 19:33:10,003 - DEBUG - Done with 3- [line 1069026]
2025-11-07 19:33:10,003 - DEBUG - Assigning indexes to genes
2025-11-07 19:33:10,006 - DEBUG - Seen 30404 genes until now
2025-11-07 19:33:10,006 - DEBUG - Parsing Chromosome 3 strand + [line 1069027]
2025-11-07 19:33:10,413 - DEBUG - Done with 3+ [line 1115102]
2025-11-07 19:33:10,413 - DEBUG - Assigning indexes to genes
2025-11-07 19:33:10,417 - DEBUG - Seen 31831 genes until now
2025-11-07 19:33:10,417 - DEBUG - Parsing Chromosome 4 strand - [line 1115103]
2025-11-07 19:33:10,522 - DEBUG - Done with 4- [line 1169156]
2025-11-07 19:33:10,523 - DEBUG - Assigning indexes to genes
2025-11-07 19:33:10,526 - DEBUG - Seen 33222 genes until now
2025-11-07 19:33:10,526 - DEBUG - Parsing Chromosome 4 strand + [line 1169157]
2025-11-07 19:33:10,627 - DEBUG - Done with 4+ [line 1221291]
2025-11-07 19:33:10,627 - DEBUG - Assigning indexes to genes
2025-11-07 19:33:10,631 - DEBUG - Seen 34690 genes until now
2025-11-07 19:33:10,631 - DEBUG - Parsing Chromosome 5 strand - [line 1221292]
2025-11-07 19:33:10,750 - DEBUG - Done with 5- [line 1282135]
2025-11-07 19:33:10,750 - DEBUG - Assigning indexes to genes
2025-11-07 19:33:10,755 - DEBUG - Seen 36281 genes until now
2025-11-07 19:33:10,755 - DEBUG - Parsing Chromosome 5 strand + [line 1282136]
2025-11-07 19:33:10,875 - DEBUG - Done with 5+ [line 1344076]
2025-11-07 19:33:10,876 - DEBUG - Assigning indexes to genes
2025-11-07 19:33:10,880 - DEBUG - Seen 37942 genes until now
2025-11-07 19:33:10,880 - DEBUG - Parsing Chromosome 6 strand - [line 1344077]
2025-11-07 19:33:10,973 - DEBUG - Done with 6- [line 1392155]
2025-11-07 19:33:10,973 - DEBUG - Assigning indexes to genes
2025-11-07 19:33:10,977 - DEBUG - Seen 39466 genes until now
2025-11-07 19:33:10,977 - DEBUG - Parsing Chromosome 6 strand + [line 1392156]
2025-11-07 19:33:11,445 - DEBUG - Done with 6+ [line 1442945]
2025-11-07 19:33:11,445 - DEBUG - Assigning indexes to genes
2025-11-07 19:33:11,449 - DEBUG - Seen 41071 genes until now
2025-11-07 19:33:11,449 - DEBUG - Parsing Chromosome 7 strand - [line 1442946]
2025-11-07 19:33:11,601 - DEBUG - Done with 7- [line 1521802]
2025-11-07 19:33:11,601 - DEBUG - Assigning indexes to genes
2025-11-07 19:33:11,608 - DEBUG - Seen 43608 genes until now
2025-11-07 19:33:11,608 - DEBUG - Parsing Chromosome 7 strand + [line 1521803]
2025-11-07 19:33:11,752 - DEBUG - Done with 7+ [line 1597237]
2025-11-07 19:33:11,752 - DEBUG - Assigning indexes to genes
2025-11-07 19:33:11,760 - DEBUG - Seen 45790 genes until now
2025-11-07 19:33:11,760 - DEBUG - Parsing Chromosome 8 strand - [line 1597238]
2025-11-07 19:33:11,835 - DEBUG - Done with 8- [line 1635144]
2025-11-07 19:33:11,835 - DEBUG - Assigning indexes to genes
2025-11-07 19:33:11,838 - DEBUG - Seen 47022 genes until now
2025-11-07 19:33:11,838 - DEBUG - Parsing Chromosome 8 strand + [line 1635145]
2025-11-07 19:33:11,932 - DEBUG - Done with 8+ [line 1684308]
2025-11-07 19:33:11,932 - DEBUG - Assigning indexes to genes
2025-11-07 19:33:11,935 - DEBUG - Seen 48326 genes until now
2025-11-07 19:33:11,935 - DEBUG - Parsing Chromosome 9 strand - [line 1684309]
2025-11-07 19:33:12,041 - DEBUG - Done with 9- [line 1738082]
2025-11-07 19:33:12,041 - DEBUG - Assigning indexes to genes
2025-11-07 19:33:12,044 - DEBUG - Seen 49688 genes until now
2025-11-07 19:33:12,044 - DEBUG - Parsing Chromosome 9 strand + [line 1738083]
2025-11-07 19:33:12,151 - DEBUG - Done with 9+ [line 1794072]
2025-11-07 19:33:12,152 - DEBUG - Assigning indexes to genes
2025-11-07 19:33:12,155 - DEBUG - Seen 51169 genes until now
2025-11-07 19:33:12,155 - DEBUG - Parsing Chromosome M strand - [line 1794073]
2025-11-07 19:33:12,155 - DEBUG - Done with M- [line 1794103]
2025-11-07 19:33:12,155 - DEBUG - Assigning indexes to genes
2025-11-07 19:33:12,155 - DEBUG - Seen 51178 genes until now
2025-11-07 19:33:12,155 - DEBUG - Parsing Chromosome M strand + [line 1794104]
2025-11-07 19:33:12,155 - DEBUG - Done with M+ [line 1794225]
2025-11-07 19:33:12,155 - DEBUG - Assigning indexes to genes
2025-11-07 19:33:12,155 - DEBUG - Seen 51206 genes until now
2025-11-07 19:33:12,156 - DEBUG - Parsing Chromosome X strand - [line 1794226]
2025-11-07 19:33:12,214 - DEBUG - Done with X- [line 1824523]
2025-11-07 19:33:12,214 - DEBUG - Assigning indexes to genes
2025-11-07 19:33:12,216 - DEBUG - Seen 52478 genes until now
2025-11-07 19:33:12,216 - DEBUG - Parsing Chromosome X strand + [line 1824524]
2025-11-07 19:33:12,719 - DEBUG - Done with X+ [line 1858357]
2025-11-07 19:33:12,719 - DEBUG - Assigning indexes to genes
2025-11-07 19:33:12,722 - DEBUG - Seen 53832 genes until now
2025-11-07 19:33:12,722 - DEBUG - Parsing Chromosome Y strand - [line 1858358]
2025-11-07 19:33:12,737 - DEBUG - Done with Y- [line 1865468]
2025-11-07 19:33:12,737 - DEBUG - Assigning indexes to genes
2025-11-07 19:33:12,738 - DEBUG - Seen 54711 genes until now
2025-11-07 19:33:12,738 - DEBUG - Parsing Chromosome Y strand + [line 1865469]
2025-11-07 19:33:12,752 - DEBUG - Assigning indexes to genes
2025-11-07 19:33:12,753 - DEBUG - Done with Y+ [line 1872050]
2025-11-07 19:33:12,753 - DEBUG - Fixing corner cases of transcript models containg intron longer than 1000Kbp
2025-11-07 19:33:13,292 - DEBUG - Generated 1544182 features corresponding to 142604 transcript models from /storage/scratch01/groups/ci/Trem1_GEICAM/Sarai/Annonation_Files/gencode.vM25.annotation.gtf
2025-11-07 19:33:13,305 - INFO - Load the repeat masking annotation from /storage/scratch01/groups/ci/Trem1_GEICAM/Sarai/Annonation_Files/rmsk_velocyto.txt
2025-11-07 19:33:13,305 - DEBUG - Reading /storage/scratch01/groups/ci/Trem1_GEICAM/Sarai/Annonation_Files/rmsk_velocyto.txt, the file will be sorted in memory
2025-11-07 19:33:27,490 - DEBUG - Processed masked annotation .gtf and generated 4369219 intervals to mask!
2025-11-07 19:33:27,630 - INFO - Scan /storage/scratch01/groups/ci/Trem1_GEICAM/Sarai/Single.Cell.Tet2/outs/out.smR039b.9/outs/per_sample_outs/WT2-DsRedn/count/sample_alignments.bam to validate intron intervals
2025-11-07 19:33:28,300 - DEBUG - Reading /storage/scratch01/groups/ci/Trem1_GEICAM/Sarai/Single.Cell.Tet2/outs/out.smR039b.9/outs/per_sample_outs/WT2-DsRedn/count/sample_alignments.bam
2025-11-07 19:33:28,305 - DEBUG - Read first 0 million reads
2025-11-07 19:33:28,306 - DEBUG - Marking up chromosome 1
2025-11-07 19:34:16,527 - DEBUG - Read first 10 million reads
2025-11-07 19:35:06,603 - DEBUG - Read first 20 million reads
2025-11-07 19:35:28,853 - DEBUG - Marking up chromosome 10
2025-11-07 19:35:56,743 - DEBUG - Read first 30 million reads
2025-11-07 19:36:54,221 - DEBUG - Read first 40 million reads
2025-11-07 19:37:23,170 - DEBUG - Marking up chromosome 11
2025-11-07 19:37:45,611 - DEBUG - Read first 50 million reads
2025-11-07 19:38:36,507 - DEBUG - Read first 60 million reads
2025-11-07 19:39:26,238 - DEBUG - Read first 70 million reads
2025-11-07 19:40:03,916 - DEBUG - Marking up chromosome 12
2025-11-07 19:40:14,225 - DEBUG - Read first 80 million reads
2025-11-07 19:41:02,226 - DEBUG - Read first 90 million reads
2025-11-07 19:41:16,317 - DEBUG - Marking up chromosome 13
2025-11-07 19:41:51,898 - DEBUG - Read first 100 million reads
2025-11-07 19:42:14,588 - DEBUG - Marking up chromosome 14
2025-11-07 19:42:41,562 - DEBUG - Read first 110 million reads
2025-11-07 19:43:16,005 - DEBUG - Marking up chromosome 15
2025-11-07 19:43:30,278 - DEBUG - Read first 120 million reads
2025-11-07 19:44:20,742 - DEBUG - Read first 130 million reads
2025-11-07 19:44:29,363 - DEBUG - Marking up chromosome 16
2025-11-07 19:45:11,811 - DEBUG - Read first 140 million reads
2025-11-07 19:45:18,098 - DEBUG - Marking up chromosome 17
2025-11-07 19:46:05,009 - DEBUG - Read first 150 million reads
2025-11-07 19:46:55,043 - DEBUG - Read first 160 million reads
2025-11-07 19:47:39,155 - DEBUG - Read first 170 million reads
2025-11-07 19:47:43,178 - DEBUG - Marking up chromosome 18
2025-11-07 19:48:28,954 - DEBUG - Read first 180 million reads
2025-11-07 19:49:11,039 - DEBUG - Marking up chromosome 19
2025-11-07 19:49:18,100 - DEBUG - Read first 190 million reads
2025-11-07 19:50:06,913 - DEBUG - Read first 200 million reads
2025-11-07 19:50:31,603 - DEBUG - Marking up chromosome 2
2025-11-07 19:50:56,303 - DEBUG - Read first 210 million reads
2025-11-07 19:51:46,512 - DEBUG - Read first 220 million reads
2025-11-07 19:52:37,886 - DEBUG - Read first 230 million reads
2025-11-07 19:53:03,753 - DEBUG - Marking up chromosome 3
2025-11-07 19:53:28,190 - DEBUG - Read first 240 million reads
2025-11-07 19:54:17,789 - DEBUG - Read first 250 million reads
2025-11-07 19:54:30,816 - DEBUG - Marking up chromosome 4
2025-11-07 19:55:04,984 - DEBUG - Read first 260 million reads
2025-11-07 19:55:54,091 - DEBUG - Read first 270 million reads
2025-11-07 19:56:28,366 - DEBUG - Marking up chromosome 5
2025-11-07 19:56:44,153 - DEBUG - Read first 280 million reads
2025-11-07 19:57:33,414 - DEBUG - Read first 290 million reads
2025-11-07 19:58:16,531 - DEBUG - Marking up chromosome 6
2025-11-07 19:58:23,775 - DEBUG - Read first 300 million reads
2025-11-07 19:59:09,843 - DEBUG - Read first 310 million reads
2025-11-07 19:59:46,916 - DEBUG - Marking up chromosome 7
2025-11-07 19:59:58,917 - DEBUG - Read first 320 million reads
2025-11-07 20:00:48,538 - DEBUG - Read first 330 million reads
2025-11-07 20:01:38,417 - DEBUG - Read first 340 million reads
2025-11-07 20:02:28,756 - DEBUG - Read first 350 million reads
2025-11-07 20:02:48,407 - DEBUG - Marking up chromosome 8
2025-11-07 20:03:17,903 - DEBUG - Read first 360 million reads
2025-11-07 20:04:08,499 - DEBUG - Read first 370 million reads
2025-11-07 20:04:28,011 - DEBUG - Marking up chromosome 9
2025-11-07 20:05:01,336 - DEBUG - Read first 380 million reads
2025-11-07 20:05:51,881 - DEBUG - Marking up chromosome MT
2025-11-07 20:05:51,881 - WARNING - The .bam file refers to a chromosome 'MT+' not present in the annotation (.gtf) file
2025-11-07 20:05:51,881 - WARNING - The .bam file refers to a chromosome 'MT-' not present in the annotation (.gtf) file
2025-11-07 20:05:52,354 - DEBUG - Read first 390 million reads
2025-11-07 20:05:54,009 - DEBUG - Marking up chromosome X
2025-11-07 20:06:39,199 - DEBUG - Read first 400 million reads
2025-11-07 20:06:51,611 - DEBUG - Marking up chromosome Y
2025-11-07 20:06:51,622 - DEBUG - Marking up chromosome GL456233.2
2025-11-07 20:06:51,622 - WARNING - The .bam file refers to a chromosome 'GL456233.2+' not present in the annotation (.gtf) file
2025-11-07 20:06:51,622 - WARNING - The .bam file refers to a chromosome 'GL456233.2-' not present in the annotation (.gtf) file
2025-11-07 20:06:51,672 - DEBUG - Marking up chromosome GL456211.1
2025-11-07 20:06:51,672 - WARNING - The .bam file refers to a chromosome 'GL456211.1+' not present in the annotation (.gtf) file
2025-11-07 20:06:51,672 - WARNING - The .bam file refers to a chromosome 'GL456211.1-' not present in the annotation (.gtf) file
2025-11-07 20:06:51,672 - DEBUG - Marking up chromosome JH584304.1
2025-11-07 20:06:51,672 - WARNING - The .bam file refers to a chromosome 'JH584304.1+' not present in the annotation (.gtf) file
2025-11-07 20:06:51,672 - WARNING - The .bam file refers to a chromosome 'JH584304.1-' not present in the annotation (.gtf) file
2025-11-07 20:06:51,683 - DEBUG - Marking up chromosome GL456378.1
2025-11-07 20:06:51,683 - WARNING - The .bam file refers to a chromosome 'GL456378.1+' not present in the annotation (.gtf) file
2025-11-07 20:06:51,683 - WARNING - The .bam file refers to a chromosome 'GL456378.1-' not present in the annotation (.gtf) file
2025-11-07 20:06:51,683 - DEBUG - Marking up chromosome MU069434.1
2025-11-07 20:06:51,683 - WARNING - The .bam file refers to a chromosome 'MU069434.1+' not present in the annotation (.gtf) file
2025-11-07 20:06:51,683 - WARNING - The .bam file refers to a chromosome 'MU069434.1-' not present in the annotation (.gtf) file
2025-11-07 20:06:58,244 - DEBUG - End of file. Reset index: start scanning from initial position.
2025-11-07 20:06:58,244 - DEBUG - 6941261 reads were skipped because no apropiate cell or umi barcode was found
2025-11-07 20:06:58,244 - DEBUG - Start molecule counting!
2025-11-07 20:06:59,130 - DEBUG - Features available for chromosomes : ['1-', '1+', '10-', '10+', '11-', '11+', '12-', '12+', '13-', '13+', '14-', '14+', '15-', '15+', '16-', '16+', '17-', '17+', '18-', '18+', '19-', '19+', '2-', '2+', '3-', '3+', '4-', '4+', '5-', '5+', '6-', '6+', '7-', '7+', '8-', '8+', '9-', '9+', 'M-', 'M+', 'X-', 'X+', 'Y-', 'Y+']
2025-11-07 20:06:59,130 - DEBUG - Mask available for chromosomes : ['1-', '1+', '10-', '10+', '10_GL456015_alt-', '10_GL456015_alt+', '10_KQ030491_fix-', '10_KQ030491_fix+', '10_KZ289071_fix-', '10_KZ289071_fix+', '10_KZ289072_fix-', '10_KZ289072_fix+', '11-', '11+', '11_GL455998_alt-', '11_GL455998_alt+', '11_GL456016_alt-', '11_GL456016_alt+', '11_GL456060_alt-', '11_GL456060_alt+', '11_JH584265_alt-', '11_JH584265_alt+', '11_JH584316_alt-', '11_JH584316_alt+', '11_JH584317_alt-', '11_JH584317_alt+', '11_JH584327_alt-', '11_JH584327_alt+', '11_KB469739_fix-', '11_KB469739_fix+', '11_KZ289073_alt-', '11_KZ289073_alt+', '11_KZ289074_alt-', '11_KZ289074_alt+', '11_KZ289075_alt-', '11_KZ289075_alt+', '11_KZ289076_fix-', '11_KZ289076_fix+', '11_KZ289077_alt-', '11_KZ289077_alt+', '11_KZ289078_alt-', '11_KZ289078_alt+', '11_KZ289079_alt-', '11_KZ289079_alt+', '11_KZ289080_alt-', '11_KZ289080_alt+', '11_KZ289081_alt-', '11_KZ289081_alt+', '12-', '12+', '12_GL456017_alt-', '12_GL456017_alt+', '12_GL456068_alt-', '12_GL456068_alt+', '12_GL456074_alt-', '12_GL456074_alt+', '12_GL456078_alt-', '12_GL456078_alt+', '12_GL456349_alt-', '12_GL456349_alt+', '12_KB469740_fix-', '12_KB469740_fix+', '12_KZ289082_fix-', '12_KZ289082_fix+', '13-', '13+', '13_GL455990_alt-', '13_GL455990_alt+', '13_GL455999_alt-', '13_GL455999_alt+', '13_JH584305_alt-', '13_JH584305_alt+', '14-', '14+', '14_GL456019_alt-', '14_GL456019_alt+', '14_GL456020_alt-', '14_GL456020_alt+', '14_KZ289083_fix-', '14_KZ289083_fix+', '14_KZ289084_fix-', '14_KZ289084_fix+', '15-', '15+', '15_GL456000_alt-', '15_GL456000_alt+', '15_JH584270_alt-', '15_JH584270_alt+', '15_KQ030492_fix-', '15_KQ030492_fix+', '15_KQ030493_fix-', '15_KQ030493_fix+', '15_KV575241_fix-', '15_KV575241_fix+', '15_KZ289085_fix-', '15_KZ289085_fix+', '15_KZ289086_fix-', '15_KZ289086_fix+', '16-', '16+', '16_GL456001_alt-', '16_GL456001_alt+', '16_GL456028_alt-', '16_GL456028_alt+', '16_JH584306_alt-', '16_JH584306_alt+', '16_JH584307_alt-', '16_JH584307_alt+', '16_JH584310_alt-', '16_JH584310_alt+', '16_JH584311_alt-', '16_JH584311_alt+', '16_JH584312_alt-', '16_JH584312_alt+', '16_JH584313_alt-', '16_JH584313_alt+', '16_JH584314_alt-', '16_JH584314_alt+', '16_KB469741_fix-', '16_KB469741_fix+', '17-', '17+', '17_GL456002_alt-', '17_GL456002_alt+', '17_GL456021_alt-', '17_GL456021_alt+', '17_GL456022_alt-', '17_GL456022_alt+', '17_GL456069_alt-', '17_GL456069_alt+', '17_JH584266_alt-', '17_JH584266_alt+', '17_JH584267_alt-', '17_JH584267_alt+', '17_JH584308_alt-', '17_JH584308_alt+', '17_JH584309_alt-', '17_JH584309_alt+', '17_JH584328_alt-', '17_JH584328_alt+', '17_JH590470_alt-', '17_JH590470_alt+', '17_KB469742_fix-', '17_KB469742_fix+', '17_KZ289087_fix-', '17_KZ289087_fix+', '17_KZ289088_fix-', '17_KZ289088_fix+', '17_KZ289089_fix-', '17_KZ289089_fix+', '18-', '18+', '18_GL456070_alt-', '18_GL456070_alt+', '18_JH584318_alt-', '18_JH584318_alt+', '18_JH792829_fix-', '18_JH792829_fix+', '18_KZ289090_fix-', '18_KZ289090_fix+', '18_KZ289091_fix-', '18_KZ289091_fix+', '19-', '19+', '19_GL456079_alt-', '19_GL456079_alt+', '19_JH584319_alt-', '19_JH584319_alt+', '19_JH792830_fix-', '19_JH792830_fix+', '19_KQ030494_fix-', '19_KQ030494_fix+', '19_KV575242_fix-', '19_KV575242_fix+', '1_GL455991_alt-', '1_GL455991_alt+', '1_GL455992_alt-', '1_GL455992_alt+', '1_GL455993_alt-', '1_GL455993_alt+', '1_GL456005_alt-', '1_GL456005_alt+', '1_GL456210_random-', '1_GL456210_random+', '1_GL456211_random-', '1_GL456211_random+', '1_GL456212_random-', '1_GL456212_random+', '1_GL456213_random-', '1_GL456213_random+', '1_GL456221_random-', '1_GL456221_random+', '1_JH584315_alt-', '1_JH584315_alt+', '1_JH584320_alt-', '1_JH584320_alt+', '1_JH584321_alt-', '1_JH584321_alt+', '1_JH584322_alt-', '1_JH584322_alt+', '1_KK082441_alt-', '1_KK082441_alt+', '1_KV575232_fix-', '1_KV575232_fix+', '1_KV575233_fix-', '1_KV575233_fix+', '1_KV575234_fix-', '1_KV575234_fix+', '2-', '2+', '2_GL456024_alt-', '2_GL456024_alt+', '2_KV575235_fix-', '2_KV575235_fix+', '2_KV575236_fix-', '2_KV575236_fix+', '3-', '3+', '3_GL456006_alt-', '3_GL456006_alt+', '3_GL456007_alt-', '3_GL456007_alt+', '3_GL456008_alt-', '3_GL456008_alt+', '3_GL456042_alt-', '3_GL456042_alt+', '3_GL456044_alt-', '3_GL456044_alt+', '3_GL456045_alt-', '3_GL456045_alt+', '3_GL456048_alt-', '3_GL456048_alt+', '3_GL456049_alt-', '3_GL456049_alt+', '3_JH584323_alt-', '3_JH584323_alt+', '3_KQ030484_fix-', '3_KQ030484_fix+', '3_KZ289064_fix-', '3_KZ289064_fix+', '3_KZ289065_fix-', '3_KZ289065_fix+', '3_KZ289066_fix-', '3_KZ289066_fix+', '4-', '4+', '4_GL455994_alt-', '4_GL455994_alt+', '4_GL456009_alt-', '4_GL456009_alt+', '4_GL456010_alt-', '4_GL456010_alt+', '4_GL456053_alt-', '4_GL456053_alt+', '4_GL456064_alt-', '4_GL456064_alt+', '4_GL456075_alt-', '4_GL456075_alt+', '4_GL456076_alt-', '4_GL456076_alt+', '4_GL456077_alt-', '4_GL456077_alt+', '4_GL456216_random-', '4_GL456216_random+', '4_GL456350_random-', '4_GL456350_random+', '4_JH584268_alt-', '4_JH584268_alt+', '4_JH584269_alt-', '4_JH584269_alt+', '4_JH584292_random-', '4_JH584292_random+', '4_JH584293_random-', '4_JH584293_random+', '4_JH584294_random-', '4_JH584294_random+', '4_JH584295_random+', '4_JH584324_alt-', '4_JH584324_alt+', '4_JH584325_alt-', '4_JH584325_alt+', '4_JH584326_alt-', '4_JH584326_alt+', '4_JH792826_fix-', '4_JH792826_fix+', '4_KQ030485_fix-', '4_KQ030485_fix+', '4_KQ030486_fix-', '4_KQ030486_fix+', '4_KQ030487_fix-', '4_KQ030487_fix+', '4_KQ030488_fix-', '4_KQ030488_fix+', '4_KQ030489_fix-', '4_KQ030489_fix+', '4_KZ289067_fix-', '4_KZ289067_fix+', '4_KZ289068_fix-', '4_KZ289068_fix+', '4_KZ289069_fix-', '4_KZ289069_fix+', '4_KZ289070_fix-', '4_KZ289070_fix+', '5-', '5+', '5_GL455995_alt-', '5_GL455995_alt+', '5_GL456011_alt-', '5_GL456011_alt+', '5_GL456354_random-', '5_GL456354_random+', '5_JH584296_random-', '5_JH584296_random+', '5_JH584297_random-', '5_JH584297_random+', '5_JH584298_random-', '5_JH584298_random+', '5_JH584299_random-', '5_JH584299_random+', '5_JH792827_fix-', '5_JH792827_fix+', '5_KV575237_fix-', '5_KV575237_fix+', '6-', '6+', '6_GL456012_alt-', '6_GL456012_alt+', '6_GL456025_alt-', '6_GL456025_alt+', '6_GL456026_alt-', '6_GL456026_alt+', '6_GL456054_alt-', '6_GL456054_alt+', '6_GL456065_alt-', '6_GL456065_alt+', '6_JH584264_alt-', '6_JH584264_alt+', '6_KK082442_fix-', '6_KK082442_fix+', '6_KK082443_fix-', '6_KK082443_fix+', '7-', '7+', '7_GL455989_alt-', '7_GL455989_alt+', '7_GL456013_alt-', '7_GL456013_alt+', '7_GL456014_alt-', '7_GL456014_alt+', '7_GL456219_random-', '7_GL456219_random+', '7_JH792828_fix-', '7_JH792828_fix+', '7_KV575238_fix-', '7_KV575238_fix+', '7_KV575239_fix-', '7_KV575239_fix+', '8-', '8+', '8_GL455996_alt-', '8_GL455996_alt+', '8_GL455997_alt-', '8_GL455997_alt+', '8_KV575240_fix-', '8_KV575240_fix+', '9-', '9+', '9_KB469738_fix-', '9_KB469738_fix+', '9_KQ030490_fix-', '9_KQ030490_fix+', 'M-', 'M+', 'Un_GL456239-', 'Un_GL456239+', 'Un_GL456359-', 'Un_GL456359+', 'Un_GL456360-', 'Un_GL456360+', 'Un_GL456366-', 'Un_GL456366+', 'Un_GL456367-', 'Un_GL456367+', 'Un_GL456368-', 'Un_GL456368+', 'Un_GL456370+', 'Un_GL456372-', 'Un_GL456372+', 'Un_GL456378-', 'Un_GL456378+', 'Un_GL456379-', 'Un_GL456379+', 'Un_GL456381-', 'Un_GL456381+', 'Un_GL456382-', 'Un_GL456382+', 'Un_GL456383-', 'Un_GL456383+', 'Un_GL456385-', 'Un_GL456385+', 'Un_GL456387-', 'Un_GL456387+', 'Un_GL456389-', 'Un_GL456389+', 'Un_GL456390-', 'Un_GL456390+', 'Un_GL456392-', 'Un_GL456392+', 'Un_GL456393-', 'Un_GL456393+', 'Un_GL456394-', 'Un_GL456394+', 'Un_GL456396-', 'Un_GL456396+', 'Un_JH584304-', 'Un_JH584304+', 'X-', 'X+', 'X_GL456003_alt-', 'X_GL456003_alt+', 'X_GL456004_alt-', 'X_GL456004_alt+', 'X_GL456031_alt-', 'X_GL456031_alt+', 'X_GL456032_alt-', 'X_GL456032_alt+', 'X_GL456033_alt-', 'X_GL456033_alt+', 'X_GL456233_random-', 'X_GL456233_random+', 'X_JH792831_fix-', 'X_JH792831_fix+', 'X_KQ030495_fix-', 'X_KQ030495_fix+', 'X_KQ030496_fix-', 'X_KQ030496_fix+', 'X_KQ030497_fix-', 'X_KQ030497_fix+', 'X_KZ289092_fix-', 'X_KZ289092_fix+', 'X_KZ289093_fix-', 'X_KZ289093_fix+', 'X_KZ289094_fix-', 'X_KZ289094_fix+', 'X_KZ289095_fix-', 'X_KZ289095_fix+', 'Y-', 'Y+', 'Y_GL456071_alt-', 'Y_GL456071_alt+', 'Y_GL456072_alt-', 'Y_GL456072_alt+', 'Y_GL456073_alt-', 'Y_GL456073_alt+', 'Y_GL456080_alt-', 'Y_GL456080_alt+', 'Y_GL456081_alt-', 'Y_GL456081_alt+', 'Y_GL456082_alt-', 'Y_GL456082_alt+', 'Y_JH584300_random-', 'Y_JH584300_random+', 'Y_JH584301_random-', 'Y_JH584301_random+', 'Y_JH584302_random-', 'Y_JH584302_random+', 'Y_JH584303_random-', 'Y_JH584303_random+', 'Y_JH792832_fix-', 'Y_JH792832_fix+', 'Y_JH792833_fix-', 'Y_JH792833_fix+', 'Y_JH792834_fix-', 'Y_JH792834_fix+', 'na_GL456050_alt-']
2025-11-07 20:06:59,130 - DEBUG - Summarizing the results of intron validation.
2025-11-07 20:06:59,192 - DEBUG - Validated 1149 introns (of which unique intervals 447) out of 700789 total possible introns (considering each possible transcript models).
2025-11-07 20:06:59,193 - DEBUG - Reading /storage/scratch01/groups/ci/Trem1_GEICAM/Sarai/Single.Cell.Tet2/outs/out.smR039b.9/outs/per_sample_outs/WT2-DsRedn/count/cellsorted_sample_alignments.bam
2025-11-07 20:06:59,270 - DEBUG - Read first 0 million reads
2025-11-07 20:07:17,941 - DEBUG - Counting for batch 1, containing 100 cells and 2786180 reads
2025-11-07 20:07:31,403 - DEBUG - 340770 reads not considered because fully enclosed in repeat masked regions
2025-11-07 20:07:52,588 - DEBUG - Counting for batch 2, containing 100 cells and 2900386 reads
2025-11-07 20:08:06,320 - DEBUG - 367394 reads not considered because fully enclosed in repeat masked regions
2025-11-07 20:08:24,316 - DEBUG - Counting for batch 3, containing 100 cells and 2909162 reads
2025-11-07 20:08:37,771 - DEBUG - 359066 reads not considered because fully enclosed in repeat masked regions
2025-11-07 20:08:43,037 - DEBUG - Read first 10 million reads
2025-11-07 20:08:58,340 - DEBUG - Counting for batch 4, containing 100 cells and 2898147 reads
2025-11-07 20:09:12,306 - DEBUG - 351745 reads not considered because fully enclosed in repeat masked regions
2025-11-07 20:09:29,627 - DEBUG - Counting for batch 5, containing 100 cells and 2213052 reads
2025-11-07 20:09:41,627 - DEBUG - 277837 reads not considered because fully enclosed in repeat masked regions
2025-11-07 20:10:03,079 - DEBUG - Counting for batch 6, containing 100 cells and 2976011 reads
2025-11-07 20:10:17,821 - DEBUG - 360315 reads not considered because fully enclosed in repeat masked regions
2025-11-07 20:10:31,225 - DEBUG - Read first 20 million reads
2025-11-07 20:10:41,920 - DEBUG - Counting for batch 7, containing 100 cells and 3105865 reads
2025-11-07 20:10:57,292 - DEBUG - 386795 reads not considered because fully enclosed in repeat masked regions
2025-11-07 20:11:18,674 - DEBUG - Counting for batch 8, containing 100 cells and 3049759 reads
2025-11-07 20:11:32,609 - DEBUG - 386960 reads not considered because fully enclosed in repeat masked regions
2025-11-07 20:11:52,975 - DEBUG - Counting for batch 9, containing 100 cells and 2759188 reads
2025-11-07 20:12:03,644 - DEBUG - 347197 reads not considered because fully enclosed in repeat masked regions
2025-11-07 20:12:16,475 - DEBUG - Read first 30 million reads
2025-11-07 20:12:28,291 - DEBUG - Counting for batch 10, containing 100 cells and 3332864 reads
2025-11-07 20:12:44,005 - DEBUG - 423216 reads not considered because fully enclosed in repeat masked regions
2025-11-07 20:13:05,957 - DEBUG - Counting for batch 11, containing 100 cells and 3303149 reads
2025-11-07 20:13:21,225 - DEBUG - 404936 reads not considered because fully enclosed in repeat masked regions
2025-11-07 20:13:42,160 - DEBUG - Counting for batch 12, containing 100 cells and 3148492 reads
2025-11-07 20:13:56,878 - DEBUG - 381495 reads not considered because fully enclosed in repeat masked regions
2025-11-07 20:14:03,911 - DEBUG - Read first 40 million reads
2025-11-07 20:14:16,975 - DEBUG - Counting for batch 13, containing 100 cells and 3036336 reads
2025-11-07 20:14:31,085 - DEBUG - 386779 reads not considered because fully enclosed in repeat masked regions
2025-11-07 20:14:49,119 - DEBUG - Counting for batch 14, containing 100 cells and 2670470 reads
2025-11-07 20:15:01,891 - DEBUG - 332902 reads not considered because fully enclosed in repeat masked regions
2025-11-07 20:15:18,815 - DEBUG - Counting for batch 15, containing 100 cells and 2472535 reads
2025-11-07 20:15:30,801 - DEBUG - 298740 reads not considered because fully enclosed in repeat masked regions
2025-11-07 20:15:43,318 - DEBUG - Read first 50 million reads
2025-11-07 20:15:49,469 - DEBUG - Counting for batch 16, containing 100 cells and 2816192 reads
2025-11-07 20:16:02,783 - DEBUG - 349722 reads not considered because fully enclosed in repeat masked regions
2025-11-07 20:16:25,298 - DEBUG - Counting for batch 17, containing 100 cells and 3519442 reads
2025-11-07 20:16:41,159 - DEBUG - 449323 reads not considered because fully enclosed in repeat masked regions
2025-11-07 20:17:00,709 - DEBUG - Counting for batch 18, containing 100 cells and 2648935 reads
2025-11-07 20:17:13,674 - DEBUG - 330693 reads not considered because fully enclosed in repeat masked regions
2025-11-07 20:17:27,191 - DEBUG - Read first 60 million reads
2025-11-07 20:17:34,041 - DEBUG - Counting for batch 19, containing 100 cells and 2990117 reads
2025-11-07 20:17:47,994 - DEBUG - 368559 reads not considered because fully enclosed in repeat masked regions
2025-11-07 20:18:08,338 - DEBUG - Counting for batch 20, containing 100 cells and 3056442 reads
2025-11-07 20:18:22,645 - DEBUG - 383016 reads not considered because fully enclosed in repeat masked regions
2025-11-07 20:18:42,491 - DEBUG - Counting for batch 21, containing 100 cells and 2979679 reads
2025-11-07 20:18:56,418 - DEBUG - 372854 reads not considered because fully enclosed in repeat masked regions
2025-11-07 20:19:10,677 - DEBUG - Read first 70 million reads
2025-11-07 20:19:16,027 - DEBUG - Counting for batch 22, containing 100 cells and 2950091 reads
2025-11-07 20:19:29,985 - DEBUG - 359365 reads not considered because fully enclosed in repeat masked regions
2025-11-07 20:19:48,111 - DEBUG - Counting for batch 23, containing 100 cells and 2649509 reads
2025-11-07 20:20:00,841 - DEBUG - 316892 reads not considered because fully enclosed in repeat masked regions
2025-11-07 20:20:21,021 - DEBUG - Counting for batch 24, containing 100 cells and 3055097 reads
2025-11-07 20:20:35,537 - DEBUG - 385157 reads not considered because fully enclosed in repeat masked regions
2025-11-07 20:20:52,225 - DEBUG - Read first 80 million reads
2025-11-07 20:20:55,950 - DEBUG - Counting for batch 25, containing 100 cells and 3051809 reads
2025-11-07 20:21:10,218 - DEBUG - 372803 reads not considered because fully enclosed in repeat masked regions
2025-11-07 20:21:32,587 - DEBUG - Counting for batch 26, containing 100 cells and 3477385 reads
2025-11-07 20:21:48,443 - DEBUG - 430800 reads not considered because fully enclosed in repeat masked regions
2025-11-07 20:22:12,773 - DEBUG - Counting for batch 27, containing 100 cells and 3451626 reads
2025-11-07 20:22:28,868 - DEBUG - 436947 reads not considered because fully enclosed in repeat masked regions
2025-11-07 20:22:41,805 - DEBUG - Read first 90 million reads
2025-11-07 20:22:46,913 - DEBUG - Counting for batch 28, containing 100 cells and 2918085 reads
2025-11-07 20:23:00,299 - DEBUG - 363260 reads not considered because fully enclosed in repeat masked regions
2025-11-07 20:23:21,152 - DEBUG - Counting for batch 29, containing 100 cells and 2856746 reads
2025-11-07 20:23:34,578 - DEBUG - 351865 reads not considered because fully enclosed in repeat masked regions
2025-11-07 20:24:01,534 - DEBUG - Counting for batch 30, containing 100 cells and 4093225 reads
2025-11-07 20:24:19,243 - DEBUG - 524492 reads not considered because fully enclosed in repeat masked regions
2025-11-07 20:24:28,134 - DEBUG - Read first 100 million reads
2025-11-07 20:24:41,682 - DEBUG - Counting for batch 31, containing 100 cells and 3180176 reads
2025-11-07 20:24:56,293 - DEBUG - 397291 reads not considered because fully enclosed in repeat masked regions
2025-11-07 20:25:20,805 - DEBUG - Counting for batch 32, containing 100 cells and 3578621 reads
2025-11-07 20:25:37,121 - DEBUG - 456186 reads not considered because fully enclosed in repeat masked regions
2025-11-07 20:25:58,183 - DEBUG - Counting for batch 33, containing 100 cells and 3221534 reads
2025-11-07 20:26:12,923 - DEBUG - 400822 reads not considered because fully enclosed in repeat masked regions
2025-11-07 20:26:15,790 - DEBUG - Read first 110 million reads
2025-11-07 20:26:29,714 - DEBUG - Counting for batch 34, containing 100 cells and 2443386 reads
2025-11-07 20:26:41,547 - DEBUG - 305778 reads not considered because fully enclosed in repeat masked regions
2025-11-07 20:27:00,940 - DEBUG - Counting for batch 35, containing 100 cells and 3045664 reads
2025-11-07 20:27:14,851 - DEBUG - 370622 reads not considered because fully enclosed in repeat masked regions
2025-11-07 20:27:36,627 - DEBUG - Counting for batch 36, containing 100 cells and 3060633 reads
2025-11-07 20:27:50,765 - DEBUG - 386338 reads not considered because fully enclosed in repeat masked regions
2025-11-07 20:27:57,492 - DEBUG - Read first 120 million reads
2025-11-07 20:28:12,775 - DEBUG - Counting for batch 37, containing 100 cells and 2973721 reads
2025-11-07 20:28:26,602 - DEBUG - 365599 reads not considered because fully enclosed in repeat masked regions
2025-11-07 20:28:56,033 - DEBUG - Counting for batch 38, containing 100 cells and 3485418 reads
2025-11-07 20:29:14,793 - DEBUG - 427372 reads not considered because fully enclosed in repeat masked regions
2025-11-07 20:29:40,263 - DEBUG - Counting for batch 39, containing 100 cells and 3253560 reads
2025-11-07 20:29:58,184 - DEBUG - 405964 reads not considered because fully enclosed in repeat masked regions
2025-11-07 20:30:01,178 - DEBUG - Read first 130 million reads
2025-11-07 20:30:22,331 - DEBUG - Counting for batch 40, containing 100 cells and 3077456 reads
2025-11-07 20:30:39,335 - DEBUG - 383158 reads not considered because fully enclosed in repeat masked regions
2025-11-07 20:31:09,344 - DEBUG - Counting for batch 41, containing 100 cells and 3687510 reads
2025-11-07 20:31:29,336 - DEBUG - 463007 reads not considered because fully enclosed in repeat masked regions
2025-11-07 20:31:48,056 - DEBUG - Read first 140 million reads
2025-11-07 20:31:50,907 - DEBUG - Counting for batch 42, containing 100 cells and 2903317 reads
2025-11-07 20:32:06,716 - DEBUG - 351925 reads not considered because fully enclosed in repeat masked regions
2025-11-07 20:32:31,436 - DEBUG - Counting for batch 43, containing 100 cells and 2968118 reads
2025-11-07 20:32:48,089 - DEBUG - 366238 reads not considered because fully enclosed in repeat masked regions
2025-11-07 20:33:12,327 - DEBUG - Counting for batch 44, containing 100 cells and 3199504 reads
2025-11-07 20:33:29,064 - DEBUG - 392662 reads not considered because fully enclosed in repeat masked regions
2025-11-07 20:33:47,002 - DEBUG - Read first 150 million reads
2025-11-07 20:33:54,987 - DEBUG - Counting for batch 45, containing 100 cells and 3585451 reads
2025-11-07 20:34:10,896 - DEBUG - 417864 reads not considered because fully enclosed in repeat masked regions
2025-11-07 20:34:40,987 - DEBUG - Counting for batch 46, containing 100 cells and 4506781 reads
2025-11-07 20:35:00,581 - DEBUG - 569883 reads not considered because fully enclosed in repeat masked regions
2025-11-07 20:35:20,395 - DEBUG - Counting for batch 47, containing 100 cells and 3199910 reads
2025-11-07 20:35:35,146 - DEBUG - 405673 reads not considered because fully enclosed in repeat masked regions
2025-11-07 20:35:39,234 - DEBUG - Read first 160 million reads
2025-11-07 20:36:03,663 - DEBUG - Counting for batch 48, containing 100 cells and 4165312 reads
2025-11-07 20:36:21,753 - DEBUG - 527216 reads not considered because fully enclosed in repeat masked regions
2025-11-07 20:36:42,921 - DEBUG - Counting for batch 49, containing 100 cells and 2896837 reads
2025-11-07 20:36:56,633 - DEBUG - 355385 reads not considered because fully enclosed in repeat masked regions
2025-11-07 20:37:11,012 - DEBUG - Read first 170 million reads
2025-11-07 20:37:16,033 - DEBUG - Counting for batch 50, containing 100 cells and 2907116 reads
2025-11-07 20:37:30,396 - DEBUG - 365758 reads not considered because fully enclosed in repeat masked regions
2025-11-07 20:37:52,462 - DEBUG - Counting for batch 51, containing 100 cells and 3401142 reads
2025-11-07 20:38:08,044 - DEBUG - 427511 reads not considered because fully enclosed in repeat masked regions
2025-11-07 20:38:32,216 - DEBUG - Counting for batch 52, containing 100 cells and 3500183 reads
2025-11-07 20:38:48,082 - DEBUG - 443782 reads not considered because fully enclosed in repeat masked regions
2025-11-07 20:38:59,154 - DEBUG - Read first 180 million reads
2025-11-07 20:39:06,753 - DEBUG - Counting for batch 53, containing 100 cells and 2722440 reads
2025-11-07 20:39:19,682 - DEBUG - 341701 reads not considered because fully enclosed in repeat masked regions
2025-11-07 20:39:33,924 - DEBUG - Counting for batch 54, containing 100 cells and 2274317 reads
2025-11-07 20:39:44,860 - DEBUG - 281150 reads not considered because fully enclosed in repeat masked regions
2025-11-07 20:40:07,743 - DEBUG - Counting for batch 55, containing 100 cells and 3405369 reads
2025-11-07 20:40:23,336 - DEBUG - 428971 reads not considered because fully enclosed in repeat masked regions
2025-11-07 20:40:39,259 - DEBUG - Read first 190 million reads
2025-11-07 20:40:41,887 - DEBUG - Counting for batch 56, containing 100 cells and 2743110 reads
2025-11-07 20:40:54,739 - DEBUG - 342771 reads not considered because fully enclosed in repeat masked regions
2025-11-07 20:41:13,714 - DEBUG - Counting for batch 57, containing 100 cells and 2613706 reads
2025-11-07 20:41:26,250 - DEBUG - 305949 reads not considered because fully enclosed in repeat masked regions
2025-11-07 20:41:48,365 - DEBUG - Counting for batch 58, containing 100 cells and 3534254 reads
2025-11-07 20:42:07,209 - DEBUG - 442782 reads not considered because fully enclosed in repeat masked regions
2025-11-07 20:42:22,546 - DEBUG - Read first 200 million reads
2025-11-07 20:42:30,532 - DEBUG - Counting for batch 59, containing 100 cells and 3506580 reads
2025-11-07 20:42:46,514 - DEBUG - 440595 reads not considered because fully enclosed in repeat masked regions
2025-11-07 20:43:09,064 - DEBUG - Counting for batch 60, containing 100 cells and 3470875 reads
2025-11-07 20:43:24,924 - DEBUG - 429750 reads not considered because fully enclosed in repeat masked regions
2025-11-07 20:43:41,254 - DEBUG - Counting for batch 61, containing 100 cells and 2601577 reads
2025-11-07 20:43:53,595 - DEBUG - 326012 reads not considered because fully enclosed in repeat masked regions
2025-11-07 20:44:07,413 - DEBUG - Read first 210 million reads
2025-11-07 20:44:15,007 - DEBUG - Counting for batch 62, containing 100 cells and 3122341 reads
2025-11-07 20:44:29,286 - DEBUG - 389647 reads not considered because fully enclosed in repeat masked regions
2025-11-07 20:44:55,271 - DEBUG - Counting for batch 63, containing 100 cells and 3830659 reads
2025-11-07 20:45:12,467 - DEBUG - 478371 reads not considered because fully enclosed in repeat masked regions
2025-11-07 20:45:33,503 - DEBUG - Counting for batch 64, containing 100 cells and 3179578 reads
2025-11-07 20:45:47,938 - DEBUG - 389416 reads not considered because fully enclosed in repeat masked regions
2025-11-07 20:45:54,468 - DEBUG - Read first 220 million reads
2025-11-07 20:46:04,662 - DEBUG - Counting for batch 65, containing 100 cells and 2765747 reads
2025-11-07 20:46:17,230 - DEBUG - 345716 reads not considered because fully enclosed in repeat masked regions
2025-11-07 20:46:37,113 - DEBUG - Counting for batch 66, containing 100 cells and 2781497 reads
2025-11-07 20:46:50,266 - DEBUG - 336165 reads not considered because fully enclosed in repeat masked regions
2025-11-07 20:47:11,593 - DEBUG - Counting for batch 67, containing 100 cells and 3333020 reads
2025-11-07 20:47:26,846 - DEBUG - 421657 reads not considered because fully enclosed in repeat masked regions
2025-11-07 20:47:35,165 - DEBUG - Read first 230 million reads
2025-11-07 20:47:55,414 - DEBUG - Counting for batch 68, containing 100 cells and 4201594 reads
2025-11-07 20:48:13,770 - DEBUG - 530444 reads not considered because fully enclosed in repeat masked regions
2025-11-07 20:48:32,646 - DEBUG - Counting for batch 69, containing 100 cells and 3060499 reads
2025-11-07 20:48:46,160 - DEBUG - 367696 reads not considered because fully enclosed in repeat masked regions
2025-11-07 20:49:07,418 - DEBUG - Read first 240 million reads
2025-11-07 20:49:08,492 - DEBUG - Counting for batch 70, containing 100 cells and 3335110 reads
2025-11-07 20:49:23,328 - DEBUG - 408922 reads not considered because fully enclosed in repeat masked regions
2025-11-07 20:49:49,016 - DEBUG - Counting for batch 71, containing 100 cells and 3536555 reads
2025-11-07 20:50:05,104 - DEBUG - 457736 reads not considered because fully enclosed in repeat masked regions
2025-11-07 20:50:20,849 - DEBUG - Counting for batch 72, containing 100 cells and 2489203 reads
2025-11-07 20:50:32,514 - DEBUG - 306820 reads not considered because fully enclosed in repeat masked regions
2025-11-07 20:50:50,826 - DEBUG - Read first 250 million reads
2025-11-07 20:50:56,215 - DEBUG - Counting for batch 73, containing 100 cells and 3508236 reads
2025-11-07 20:51:12,134 - DEBUG - 448004 reads not considered because fully enclosed in repeat masked regions
2025-11-07 20:51:30,963 - DEBUG - Counting for batch 74, containing 100 cells and 2730415 reads
2025-11-07 20:51:43,924 - DEBUG - 344472 reads not considered because fully enclosed in repeat masked regions
2025-11-07 20:52:06,028 - DEBUG - Counting for batch 75, containing 100 cells and 3424678 reads
2025-11-07 20:52:21,622 - DEBUG - 414930 reads not considered because fully enclosed in repeat masked regions
2025-11-07 20:52:36,707 - DEBUG - Read first 260 million reads
2025-11-07 20:52:42,759 - DEBUG - Counting for batch 76, containing 100 cells and 3083775 reads
2025-11-07 20:52:56,843 - DEBUG - 390962 reads not considered because fully enclosed in repeat masked regions
2025-11-07 20:53:17,838 - DEBUG - Counting for batch 77, containing 100 cells and 3241657 reads
2025-11-07 20:53:32,411 - DEBUG - 399276 reads not considered because fully enclosed in repeat masked regions
2025-11-07 20:53:49,759 - DEBUG - Counting for batch 78, containing 100 cells and 2527420 reads
2025-11-07 20:54:01,804 - DEBUG - 310792 reads not considered because fully enclosed in repeat masked regions
2025-11-07 20:54:16,958 - DEBUG - Read first 270 million reads
2025-11-07 20:54:20,785 - DEBUG - Counting for batch 79, containing 100 cells and 2858860 reads
2025-11-07 20:54:34,352 - DEBUG - 352314 reads not considered because fully enclosed in repeat masked regions
2025-11-07 20:54:56,456 - DEBUG - Counting for batch 80, containing 100 cells and 3424546 reads
2025-11-07 20:55:12,345 - DEBUG - 425979 reads not considered because fully enclosed in repeat masked regions
2025-11-07 20:55:29,073 - DEBUG - Counting for batch 81, containing 100 cells and 2732800 reads
2025-11-07 20:55:41,708 - DEBUG - 327375 reads not considered because fully enclosed in repeat masked regions
2025-11-07 20:56:00,460 - DEBUG - Read first 280 million reads
2025-11-07 20:56:02,100 - DEBUG - Counting for batch 82, containing 100 cells and 2934855 reads
2025-11-07 20:56:15,815 - DEBUG - 361633 reads not considered because fully enclosed in repeat masked regions
2025-11-07 20:56:33,905 - DEBUG - Counting for batch 83, containing 100 cells and 2766511 reads
2025-11-07 20:56:46,716 - DEBUG - 343848 reads not considered because fully enclosed in repeat masked regions
2025-11-07 20:57:06,423 - DEBUG - Counting for batch 84, containing 100 cells and 2735538 reads
2025-11-07 20:57:19,221 - DEBUG - 329385 reads not considered because fully enclosed in repeat masked regions
2025-11-07 20:57:41,099 - DEBUG - Read first 290 million reads
2025-11-07 20:57:41,559 - DEBUG - Counting for batch 85, containing 100 cells and 3399514 reads
2025-11-07 20:57:57,214 - DEBUG - 420001 reads not considered because fully enclosed in repeat masked regions
2025-11-07 20:58:16,119 - DEBUG - Counting for batch 86, containing 100 cells and 2724637 reads
2025-11-07 20:58:26,645 - DEBUG - 349535 reads not considered because fully enclosed in repeat masked regions
2025-11-07 20:58:47,025 - DEBUG - Counting for batch 87, containing 100 cells and 2978800 reads
2025-11-07 20:59:00,663 - DEBUG - 380869 reads not considered because fully enclosed in repeat masked regions
2025-11-07 20:59:21,511 - DEBUG - Counting for batch 88, containing 100 cells and 2958185 reads
2025-11-07 20:59:35,103 - DEBUG - 354867 reads not considered because fully enclosed in repeat masked regions
2025-11-07 20:59:38,429 - DEBUG - Read first 300 million reads
2025-11-07 20:59:58,286 - DEBUG - Counting for batch 89, containing 100 cells and 3711829 reads
2025-11-07 21:00:14,352 - DEBUG - 460076 reads not considered because fully enclosed in repeat masked regions
2025-11-07 21:00:34,315 - DEBUG - Counting for batch 90, containing 100 cells and 2761367 reads
2025-11-07 21:00:47,109 - DEBUG - 331329 reads not considered because fully enclosed in repeat masked regions
2025-11-07 21:01:06,002 - DEBUG - Counting for batch 91, containing 100 cells and 2867759 reads
2025-11-07 21:01:19,549 - DEBUG - 346746 reads not considered because fully enclosed in repeat masked regions
2025-11-07 21:01:21,978 - DEBUG - Read first 310 million reads
2025-11-07 21:01:37,509 - DEBUG - Counting for batch 92, containing 100 cells and 2695875 reads
2025-11-07 21:01:50,240 - DEBUG - 337316 reads not considered because fully enclosed in repeat masked regions
2025-11-07 21:02:07,988 - DEBUG - Counting for batch 93, containing 100 cells and 2609568 reads
2025-11-07 21:02:20,527 - DEBUG - 323011 reads not considered because fully enclosed in repeat masked regions
2025-11-07 21:02:33,246 - DEBUG - Counting for batch 94, containing 100 cells and 1868086 reads
2025-11-07 21:02:42,910 - DEBUG - 228843 reads not considered because fully enclosed in repeat masked regions
2025-11-07 21:02:55,713 - DEBUG - Read first 320 million reads
2025-11-07 21:02:56,237 - DEBUG - Counting for batch 95, containing 100 cells and 2161136 reads
2025-11-07 21:03:06,632 - DEBUG - 265872 reads not considered because fully enclosed in repeat masked regions
2025-11-07 21:03:24,732 - DEBUG - Counting for batch 96, containing 100 cells and 2850016 reads
2025-11-07 21:03:37,865 - DEBUG - 351734 reads not considered because fully enclosed in repeat masked regions
2025-11-07 21:03:55,024 - DEBUG - Counting for batch 97, containing 100 cells and 2589637 reads
2025-11-07 21:04:07,013 - DEBUG - 315981 reads not considered because fully enclosed in repeat masked regions
2025-11-07 21:04:25,598 - DEBUG - Counting for batch 98, containing 100 cells and 2596088 reads
2025-11-07 21:04:37,976 - DEBUG - 327214 reads not considered because fully enclosed in repeat masked regions
2025-11-07 21:04:44,420 - DEBUG - Read first 330 million reads
2025-11-07 21:04:51,713 - DEBUG - Counting for batch 99, containing 100 cells and 2193936 reads
2025-11-07 21:05:02,479 - DEBUG - 270502 reads not considered because fully enclosed in repeat masked regions
2025-11-07 21:05:19,960 - DEBUG - Counting for batch 100, containing 100 cells and 2720727 reads
2025-11-07 21:05:32,662 - DEBUG - 335706 reads not considered because fully enclosed in repeat masked regions
2025-11-07 21:05:55,301 - DEBUG - Counting for batch 101, containing 100 cells and 3400403 reads
2025-11-07 21:06:10,599 - DEBUG - 420583 reads not considered because fully enclosed in repeat masked regions
2025-11-07 21:06:23,902 - DEBUG - Read first 340 million reads
2025-11-07 21:06:32,900 - DEBUG - Counting for batch 102, containing 100 cells and 3274208 reads
2025-11-07 21:06:47,677 - DEBUG - 411819 reads not considered because fully enclosed in repeat masked regions
2025-11-07 21:07:08,195 - DEBUG - Counting for batch 103, containing 100 cells and 2923333 reads
2025-11-07 21:07:21,647 - DEBUG - 368534 reads not considered because fully enclosed in repeat masked regions
2025-11-07 21:07:45,569 - DEBUG - Counting for batch 104, containing 100 cells and 3376386 reads
2025-11-07 21:08:01,019 - DEBUG - 421087 reads not considered because fully enclosed in repeat masked regions
2025-11-07 21:08:09,292 - DEBUG - Read first 350 million reads
2025-11-07 21:08:22,462 - DEBUG - Counting for batch 105, containing 100 cells and 2871081 reads
2025-11-07 21:08:36,498 - DEBUG - 354213 reads not considered because fully enclosed in repeat masked regions
2025-11-07 21:08:59,184 - DEBUG - Counting for batch 106, containing 100 cells and 3546056 reads
2025-11-07 21:09:15,102 - DEBUG - 442224 reads not considered because fully enclosed in repeat masked regions
2025-11-07 21:09:36,459 - DEBUG - Counting for batch 107, containing 100 cells and 3351751 reads
2025-11-07 21:09:51,386 - DEBUG - 413549 reads not considered because fully enclosed in repeat masked regions
2025-11-07 21:09:57,596 - DEBUG - Read first 360 million reads
2025-11-07 21:10:11,428 - DEBUG - Counting for batch 108, containing 100 cells and 2877088 reads
2025-11-07 21:10:24,545 - DEBUG - 354325 reads not considered because fully enclosed in repeat masked regions
2025-11-07 21:10:46,686 - DEBUG - Counting for batch 109, containing 100 cells and 3243297 reads
2025-11-07 21:11:01,551 - DEBUG - 408159 reads not considered because fully enclosed in repeat masked regions
2025-11-07 21:11:25,047 - DEBUG - Counting for batch 110, containing 100 cells and 3366159 reads
2025-11-07 21:11:40,538 - DEBUG - 431315 reads not considered because fully enclosed in repeat masked regions
2025-11-07 21:11:43,836 - DEBUG - Read first 370 million reads
2025-11-07 21:11:57,626 - DEBUG - Counting for batch 111, containing 100 cells and 2799067 reads
2025-11-07 21:12:10,628 - DEBUG - 345313 reads not considered because fully enclosed in repeat masked regions
2025-11-07 21:12:34,761 - DEBUG - Counting for batch 112, containing 100 cells and 3490901 reads
2025-11-07 21:12:50,758 - DEBUG - 438710 reads not considered because fully enclosed in repeat masked regions
2025-11-07 21:13:09,690 - DEBUG - Counting for batch 113, containing 100 cells and 2800817 reads
2025-11-07 21:13:22,667 - DEBUG - 351811 reads not considered because fully enclosed in repeat masked regions
2025-11-07 21:13:25,767 - DEBUG - Read first 380 million reads
2025-11-07 21:13:43,958 - DEBUG - Counting for batch 114, containing 100 cells and 3338956 reads
2025-11-07 21:13:59,049 - DEBUG - 414492 reads not considered because fully enclosed in repeat masked regions
2025-11-07 21:14:19,467 - DEBUG - Counting for batch 115, containing 100 cells and 3156220 reads
2025-11-07 21:14:33,641 - DEBUG - 399330 reads not considered because fully enclosed in repeat masked regions
2025-11-07 21:14:49,808 - DEBUG - Counting for batch 116, containing 100 cells and 2376025 reads
2025-11-07 21:15:00,865 - DEBUG - 280625 reads not considered because fully enclosed in repeat masked regions
2025-11-07 21:15:06,014 - DEBUG - Read first 390 million reads
2025-11-07 21:15:22,430 - DEBUG - Counting for batch 117, containing 100 cells and 3202514 reads
2025-11-07 21:15:36,859 - DEBUG - 398513 reads not considered because fully enclosed in repeat masked regions
2025-11-07 21:15:58,088 - DEBUG - Counting for batch 118, containing 100 cells and 3008848 reads
2025-11-07 21:16:11,907 - DEBUG - 367863 reads not considered because fully enclosed in repeat masked regions
2025-11-07 21:16:30,325 - DEBUG - Counting for batch 119, containing 100 cells and 2716975 reads
2025-11-07 21:16:43,166 - DEBUG - 333680 reads not considered because fully enclosed in repeat masked regions
2025-11-07 21:16:48,182 - DEBUG - Read first 400 million reads
2025-11-07 21:17:04,360 - DEBUG - Counting for batch 120, containing 100 cells and 3287628 reads
2025-11-07 21:17:19,458 - DEBUG - 411949 reads not considered because fully enclosed in repeat masked regions
2025-11-07 21:17:35,871 - DEBUG - Counting for batch 121, containing 72 cells and 2635868 reads
2025-11-07 21:17:47,273 - DEBUG - 329804 reads not considered because fully enclosed in repeat masked regions
2025-11-07 21:17:48,613 - DEBUG - 6941261 reads were skipped because no apropiate cell or umi barcode was found
2025-11-07 21:17:48,613 - DEBUG - Counting done!
2025-11-07 21:17:48,617 - DEBUG - Generating output file /home/dcaceres/Tet2sc/Results/plots/scVelo/velocyto_loom_files/WT2-DsRedn.loom
2025-11-07 21:17:48,617 - DEBUG - Collecting row attributes
2025-11-07 21:17:48,706 - DEBUG - Generating data table
2025-11-07 21:17:51,651 - DEBUG - Writing loom file
2025-11-07 21:17:54,064 - DEBUG - Creating converter from 5 to 3
2025-11-07 21:17:54,065 - DEBUG - Creating converter from 3 to 5
2025-11-07 21:18:12,000 - DEBUG - Terminated Succesfully!
✅ ÉXITO: Loom creado correctamente: /home/dcaceres/Tet2sc/Results/plots/scVelo/velocyto_loom_files/WT2-DsRedn.loom
------------------------------------------------------------
🎉 Proceso finalizado correctamente para WT2-DsRedn
Finalizado en: Fri Nov  7 21:18:14 CET 2025
------------------------------------------------------------
