------------------------------------------------------------
🚀 INICIO DEL PROCESO VELOCYTO - Tue Nov  4 10:51:32 CET 2025
------------------------------------------------------------
=== Procesando muestra: WT2-DsRedn ===
Directorio de entrada: /storage/scratch01/groups/ci/Trem1_GEICAM/Sarai/Single.Cell.Tet2/outs/out.smR039b.9/outs/per_sample_outs/WT2-DsRedn/count
Nodo: bc009 | JobID: 5580492 | TaskID: 2
------------------------------------------------------------
🧬 Ejecutando Velocyto...
2025-11-04 10:51:47,441 - DEBUG - Using logic: Default
2025-11-04 10:51:47,463 - INFO - Read 12072 cell barcodes from /storage/scratch01/groups/ci/Trem1_GEICAM/Sarai/Single.Cell.Tet2/outs/out.smR039b.9/outs/per_sample_outs/WT2-DsRedn/count/sample_filtered_feature_bc_matrix/barcodes.tsv.gz
2025-11-04 10:51:47,463 - DEBUG - Example of barcode: AAACAAGCAAGCCTAAACTTTAGG and cell_id: WT2-DsRedn:AAACAAGCAAGCCTAAACTTTAGG-1
2025-11-04 10:51:47,479 - DEBUG - Peeking into /storage/scratch01/groups/ci/Trem1_GEICAM/Sarai/Single.Cell.Tet2/outs/out.smR039b.9/outs/per_sample_outs/WT2-DsRedn/count/sample_alignments.bam
2025-11-04 10:51:47,547 - WARNING - Not found cell and umi barcode in entry 19 of the bam file
2025-11-04 10:51:47,547 - WARNING - Not found cell and umi barcode in entry 41 of the bam file
2025-11-04 10:51:47,547 - WARNING - Not found cell and umi barcode in entry 73 of the bam file
2025-11-04 10:51:47,547 - WARNING - Not found cell and umi barcode in entry 217 of the bam file
2025-11-04 10:51:47,547 - WARNING - Not found cell and umi barcode in entry 337 of the bam file
2025-11-04 10:51:47,548 - WARNING - Not found cell and umi barcode in entry 453 of the bam file
2025-11-04 10:51:47,548 - WARNING - Not found cell and umi barcode in entry 466 of the bam file
2025-11-04 10:51:47,548 - WARNING - Not found cell and umi barcode in entry 472 of the bam file
2025-11-04 10:51:47,548 - WARNING - Not found cell and umi barcode in entry 487 of the bam file
2025-11-04 10:51:47,548 - WARNING - Not found cell and umi barcode in entry 575 of the bam file
2025-11-04 10:51:47,548 - WARNING - Not found cell and umi barcode in entry 577 of the bam file
2025-11-04 10:51:47,548 - WARNING - Not found cell and umi barcode in entry 578 of the bam file
2025-11-04 10:51:47,548 - WARNING - Not found cell and umi barcode in entry 579 of the bam file
2025-11-04 10:51:47,548 - WARNING - Not found cell and umi barcode in entry 580 of the bam file
2025-11-04 10:51:47,549 - WARNING - Not found cell and umi barcode in entry 585 of the bam file
2025-11-04 10:51:47,549 - WARNING - Not found cell and umi barcode in entry 587 of the bam file
2025-11-04 10:51:47,549 - WARNING - Not found cell and umi barcode in entry 590 of the bam file
2025-11-04 10:51:47,549 - WARNING - Not found cell and umi barcode in entry 595 of the bam file
2025-11-04 10:51:47,549 - WARNING - Not found cell and umi barcode in entry 625 of the bam file
2025-11-04 10:51:47,549 - WARNING - Not found cell and umi barcode in entry 649 of the bam file
2025-11-04 10:51:47,549 - WARNING - Not found cell and umi barcode in entry 654 of the bam file
2025-11-04 10:51:47,549 - WARNING - Not found cell and umi barcode in entry 722 of the bam file
2025-11-04 10:51:47,549 - WARNING - Not found cell and umi barcode in entry 727 of the bam file
2025-11-04 10:51:47,549 - WARNING - Not found cell and umi barcode in entry 794 of the bam file
2025-11-04 10:51:47,550 - WARNING - Not found cell and umi barcode in entry 940 of the bam file
2025-11-04 10:51:47,550 - WARNING - Not found cell and umi barcode in entry 998 of the bam file
2025-11-04 10:51:47,551 - WARNING - The file /storage/scratch01/groups/ci/Trem1_GEICAM/Sarai/Single.Cell.Tet2/outs/out.smR039b.9/outs/per_sample_outs/WT2-DsRedn/count/cellsorted_sample_alignments.bam already exists. The sorting step will be skipped and the existing file will be used.
2025-11-04 10:51:47,551 - INFO - Load the annotation from /storage/scratch01/groups/ci/Trem1_GEICAM/Sarai/Annonation_Files/gencode.vM25.annotation.gtf
2025-11-04 10:51:51,118 - DEBUG - Parsing Chromosome 1 strand - [line 0]
2025-11-04 10:51:51,232 - DEBUG - Done with 1- [line 59062]
2025-11-04 10:51:51,232 - DEBUG - Assigning indexes to genes
2025-11-04 10:51:51,235 - DEBUG - Seen 1693 genes until now
2025-11-04 10:51:51,235 - DEBUG - Parsing Chromosome 1 strand + [line 59063]
2025-11-04 10:51:51,505 - DEBUG - Done with 1+ [line 116931]
2025-11-04 10:51:51,505 - DEBUG - Assigning indexes to genes
2025-11-04 10:51:51,508 - DEBUG - Seen 3446 genes until now
2025-11-04 10:51:51,508 - DEBUG - Parsing Chromosome 10 strand - [line 116932]
2025-11-04 10:51:51,754 - DEBUG - Done with 10- [line 158870]
2025-11-04 10:51:51,754 - DEBUG - Assigning indexes to genes
2025-11-04 10:51:51,757 - DEBUG - Seen 4713 genes until now
2025-11-04 10:51:51,757 - DEBUG - Parsing Chromosome 10 strand + [line 158871]
2025-11-04 10:51:51,845 - DEBUG - Done with 10+ [line 203797]
2025-11-04 10:51:51,845 - DEBUG - Assigning indexes to genes
2025-11-04 10:51:51,847 - DEBUG - Seen 6068 genes until now
2025-11-04 10:51:51,847 - DEBUG - Parsing Chromosome 11 strand - [line 203798]
2025-11-04 10:51:52,157 - DEBUG - Done with 11- [line 268491]
2025-11-04 10:51:52,157 - DEBUG - Assigning indexes to genes
2025-11-04 10:51:52,161 - DEBUG - Seen 7617 genes until now
2025-11-04 10:51:52,161 - DEBUG - Parsing Chromosome 11 strand + [line 268492]
2025-11-04 10:51:52,287 - DEBUG - Done with 11+ [line 332954]
2025-11-04 10:51:52,287 - DEBUG - Assigning indexes to genes
2025-11-04 10:51:52,290 - DEBUG - Seen 9067 genes until now
2025-11-04 10:51:52,290 - DEBUG - Parsing Chromosome 12 strand - [line 332955]
2025-11-04 10:51:52,344 - DEBUG - Done with 12- [line 360299]
2025-11-04 10:51:52,344 - DEBUG - Assigning indexes to genes
2025-11-04 10:51:52,346 - DEBUG - Seen 10382 genes until now
2025-11-04 10:51:52,346 - DEBUG - Parsing Chromosome 12 strand + [line 360300]
2025-11-04 10:51:52,420 - DEBUG - Done with 12+ [line 397190]
2025-11-04 10:51:52,420 - DEBUG - Assigning indexes to genes
2025-11-04 10:51:52,423 - DEBUG - Seen 11544 genes until now
2025-11-04 10:51:52,423 - DEBUG - Parsing Chromosome 13 strand - [line 397191]
2025-11-04 10:51:52,701 - DEBUG - Done with 13- [line 433847]
2025-11-04 10:51:52,701 - DEBUG - Assigning indexes to genes
2025-11-04 10:51:52,703 - DEBUG - Seen 12811 genes until now
2025-11-04 10:51:52,703 - DEBUG - Parsing Chromosome 13 strand + [line 433848]
2025-11-04 10:51:52,759 - DEBUG - Done with 13+ [line 462828]
2025-11-04 10:51:52,759 - DEBUG - Assigning indexes to genes
2025-11-04 10:51:52,761 - DEBUG - Seen 14046 genes until now
2025-11-04 10:51:52,761 - DEBUG - Parsing Chromosome 14 strand - [line 462829]
2025-11-04 10:51:52,839 - DEBUG - Done with 14- [line 501813]
2025-11-04 10:51:52,839 - DEBUG - Assigning indexes to genes
2025-11-04 10:51:52,841 - DEBUG - Seen 15241 genes until now
2025-11-04 10:51:52,841 - DEBUG - Parsing Chromosome 14 strand + [line 501814]
2025-11-04 10:51:52,910 - DEBUG - Done with 14+ [line 537473]
2025-11-04 10:51:52,910 - DEBUG - Assigning indexes to genes
2025-11-04 10:51:52,913 - DEBUG - Seen 16580 genes until now
2025-11-04 10:51:52,913 - DEBUG - Parsing Chromosome 15 strand - [line 537474]
2025-11-04 10:51:52,989 - DEBUG - Done with 15- [line 575556]
2025-11-04 10:51:52,989 - DEBUG - Assigning indexes to genes
2025-11-04 10:51:52,991 - DEBUG - Seen 17521 genes until now
2025-11-04 10:51:52,991 - DEBUG - Parsing Chromosome 15 strand + [line 575557]
2025-11-04 10:51:53,295 - DEBUG - Done with 15+ [line 608149]
2025-11-04 10:51:53,295 - DEBUG - Assigning indexes to genes
2025-11-04 10:51:53,297 - DEBUG - Seen 18432 genes until now
2025-11-04 10:51:53,297 - DEBUG - Parsing Chromosome 16 strand - [line 608150]
2025-11-04 10:51:53,353 - DEBUG - Done with 16- [line 636582]
2025-11-04 10:51:53,353 - DEBUG - Assigning indexes to genes
2025-11-04 10:51:53,355 - DEBUG - Seen 19223 genes until now
2025-11-04 10:51:53,355 - DEBUG - Parsing Chromosome 16 strand + [line 636583]
2025-11-04 10:51:53,418 - DEBUG - Done with 16+ [line 668857]
2025-11-04 10:51:53,418 - DEBUG - Assigning indexes to genes
2025-11-04 10:51:53,420 - DEBUG - Seen 20039 genes until now
2025-11-04 10:51:53,420 - DEBUG - Parsing Chromosome 17 strand - [line 668858]
2025-11-04 10:51:53,513 - DEBUG - Done with 17- [line 715100]
2025-11-04 10:51:53,513 - DEBUG - Assigning indexes to genes
2025-11-04 10:51:53,516 - DEBUG - Seen 21218 genes until now
2025-11-04 10:51:53,516 - DEBUG - Parsing Chromosome 17 strand + [line 715101]
2025-11-04 10:51:53,612 - DEBUG - Done with 17+ [line 764344]
2025-11-04 10:51:53,612 - DEBUG - Assigning indexes to genes
2025-11-04 10:51:53,616 - DEBUG - Seen 22359 genes until now
2025-11-04 10:51:53,616 - DEBUG - Parsing Chromosome 18 strand - [line 764345]
2025-11-04 10:51:53,655 - DEBUG - Done with 18- [line 784050]
2025-11-04 10:51:53,655 - DEBUG - Assigning indexes to genes
2025-11-04 10:51:53,656 - DEBUG - Seen 22997 genes until now
2025-11-04 10:51:53,656 - DEBUG - Parsing Chromosome 18 strand + [line 784051]
2025-11-04 10:51:53,974 - DEBUG - Done with 18+ [line 811173]
2025-11-04 10:51:53,975 - DEBUG - Assigning indexes to genes
2025-11-04 10:51:53,976 - DEBUG - Seen 23758 genes until now
2025-11-04 10:51:53,976 - DEBUG - Parsing Chromosome 19 strand - [line 811174]
2025-11-04 10:51:54,042 - DEBUG - Done with 19- [line 844397]
2025-11-04 10:51:54,042 - DEBUG - Assigning indexes to genes
2025-11-04 10:51:54,043 - DEBUG - Seen 24442 genes until now
2025-11-04 10:51:54,043 - DEBUG - Parsing Chromosome 19 strand + [line 844398]
2025-11-04 10:51:54,100 - DEBUG - Done with 19+ [line 873497]
2025-11-04 10:51:54,100 - DEBUG - Assigning indexes to genes
2025-11-04 10:51:54,102 - DEBUG - Seen 25152 genes until now
2025-11-04 10:51:54,102 - DEBUG - Parsing Chromosome 2 strand - [line 873498]
2025-11-04 10:51:54,259 - DEBUG - Done with 2- [line 953009]
2025-11-04 10:51:54,259 - DEBUG - Assigning indexes to genes
2025-11-04 10:51:54,264 - DEBUG - Seen 26981 genes until now
2025-11-04 10:51:54,264 - DEBUG - Parsing Chromosome 2 strand + [line 953010]
2025-11-04 10:51:54,409 - DEBUG - Done with 2+ [line 1027336]
2025-11-04 10:51:54,409 - DEBUG - Assigning indexes to genes
2025-11-04 10:51:54,413 - DEBUG - Seen 28946 genes until now
2025-11-04 10:51:54,413 - DEBUG - Parsing Chromosome 3 strand - [line 1027337]
2025-11-04 10:51:54,495 - DEBUG - Done with 3- [line 1069026]
2025-11-04 10:51:54,495 - DEBUG - Assigning indexes to genes
2025-11-04 10:51:54,498 - DEBUG - Seen 30404 genes until now
2025-11-04 10:51:54,498 - DEBUG - Parsing Chromosome 3 strand + [line 1069027]
2025-11-04 10:51:54,894 - DEBUG - Done with 3+ [line 1115102]
2025-11-04 10:51:54,894 - DEBUG - Assigning indexes to genes
2025-11-04 10:51:54,897 - DEBUG - Seen 31831 genes until now
2025-11-04 10:51:54,897 - DEBUG - Parsing Chromosome 4 strand - [line 1115103]
2025-11-04 10:51:55,003 - DEBUG - Done with 4- [line 1169156]
2025-11-04 10:51:55,003 - DEBUG - Assigning indexes to genes
2025-11-04 10:51:55,007 - DEBUG - Seen 33222 genes until now
2025-11-04 10:51:55,007 - DEBUG - Parsing Chromosome 4 strand + [line 1169157]
2025-11-04 10:51:55,109 - DEBUG - Done with 4+ [line 1221291]
2025-11-04 10:51:55,109 - DEBUG - Assigning indexes to genes
2025-11-04 10:51:55,112 - DEBUG - Seen 34690 genes until now
2025-11-04 10:51:55,112 - DEBUG - Parsing Chromosome 5 strand - [line 1221292]
2025-11-04 10:51:55,232 - DEBUG - Done with 5- [line 1282135]
2025-11-04 10:51:55,233 - DEBUG - Assigning indexes to genes
2025-11-04 10:51:55,236 - DEBUG - Seen 36281 genes until now
2025-11-04 10:51:55,236 - DEBUG - Parsing Chromosome 5 strand + [line 1282136]
2025-11-04 10:51:55,358 - DEBUG - Done with 5+ [line 1344076]
2025-11-04 10:51:55,358 - DEBUG - Assigning indexes to genes
2025-11-04 10:51:55,362 - DEBUG - Seen 37942 genes until now
2025-11-04 10:51:55,362 - DEBUG - Parsing Chromosome 6 strand - [line 1344077]
2025-11-04 10:51:55,455 - DEBUG - Done with 6- [line 1392155]
2025-11-04 10:51:55,455 - DEBUG - Assigning indexes to genes
2025-11-04 10:51:55,459 - DEBUG - Seen 39466 genes until now
2025-11-04 10:51:55,459 - DEBUG - Parsing Chromosome 6 strand + [line 1392156]
2025-11-04 10:51:55,917 - DEBUG - Done with 6+ [line 1442945]
2025-11-04 10:51:55,917 - DEBUG - Assigning indexes to genes
2025-11-04 10:51:55,921 - DEBUG - Seen 41071 genes until now
2025-11-04 10:51:55,921 - DEBUG - Parsing Chromosome 7 strand - [line 1442946]
2025-11-04 10:51:56,074 - DEBUG - Done with 7- [line 1521802]
2025-11-04 10:51:56,074 - DEBUG - Assigning indexes to genes
2025-11-04 10:51:56,080 - DEBUG - Seen 43608 genes until now
2025-11-04 10:51:56,080 - DEBUG - Parsing Chromosome 7 strand + [line 1521803]
2025-11-04 10:51:56,225 - DEBUG - Done with 7+ [line 1597237]
2025-11-04 10:51:56,225 - DEBUG - Assigning indexes to genes
2025-11-04 10:51:56,233 - DEBUG - Seen 45790 genes until now
2025-11-04 10:51:56,233 - DEBUG - Parsing Chromosome 8 strand - [line 1597238]
2025-11-04 10:51:56,308 - DEBUG - Done with 8- [line 1635144]
2025-11-04 10:51:56,308 - DEBUG - Assigning indexes to genes
2025-11-04 10:51:56,310 - DEBUG - Seen 47022 genes until now
2025-11-04 10:51:56,310 - DEBUG - Parsing Chromosome 8 strand + [line 1635145]
2025-11-04 10:51:56,406 - DEBUG - Done with 8+ [line 1684308]
2025-11-04 10:51:56,406 - DEBUG - Assigning indexes to genes
2025-11-04 10:51:56,409 - DEBUG - Seen 48326 genes until now
2025-11-04 10:51:56,409 - DEBUG - Parsing Chromosome 9 strand - [line 1684309]
2025-11-04 10:51:56,516 - DEBUG - Done with 9- [line 1738082]
2025-11-04 10:51:56,516 - DEBUG - Assigning indexes to genes
2025-11-04 10:51:56,520 - DEBUG - Seen 49688 genes until now
2025-11-04 10:51:56,520 - DEBUG - Parsing Chromosome 9 strand + [line 1738083]
2025-11-04 10:51:56,629 - DEBUG - Done with 9+ [line 1794072]
2025-11-04 10:51:56,629 - DEBUG - Assigning indexes to genes
2025-11-04 10:51:56,633 - DEBUG - Seen 51169 genes until now
2025-11-04 10:51:56,633 - DEBUG - Parsing Chromosome M strand - [line 1794073]
2025-11-04 10:51:56,633 - DEBUG - Done with M- [line 1794103]
2025-11-04 10:51:56,633 - DEBUG - Assigning indexes to genes
2025-11-04 10:51:56,633 - DEBUG - Seen 51178 genes until now
2025-11-04 10:51:56,633 - DEBUG - Parsing Chromosome M strand + [line 1794104]
2025-11-04 10:51:56,633 - DEBUG - Done with M+ [line 1794225]
2025-11-04 10:51:56,633 - DEBUG - Assigning indexes to genes
2025-11-04 10:51:56,633 - DEBUG - Seen 51206 genes until now
2025-11-04 10:51:56,633 - DEBUG - Parsing Chromosome X strand - [line 1794226]
2025-11-04 10:51:56,693 - DEBUG - Done with X- [line 1824523]
2025-11-04 10:51:56,693 - DEBUG - Assigning indexes to genes
2025-11-04 10:51:56,695 - DEBUG - Seen 52478 genes until now
2025-11-04 10:51:56,696 - DEBUG - Parsing Chromosome X strand + [line 1824524]
2025-11-04 10:51:57,185 - DEBUG - Done with X+ [line 1858357]
2025-11-04 10:51:57,185 - DEBUG - Assigning indexes to genes
2025-11-04 10:51:57,187 - DEBUG - Seen 53832 genes until now
2025-11-04 10:51:57,187 - DEBUG - Parsing Chromosome Y strand - [line 1858358]
2025-11-04 10:51:57,203 - DEBUG - Done with Y- [line 1865468]
2025-11-04 10:51:57,203 - DEBUG - Assigning indexes to genes
2025-11-04 10:51:57,204 - DEBUG - Seen 54711 genes until now
2025-11-04 10:51:57,204 - DEBUG - Parsing Chromosome Y strand + [line 1865469]
2025-11-04 10:51:57,218 - DEBUG - Assigning indexes to genes
2025-11-04 10:51:57,218 - DEBUG - Done with Y+ [line 1872050]
2025-11-04 10:51:57,218 - DEBUG - Fixing corner cases of transcript models containg intron longer than 1000Kbp
2025-11-04 10:51:57,736 - DEBUG - Generated 1544182 features corresponding to 142604 transcript models from /storage/scratch01/groups/ci/Trem1_GEICAM/Sarai/Annonation_Files/gencode.vM25.annotation.gtf
2025-11-04 10:51:57,749 - INFO - Load the repeat masking annotation from /storage/scratch01/groups/ci/Trem1_GEICAM/Sarai/Annonation_Files/rmsk_velocyto.txt
2025-11-04 10:51:57,749 - DEBUG - Reading /storage/scratch01/groups/ci/Trem1_GEICAM/Sarai/Annonation_Files/rmsk_velocyto.txt, the file will be sorted in memory
2025-11-04 10:52:10,740 - DEBUG - Processed masked annotation .gtf and generated 4369219 intervals to mask!
2025-11-04 10:52:10,864 - INFO - Scan /storage/scratch01/groups/ci/Trem1_GEICAM/Sarai/Single.Cell.Tet2/outs/out.smR039b.9/outs/per_sample_outs/WT2-DsRedn/count/sample_alignments.bam to validate intron intervals
2025-11-04 10:52:11,442 - DEBUG - Reading /storage/scratch01/groups/ci/Trem1_GEICAM/Sarai/Single.Cell.Tet2/outs/out.smR039b.9/outs/per_sample_outs/WT2-DsRedn/count/sample_alignments.bam
2025-11-04 10:52:11,448 - DEBUG - Read first 0 million reads
2025-11-04 10:52:11,448 - DEBUG - Marking up chromosome 1
2025-11-04 10:52:58,147 - DEBUG - Read first 10 million reads
2025-11-04 10:53:47,093 - DEBUG - Read first 20 million reads
2025-11-04 10:54:09,944 - DEBUG - Marking up chromosome 10
2025-11-04 10:54:37,952 - DEBUG - Read first 30 million reads
2025-11-04 10:55:34,376 - DEBUG - Read first 40 million reads
2025-11-04 10:56:02,336 - DEBUG - Marking up chromosome 11
2025-11-04 10:56:23,614 - DEBUG - Read first 50 million reads
2025-11-04 10:57:12,862 - DEBUG - Read first 60 million reads
2025-11-04 10:58:00,859 - DEBUG - Read first 70 million reads
2025-11-04 10:58:38,462 - DEBUG - Marking up chromosome 12
2025-11-04 10:58:48,800 - DEBUG - Read first 80 million reads
2025-11-04 10:59:36,549 - DEBUG - Read first 90 million reads
2025-11-04 10:59:50,577 - DEBUG - Marking up chromosome 13
2025-11-04 11:00:26,179 - DEBUG - Read first 100 million reads
2025-11-04 11:00:49,562 - DEBUG - Marking up chromosome 14
2025-11-04 11:01:15,695 - DEBUG - Read first 110 million reads
2025-11-04 11:01:49,257 - DEBUG - Marking up chromosome 15
2025-11-04 11:02:03,168 - DEBUG - Read first 120 million reads
2025-11-04 11:02:52,875 - DEBUG - Read first 130 million reads
2025-11-04 11:03:01,178 - DEBUG - Marking up chromosome 16
2025-11-04 11:03:42,826 - DEBUG - Read first 140 million reads
2025-11-04 11:03:48,915 - DEBUG - Marking up chromosome 17
2025-11-04 11:04:36,625 - DEBUG - Read first 150 million reads
2025-11-04 11:05:26,748 - DEBUG - Read first 160 million reads
2025-11-04 11:06:09,195 - DEBUG - Read first 170 million reads
2025-11-04 11:06:13,126 - DEBUG - Marking up chromosome 18
2025-11-04 11:06:57,110 - DEBUG - Read first 180 million reads
2025-11-04 11:07:37,686 - DEBUG - Marking up chromosome 19
2025-11-04 11:07:44,462 - DEBUG - Read first 190 million reads
2025-11-04 11:08:31,407 - DEBUG - Read first 200 million reads
2025-11-04 11:08:55,726 - DEBUG - Marking up chromosome 2
2025-11-04 11:09:19,522 - DEBUG - Read first 210 million reads
2025-11-04 11:10:08,055 - DEBUG - Read first 220 million reads
2025-11-04 11:10:57,761 - DEBUG - Read first 230 million reads
2025-11-04 11:11:22,958 - DEBUG - Marking up chromosome 3
2025-11-04 11:11:47,451 - DEBUG - Read first 240 million reads
2025-11-04 11:12:35,845 - DEBUG - Read first 250 million reads
2025-11-04 11:12:48,543 - DEBUG - Marking up chromosome 4
2025-11-04 11:13:21,772 - DEBUG - Read first 260 million reads
2025-11-04 11:14:10,154 - DEBUG - Read first 270 million reads
2025-11-04 11:14:45,154 - DEBUG - Marking up chromosome 5
2025-11-04 11:15:00,565 - DEBUG - Read first 280 million reads
2025-11-04 11:15:48,808 - DEBUG - Read first 290 million reads
2025-11-04 11:16:30,815 - DEBUG - Marking up chromosome 6
2025-11-04 11:16:37,877 - DEBUG - Read first 300 million reads
2025-11-04 11:17:22,802 - DEBUG - Read first 310 million reads
2025-11-04 11:17:58,862 - DEBUG - Marking up chromosome 7
2025-11-04 11:18:10,559 - DEBUG - Read first 320 million reads
2025-11-04 11:19:01,115 - DEBUG - Read first 330 million reads
2025-11-04 11:19:50,878 - DEBUG - Read first 340 million reads
2025-11-04 11:20:39,826 - DEBUG - Read first 350 million reads
2025-11-04 11:20:58,683 - DEBUG - Marking up chromosome 8
2025-11-04 11:21:27,492 - DEBUG - Read first 360 million reads
2025-11-04 11:22:16,807 - DEBUG - Read first 370 million reads
2025-11-04 11:22:35,822 - DEBUG - Marking up chromosome 9
2025-11-04 11:23:08,412 - DEBUG - Read first 380 million reads
2025-11-04 11:23:58,251 - DEBUG - Marking up chromosome MT
2025-11-04 11:23:58,251 - WARNING - The .bam file refers to a chromosome 'MT+' not present in the annotation (.gtf) file
2025-11-04 11:23:58,251 - WARNING - The .bam file refers to a chromosome 'MT-' not present in the annotation (.gtf) file
2025-11-04 11:23:58,712 - DEBUG - Read first 390 million reads
2025-11-04 11:24:00,317 - DEBUG - Marking up chromosome X
2025-11-04 11:24:44,504 - DEBUG - Read first 400 million reads
2025-11-04 11:24:56,676 - DEBUG - Marking up chromosome Y
2025-11-04 11:24:56,687 - DEBUG - Marking up chromosome GL456233.2
2025-11-04 11:24:56,687 - WARNING - The .bam file refers to a chromosome 'GL456233.2+' not present in the annotation (.gtf) file
2025-11-04 11:24:56,687 - WARNING - The .bam file refers to a chromosome 'GL456233.2-' not present in the annotation (.gtf) file
2025-11-04 11:24:56,733 - DEBUG - Marking up chromosome GL456211.1
2025-11-04 11:24:56,733 - WARNING - The .bam file refers to a chromosome 'GL456211.1+' not present in the annotation (.gtf) file
2025-11-04 11:24:56,733 - WARNING - The .bam file refers to a chromosome 'GL456211.1-' not present in the annotation (.gtf) file
2025-11-04 11:24:56,733 - DEBUG - Marking up chromosome JH584304.1
2025-11-04 11:24:56,733 - WARNING - The .bam file refers to a chromosome 'JH584304.1+' not present in the annotation (.gtf) file
2025-11-04 11:24:56,733 - WARNING - The .bam file refers to a chromosome 'JH584304.1-' not present in the annotation (.gtf) file
2025-11-04 11:24:56,744 - DEBUG - Marking up chromosome GL456378.1
2025-11-04 11:24:56,744 - WARNING - The .bam file refers to a chromosome 'GL456378.1+' not present in the annotation (.gtf) file
2025-11-04 11:24:56,744 - WARNING - The .bam file refers to a chromosome 'GL456378.1-' not present in the annotation (.gtf) file
2025-11-04 11:24:56,744 - DEBUG - Marking up chromosome MU069434.1
2025-11-04 11:24:56,744 - WARNING - The .bam file refers to a chromosome 'MU069434.1+' not present in the annotation (.gtf) file
2025-11-04 11:24:56,744 - WARNING - The .bam file refers to a chromosome 'MU069434.1-' not present in the annotation (.gtf) file
2025-11-04 11:25:03,330 - DEBUG - End of file. Reset index: start scanning from initial position.
2025-11-04 11:25:03,330 - DEBUG - 6941261 reads were skipped because no apropiate cell or umi barcode was found
2025-11-04 11:25:03,330 - DEBUG - Start molecule counting!
2025-11-04 11:25:04,174 - DEBUG - Features available for chromosomes : ['1-', '1+', '10-', '10+', '11-', '11+', '12-', '12+', '13-', '13+', '14-', '14+', '15-', '15+', '16-', '16+', '17-', '17+', '18-', '18+', '19-', '19+', '2-', '2+', '3-', '3+', '4-', '4+', '5-', '5+', '6-', '6+', '7-', '7+', '8-', '8+', '9-', '9+', 'M-', 'M+', 'X-', 'X+', 'Y-', 'Y+']
2025-11-04 11:25:04,175 - DEBUG - Mask available for chromosomes : ['1-', '1+', '10-', '10+', '10_GL456015_alt-', '10_GL456015_alt+', '10_KQ030491_fix-', '10_KQ030491_fix+', '10_KZ289071_fix-', '10_KZ289071_fix+', '10_KZ289072_fix-', '10_KZ289072_fix+', '11-', '11+', '11_GL455998_alt-', '11_GL455998_alt+', '11_GL456016_alt-', '11_GL456016_alt+', '11_GL456060_alt-', '11_GL456060_alt+', '11_JH584265_alt-', '11_JH584265_alt+', '11_JH584316_alt-', '11_JH584316_alt+', '11_JH584317_alt-', '11_JH584317_alt+', '11_JH584327_alt-', '11_JH584327_alt+', '11_KB469739_fix-', '11_KB469739_fix+', '11_KZ289073_alt-', '11_KZ289073_alt+', '11_KZ289074_alt-', '11_KZ289074_alt+', '11_KZ289075_alt-', '11_KZ289075_alt+', '11_KZ289076_fix-', '11_KZ289076_fix+', '11_KZ289077_alt-', '11_KZ289077_alt+', '11_KZ289078_alt-', '11_KZ289078_alt+', '11_KZ289079_alt-', '11_KZ289079_alt+', '11_KZ289080_alt-', '11_KZ289080_alt+', '11_KZ289081_alt-', '11_KZ289081_alt+', '12-', '12+', '12_GL456017_alt-', '12_GL456017_alt+', '12_GL456068_alt-', '12_GL456068_alt+', '12_GL456074_alt-', '12_GL456074_alt+', '12_GL456078_alt-', '12_GL456078_alt+', '12_GL456349_alt-', '12_GL456349_alt+', '12_KB469740_fix-', '12_KB469740_fix+', '12_KZ289082_fix-', '12_KZ289082_fix+', '13-', '13+', '13_GL455990_alt-', '13_GL455990_alt+', '13_GL455999_alt-', '13_GL455999_alt+', '13_JH584305_alt-', '13_JH584305_alt+', '14-', '14+', '14_GL456019_alt-', '14_GL456019_alt+', '14_GL456020_alt-', '14_GL456020_alt+', '14_KZ289083_fix-', '14_KZ289083_fix+', '14_KZ289084_fix-', '14_KZ289084_fix+', '15-', '15+', '15_GL456000_alt-', '15_GL456000_alt+', '15_JH584270_alt-', '15_JH584270_alt+', '15_KQ030492_fix-', '15_KQ030492_fix+', '15_KQ030493_fix-', '15_KQ030493_fix+', '15_KV575241_fix-', '15_KV575241_fix+', '15_KZ289085_fix-', '15_KZ289085_fix+', '15_KZ289086_fix-', '15_KZ289086_fix+', '16-', '16+', '16_GL456001_alt-', '16_GL456001_alt+', '16_GL456028_alt-', '16_GL456028_alt+', '16_JH584306_alt-', '16_JH584306_alt+', '16_JH584307_alt-', '16_JH584307_alt+', '16_JH584310_alt-', '16_JH584310_alt+', '16_JH584311_alt-', '16_JH584311_alt+', '16_JH584312_alt-', '16_JH584312_alt+', '16_JH584313_alt-', '16_JH584313_alt+', '16_JH584314_alt-', '16_JH584314_alt+', '16_KB469741_fix-', '16_KB469741_fix+', '17-', '17+', '17_GL456002_alt-', '17_GL456002_alt+', '17_GL456021_alt-', '17_GL456021_alt+', '17_GL456022_alt-', '17_GL456022_alt+', '17_GL456069_alt-', '17_GL456069_alt+', '17_JH584266_alt-', '17_JH584266_alt+', '17_JH584267_alt-', '17_JH584267_alt+', '17_JH584308_alt-', '17_JH584308_alt+', '17_JH584309_alt-', '17_JH584309_alt+', '17_JH584328_alt-', '17_JH584328_alt+', '17_JH590470_alt-', '17_JH590470_alt+', '17_KB469742_fix-', '17_KB469742_fix+', '17_KZ289087_fix-', '17_KZ289087_fix+', '17_KZ289088_fix-', '17_KZ289088_fix+', '17_KZ289089_fix-', '17_KZ289089_fix+', '18-', '18+', '18_GL456070_alt-', '18_GL456070_alt+', '18_JH584318_alt-', '18_JH584318_alt+', '18_JH792829_fix-', '18_JH792829_fix+', '18_KZ289090_fix-', '18_KZ289090_fix+', '18_KZ289091_fix-', '18_KZ289091_fix+', '19-', '19+', '19_GL456079_alt-', '19_GL456079_alt+', '19_JH584319_alt-', '19_JH584319_alt+', '19_JH792830_fix-', '19_JH792830_fix+', '19_KQ030494_fix-', '19_KQ030494_fix+', '19_KV575242_fix-', '19_KV575242_fix+', '1_GL455991_alt-', '1_GL455991_alt+', '1_GL455992_alt-', '1_GL455992_alt+', '1_GL455993_alt-', '1_GL455993_alt+', '1_GL456005_alt-', '1_GL456005_alt+', '1_GL456210_random-', '1_GL456210_random+', '1_GL456211_random-', '1_GL456211_random+', '1_GL456212_random-', '1_GL456212_random+', '1_GL456213_random-', '1_GL456213_random+', '1_GL456221_random-', '1_GL456221_random+', '1_JH584315_alt-', '1_JH584315_alt+', '1_JH584320_alt-', '1_JH584320_alt+', '1_JH584321_alt-', '1_JH584321_alt+', '1_JH584322_alt-', '1_JH584322_alt+', '1_KK082441_alt-', '1_KK082441_alt+', '1_KV575232_fix-', '1_KV575232_fix+', '1_KV575233_fix-', '1_KV575233_fix+', '1_KV575234_fix-', '1_KV575234_fix+', '2-', '2+', '2_GL456024_alt-', '2_GL456024_alt+', '2_KV575235_fix-', '2_KV575235_fix+', '2_KV575236_fix-', '2_KV575236_fix+', '3-', '3+', '3_GL456006_alt-', '3_GL456006_alt+', '3_GL456007_alt-', '3_GL456007_alt+', '3_GL456008_alt-', '3_GL456008_alt+', '3_GL456042_alt-', '3_GL456042_alt+', '3_GL456044_alt-', '3_GL456044_alt+', '3_GL456045_alt-', '3_GL456045_alt+', '3_GL456048_alt-', '3_GL456048_alt+', '3_GL456049_alt-', '3_GL456049_alt+', '3_JH584323_alt-', '3_JH584323_alt+', '3_KQ030484_fix-', '3_KQ030484_fix+', '3_KZ289064_fix-', '3_KZ289064_fix+', '3_KZ289065_fix-', '3_KZ289065_fix+', '3_KZ289066_fix-', '3_KZ289066_fix+', '4-', '4+', '4_GL455994_alt-', '4_GL455994_alt+', '4_GL456009_alt-', '4_GL456009_alt+', '4_GL456010_alt-', '4_GL456010_alt+', '4_GL456053_alt-', '4_GL456053_alt+', '4_GL456064_alt-', '4_GL456064_alt+', '4_GL456075_alt-', '4_GL456075_alt+', '4_GL456076_alt-', '4_GL456076_alt+', '4_GL456077_alt-', '4_GL456077_alt+', '4_GL456216_random-', '4_GL456216_random+', '4_GL456350_random-', '4_GL456350_random+', '4_JH584268_alt-', '4_JH584268_alt+', '4_JH584269_alt-', '4_JH584269_alt+', '4_JH584292_random-', '4_JH584292_random+', '4_JH584293_random-', '4_JH584293_random+', '4_JH584294_random-', '4_JH584294_random+', '4_JH584295_random+', '4_JH584324_alt-', '4_JH584324_alt+', '4_JH584325_alt-', '4_JH584325_alt+', '4_JH584326_alt-', '4_JH584326_alt+', '4_JH792826_fix-', '4_JH792826_fix+', '4_KQ030485_fix-', '4_KQ030485_fix+', '4_KQ030486_fix-', '4_KQ030486_fix+', '4_KQ030487_fix-', '4_KQ030487_fix+', '4_KQ030488_fix-', '4_KQ030488_fix+', '4_KQ030489_fix-', '4_KQ030489_fix+', '4_KZ289067_fix-', '4_KZ289067_fix+', '4_KZ289068_fix-', '4_KZ289068_fix+', '4_KZ289069_fix-', '4_KZ289069_fix+', '4_KZ289070_fix-', '4_KZ289070_fix+', '5-', '5+', '5_GL455995_alt-', '5_GL455995_alt+', '5_GL456011_alt-', '5_GL456011_alt+', '5_GL456354_random-', '5_GL456354_random+', '5_JH584296_random-', '5_JH584296_random+', '5_JH584297_random-', '5_JH584297_random+', '5_JH584298_random-', '5_JH584298_random+', '5_JH584299_random-', '5_JH584299_random+', '5_JH792827_fix-', '5_JH792827_fix+', '5_KV575237_fix-', '5_KV575237_fix+', '6-', '6+', '6_GL456012_alt-', '6_GL456012_alt+', '6_GL456025_alt-', '6_GL456025_alt+', '6_GL456026_alt-', '6_GL456026_alt+', '6_GL456054_alt-', '6_GL456054_alt+', '6_GL456065_alt-', '6_GL456065_alt+', '6_JH584264_alt-', '6_JH584264_alt+', '6_KK082442_fix-', '6_KK082442_fix+', '6_KK082443_fix-', '6_KK082443_fix+', '7-', '7+', '7_GL455989_alt-', '7_GL455989_alt+', '7_GL456013_alt-', '7_GL456013_alt+', '7_GL456014_alt-', '7_GL456014_alt+', '7_GL456219_random-', '7_GL456219_random+', '7_JH792828_fix-', '7_JH792828_fix+', '7_KV575238_fix-', '7_KV575238_fix+', '7_KV575239_fix-', '7_KV575239_fix+', '8-', '8+', '8_GL455996_alt-', '8_GL455996_alt+', '8_GL455997_alt-', '8_GL455997_alt+', '8_KV575240_fix-', '8_KV575240_fix+', '9-', '9+', '9_KB469738_fix-', '9_KB469738_fix+', '9_KQ030490_fix-', '9_KQ030490_fix+', 'M-', 'M+', 'Un_GL456239-', 'Un_GL456239+', 'Un_GL456359-', 'Un_GL456359+', 'Un_GL456360-', 'Un_GL456360+', 'Un_GL456366-', 'Un_GL456366+', 'Un_GL456367-', 'Un_GL456367+', 'Un_GL456368-', 'Un_GL456368+', 'Un_GL456370+', 'Un_GL456372-', 'Un_GL456372+', 'Un_GL456378-', 'Un_GL456378+', 'Un_GL456379-', 'Un_GL456379+', 'Un_GL456381-', 'Un_GL456381+', 'Un_GL456382-', 'Un_GL456382+', 'Un_GL456383-', 'Un_GL456383+', 'Un_GL456385-', 'Un_GL456385+', 'Un_GL456387-', 'Un_GL456387+', 'Un_GL456389-', 'Un_GL456389+', 'Un_GL456390-', 'Un_GL456390+', 'Un_GL456392-', 'Un_GL456392+', 'Un_GL456393-', 'Un_GL456393+', 'Un_GL456394-', 'Un_GL456394+', 'Un_GL456396-', 'Un_GL456396+', 'Un_JH584304-', 'Un_JH584304+', 'X-', 'X+', 'X_GL456003_alt-', 'X_GL456003_alt+', 'X_GL456004_alt-', 'X_GL456004_alt+', 'X_GL456031_alt-', 'X_GL456031_alt+', 'X_GL456032_alt-', 'X_GL456032_alt+', 'X_GL456033_alt-', 'X_GL456033_alt+', 'X_GL456233_random-', 'X_GL456233_random+', 'X_JH792831_fix-', 'X_JH792831_fix+', 'X_KQ030495_fix-', 'X_KQ030495_fix+', 'X_KQ030496_fix-', 'X_KQ030496_fix+', 'X_KQ030497_fix-', 'X_KQ030497_fix+', 'X_KZ289092_fix-', 'X_KZ289092_fix+', 'X_KZ289093_fix-', 'X_KZ289093_fix+', 'X_KZ289094_fix-', 'X_KZ289094_fix+', 'X_KZ289095_fix-', 'X_KZ289095_fix+', 'Y-', 'Y+', 'Y_GL456071_alt-', 'Y_GL456071_alt+', 'Y_GL456072_alt-', 'Y_GL456072_alt+', 'Y_GL456073_alt-', 'Y_GL456073_alt+', 'Y_GL456080_alt-', 'Y_GL456080_alt+', 'Y_GL456081_alt-', 'Y_GL456081_alt+', 'Y_GL456082_alt-', 'Y_GL456082_alt+', 'Y_JH584300_random-', 'Y_JH584300_random+', 'Y_JH584301_random-', 'Y_JH584301_random+', 'Y_JH584302_random-', 'Y_JH584302_random+', 'Y_JH584303_random-', 'Y_JH584303_random+', 'Y_JH792832_fix-', 'Y_JH792832_fix+', 'Y_JH792833_fix-', 'Y_JH792833_fix+', 'Y_JH792834_fix-', 'Y_JH792834_fix+', 'na_GL456050_alt-']
2025-11-04 11:25:04,175 - DEBUG - Summarizing the results of intron validation.
2025-11-04 11:25:04,235 - DEBUG - Validated 1149 introns (of which unique intervals 447) out of 700789 total possible introns (considering each possible transcript models).
2025-11-04 11:25:04,235 - DEBUG - Reading /storage/scratch01/groups/ci/Trem1_GEICAM/Sarai/Single.Cell.Tet2/outs/out.smR039b.9/outs/per_sample_outs/WT2-DsRedn/count/cellsorted_sample_alignments.bam
2025-11-04 11:25:04,260 - DEBUG - Read first 0 million reads
2025-11-04 11:25:22,700 - DEBUG - Counting for batch 1, containing 100 cells and 2786180 reads
2025-11-04 11:25:35,583 - DEBUG - 340770 reads not considered because fully enclosed in repeat masked regions
2025-11-04 11:25:56,568 - DEBUG - Counting for batch 2, containing 100 cells and 2900386 reads
2025-11-04 11:26:10,215 - DEBUG - 367394 reads not considered because fully enclosed in repeat masked regions
2025-11-04 11:26:28,091 - DEBUG - Counting for batch 3, containing 100 cells and 2909162 reads
2025-11-04 11:26:41,444 - DEBUG - 359066 reads not considered because fully enclosed in repeat masked regions
2025-11-04 11:26:46,681 - DEBUG - Read first 10 million reads
2025-11-04 11:27:01,831 - DEBUG - Counting for batch 4, containing 100 cells and 2898147 reads
2025-11-04 11:27:14,933 - DEBUG - 351745 reads not considered because fully enclosed in repeat masked regions
2025-11-04 11:27:30,559 - DEBUG - Counting for batch 5, containing 100 cells and 2213052 reads
2025-11-04 11:27:41,426 - DEBUG - 277837 reads not considered because fully enclosed in repeat masked regions
2025-11-04 11:28:00,548 - DEBUG - Counting for batch 6, containing 100 cells and 2976011 reads
2025-11-04 11:28:13,938 - DEBUG - 360315 reads not considered because fully enclosed in repeat masked regions
2025-11-04 11:28:25,980 - DEBUG - Read first 20 million reads
2025-11-04 11:28:35,861 - DEBUG - Counting for batch 7, containing 100 cells and 3105865 reads
2025-11-04 11:28:50,048 - DEBUG - 386795 reads not considered because fully enclosed in repeat masked regions
2025-11-04 11:29:09,983 - DEBUG - Counting for batch 8, containing 100 cells and 3049759 reads
2025-11-04 11:29:23,904 - DEBUG - 386960 reads not considered because fully enclosed in repeat masked regions
2025-11-04 11:29:44,022 - DEBUG - Counting for batch 9, containing 100 cells and 2759188 reads
2025-11-04 11:29:54,669 - DEBUG - 347197 reads not considered because fully enclosed in repeat masked regions
2025-11-04 11:30:07,424 - DEBUG - Read first 30 million reads
2025-11-04 11:30:19,011 - DEBUG - Counting for batch 10, containing 100 cells and 3332864 reads
2025-11-04 11:30:34,317 - DEBUG - 423216 reads not considered because fully enclosed in repeat masked regions
2025-11-04 11:30:56,316 - DEBUG - Counting for batch 11, containing 100 cells and 3303149 reads
2025-11-04 11:31:11,564 - DEBUG - 404936 reads not considered because fully enclosed in repeat masked regions
2025-11-04 11:31:32,438 - DEBUG - Counting for batch 12, containing 100 cells and 3148492 reads
2025-11-04 11:31:49,554 - DEBUG - 381495 reads not considered because fully enclosed in repeat masked regions
2025-11-04 11:31:56,740 - DEBUG - Read first 40 million reads
2025-11-04 11:32:10,951 - DEBUG - Counting for batch 13, containing 100 cells and 3036336 reads
2025-11-04 11:32:26,858 - DEBUG - 386779 reads not considered because fully enclosed in repeat masked regions
2025-11-04 11:32:45,824 - DEBUG - Counting for batch 14, containing 100 cells and 2670470 reads
2025-11-04 11:32:58,702 - DEBUG - 332902 reads not considered because fully enclosed in repeat masked regions
2025-11-04 11:33:16,146 - DEBUG - Counting for batch 15, containing 100 cells and 2472535 reads
2025-11-04 11:33:29,031 - DEBUG - 298740 reads not considered because fully enclosed in repeat masked regions
2025-11-04 11:33:41,927 - DEBUG - Read first 50 million reads
2025-11-04 11:33:48,401 - DEBUG - Counting for batch 16, containing 100 cells and 2816192 reads
2025-11-04 11:34:02,645 - DEBUG - 349722 reads not considered because fully enclosed in repeat masked regions
2025-11-04 11:34:25,165 - DEBUG - Counting for batch 17, containing 100 cells and 3519442 reads
2025-11-04 11:34:41,364 - DEBUG - 449323 reads not considered because fully enclosed in repeat masked regions
2025-11-04 11:35:01,201 - DEBUG - Counting for batch 18, containing 100 cells and 2648935 reads
2025-11-04 11:35:14,164 - DEBUG - 330693 reads not considered because fully enclosed in repeat masked regions
2025-11-04 11:35:27,650 - DEBUG - Read first 60 million reads
2025-11-04 11:35:33,911 - DEBUG - Counting for batch 19, containing 100 cells and 2990117 reads
2025-11-04 11:35:47,803 - DEBUG - 368559 reads not considered because fully enclosed in repeat masked regions
2025-11-04 11:36:07,778 - DEBUG - Counting for batch 20, containing 100 cells and 3056442 reads
2025-11-04 11:36:22,052 - DEBUG - 383016 reads not considered because fully enclosed in repeat masked regions
2025-11-04 11:36:41,808 - DEBUG - Counting for batch 21, containing 100 cells and 2979679 reads
2025-11-04 11:36:55,805 - DEBUG - 372854 reads not considered because fully enclosed in repeat masked regions
2025-11-04 11:37:09,982 - DEBUG - Read first 70 million reads
2025-11-04 11:37:15,353 - DEBUG - Counting for batch 22, containing 100 cells and 2950091 reads
2025-11-04 11:37:29,356 - DEBUG - 359365 reads not considered because fully enclosed in repeat masked regions
2025-11-04 11:37:47,169 - DEBUG - Counting for batch 23, containing 100 cells and 2649509 reads
2025-11-04 11:37:59,842 - DEBUG - 316892 reads not considered because fully enclosed in repeat masked regions
2025-11-04 11:38:19,590 - DEBUG - Counting for batch 24, containing 100 cells and 3055097 reads
2025-11-04 11:38:34,038 - DEBUG - 385157 reads not considered because fully enclosed in repeat masked regions
2025-11-04 11:38:50,888 - DEBUG - Read first 80 million reads
2025-11-04 11:38:54,568 - DEBUG - Counting for batch 25, containing 100 cells and 3051809 reads
2025-11-04 11:39:08,832 - DEBUG - 372803 reads not considered because fully enclosed in repeat masked regions
2025-11-04 11:39:30,808 - DEBUG - Counting for batch 26, containing 100 cells and 3477385 reads
2025-11-04 11:39:46,570 - DEBUG - 430800 reads not considered because fully enclosed in repeat masked regions
2025-11-04 11:40:10,407 - DEBUG - Counting for batch 27, containing 100 cells and 3451626 reads
2025-11-04 11:40:26,148 - DEBUG - 436947 reads not considered because fully enclosed in repeat masked regions
2025-11-04 11:40:38,609 - DEBUG - Read first 90 million reads
2025-11-04 11:40:43,610 - DEBUG - Counting for batch 28, containing 100 cells and 2918085 reads
2025-11-04 11:40:56,936 - DEBUG - 363260 reads not considered because fully enclosed in repeat masked regions
2025-11-04 11:41:16,762 - DEBUG - Counting for batch 29, containing 100 cells and 2856746 reads
2025-11-04 11:41:29,985 - DEBUG - 351865 reads not considered because fully enclosed in repeat masked regions
2025-11-04 11:41:56,351 - DEBUG - Counting for batch 30, containing 100 cells and 4093225 reads
2025-11-04 11:42:14,034 - DEBUG - 524492 reads not considered because fully enclosed in repeat masked regions
2025-11-04 11:42:22,790 - DEBUG - Read first 100 million reads
2025-11-04 11:42:36,126 - DEBUG - Counting for batch 31, containing 100 cells and 3180176 reads
2025-11-04 11:42:50,736 - DEBUG - 397291 reads not considered because fully enclosed in repeat masked regions
2025-11-04 11:43:15,656 - DEBUG - Counting for batch 32, containing 100 cells and 3578621 reads
2025-11-04 11:43:31,971 - DEBUG - 456186 reads not considered because fully enclosed in repeat masked regions
2025-11-04 11:43:53,446 - DEBUG - Counting for batch 33, containing 100 cells and 3221534 reads
2025-11-04 11:44:08,165 - DEBUG - 400822 reads not considered because fully enclosed in repeat masked regions
2025-11-04 11:44:11,025 - DEBUG - Read first 110 million reads
2025-11-04 11:44:25,174 - DEBUG - Counting for batch 34, containing 100 cells and 2443386 reads
2025-11-04 11:44:37,388 - DEBUG - 305778 reads not considered because fully enclosed in repeat masked regions
2025-11-04 11:44:57,109 - DEBUG - Counting for batch 35, containing 100 cells and 3045664 reads
2025-11-04 11:45:11,957 - DEBUG - 370622 reads not considered because fully enclosed in repeat masked regions
2025-11-04 11:45:33,982 - DEBUG - Counting for batch 36, containing 100 cells and 3060633 reads
2025-11-04 11:45:48,919 - DEBUG - 386338 reads not considered because fully enclosed in repeat masked regions
2025-11-04 11:45:55,905 - DEBUG - Read first 120 million reads
2025-11-04 11:46:11,077 - DEBUG - Counting for batch 37, containing 100 cells and 2973721 reads
2025-11-04 11:46:23,372 - DEBUG - 365599 reads not considered because fully enclosed in repeat masked regions
2025-11-04 11:46:49,447 - DEBUG - Counting for batch 38, containing 100 cells and 3485418 reads
2025-11-04 11:47:06,475 - DEBUG - 427372 reads not considered because fully enclosed in repeat masked regions
2025-11-04 11:47:28,753 - DEBUG - Counting for batch 39, containing 100 cells and 3253560 reads
2025-11-04 11:47:44,753 - DEBUG - 405964 reads not considered because fully enclosed in repeat masked regions
2025-11-04 11:47:47,382 - DEBUG - Read first 130 million reads
2025-11-04 11:48:05,984 - DEBUG - Counting for batch 40, containing 100 cells and 3077456 reads
2025-11-04 11:48:21,343 - DEBUG - 383158 reads not considered because fully enclosed in repeat masked regions
2025-11-04 11:48:48,335 - DEBUG - Counting for batch 41, containing 100 cells and 3687510 reads
2025-11-04 11:49:06,214 - DEBUG - 463007 reads not considered because fully enclosed in repeat masked regions
2025-11-04 11:49:22,552 - DEBUG - Read first 140 million reads
2025-11-04 11:49:24,966 - DEBUG - Counting for batch 42, containing 100 cells and 2903317 reads
2025-11-04 11:49:39,347 - DEBUG - 351925 reads not considered because fully enclosed in repeat masked regions
2025-11-04 11:50:01,982 - DEBUG - Counting for batch 43, containing 100 cells and 2968118 reads
2025-11-04 11:50:17,622 - DEBUG - 366238 reads not considered because fully enclosed in repeat masked regions
2025-11-04 11:50:40,116 - DEBUG - Counting for batch 44, containing 100 cells and 3199504 reads
2025-11-04 11:50:56,365 - DEBUG - 392662 reads not considered because fully enclosed in repeat masked regions
2025-11-04 11:51:14,440 - DEBUG - Read first 150 million reads
2025-11-04 11:51:22,976 - DEBUG - Counting for batch 45, containing 100 cells and 3585451 reads
2025-11-04 11:51:40,482 - DEBUG - 417864 reads not considered because fully enclosed in repeat masked regions
2025-11-04 11:52:11,948 - DEBUG - Counting for batch 46, containing 100 cells and 4506781 reads
2025-11-04 11:52:33,927 - DEBUG - 569883 reads not considered because fully enclosed in repeat masked regions
2025-11-04 11:52:55,864 - DEBUG - Counting for batch 47, containing 100 cells and 3199910 reads
2025-11-04 11:53:12,320 - DEBUG - 405673 reads not considered because fully enclosed in repeat masked regions
2025-11-04 11:53:16,708 - DEBUG - Read first 160 million reads
2025-11-04 11:53:42,922 - DEBUG - Counting for batch 48, containing 100 cells and 4165312 reads
2025-11-04 11:54:02,757 - DEBUG - 527216 reads not considered because fully enclosed in repeat masked regions
2025-11-04 11:54:25,036 - DEBUG - Counting for batch 49, containing 100 cells and 2896837 reads
2025-11-04 11:54:39,500 - DEBUG - 355385 reads not considered because fully enclosed in repeat masked regions
2025-11-04 11:54:54,434 - DEBUG - Read first 170 million reads
2025-11-04 11:54:59,576 - DEBUG - Counting for batch 50, containing 100 cells and 2907116 reads
2025-11-04 11:55:14,100 - DEBUG - 365758 reads not considered because fully enclosed in repeat masked regions
2025-11-04 11:55:36,604 - DEBUG - Counting for batch 51, containing 100 cells and 3401142 reads
2025-11-04 11:55:52,805 - DEBUG - 427511 reads not considered because fully enclosed in repeat masked regions
2025-11-04 11:56:17,702 - DEBUG - Counting for batch 52, containing 100 cells and 3500183 reads
2025-11-04 11:56:34,256 - DEBUG - 443782 reads not considered because fully enclosed in repeat masked regions
2025-11-04 11:56:45,652 - DEBUG - Read first 180 million reads
2025-11-04 11:56:53,347 - DEBUG - Counting for batch 53, containing 100 cells and 2722440 reads
2025-11-04 11:57:06,930 - DEBUG - 341701 reads not considered because fully enclosed in repeat masked regions
2025-11-04 11:57:21,509 - DEBUG - Counting for batch 54, containing 100 cells and 2274317 reads
2025-11-04 11:57:32,907 - DEBUG - 281150 reads not considered because fully enclosed in repeat masked regions
2025-11-04 11:57:56,261 - DEBUG - Counting for batch 55, containing 100 cells and 3405369 reads
2025-11-04 11:58:12,680 - DEBUG - 428971 reads not considered because fully enclosed in repeat masked regions
2025-11-04 11:58:28,723 - DEBUG - Read first 190 million reads
2025-11-04 11:58:31,426 - DEBUG - Counting for batch 56, containing 100 cells and 2743110 reads
2025-11-04 11:58:44,838 - DEBUG - 342771 reads not considered because fully enclosed in repeat masked regions
2025-11-04 11:59:04,331 - DEBUG - Counting for batch 57, containing 100 cells and 2613706 reads
2025-11-04 11:59:17,591 - DEBUG - 305949 reads not considered because fully enclosed in repeat masked regions
2025-11-04 11:59:40,358 - DEBUG - Counting for batch 58, containing 100 cells and 3534254 reads
2025-11-04 12:00:00,211 - DEBUG - 442782 reads not considered because fully enclosed in repeat masked regions
2025-11-04 12:00:16,487 - DEBUG - Read first 200 million reads
2025-11-04 12:00:24,731 - DEBUG - Counting for batch 59, containing 100 cells and 3506580 reads
2025-11-04 12:00:41,839 - DEBUG - 440595 reads not considered because fully enclosed in repeat masked regions
2025-11-04 12:01:05,969 - DEBUG - Counting for batch 60, containing 100 cells and 3470875 reads
2025-11-04 12:01:24,736 - DEBUG - 429750 reads not considered because fully enclosed in repeat masked regions
2025-11-04 12:01:44,005 - DEBUG - Counting for batch 61, containing 100 cells and 2601577 reads
2025-11-04 12:01:58,443 - DEBUG - 326012 reads not considered because fully enclosed in repeat masked regions
2025-11-04 12:02:14,602 - DEBUG - Read first 210 million reads
2025-11-04 12:02:23,509 - DEBUG - Counting for batch 62, containing 100 cells and 3122341 reads
2025-11-04 12:02:40,398 - DEBUG - 389647 reads not considered because fully enclosed in repeat masked regions
2025-11-04 12:03:11,019 - DEBUG - Counting for batch 63, containing 100 cells and 3830659 reads
2025-11-04 12:03:31,415 - DEBUG - 478371 reads not considered because fully enclosed in repeat masked regions
2025-11-04 12:03:56,645 - DEBUG - Counting for batch 64, containing 100 cells and 3179578 reads
2025-11-04 12:04:13,823 - DEBUG - 389416 reads not considered because fully enclosed in repeat masked regions
2025-11-04 12:04:21,331 - DEBUG - Read first 220 million reads
2025-11-04 12:04:31,898 - DEBUG - Counting for batch 65, containing 100 cells and 2765747 reads
2025-11-04 12:04:45,050 - DEBUG - 345716 reads not considered because fully enclosed in repeat masked regions
2025-11-04 12:05:05,825 - DEBUG - Counting for batch 66, containing 100 cells and 2781497 reads
2025-11-04 12:05:19,876 - DEBUG - 336165 reads not considered because fully enclosed in repeat masked regions
2025-11-04 12:05:43,861 - DEBUG - Counting for batch 67, containing 100 cells and 3333020 reads
2025-11-04 12:06:00,313 - DEBUG - 421657 reads not considered because fully enclosed in repeat masked regions
2025-11-04 12:06:08,453 - DEBUG - Read first 230 million reads
2025-11-04 12:06:29,916 - DEBUG - Counting for batch 68, containing 100 cells and 4201594 reads
2025-11-04 12:06:49,614 - DEBUG - 530444 reads not considered because fully enclosed in repeat masked regions
2025-11-04 12:07:09,517 - DEBUG - Counting for batch 69, containing 100 cells and 3060499 reads
2025-11-04 12:07:24,085 - DEBUG - 367696 reads not considered because fully enclosed in repeat masked regions
2025-11-04 12:07:46,381 - DEBUG - Read first 240 million reads
2025-11-04 12:07:47,488 - DEBUG - Counting for batch 70, containing 100 cells and 3335110 reads
2025-11-04 12:08:03,443 - DEBUG - 408922 reads not considered because fully enclosed in repeat masked regions
2025-11-04 12:08:30,086 - DEBUG - Counting for batch 71, containing 100 cells and 3536555 reads
2025-11-04 12:08:47,051 - DEBUG - 457736 reads not considered because fully enclosed in repeat masked regions
2025-11-04 12:09:03,244 - DEBUG - Counting for batch 72, containing 100 cells and 2489203 reads
2025-11-04 12:09:15,810 - DEBUG - 306820 reads not considered because fully enclosed in repeat masked regions
2025-11-04 12:09:34,635 - DEBUG - Read first 250 million reads
2025-11-04 12:09:40,257 - DEBUG - Counting for batch 73, containing 100 cells and 3508236 reads
2025-11-04 12:09:57,377 - DEBUG - 448004 reads not considered because fully enclosed in repeat masked regions
2025-11-04 12:10:17,153 - DEBUG - Counting for batch 74, containing 100 cells and 2730415 reads
2025-11-04 12:10:30,991 - DEBUG - 344472 reads not considered because fully enclosed in repeat masked regions
2025-11-04 12:10:54,047 - DEBUG - Counting for batch 75, containing 100 cells and 3424678 reads
2025-11-04 12:11:10,786 - DEBUG - 414930 reads not considered because fully enclosed in repeat masked regions
2025-11-04 12:11:25,990 - DEBUG - Read first 260 million reads
2025-11-04 12:11:32,324 - DEBUG - Counting for batch 76, containing 100 cells and 3083775 reads
2025-11-04 12:11:47,452 - DEBUG - 390962 reads not considered because fully enclosed in repeat masked regions
2025-11-04 12:12:09,484 - DEBUG - Counting for batch 77, containing 100 cells and 3241657 reads
2025-11-04 12:12:25,102 - DEBUG - 399276 reads not considered because fully enclosed in repeat masked regions
2025-11-04 12:12:43,307 - DEBUG - Counting for batch 78, containing 100 cells and 2527420 reads
2025-11-04 12:12:56,245 - DEBUG - 310792 reads not considered because fully enclosed in repeat masked regions
2025-11-04 12:13:12,687 - DEBUG - Read first 270 million reads
2025-11-04 12:13:16,668 - DEBUG - Counting for batch 79, containing 100 cells and 2858860 reads
2025-11-04 12:13:30,965 - DEBUG - 352314 reads not considered because fully enclosed in repeat masked regions
2025-11-04 12:13:53,484 - DEBUG - Counting for batch 80, containing 100 cells and 3424546 reads
2025-11-04 12:14:09,847 - DEBUG - 425979 reads not considered because fully enclosed in repeat masked regions
2025-11-04 12:14:26,995 - DEBUG - Counting for batch 81, containing 100 cells and 2732800 reads
2025-11-04 12:14:40,267 - DEBUG - 327375 reads not considered because fully enclosed in repeat masked regions
2025-11-04 12:14:59,374 - DEBUG - Read first 280 million reads
2025-11-04 12:15:01,022 - DEBUG - Counting for batch 82, containing 100 cells and 2934855 reads
2025-11-04 12:15:15,596 - DEBUG - 361633 reads not considered because fully enclosed in repeat masked regions
2025-11-04 12:15:34,166 - DEBUG - Counting for batch 83, containing 100 cells and 2766511 reads
2025-11-04 12:15:48,579 - DEBUG - 343848 reads not considered because fully enclosed in repeat masked regions
2025-11-04 12:16:09,144 - DEBUG - Counting for batch 84, containing 100 cells and 2735538 reads
2025-11-04 12:16:22,694 - DEBUG - 329385 reads not considered because fully enclosed in repeat masked regions
2025-11-04 12:16:44,565 - DEBUG - Read first 290 million reads
2025-11-04 12:16:45,045 - DEBUG - Counting for batch 85, containing 100 cells and 3399514 reads
2025-11-04 12:17:01,586 - DEBUG - 420001 reads not considered because fully enclosed in repeat masked regions
2025-11-04 12:17:20,843 - DEBUG - Counting for batch 86, containing 100 cells and 2724637 reads
2025-11-04 12:17:31,940 - DEBUG - 349535 reads not considered because fully enclosed in repeat masked regions
2025-11-04 12:17:52,941 - DEBUG - Counting for batch 87, containing 100 cells and 2978800 reads
2025-11-04 12:18:07,849 - DEBUG - 380869 reads not considered because fully enclosed in repeat masked regions
2025-11-04 12:18:29,286 - DEBUG - Counting for batch 88, containing 100 cells and 2958185 reads
2025-11-04 12:18:43,544 - DEBUG - 354867 reads not considered because fully enclosed in repeat masked regions
2025-11-04 12:18:46,955 - DEBUG - Read first 300 million reads
2025-11-04 12:19:07,073 - DEBUG - Counting for batch 89, containing 100 cells and 3711829 reads
2025-11-04 12:19:24,035 - DEBUG - 460076 reads not considered because fully enclosed in repeat masked regions
2025-11-04 12:19:44,626 - DEBUG - Counting for batch 90, containing 100 cells and 2761367 reads
2025-11-04 12:19:58,112 - DEBUG - 331329 reads not considered because fully enclosed in repeat masked regions
2025-11-04 12:20:17,578 - DEBUG - Counting for batch 91, containing 100 cells and 2867759 reads
2025-11-04 12:20:31,706 - DEBUG - 346746 reads not considered because fully enclosed in repeat masked regions
2025-11-04 12:20:34,226 - DEBUG - Read first 310 million reads
2025-11-04 12:20:50,418 - DEBUG - Counting for batch 92, containing 100 cells and 2695875 reads
2025-11-04 12:21:04,158 - DEBUG - 337316 reads not considered because fully enclosed in repeat masked regions
2025-11-04 12:21:22,834 - DEBUG - Counting for batch 93, containing 100 cells and 2609568 reads
2025-11-04 12:21:36,262 - DEBUG - 323011 reads not considered because fully enclosed in repeat masked regions
2025-11-04 12:21:48,818 - DEBUG - Counting for batch 94, containing 100 cells and 1868086 reads
2025-11-04 12:21:59,054 - DEBUG - 228843 reads not considered because fully enclosed in repeat masked regions
2025-11-04 12:22:12,197 - DEBUG - Read first 320 million reads
2025-11-04 12:22:12,724 - DEBUG - Counting for batch 95, containing 100 cells and 2161136 reads
2025-11-04 12:22:23,724 - DEBUG - 265872 reads not considered because fully enclosed in repeat masked regions
2025-11-04 12:22:42,326 - DEBUG - Counting for batch 96, containing 100 cells and 2850016 reads
2025-11-04 12:22:56,185 - DEBUG - 351734 reads not considered because fully enclosed in repeat masked regions
2025-11-04 12:23:14,046 - DEBUG - Counting for batch 97, containing 100 cells and 2589637 reads
2025-11-04 12:23:26,736 - DEBUG - 315981 reads not considered because fully enclosed in repeat masked regions
2025-11-04 12:23:45,869 - DEBUG - Counting for batch 98, containing 100 cells and 2596088 reads
2025-11-04 12:23:58,972 - DEBUG - 327214 reads not considered because fully enclosed in repeat masked regions
2025-11-04 12:24:05,527 - DEBUG - Read first 330 million reads
2025-11-04 12:24:13,011 - DEBUG - Counting for batch 99, containing 100 cells and 2193936 reads
2025-11-04 12:24:24,308 - DEBUG - 270502 reads not considered because fully enclosed in repeat masked regions
2025-11-04 12:24:42,641 - DEBUG - Counting for batch 100, containing 100 cells and 2720727 reads
2025-11-04 12:24:56,098 - DEBUG - 335706 reads not considered because fully enclosed in repeat masked regions
2025-11-04 12:25:19,258 - DEBUG - Counting for batch 101, containing 100 cells and 3400403 reads
2025-11-04 12:25:35,491 - DEBUG - 420583 reads not considered because fully enclosed in repeat masked regions
2025-11-04 12:25:49,186 - DEBUG - Read first 340 million reads
2025-11-04 12:25:58,417 - DEBUG - Counting for batch 102, containing 100 cells and 3274208 reads
2025-11-04 12:26:14,265 - DEBUG - 411819 reads not considered because fully enclosed in repeat masked regions
2025-11-04 12:26:35,576 - DEBUG - Counting for batch 103, containing 100 cells and 2923333 reads
2025-11-04 12:26:50,117 - DEBUG - 368534 reads not considered because fully enclosed in repeat masked regions
2025-11-04 12:27:13,841 - DEBUG - Counting for batch 104, containing 100 cells and 3376386 reads
2025-11-04 12:27:30,063 - DEBUG - 421087 reads not considered because fully enclosed in repeat masked regions
2025-11-04 12:27:38,465 - DEBUG - Read first 350 million reads
2025-11-04 12:27:49,944 - DEBUG - Counting for batch 105, containing 100 cells and 2871081 reads
2025-11-04 12:28:04,321 - DEBUG - 354213 reads not considered because fully enclosed in repeat masked regions
2025-11-04 12:28:28,343 - DEBUG - Counting for batch 106, containing 100 cells and 3546056 reads
2025-11-04 12:28:45,473 - DEBUG - 442224 reads not considered because fully enclosed in repeat masked regions
2025-11-04 12:29:07,952 - DEBUG - Counting for batch 107, containing 100 cells and 3351751 reads
2025-11-04 12:29:24,380 - DEBUG - 413549 reads not considered because fully enclosed in repeat masked regions
2025-11-04 12:29:31,059 - DEBUG - Read first 360 million reads
2025-11-04 12:29:45,459 - DEBUG - Counting for batch 108, containing 100 cells and 2877088 reads
2025-11-04 12:29:59,315 - DEBUG - 354325 reads not considered because fully enclosed in repeat masked regions
2025-11-04 12:30:22,174 - DEBUG - Counting for batch 109, containing 100 cells and 3243297 reads
2025-11-04 12:30:37,847 - DEBUG - 408159 reads not considered because fully enclosed in repeat masked regions
2025-11-04 12:31:02,134 - DEBUG - Counting for batch 110, containing 100 cells and 3366159 reads
2025-11-04 12:31:18,644 - DEBUG - 431315 reads not considered because fully enclosed in repeat masked regions
2025-11-04 12:31:22,241 - DEBUG - Read first 370 million reads
2025-11-04 12:31:37,261 - DEBUG - Counting for batch 111, containing 100 cells and 2799067 reads
2025-11-04 12:31:51,441 - DEBUG - 345313 reads not considered because fully enclosed in repeat masked regions
2025-11-04 12:32:17,124 - DEBUG - Counting for batch 112, containing 100 cells and 3490901 reads
2025-11-04 12:32:34,736 - DEBUG - 438710 reads not considered because fully enclosed in repeat masked regions
2025-11-04 12:32:55,337 - DEBUG - Counting for batch 113, containing 100 cells and 2800817 reads
2025-11-04 12:33:09,956 - DEBUG - 351811 reads not considered because fully enclosed in repeat masked regions
2025-11-04 12:33:13,309 - DEBUG - Read first 380 million reads
2025-11-04 12:33:33,101 - DEBUG - Counting for batch 114, containing 100 cells and 3338956 reads
2025-11-04 12:33:50,051 - DEBUG - 414492 reads not considered because fully enclosed in repeat masked regions
2025-11-04 12:34:12,178 - DEBUG - Counting for batch 115, containing 100 cells and 3156220 reads
2025-11-04 12:34:27,900 - DEBUG - 399330 reads not considered because fully enclosed in repeat masked regions
2025-11-04 12:34:45,239 - DEBUG - Counting for batch 116, containing 100 cells and 2376025 reads
2025-11-04 12:34:57,531 - DEBUG - 280625 reads not considered because fully enclosed in repeat masked regions
2025-11-04 12:35:03,080 - DEBUG - Read first 390 million reads
2025-11-04 12:35:20,601 - DEBUG - Counting for batch 117, containing 100 cells and 3202514 reads
2025-11-04 12:35:36,652 - DEBUG - 398513 reads not considered because fully enclosed in repeat masked regions
2025-11-04 12:35:59,543 - DEBUG - Counting for batch 118, containing 100 cells and 3008848 reads
2025-11-04 12:36:15,172 - DEBUG - 367863 reads not considered because fully enclosed in repeat masked regions
2025-11-04 12:36:35,060 - DEBUG - Counting for batch 119, containing 100 cells and 2716975 reads
2025-11-04 12:36:49,450 - DEBUG - 333680 reads not considered because fully enclosed in repeat masked regions
2025-11-04 12:36:54,936 - DEBUG - Read first 400 million reads
2025-11-04 12:37:12,513 - DEBUG - Counting for batch 120, containing 100 cells and 3287628 reads
2025-11-04 12:37:29,460 - DEBUG - 411949 reads not considered because fully enclosed in repeat masked regions
2025-11-04 12:37:47,016 - DEBUG - Counting for batch 121, containing 72 cells and 2635868 reads
2025-11-04 12:37:59,819 - DEBUG - 329804 reads not considered because fully enclosed in repeat masked regions
2025-11-04 12:38:01,279 - DEBUG - 6941261 reads were skipped because no apropiate cell or umi barcode was found
2025-11-04 12:38:01,280 - DEBUG - Counting done!
2025-11-04 12:38:01,285 - DEBUG - Generating output file /home/dcaceres/Tet2sc/Results/plots/scVelo/velocyto_loom_files/WT2-DsRedn.loom
2025-11-04 12:38:01,285 - DEBUG - Collecting row attributes
2025-11-04 12:38:01,428 - DEBUG - Generating data table
2025-11-04 12:38:05,899 - DEBUG - Writing loom file
2025-11-04 12:38:09,350 - DEBUG - Creating converter from 5 to 3
2025-11-04 12:38:09,351 - DEBUG - Creating converter from 3 to 5
2025-11-04 12:38:30,555 - DEBUG - Terminated Succesfully!
✅ ÉXITO: Loom creado correctamente: /home/dcaceres/Tet2sc/Results/plots/scVelo/velocyto_loom_files/WT2-DsRedn.loom
------------------------------------------------------------
🎉 Proceso finalizado correctamente para WT2-DsRedn
Finalizado en: Tue Nov  4 12:38:33 CET 2025
------------------------------------------------------------
