------------------------------------------------------------
🚀 INICIO DEL PROCESO VELOCYTO - Tue Nov  4 10:51:32 CET 2025
------------------------------------------------------------
=== Procesando muestra: smpR065_DsRedN-KO3 ===
Directorio de entrada: /storage/scratch01/groups/ci/Trem1_GEICAM/Sarai/Single.Cell.Tet2/outs/out.smR065.9/outs/per_sample_outs/smpR065_DsRedN-KO3/count
Nodo: bc004 | JobID: 5580495 | TaskID: 5
------------------------------------------------------------
🧬 Ejecutando Velocyto...
2025-11-04 10:51:49,399 - DEBUG - Using logic: Default
2025-11-04 10:51:49,431 - INFO - Read 14770 cell barcodes from /storage/scratch01/groups/ci/Trem1_GEICAM/Sarai/Single.Cell.Tet2/outs/out.smR065.9/outs/per_sample_outs/smpR065_DsRedN-KO3/count/sample_filtered_feature_bc_matrix/barcodes.tsv.gz
2025-11-04 10:51:49,431 - DEBUG - Example of barcode: AAACAAGCAAACACGCAACGGGAA and cell_id: smpR065_DsRedN-KO3:AAACAAGCAAACACGCAACGGGAA-1
2025-11-04 10:51:49,448 - DEBUG - Peeking into /storage/scratch01/groups/ci/Trem1_GEICAM/Sarai/Single.Cell.Tet2/outs/out.smR065.9/outs/per_sample_outs/smpR065_DsRedN-KO3/count/sample_alignments.bam
2025-11-04 10:51:49,544 - WARNING - Not found cell and umi barcode in entry 22 of the bam file
2025-11-04 10:51:49,544 - WARNING - Not found cell and umi barcode in entry 32 of the bam file
2025-11-04 10:51:49,544 - WARNING - Not found cell and umi barcode in entry 65 of the bam file
2025-11-04 10:51:49,544 - WARNING - Not found cell and umi barcode in entry 67 of the bam file
2025-11-04 10:51:49,545 - WARNING - Not found cell and umi barcode in entry 78 of the bam file
2025-11-04 10:51:49,545 - WARNING - Not found cell and umi barcode in entry 114 of the bam file
2025-11-04 10:51:49,545 - WARNING - Not found cell and umi barcode in entry 126 of the bam file
2025-11-04 10:51:49,545 - WARNING - Not found cell and umi barcode in entry 156 of the bam file
2025-11-04 10:51:49,545 - WARNING - Not found cell and umi barcode in entry 172 of the bam file
2025-11-04 10:51:49,545 - WARNING - Not found cell and umi barcode in entry 179 of the bam file
2025-11-04 10:51:49,545 - WARNING - Not found cell and umi barcode in entry 217 of the bam file
2025-11-04 10:51:49,545 - WARNING - Not found cell and umi barcode in entry 252 of the bam file
2025-11-04 10:51:49,545 - WARNING - Not found cell and umi barcode in entry 253 of the bam file
2025-11-04 10:51:49,545 - WARNING - Not found cell and umi barcode in entry 256 of the bam file
2025-11-04 10:51:49,545 - WARNING - Not found cell and umi barcode in entry 258 of the bam file
2025-11-04 10:51:49,545 - WARNING - Not found cell and umi barcode in entry 261 of the bam file
2025-11-04 10:51:49,545 - WARNING - Not found cell and umi barcode in entry 262 of the bam file
2025-11-04 10:51:49,545 - WARNING - Not found cell and umi barcode in entry 270 of the bam file
2025-11-04 10:51:49,545 - WARNING - Not found cell and umi barcode in entry 273 of the bam file
2025-11-04 10:51:49,545 - WARNING - Not found cell and umi barcode in entry 275 of the bam file
2025-11-04 10:51:49,545 - WARNING - Not found cell and umi barcode in entry 277 of the bam file
2025-11-04 10:51:49,545 - WARNING - Not found cell and umi barcode in entry 281 of the bam file
2025-11-04 10:51:49,545 - WARNING - Not found cell and umi barcode in entry 303 of the bam file
2025-11-04 10:51:49,545 - WARNING - Not found cell and umi barcode in entry 304 of the bam file
2025-11-04 10:51:49,546 - WARNING - Not found cell and umi barcode in entry 361 of the bam file
2025-11-04 10:51:49,546 - WARNING - Not found cell and umi barcode in entry 369 of the bam file
2025-11-04 10:51:49,546 - WARNING - Not found cell and umi barcode in entry 372 of the bam file
2025-11-04 10:51:49,546 - WARNING - Not found cell and umi barcode in entry 381 of the bam file
2025-11-04 10:51:49,546 - WARNING - Not found cell and umi barcode in entry 433 of the bam file
2025-11-04 10:51:49,546 - WARNING - Not found cell and umi barcode in entry 437 of the bam file
2025-11-04 10:51:49,547 - WARNING - Not found cell and umi barcode in entry 462 of the bam file
2025-11-04 10:51:49,547 - WARNING - Not found cell and umi barcode in entry 493 of the bam file
2025-11-04 10:51:49,547 - WARNING - Not found cell and umi barcode in entry 494 of the bam file
2025-11-04 10:51:49,547 - WARNING - Not found cell and umi barcode in entry 539 of the bam file
2025-11-04 10:51:49,547 - WARNING - Not found cell and umi barcode in entry 594 of the bam file
2025-11-04 10:51:49,547 - WARNING - Not found cell and umi barcode in entry 668 of the bam file
2025-11-04 10:51:49,547 - WARNING - Not found cell and umi barcode in entry 686 of the bam file
2025-11-04 10:51:49,547 - WARNING - Not found cell and umi barcode in entry 688 of the bam file
2025-11-04 10:51:49,547 - WARNING - Not found cell and umi barcode in entry 709 of the bam file
2025-11-04 10:51:49,547 - WARNING - Not found cell and umi barcode in entry 749 of the bam file
2025-11-04 10:51:49,548 - WARNING - Not found cell and umi barcode in entry 764 of the bam file
2025-11-04 10:51:49,548 - WARNING - Not found cell and umi barcode in entry 781 of the bam file
2025-11-04 10:51:49,548 - WARNING - Not found cell and umi barcode in entry 801 of the bam file
2025-11-04 10:51:49,548 - WARNING - Not found cell and umi barcode in entry 826 of the bam file
2025-11-04 10:51:49,548 - WARNING - Not found cell and umi barcode in entry 879 of the bam file
2025-11-04 10:51:49,548 - WARNING - Not found cell and umi barcode in entry 904 of the bam file
2025-11-04 10:51:49,548 - WARNING - Not found cell and umi barcode in entry 1009 of the bam file
2025-11-04 10:51:49,548 - WARNING - Not found cell and umi barcode in entry 1019 of the bam file
2025-11-04 10:51:49,550 - WARNING - The file /storage/scratch01/groups/ci/Trem1_GEICAM/Sarai/Single.Cell.Tet2/outs/out.smR065.9/outs/per_sample_outs/smpR065_DsRedN-KO3/count/cellsorted_sample_alignments.bam already exists. The sorting step will be skipped and the existing file will be used.
2025-11-04 10:51:49,550 - INFO - Load the annotation from /storage/scratch01/groups/ci/Trem1_GEICAM/Sarai/Annonation_Files/gencode.vM25.annotation.gtf
2025-11-04 10:51:53,621 - DEBUG - Parsing Chromosome 1 strand - [line 0]
2025-11-04 10:51:53,757 - DEBUG - Done with 1- [line 59062]
2025-11-04 10:51:53,758 - DEBUG - Assigning indexes to genes
2025-11-04 10:51:53,761 - DEBUG - Seen 1693 genes until now
2025-11-04 10:51:53,761 - DEBUG - Parsing Chromosome 1 strand + [line 59063]
2025-11-04 10:51:54,072 - DEBUG - Done with 1+ [line 116931]
2025-11-04 10:51:54,072 - DEBUG - Assigning indexes to genes
2025-11-04 10:51:54,076 - DEBUG - Seen 3446 genes until now
2025-11-04 10:51:54,076 - DEBUG - Parsing Chromosome 10 strand - [line 116932]
2025-11-04 10:51:54,356 - DEBUG - Done with 10- [line 158870]
2025-11-04 10:51:54,356 - DEBUG - Assigning indexes to genes
2025-11-04 10:51:54,359 - DEBUG - Seen 4713 genes until now
2025-11-04 10:51:54,359 - DEBUG - Parsing Chromosome 10 strand + [line 158871]
2025-11-04 10:51:54,465 - DEBUG - Done with 10+ [line 203797]
2025-11-04 10:51:54,465 - DEBUG - Assigning indexes to genes
2025-11-04 10:51:54,469 - DEBUG - Seen 6068 genes until now
2025-11-04 10:51:54,469 - DEBUG - Parsing Chromosome 11 strand - [line 203798]
2025-11-04 10:51:54,824 - DEBUG - Done with 11- [line 268491]
2025-11-04 10:51:54,824 - DEBUG - Assigning indexes to genes
2025-11-04 10:51:54,829 - DEBUG - Seen 7617 genes until now
2025-11-04 10:51:54,829 - DEBUG - Parsing Chromosome 11 strand + [line 268492]
2025-11-04 10:51:54,981 - DEBUG - Done with 11+ [line 332954]
2025-11-04 10:51:54,981 - DEBUG - Assigning indexes to genes
2025-11-04 10:51:54,985 - DEBUG - Seen 9067 genes until now
2025-11-04 10:51:54,985 - DEBUG - Parsing Chromosome 12 strand - [line 332955]
2025-11-04 10:51:55,050 - DEBUG - Done with 12- [line 360299]
2025-11-04 10:51:55,050 - DEBUG - Assigning indexes to genes
2025-11-04 10:51:55,052 - DEBUG - Seen 10382 genes until now
2025-11-04 10:51:55,052 - DEBUG - Parsing Chromosome 12 strand + [line 360300]
2025-11-04 10:51:55,142 - DEBUG - Done with 12+ [line 397190]
2025-11-04 10:51:55,142 - DEBUG - Assigning indexes to genes
2025-11-04 10:51:55,146 - DEBUG - Seen 11544 genes until now
2025-11-04 10:51:55,146 - DEBUG - Parsing Chromosome 13 strand - [line 397191]
2025-11-04 10:51:55,459 - DEBUG - Done with 13- [line 433847]
2025-11-04 10:51:55,459 - DEBUG - Assigning indexes to genes
2025-11-04 10:51:55,461 - DEBUG - Seen 12811 genes until now
2025-11-04 10:51:55,461 - DEBUG - Parsing Chromosome 13 strand + [line 433848]
2025-11-04 10:51:55,529 - DEBUG - Done with 13+ [line 462828]
2025-11-04 10:51:55,529 - DEBUG - Assigning indexes to genes
2025-11-04 10:51:55,532 - DEBUG - Seen 14046 genes until now
2025-11-04 10:51:55,532 - DEBUG - Parsing Chromosome 14 strand - [line 462829]
2025-11-04 10:51:55,625 - DEBUG - Done with 14- [line 501813]
2025-11-04 10:51:55,625 - DEBUG - Assigning indexes to genes
2025-11-04 10:51:55,628 - DEBUG - Seen 15241 genes until now
2025-11-04 10:51:55,628 - DEBUG - Parsing Chromosome 14 strand + [line 501814]
2025-11-04 10:51:55,710 - DEBUG - Done with 14+ [line 537473]
2025-11-04 10:51:55,710 - DEBUG - Assigning indexes to genes
2025-11-04 10:51:55,714 - DEBUG - Seen 16580 genes until now
2025-11-04 10:51:55,714 - DEBUG - Parsing Chromosome 15 strand - [line 537474]
2025-11-04 10:51:55,807 - DEBUG - Done with 15- [line 575556]
2025-11-04 10:51:55,807 - DEBUG - Assigning indexes to genes
2025-11-04 10:51:55,810 - DEBUG - Seen 17521 genes until now
2025-11-04 10:51:55,810 - DEBUG - Parsing Chromosome 15 strand + [line 575557]
2025-11-04 10:51:56,142 - DEBUG - Done with 15+ [line 608149]
2025-11-04 10:51:56,143 - DEBUG - Assigning indexes to genes
2025-11-04 10:51:56,145 - DEBUG - Seen 18432 genes until now
2025-11-04 10:51:56,145 - DEBUG - Parsing Chromosome 16 strand - [line 608150]
2025-11-04 10:51:56,213 - DEBUG - Done with 16- [line 636582]
2025-11-04 10:51:56,213 - DEBUG - Assigning indexes to genes
2025-11-04 10:51:56,215 - DEBUG - Seen 19223 genes until now
2025-11-04 10:51:56,215 - DEBUG - Parsing Chromosome 16 strand + [line 636583]
2025-11-04 10:51:56,291 - DEBUG - Done with 16+ [line 668857]
2025-11-04 10:51:56,291 - DEBUG - Assigning indexes to genes
2025-11-04 10:51:56,293 - DEBUG - Seen 20039 genes until now
2025-11-04 10:51:56,293 - DEBUG - Parsing Chromosome 17 strand - [line 668858]
2025-11-04 10:51:56,405 - DEBUG - Done with 17- [line 715100]
2025-11-04 10:51:56,405 - DEBUG - Assigning indexes to genes
2025-11-04 10:51:56,409 - DEBUG - Seen 21218 genes until now
2025-11-04 10:51:56,409 - DEBUG - Parsing Chromosome 17 strand + [line 715101]
2025-11-04 10:51:56,526 - DEBUG - Done with 17+ [line 764344]
2025-11-04 10:51:56,526 - DEBUG - Assigning indexes to genes
2025-11-04 10:51:56,533 - DEBUG - Seen 22359 genes until now
2025-11-04 10:51:56,533 - DEBUG - Parsing Chromosome 18 strand - [line 764345]
2025-11-04 10:51:56,580 - DEBUG - Done with 18- [line 784050]
2025-11-04 10:51:56,580 - DEBUG - Assigning indexes to genes
2025-11-04 10:51:56,582 - DEBUG - Seen 22997 genes until now
2025-11-04 10:51:56,582 - DEBUG - Parsing Chromosome 18 strand + [line 784051]
2025-11-04 10:51:56,933 - DEBUG - Done with 18+ [line 811173]
2025-11-04 10:51:56,933 - DEBUG - Assigning indexes to genes
2025-11-04 10:51:56,935 - DEBUG - Seen 23758 genes until now
2025-11-04 10:51:56,935 - DEBUG - Parsing Chromosome 19 strand - [line 811174]
2025-11-04 10:51:57,015 - DEBUG - Done with 19- [line 844397]
2025-11-04 10:51:57,015 - DEBUG - Assigning indexes to genes
2025-11-04 10:51:57,017 - DEBUG - Seen 24442 genes until now
2025-11-04 10:51:57,017 - DEBUG - Parsing Chromosome 19 strand + [line 844398]
2025-11-04 10:51:57,085 - DEBUG - Done with 19+ [line 873497]
2025-11-04 10:51:57,085 - DEBUG - Assigning indexes to genes
2025-11-04 10:51:57,088 - DEBUG - Seen 25152 genes until now
2025-11-04 10:51:57,088 - DEBUG - Parsing Chromosome 2 strand - [line 873498]
2025-11-04 10:51:57,278 - DEBUG - Done with 2- [line 953009]
2025-11-04 10:51:57,278 - DEBUG - Assigning indexes to genes
2025-11-04 10:51:57,283 - DEBUG - Seen 26981 genes until now
2025-11-04 10:51:57,284 - DEBUG - Parsing Chromosome 2 strand + [line 953010]
2025-11-04 10:51:57,459 - DEBUG - Done with 2+ [line 1027336]
2025-11-04 10:51:57,459 - DEBUG - Assigning indexes to genes
2025-11-04 10:51:57,465 - DEBUG - Seen 28946 genes until now
2025-11-04 10:51:57,465 - DEBUG - Parsing Chromosome 3 strand - [line 1027337]
2025-11-04 10:51:57,563 - DEBUG - Done with 3- [line 1069026]
2025-11-04 10:51:57,563 - DEBUG - Assigning indexes to genes
2025-11-04 10:51:57,567 - DEBUG - Seen 30404 genes until now
2025-11-04 10:51:57,567 - DEBUG - Parsing Chromosome 3 strand + [line 1069027]
2025-11-04 10:51:58,003 - DEBUG - Done with 3+ [line 1115102]
2025-11-04 10:51:58,003 - DEBUG - Assigning indexes to genes
2025-11-04 10:51:58,007 - DEBUG - Seen 31831 genes until now
2025-11-04 10:51:58,007 - DEBUG - Parsing Chromosome 4 strand - [line 1115103]
2025-11-04 10:51:58,135 - DEBUG - Done with 4- [line 1169156]
2025-11-04 10:51:58,135 - DEBUG - Assigning indexes to genes
2025-11-04 10:51:58,139 - DEBUG - Seen 33222 genes until now
2025-11-04 10:51:58,139 - DEBUG - Parsing Chromosome 4 strand + [line 1169157]
2025-11-04 10:51:58,262 - DEBUG - Done with 4+ [line 1221291]
2025-11-04 10:51:58,262 - DEBUG - Assigning indexes to genes
2025-11-04 10:51:58,266 - DEBUG - Seen 34690 genes until now
2025-11-04 10:51:58,266 - DEBUG - Parsing Chromosome 5 strand - [line 1221292]
2025-11-04 10:51:58,411 - DEBUG - Done with 5- [line 1282135]
2025-11-04 10:51:58,411 - DEBUG - Assigning indexes to genes
2025-11-04 10:51:58,416 - DEBUG - Seen 36281 genes until now
2025-11-04 10:51:58,416 - DEBUG - Parsing Chromosome 5 strand + [line 1282136]
2025-11-04 10:51:58,562 - DEBUG - Done with 5+ [line 1344076]
2025-11-04 10:51:58,563 - DEBUG - Assigning indexes to genes
2025-11-04 10:51:58,568 - DEBUG - Seen 37942 genes until now
2025-11-04 10:51:58,568 - DEBUG - Parsing Chromosome 6 strand - [line 1344077]
2025-11-04 10:51:58,680 - DEBUG - Done with 6- [line 1392155]
2025-11-04 10:51:58,680 - DEBUG - Assigning indexes to genes
2025-11-04 10:51:58,684 - DEBUG - Seen 39466 genes until now
2025-11-04 10:51:58,685 - DEBUG - Parsing Chromosome 6 strand + [line 1392156]
2025-11-04 10:51:59,182 - DEBUG - Done with 6+ [line 1442945]
2025-11-04 10:51:59,183 - DEBUG - Assigning indexes to genes
2025-11-04 10:51:59,188 - DEBUG - Seen 41071 genes until now
2025-11-04 10:51:59,188 - DEBUG - Parsing Chromosome 7 strand - [line 1442946]
2025-11-04 10:51:59,380 - DEBUG - Done with 7- [line 1521802]
2025-11-04 10:51:59,380 - DEBUG - Assigning indexes to genes
2025-11-04 10:51:59,388 - DEBUG - Seen 43608 genes until now
2025-11-04 10:51:59,388 - DEBUG - Parsing Chromosome 7 strand + [line 1521803]
2025-11-04 10:51:59,562 - DEBUG - Done with 7+ [line 1597237]
2025-11-04 10:51:59,562 - DEBUG - Assigning indexes to genes
2025-11-04 10:51:59,577 - DEBUG - Seen 45790 genes until now
2025-11-04 10:51:59,577 - DEBUG - Parsing Chromosome 8 strand - [line 1597238]
2025-11-04 10:51:59,667 - DEBUG - Done with 8- [line 1635144]
2025-11-04 10:51:59,667 - DEBUG - Assigning indexes to genes
2025-11-04 10:51:59,670 - DEBUG - Seen 47022 genes until now
2025-11-04 10:51:59,670 - DEBUG - Parsing Chromosome 8 strand + [line 1635145]
2025-11-04 10:51:59,785 - DEBUG - Done with 8+ [line 1684308]
2025-11-04 10:51:59,785 - DEBUG - Assigning indexes to genes
2025-11-04 10:51:59,789 - DEBUG - Seen 48326 genes until now
2025-11-04 10:51:59,789 - DEBUG - Parsing Chromosome 9 strand - [line 1684309]
2025-11-04 10:51:59,916 - DEBUG - Done with 9- [line 1738082]
2025-11-04 10:51:59,916 - DEBUG - Assigning indexes to genes
2025-11-04 10:51:59,921 - DEBUG - Seen 49688 genes until now
2025-11-04 10:51:59,921 - DEBUG - Parsing Chromosome 9 strand + [line 1738083]
2025-11-04 10:52:00,052 - DEBUG - Done with 9+ [line 1794072]
2025-11-04 10:52:00,052 - DEBUG - Assigning indexes to genes
2025-11-04 10:52:00,056 - DEBUG - Seen 51169 genes until now
2025-11-04 10:52:00,056 - DEBUG - Parsing Chromosome M strand - [line 1794073]
2025-11-04 10:52:00,056 - DEBUG - Done with M- [line 1794103]
2025-11-04 10:52:00,056 - DEBUG - Assigning indexes to genes
2025-11-04 10:52:00,056 - DEBUG - Seen 51178 genes until now
2025-11-04 10:52:00,056 - DEBUG - Parsing Chromosome M strand + [line 1794104]
2025-11-04 10:52:00,056 - DEBUG - Done with M+ [line 1794225]
2025-11-04 10:52:00,056 - DEBUG - Assigning indexes to genes
2025-11-04 10:52:00,056 - DEBUG - Seen 51206 genes until now
2025-11-04 10:52:00,056 - DEBUG - Parsing Chromosome X strand - [line 1794226]
2025-11-04 10:52:00,127 - DEBUG - Done with X- [line 1824523]
2025-11-04 10:52:00,127 - DEBUG - Assigning indexes to genes
2025-11-04 10:52:00,130 - DEBUG - Seen 52478 genes until now
2025-11-04 10:52:00,130 - DEBUG - Parsing Chromosome X strand + [line 1824524]
2025-11-04 10:52:00,652 - DEBUG - Done with X+ [line 1858357]
2025-11-04 10:52:00,652 - DEBUG - Assigning indexes to genes
2025-11-04 10:52:00,655 - DEBUG - Seen 53832 genes until now
2025-11-04 10:52:00,655 - DEBUG - Parsing Chromosome Y strand - [line 1858358]
2025-11-04 10:52:00,674 - DEBUG - Done with Y- [line 1865468]
2025-11-04 10:52:00,674 - DEBUG - Assigning indexes to genes
2025-11-04 10:52:00,675 - DEBUG - Seen 54711 genes until now
2025-11-04 10:52:00,675 - DEBUG - Parsing Chromosome Y strand + [line 1865469]
2025-11-04 10:52:00,692 - DEBUG - Assigning indexes to genes
2025-11-04 10:52:00,693 - DEBUG - Done with Y+ [line 1872050]
2025-11-04 10:52:00,693 - DEBUG - Fixing corner cases of transcript models containg intron longer than 1000Kbp
2025-11-04 10:52:01,378 - DEBUG - Generated 1544182 features corresponding to 142604 transcript models from /storage/scratch01/groups/ci/Trem1_GEICAM/Sarai/Annonation_Files/gencode.vM25.annotation.gtf
2025-11-04 10:52:01,394 - INFO - Load the repeat masking annotation from /storage/scratch01/groups/ci/Trem1_GEICAM/Sarai/Annonation_Files/rmsk_velocyto.txt
2025-11-04 10:52:01,395 - DEBUG - Reading /storage/scratch01/groups/ci/Trem1_GEICAM/Sarai/Annonation_Files/rmsk_velocyto.txt, the file will be sorted in memory
2025-11-04 10:52:16,553 - DEBUG - Processed masked annotation .gtf and generated 4369219 intervals to mask!
2025-11-04 10:52:16,699 - INFO - Scan /storage/scratch01/groups/ci/Trem1_GEICAM/Sarai/Single.Cell.Tet2/outs/out.smR065.9/outs/per_sample_outs/smpR065_DsRedN-KO3/count/sample_alignments.bam to validate intron intervals
2025-11-04 10:52:17,499 - DEBUG - Reading /storage/scratch01/groups/ci/Trem1_GEICAM/Sarai/Single.Cell.Tet2/outs/out.smR065.9/outs/per_sample_outs/smpR065_DsRedN-KO3/count/sample_alignments.bam
2025-11-04 10:52:17,504 - DEBUG - Read first 0 million reads
2025-11-04 10:52:17,504 - DEBUG - Marking up chromosome 1
2025-11-04 10:53:10,930 - DEBUG - Read first 10 million reads
2025-11-04 10:54:05,287 - DEBUG - Read first 20 million reads
2025-11-04 10:54:33,304 - DEBUG - Marking up chromosome 10
2025-11-04 10:54:59,437 - DEBUG - Read first 30 million reads
2025-11-04 10:56:01,598 - DEBUG - Read first 40 million reads
2025-11-04 10:56:22,431 - DEBUG - Marking up chromosome 11
2025-11-04 10:56:56,278 - DEBUG - Read first 50 million reads
2025-11-04 10:57:50,019 - DEBUG - Read first 60 million reads
2025-11-04 10:58:44,219 - DEBUG - Read first 70 million reads
2025-11-04 10:59:17,339 - DEBUG - Marking up chromosome 12
2025-11-04 10:59:36,521 - DEBUG - Read first 80 million reads
2025-11-04 11:00:28,369 - DEBUG - Read first 90 million reads
2025-11-04 11:00:28,628 - DEBUG - Marking up chromosome 13
2025-11-04 11:01:20,345 - DEBUG - Read first 100 million reads
2025-11-04 11:01:28,487 - DEBUG - Marking up chromosome 14
2025-11-04 11:02:15,030 - DEBUG - Read first 110 million reads
2025-11-04 11:02:31,485 - DEBUG - Marking up chromosome 15
2025-11-04 11:03:07,243 - DEBUG - Read first 120 million reads
2025-11-04 11:03:51,987 - DEBUG - Marking up chromosome 16
2025-11-04 11:04:01,259 - DEBUG - Read first 130 million reads
2025-11-04 11:04:45,222 - DEBUG - Marking up chromosome 17
2025-11-04 11:04:57,261 - DEBUG - Read first 140 million reads
2025-11-04 11:05:54,209 - DEBUG - Read first 150 million reads
2025-11-04 11:06:41,381 - DEBUG - Read first 160 million reads
2025-11-04 11:06:46,393 - DEBUG - Marking up chromosome 18
2025-11-04 11:07:34,665 - DEBUG - Read first 170 million reads
2025-11-04 11:07:55,835 - DEBUG - Marking up chromosome 19
2025-11-04 11:08:27,476 - DEBUG - Read first 180 million reads
2025-11-04 11:09:14,020 - DEBUG - Marking up chromosome 2
2025-11-04 11:09:20,678 - DEBUG - Read first 190 million reads
2025-11-04 11:10:14,704 - DEBUG - Read first 200 million reads
2025-11-04 11:11:11,105 - DEBUG - Read first 210 million reads
2025-11-04 11:12:01,623 - DEBUG - Marking up chromosome 3
2025-11-04 11:12:05,615 - DEBUG - Read first 220 million reads
2025-11-04 11:13:01,417 - DEBUG - Read first 230 million reads
2025-11-04 11:13:41,919 - DEBUG - Marking up chromosome 4
2025-11-04 11:13:54,318 - DEBUG - Read first 240 million reads
2025-11-04 11:14:46,704 - DEBUG - Read first 250 million reads
2025-11-04 11:15:40,754 - DEBUG - Read first 260 million reads
2025-11-04 11:15:49,753 - DEBUG - Marking up chromosome 5
2025-11-04 11:16:34,613 - DEBUG - Read first 270 million reads
2025-11-04 11:17:29,425 - DEBUG - Read first 280 million reads
2025-11-04 11:17:36,154 - DEBUG - Marking up chromosome 6
2025-11-04 11:18:22,735 - DEBUG - Read first 290 million reads
2025-11-04 11:19:08,807 - DEBUG - Marking up chromosome 7
2025-11-04 11:19:14,548 - DEBUG - Read first 300 million reads
2025-11-04 11:20:08,576 - DEBUG - Read first 310 million reads
2025-11-04 11:21:04,242 - DEBUG - Read first 320 million reads
2025-11-04 11:21:59,441 - DEBUG - Read first 330 million reads
2025-11-04 11:22:21,775 - DEBUG - Marking up chromosome 8
2025-11-04 11:22:53,763 - DEBUG - Read first 340 million reads
2025-11-04 11:23:50,781 - DEBUG - Read first 350 million reads
2025-11-04 11:24:15,991 - DEBUG - Marking up chromosome 9
2025-11-04 11:24:49,394 - DEBUG - Read first 360 million reads
2025-11-04 11:25:45,068 - DEBUG - Marking up chromosome MT
2025-11-04 11:25:45,068 - WARNING - The .bam file refers to a chromosome 'MT+' not present in the annotation (.gtf) file
2025-11-04 11:25:45,068 - WARNING - The .bam file refers to a chromosome 'MT-' not present in the annotation (.gtf) file
2025-11-04 11:25:45,366 - DEBUG - Read first 370 million reads
2025-11-04 11:25:46,766 - DEBUG - Marking up chromosome X
2025-11-04 11:26:37,145 - DEBUG - Read first 380 million reads
2025-11-04 11:26:45,181 - DEBUG - Marking up chromosome Y
2025-11-04 11:26:45,184 - DEBUG - Marking up chromosome GL456233.2
2025-11-04 11:26:45,184 - WARNING - The .bam file refers to a chromosome 'GL456233.2+' not present in the annotation (.gtf) file
2025-11-04 11:26:45,184 - WARNING - The .bam file refers to a chromosome 'GL456233.2-' not present in the annotation (.gtf) file
2025-11-04 11:26:45,245 - DEBUG - Marking up chromosome JH584304.1
2025-11-04 11:26:45,245 - WARNING - The .bam file refers to a chromosome 'JH584304.1+' not present in the annotation (.gtf) file
2025-11-04 11:26:45,245 - WARNING - The .bam file refers to a chromosome 'JH584304.1-' not present in the annotation (.gtf) file
2025-11-04 11:26:45,254 - DEBUG - Marking up chromosome GL456378.1
2025-11-04 11:26:45,254 - WARNING - The .bam file refers to a chromosome 'GL456378.1+' not present in the annotation (.gtf) file
2025-11-04 11:26:45,254 - WARNING - The .bam file refers to a chromosome 'GL456378.1-' not present in the annotation (.gtf) file
2025-11-04 11:26:45,255 - DEBUG - Marking up chromosome MU069434.1
2025-11-04 11:26:45,255 - WARNING - The .bam file refers to a chromosome 'MU069434.1+' not present in the annotation (.gtf) file
2025-11-04 11:26:45,255 - WARNING - The .bam file refers to a chromosome 'MU069434.1-' not present in the annotation (.gtf) file
2025-11-04 11:26:50,931 - DEBUG - End of file. Reset index: start scanning from initial position.
2025-11-04 11:26:50,931 - DEBUG - 11820893 reads were skipped because no apropiate cell or umi barcode was found
2025-11-04 11:26:50,931 - DEBUG - Start molecule counting!
2025-11-04 11:26:52,059 - DEBUG - Features available for chromosomes : ['1-', '1+', '10-', '10+', '11-', '11+', '12-', '12+', '13-', '13+', '14-', '14+', '15-', '15+', '16-', '16+', '17-', '17+', '18-', '18+', '19-', '19+', '2-', '2+', '3-', '3+', '4-', '4+', '5-', '5+', '6-', '6+', '7-', '7+', '8-', '8+', '9-', '9+', 'M-', 'M+', 'X-', 'X+', 'Y-', 'Y+']
2025-11-04 11:26:52,059 - DEBUG - Mask available for chromosomes : ['1-', '1+', '10-', '10+', '10_GL456015_alt-', '10_GL456015_alt+', '10_KQ030491_fix-', '10_KQ030491_fix+', '10_KZ289071_fix-', '10_KZ289071_fix+', '10_KZ289072_fix-', '10_KZ289072_fix+', '11-', '11+', '11_GL455998_alt-', '11_GL455998_alt+', '11_GL456016_alt-', '11_GL456016_alt+', '11_GL456060_alt-', '11_GL456060_alt+', '11_JH584265_alt-', '11_JH584265_alt+', '11_JH584316_alt-', '11_JH584316_alt+', '11_JH584317_alt-', '11_JH584317_alt+', '11_JH584327_alt-', '11_JH584327_alt+', '11_KB469739_fix-', '11_KB469739_fix+', '11_KZ289073_alt-', '11_KZ289073_alt+', '11_KZ289074_alt-', '11_KZ289074_alt+', '11_KZ289075_alt-', '11_KZ289075_alt+', '11_KZ289076_fix-', '11_KZ289076_fix+', '11_KZ289077_alt-', '11_KZ289077_alt+', '11_KZ289078_alt-', '11_KZ289078_alt+', '11_KZ289079_alt-', '11_KZ289079_alt+', '11_KZ289080_alt-', '11_KZ289080_alt+', '11_KZ289081_alt-', '11_KZ289081_alt+', '12-', '12+', '12_GL456017_alt-', '12_GL456017_alt+', '12_GL456068_alt-', '12_GL456068_alt+', '12_GL456074_alt-', '12_GL456074_alt+', '12_GL456078_alt-', '12_GL456078_alt+', '12_GL456349_alt-', '12_GL456349_alt+', '12_KB469740_fix-', '12_KB469740_fix+', '12_KZ289082_fix-', '12_KZ289082_fix+', '13-', '13+', '13_GL455990_alt-', '13_GL455990_alt+', '13_GL455999_alt-', '13_GL455999_alt+', '13_JH584305_alt-', '13_JH584305_alt+', '14-', '14+', '14_GL456019_alt-', '14_GL456019_alt+', '14_GL456020_alt-', '14_GL456020_alt+', '14_KZ289083_fix-', '14_KZ289083_fix+', '14_KZ289084_fix-', '14_KZ289084_fix+', '15-', '15+', '15_GL456000_alt-', '15_GL456000_alt+', '15_JH584270_alt-', '15_JH584270_alt+', '15_KQ030492_fix-', '15_KQ030492_fix+', '15_KQ030493_fix-', '15_KQ030493_fix+', '15_KV575241_fix-', '15_KV575241_fix+', '15_KZ289085_fix-', '15_KZ289085_fix+', '15_KZ289086_fix-', '15_KZ289086_fix+', '16-', '16+', '16_GL456001_alt-', '16_GL456001_alt+', '16_GL456028_alt-', '16_GL456028_alt+', '16_JH584306_alt-', '16_JH584306_alt+', '16_JH584307_alt-', '16_JH584307_alt+', '16_JH584310_alt-', '16_JH584310_alt+', '16_JH584311_alt-', '16_JH584311_alt+', '16_JH584312_alt-', '16_JH584312_alt+', '16_JH584313_alt-', '16_JH584313_alt+', '16_JH584314_alt-', '16_JH584314_alt+', '16_KB469741_fix-', '16_KB469741_fix+', '17-', '17+', '17_GL456002_alt-', '17_GL456002_alt+', '17_GL456021_alt-', '17_GL456021_alt+', '17_GL456022_alt-', '17_GL456022_alt+', '17_GL456069_alt-', '17_GL456069_alt+', '17_JH584266_alt-', '17_JH584266_alt+', '17_JH584267_alt-', '17_JH584267_alt+', '17_JH584308_alt-', '17_JH584308_alt+', '17_JH584309_alt-', '17_JH584309_alt+', '17_JH584328_alt-', '17_JH584328_alt+', '17_JH590470_alt-', '17_JH590470_alt+', '17_KB469742_fix-', '17_KB469742_fix+', '17_KZ289087_fix-', '17_KZ289087_fix+', '17_KZ289088_fix-', '17_KZ289088_fix+', '17_KZ289089_fix-', '17_KZ289089_fix+', '18-', '18+', '18_GL456070_alt-', '18_GL456070_alt+', '18_JH584318_alt-', '18_JH584318_alt+', '18_JH792829_fix-', '18_JH792829_fix+', '18_KZ289090_fix-', '18_KZ289090_fix+', '18_KZ289091_fix-', '18_KZ289091_fix+', '19-', '19+', '19_GL456079_alt-', '19_GL456079_alt+', '19_JH584319_alt-', '19_JH584319_alt+', '19_JH792830_fix-', '19_JH792830_fix+', '19_KQ030494_fix-', '19_KQ030494_fix+', '19_KV575242_fix-', '19_KV575242_fix+', '1_GL455991_alt-', '1_GL455991_alt+', '1_GL455992_alt-', '1_GL455992_alt+', '1_GL455993_alt-', '1_GL455993_alt+', '1_GL456005_alt-', '1_GL456005_alt+', '1_GL456210_random-', '1_GL456210_random+', '1_GL456211_random-', '1_GL456211_random+', '1_GL456212_random-', '1_GL456212_random+', '1_GL456213_random-', '1_GL456213_random+', '1_GL456221_random-', '1_GL456221_random+', '1_JH584315_alt-', '1_JH584315_alt+', '1_JH584320_alt-', '1_JH584320_alt+', '1_JH584321_alt-', '1_JH584321_alt+', '1_JH584322_alt-', '1_JH584322_alt+', '1_KK082441_alt-', '1_KK082441_alt+', '1_KV575232_fix-', '1_KV575232_fix+', '1_KV575233_fix-', '1_KV575233_fix+', '1_KV575234_fix-', '1_KV575234_fix+', '2-', '2+', '2_GL456024_alt-', '2_GL456024_alt+', '2_KV575235_fix-', '2_KV575235_fix+', '2_KV575236_fix-', '2_KV575236_fix+', '3-', '3+', '3_GL456006_alt-', '3_GL456006_alt+', '3_GL456007_alt-', '3_GL456007_alt+', '3_GL456008_alt-', '3_GL456008_alt+', '3_GL456042_alt-', '3_GL456042_alt+', '3_GL456044_alt-', '3_GL456044_alt+', '3_GL456045_alt-', '3_GL456045_alt+', '3_GL456048_alt-', '3_GL456048_alt+', '3_GL456049_alt-', '3_GL456049_alt+', '3_JH584323_alt-', '3_JH584323_alt+', '3_KQ030484_fix-', '3_KQ030484_fix+', '3_KZ289064_fix-', '3_KZ289064_fix+', '3_KZ289065_fix-', '3_KZ289065_fix+', '3_KZ289066_fix-', '3_KZ289066_fix+', '4-', '4+', '4_GL455994_alt-', '4_GL455994_alt+', '4_GL456009_alt-', '4_GL456009_alt+', '4_GL456010_alt-', '4_GL456010_alt+', '4_GL456053_alt-', '4_GL456053_alt+', '4_GL456064_alt-', '4_GL456064_alt+', '4_GL456075_alt-', '4_GL456075_alt+', '4_GL456076_alt-', '4_GL456076_alt+', '4_GL456077_alt-', '4_GL456077_alt+', '4_GL456216_random-', '4_GL456216_random+', '4_GL456350_random-', '4_GL456350_random+', '4_JH584268_alt-', '4_JH584268_alt+', '4_JH584269_alt-', '4_JH584269_alt+', '4_JH584292_random-', '4_JH584292_random+', '4_JH584293_random-', '4_JH584293_random+', '4_JH584294_random-', '4_JH584294_random+', '4_JH584295_random+', '4_JH584324_alt-', '4_JH584324_alt+', '4_JH584325_alt-', '4_JH584325_alt+', '4_JH584326_alt-', '4_JH584326_alt+', '4_JH792826_fix-', '4_JH792826_fix+', '4_KQ030485_fix-', '4_KQ030485_fix+', '4_KQ030486_fix-', '4_KQ030486_fix+', '4_KQ030487_fix-', '4_KQ030487_fix+', '4_KQ030488_fix-', '4_KQ030488_fix+', '4_KQ030489_fix-', '4_KQ030489_fix+', '4_KZ289067_fix-', '4_KZ289067_fix+', '4_KZ289068_fix-', '4_KZ289068_fix+', '4_KZ289069_fix-', '4_KZ289069_fix+', '4_KZ289070_fix-', '4_KZ289070_fix+', '5-', '5+', '5_GL455995_alt-', '5_GL455995_alt+', '5_GL456011_alt-', '5_GL456011_alt+', '5_GL456354_random-', '5_GL456354_random+', '5_JH584296_random-', '5_JH584296_random+', '5_JH584297_random-', '5_JH584297_random+', '5_JH584298_random-', '5_JH584298_random+', '5_JH584299_random-', '5_JH584299_random+', '5_JH792827_fix-', '5_JH792827_fix+', '5_KV575237_fix-', '5_KV575237_fix+', '6-', '6+', '6_GL456012_alt-', '6_GL456012_alt+', '6_GL456025_alt-', '6_GL456025_alt+', '6_GL456026_alt-', '6_GL456026_alt+', '6_GL456054_alt-', '6_GL456054_alt+', '6_GL456065_alt-', '6_GL456065_alt+', '6_JH584264_alt-', '6_JH584264_alt+', '6_KK082442_fix-', '6_KK082442_fix+', '6_KK082443_fix-', '6_KK082443_fix+', '7-', '7+', '7_GL455989_alt-', '7_GL455989_alt+', '7_GL456013_alt-', '7_GL456013_alt+', '7_GL456014_alt-', '7_GL456014_alt+', '7_GL456219_random-', '7_GL456219_random+', '7_JH792828_fix-', '7_JH792828_fix+', '7_KV575238_fix-', '7_KV575238_fix+', '7_KV575239_fix-', '7_KV575239_fix+', '8-', '8+', '8_GL455996_alt-', '8_GL455996_alt+', '8_GL455997_alt-', '8_GL455997_alt+', '8_KV575240_fix-', '8_KV575240_fix+', '9-', '9+', '9_KB469738_fix-', '9_KB469738_fix+', '9_KQ030490_fix-', '9_KQ030490_fix+', 'M-', 'M+', 'Un_GL456239-', 'Un_GL456239+', 'Un_GL456359-', 'Un_GL456359+', 'Un_GL456360-', 'Un_GL456360+', 'Un_GL456366-', 'Un_GL456366+', 'Un_GL456367-', 'Un_GL456367+', 'Un_GL456368-', 'Un_GL456368+', 'Un_GL456370+', 'Un_GL456372-', 'Un_GL456372+', 'Un_GL456378-', 'Un_GL456378+', 'Un_GL456379-', 'Un_GL456379+', 'Un_GL456381-', 'Un_GL456381+', 'Un_GL456382-', 'Un_GL456382+', 'Un_GL456383-', 'Un_GL456383+', 'Un_GL456385-', 'Un_GL456385+', 'Un_GL456387-', 'Un_GL456387+', 'Un_GL456389-', 'Un_GL456389+', 'Un_GL456390-', 'Un_GL456390+', 'Un_GL456392-', 'Un_GL456392+', 'Un_GL456393-', 'Un_GL456393+', 'Un_GL456394-', 'Un_GL456394+', 'Un_GL456396-', 'Un_GL456396+', 'Un_JH584304-', 'Un_JH584304+', 'X-', 'X+', 'X_GL456003_alt-', 'X_GL456003_alt+', 'X_GL456004_alt-', 'X_GL456004_alt+', 'X_GL456031_alt-', 'X_GL456031_alt+', 'X_GL456032_alt-', 'X_GL456032_alt+', 'X_GL456033_alt-', 'X_GL456033_alt+', 'X_GL456233_random-', 'X_GL456233_random+', 'X_JH792831_fix-', 'X_JH792831_fix+', 'X_KQ030495_fix-', 'X_KQ030495_fix+', 'X_KQ030496_fix-', 'X_KQ030496_fix+', 'X_KQ030497_fix-', 'X_KQ030497_fix+', 'X_KZ289092_fix-', 'X_KZ289092_fix+', 'X_KZ289093_fix-', 'X_KZ289093_fix+', 'X_KZ289094_fix-', 'X_KZ289094_fix+', 'X_KZ289095_fix-', 'X_KZ289095_fix+', 'Y-', 'Y+', 'Y_GL456071_alt-', 'Y_GL456071_alt+', 'Y_GL456072_alt-', 'Y_GL456072_alt+', 'Y_GL456073_alt-', 'Y_GL456073_alt+', 'Y_GL456080_alt-', 'Y_GL456080_alt+', 'Y_GL456081_alt-', 'Y_GL456081_alt+', 'Y_GL456082_alt-', 'Y_GL456082_alt+', 'Y_JH584300_random-', 'Y_JH584300_random+', 'Y_JH584301_random-', 'Y_JH584301_random+', 'Y_JH584302_random-', 'Y_JH584302_random+', 'Y_JH584303_random-', 'Y_JH584303_random+', 'Y_JH792832_fix-', 'Y_JH792832_fix+', 'Y_JH792833_fix-', 'Y_JH792833_fix+', 'Y_JH792834_fix-', 'Y_JH792834_fix+', 'na_GL456050_alt-']
2025-11-04 11:26:52,059 - DEBUG - Summarizing the results of intron validation.
2025-11-04 11:26:52,137 - DEBUG - Validated 1120 introns (of which unique intervals 442) out of 700789 total possible introns (considering each possible transcript models).
2025-11-04 11:26:52,137 - DEBUG - Reading /storage/scratch01/groups/ci/Trem1_GEICAM/Sarai/Single.Cell.Tet2/outs/out.smR065.9/outs/per_sample_outs/smpR065_DsRedN-KO3/count/cellsorted_sample_alignments.bam
2025-11-04 11:26:52,156 - DEBUG - Read first 0 million reads
2025-11-04 11:27:08,519 - DEBUG - Counting for batch 1, containing 100 cells and 2071620 reads
2025-11-04 11:27:22,007 - DEBUG - 273539 reads not considered because fully enclosed in repeat masked regions
2025-11-04 11:27:39,250 - DEBUG - Counting for batch 2, containing 100 cells and 2398490 reads
2025-11-04 11:27:53,990 - DEBUG - 315037 reads not considered because fully enclosed in repeat masked regions
2025-11-04 11:28:11,586 - DEBUG - Counting for batch 3, containing 100 cells and 2223306 reads
2025-11-04 11:28:25,527 - DEBUG - 287688 reads not considered because fully enclosed in repeat masked regions
2025-11-04 11:28:43,555 - DEBUG - Read first 10 million reads
2025-11-04 11:28:48,090 - DEBUG - Counting for batch 4, containing 100 cells and 2754091 reads
2025-11-04 11:29:04,644 - DEBUG - 360818 reads not considered because fully enclosed in repeat masked regions
2025-11-04 11:29:19,318 - DEBUG - Counting for batch 5, containing 100 cells and 1877365 reads
2025-11-04 11:29:31,850 - DEBUG - 246446 reads not considered because fully enclosed in repeat masked regions
2025-11-04 11:29:46,809 - DEBUG - Counting for batch 6, containing 100 cells and 2069566 reads
2025-11-04 11:30:00,143 - DEBUG - 274516 reads not considered because fully enclosed in repeat masked regions
2025-11-04 11:30:17,176 - DEBUG - Counting for batch 7, containing 100 cells and 2149222 reads
2025-11-04 11:30:31,167 - DEBUG - 284559 reads not considered because fully enclosed in repeat masked regions
2025-11-04 11:30:50,016 - DEBUG - Counting for batch 8, containing 100 cells and 2401200 reads
2025-11-04 11:31:04,968 - DEBUG - 315052 reads not considered because fully enclosed in repeat masked regions
2025-11-04 11:31:06,989 - DEBUG - Read first 20 million reads
2025-11-04 11:31:22,504 - DEBUG - Counting for batch 9, containing 100 cells and 2449292 reads
2025-11-04 11:31:37,441 - DEBUG - 317451 reads not considered because fully enclosed in repeat masked regions
2025-11-04 11:31:59,439 - DEBUG - Counting for batch 10, containing 100 cells and 2647349 reads
2025-11-04 11:32:15,900 - DEBUG - 349729 reads not considered because fully enclosed in repeat masked regions
2025-11-04 11:32:33,997 - DEBUG - Counting for batch 11, containing 100 cells and 2517670 reads
2025-11-04 11:32:48,966 - DEBUG - 333157 reads not considered because fully enclosed in repeat masked regions
2025-11-04 11:32:59,754 - DEBUG - Read first 30 million reads
2025-11-04 11:33:08,649 - DEBUG - Counting for batch 12, containing 100 cells and 2618992 reads
2025-11-04 11:33:24,454 - DEBUG - 343197 reads not considered because fully enclosed in repeat masked regions
2025-11-04 11:33:43,250 - DEBUG - Counting for batch 13, containing 100 cells and 2156934 reads
2025-11-04 11:33:57,143 - DEBUG - 283047 reads not considered because fully enclosed in repeat masked regions
2025-11-04 11:34:13,268 - DEBUG - Counting for batch 14, containing 100 cells and 2239256 reads
2025-11-04 11:34:27,308 - DEBUG - 288988 reads not considered because fully enclosed in repeat masked regions
2025-11-04 11:34:46,275 - DEBUG - Counting for batch 15, containing 100 cells and 2502526 reads
2025-11-04 11:35:01,475 - DEBUG - 324330 reads not considered because fully enclosed in repeat masked regions
2025-11-04 11:35:08,804 - DEBUG - Read first 40 million reads
2025-11-04 11:35:23,537 - DEBUG - Counting for batch 16, containing 100 cells and 2751923 reads
2025-11-04 11:35:40,134 - DEBUG - 359913 reads not considered because fully enclosed in repeat masked regions
2025-11-04 11:36:01,102 - DEBUG - Counting for batch 17, containing 100 cells and 2757823 reads
2025-11-04 11:36:17,513 - DEBUG - 363300 reads not considered because fully enclosed in repeat masked regions
2025-11-04 11:36:37,963 - DEBUG - Counting for batch 18, containing 100 cells and 2409935 reads
2025-11-04 11:36:53,161 - DEBUG - 317972 reads not considered because fully enclosed in repeat masked regions
2025-11-04 11:37:06,775 - DEBUG - Read first 50 million reads
2025-11-04 11:37:09,022 - DEBUG - Counting for batch 19, containing 100 cells and 2186626 reads
2025-11-04 11:37:22,641 - DEBUG - 282115 reads not considered because fully enclosed in repeat masked regions
2025-11-04 11:37:39,716 - DEBUG - Counting for batch 20, containing 100 cells and 2115293 reads
2025-11-04 11:37:51,194 - DEBUG - 272360 reads not considered because fully enclosed in repeat masked regions
2025-11-04 11:38:12,205 - DEBUG - Counting for batch 21, containing 100 cells and 2629037 reads
2025-11-04 11:38:28,072 - DEBUG - 339885 reads not considered because fully enclosed in repeat masked regions
2025-11-04 11:38:47,016 - DEBUG - Counting for batch 22, containing 100 cells and 2414296 reads
2025-11-04 11:39:01,985 - DEBUG - 313219 reads not considered because fully enclosed in repeat masked regions
2025-11-04 11:39:13,324 - DEBUG - Read first 60 million reads
2025-11-04 11:39:20,882 - DEBUG - Counting for batch 23, containing 100 cells and 2427550 reads
2025-11-04 11:39:35,965 - DEBUG - 315497 reads not considered because fully enclosed in repeat masked regions
2025-11-04 11:39:51,084 - DEBUG - Counting for batch 24, containing 100 cells and 2039360 reads
2025-11-04 11:40:04,342 - DEBUG - 268771 reads not considered because fully enclosed in repeat masked regions
2025-11-04 11:40:20,523 - DEBUG - Counting for batch 25, containing 100 cells and 2010901 reads
2025-11-04 11:40:31,613 - DEBUG - 264833 reads not considered because fully enclosed in repeat masked regions
2025-11-04 11:40:52,841 - DEBUG - Counting for batch 26, containing 100 cells and 2704557 reads
2025-11-04 11:41:09,186 - DEBUG - 349570 reads not considered because fully enclosed in repeat masked regions
2025-11-04 11:41:19,476 - DEBUG - Read first 70 million reads
2025-11-04 11:41:26,080 - DEBUG - Counting for batch 27, containing 100 cells and 2037774 reads
2025-11-04 11:41:37,422 - DEBUG - 264028 reads not considered because fully enclosed in repeat masked regions
2025-11-04 11:41:54,426 - DEBUG - Counting for batch 28, containing 100 cells and 1959801 reads
2025-11-04 11:42:05,189 - DEBUG - 259460 reads not considered because fully enclosed in repeat masked regions
2025-11-04 11:42:23,281 - DEBUG - Counting for batch 29, containing 100 cells and 2136529 reads
2025-11-04 11:42:34,729 - DEBUG - 276132 reads not considered because fully enclosed in repeat masked regions
2025-11-04 11:42:53,472 - DEBUG - Counting for batch 30, containing 100 cells and 2243536 reads
2025-11-04 11:43:07,683 - DEBUG - 292151 reads not considered because fully enclosed in repeat masked regions
2025-11-04 11:43:20,884 - DEBUG - Read first 80 million reads
2025-11-04 11:43:22,704 - DEBUG - Counting for batch 31, containing 100 cells and 2062148 reads
2025-11-04 11:43:36,198 - DEBUG - 269006 reads not considered because fully enclosed in repeat masked regions
2025-11-04 11:43:50,620 - DEBUG - Counting for batch 32, containing 100 cells and 1992348 reads
2025-11-04 11:44:03,485 - DEBUG - 257734 reads not considered because fully enclosed in repeat masked regions
2025-11-04 11:44:19,398 - DEBUG - Counting for batch 33, containing 100 cells and 2044108 reads
2025-11-04 11:44:32,695 - DEBUG - 264336 reads not considered because fully enclosed in repeat masked regions
2025-11-04 11:44:50,497 - DEBUG - Counting for batch 34, containing 100 cells and 2337946 reads
2025-11-04 11:45:05,184 - DEBUG - 301769 reads not considered because fully enclosed in repeat masked regions
2025-11-04 11:45:23,029 - DEBUG - Read first 90 million reads
2025-11-04 11:45:24,759 - DEBUG - Counting for batch 35, containing 100 cells and 2546129 reads
2025-11-04 11:45:40,480 - DEBUG - 332192 reads not considered because fully enclosed in repeat masked regions
2025-11-04 11:46:01,662 - DEBUG - Counting for batch 36, containing 100 cells and 2810220 reads
2025-11-04 11:46:18,362 - DEBUG - 363578 reads not considered because fully enclosed in repeat masked regions
2025-11-04 11:46:31,743 - DEBUG - Counting for batch 37, containing 100 cells and 1703036 reads
2025-11-04 11:46:43,294 - DEBUG - 225869 reads not considered because fully enclosed in repeat masked regions
2025-11-04 11:46:59,647 - DEBUG - Counting for batch 38, containing 100 cells and 2089087 reads
2025-11-04 11:47:13,351 - DEBUG - 275321 reads not considered because fully enclosed in repeat masked regions
2025-11-04 11:47:27,812 - DEBUG - Read first 100 million reads
2025-11-04 11:47:29,121 - DEBUG - Counting for batch 39, containing 100 cells and 2215435 reads
2025-11-04 11:47:43,204 - DEBUG - 290240 reads not considered because fully enclosed in repeat masked regions
2025-11-04 11:48:06,729 - DEBUG - Counting for batch 40, containing 100 cells and 2991038 reads
2025-11-04 11:48:24,492 - DEBUG - 394375 reads not considered because fully enclosed in repeat masked regions
2025-11-04 11:48:41,207 - DEBUG - Counting for batch 41, containing 100 cells and 2248014 reads
2025-11-04 11:48:55,290 - DEBUG - 295238 reads not considered because fully enclosed in repeat masked regions
2025-11-04 11:49:15,153 - DEBUG - Counting for batch 42, containing 100 cells and 2416799 reads
2025-11-04 11:49:30,131 - DEBUG - 317791 reads not considered because fully enclosed in repeat masked regions
2025-11-04 11:49:37,854 - DEBUG - Read first 110 million reads
2025-11-04 11:49:53,031 - DEBUG - Counting for batch 43, containing 100 cells and 3071022 reads
2025-11-04 11:50:10,942 - DEBUG - 395810 reads not considered because fully enclosed in repeat masked regions
2025-11-04 11:50:29,750 - DEBUG - Counting for batch 44, containing 100 cells and 2312980 reads
2025-11-04 11:50:44,254 - DEBUG - 296138 reads not considered because fully enclosed in repeat masked regions
2025-11-04 11:51:00,981 - DEBUG - Counting for batch 45, containing 100 cells and 2352805 reads
2025-11-04 11:51:15,784 - DEBUG - 307674 reads not considered because fully enclosed in repeat masked regions
2025-11-04 11:51:33,410 - DEBUG - Read first 120 million reads
2025-11-04 11:51:34,294 - DEBUG - Counting for batch 46, containing 100 cells and 2378726 reads
2025-11-04 11:51:49,217 - DEBUG - 305902 reads not considered because fully enclosed in repeat masked regions
2025-11-04 11:52:09,068 - DEBUG - Counting for batch 47, containing 100 cells and 2597944 reads
2025-11-04 11:52:24,809 - DEBUG - 336518 reads not considered because fully enclosed in repeat masked regions
2025-11-04 11:52:44,908 - DEBUG - Counting for batch 48, containing 100 cells and 2648412 reads
2025-11-04 11:53:00,991 - DEBUG - 342265 reads not considered because fully enclosed in repeat masked regions
2025-11-04 11:53:19,583 - DEBUG - Counting for batch 49, containing 100 cells and 2376591 reads
2025-11-04 11:53:34,302 - DEBUG - 314074 reads not considered because fully enclosed in repeat masked regions
2025-11-04 11:53:44,668 - DEBUG - Read first 130 million reads
2025-11-04 11:53:53,124 - DEBUG - Counting for batch 50, containing 100 cells and 2188959 reads
2025-11-04 11:54:04,746 - DEBUG - 284631 reads not considered because fully enclosed in repeat masked regions
2025-11-04 11:54:23,765 - DEBUG - Counting for batch 51, containing 100 cells and 2309200 reads
2025-11-04 11:54:38,464 - DEBUG - 304693 reads not considered because fully enclosed in repeat masked regions
2025-11-04 11:54:53,745 - DEBUG - Counting for batch 52, containing 100 cells and 2097019 reads
2025-11-04 11:55:07,219 - DEBUG - 273623 reads not considered because fully enclosed in repeat masked regions
2025-11-04 11:55:23,149 - DEBUG - Counting for batch 53, containing 100 cells and 2026020 reads
2025-11-04 11:55:36,313 - DEBUG - 262110 reads not considered because fully enclosed in repeat masked regions
2025-11-04 11:55:46,272 - DEBUG - Read first 140 million reads
2025-11-04 11:55:55,433 - DEBUG - Counting for batch 54, containing 100 cells and 2560345 reads
2025-11-04 11:56:11,001 - DEBUG - 336766 reads not considered because fully enclosed in repeat masked regions
2025-11-04 11:56:31,524 - DEBUG - Counting for batch 55, containing 100 cells and 2454432 reads
2025-11-04 11:56:46,893 - DEBUG - 327342 reads not considered because fully enclosed in repeat masked regions
2025-11-04 11:57:04,606 - DEBUG - Counting for batch 56, containing 100 cells and 2501927 reads
2025-11-04 11:57:20,048 - DEBUG - 322809 reads not considered because fully enclosed in repeat masked regions
2025-11-04 11:57:41,490 - DEBUG - Read first 150 million reads
2025-11-04 11:57:41,707 - DEBUG - Counting for batch 57, containing 100 cells and 2623686 reads
2025-11-04 11:57:58,027 - DEBUG - 346674 reads not considered because fully enclosed in repeat masked regions
2025-11-04 11:58:15,293 - DEBUG - Counting for batch 58, containing 100 cells and 2395233 reads
2025-11-04 11:58:30,070 - DEBUG - 312670 reads not considered because fully enclosed in repeat masked regions
2025-11-04 11:58:47,846 - DEBUG - Counting for batch 59, containing 100 cells and 2298850 reads
2025-11-04 11:59:02,337 - DEBUG - 299302 reads not considered because fully enclosed in repeat masked regions
2025-11-04 11:59:20,116 - DEBUG - Counting for batch 60, containing 100 cells and 2291896 reads
2025-11-04 11:59:34,472 - DEBUG - 304009 reads not considered because fully enclosed in repeat masked regions
2025-11-04 11:59:50,073 - DEBUG - Read first 160 million reads
2025-11-04 11:59:52,374 - DEBUG - Counting for batch 61, containing 100 cells and 2310538 reads
2025-11-04 12:00:06,926 - DEBUG - 302101 reads not considered because fully enclosed in repeat masked regions
2025-11-04 12:00:23,161 - DEBUG - Counting for batch 62, containing 100 cells and 1960282 reads
2025-11-04 12:00:33,934 - DEBUG - 257366 reads not considered because fully enclosed in repeat masked regions
2025-11-04 12:00:53,790 - DEBUG - Counting for batch 63, containing 100 cells and 2447425 reads
2025-11-04 12:01:09,208 - DEBUG - 318721 reads not considered because fully enclosed in repeat masked regions
2025-11-04 12:01:29,254 - DEBUG - Counting for batch 64, containing 100 cells and 2597151 reads
2025-11-04 12:01:45,150 - DEBUG - 329317 reads not considered because fully enclosed in repeat masked regions
2025-11-04 12:01:57,182 - DEBUG - Read first 170 million reads
2025-11-04 12:02:05,488 - DEBUG - Counting for batch 65, containing 100 cells and 2608892 reads
2025-11-04 12:02:21,679 - DEBUG - 338160 reads not considered because fully enclosed in repeat masked regions
2025-11-04 12:02:39,257 - DEBUG - Counting for batch 66, containing 100 cells and 2426196 reads
2025-11-04 12:02:54,423 - DEBUG - 321036 reads not considered because fully enclosed in repeat masked regions
2025-11-04 12:03:11,032 - DEBUG - Counting for batch 67, containing 100 cells and 2033476 reads
2025-11-04 12:03:24,422 - DEBUG - 267125 reads not considered because fully enclosed in repeat masked regions
2025-11-04 12:03:40,130 - DEBUG - Counting for batch 68, containing 100 cells and 2200746 reads
2025-11-04 12:03:54,172 - DEBUG - 286498 reads not considered because fully enclosed in repeat masked regions
2025-11-04 12:04:03,323 - DEBUG - Read first 180 million reads
2025-11-04 12:04:11,764 - DEBUG - Counting for batch 69, containing 100 cells and 2296094 reads
2025-11-04 12:04:26,082 - DEBUG - 295556 reads not considered because fully enclosed in repeat masked regions
2025-11-04 12:04:48,798 - DEBUG - Counting for batch 70, containing 100 cells and 2800908 reads
2025-11-04 12:05:05,952 - DEBUG - 363305 reads not considered because fully enclosed in repeat masked regions
2025-11-04 12:05:22,933 - DEBUG - Counting for batch 71, containing 100 cells and 2329954 reads
2025-11-04 12:05:37,598 - DEBUG - 303973 reads not considered because fully enclosed in repeat masked regions
2025-11-04 12:05:54,671 - DEBUG - Counting for batch 72, containing 100 cells and 2193128 reads
2025-11-04 12:06:08,501 - DEBUG - 282253 reads not considered because fully enclosed in repeat masked regions
2025-11-04 12:06:12,217 - DEBUG - Read first 190 million reads
2025-11-04 12:06:29,749 - DEBUG - Counting for batch 73, containing 100 cells and 2940289 reads
2025-11-04 12:06:49,645 - DEBUG - 388728 reads not considered because fully enclosed in repeat masked regions
2025-11-04 12:07:06,282 - DEBUG - Counting for batch 74, containing 100 cells and 2235360 reads
2025-11-04 12:07:20,525 - DEBUG - 294828 reads not considered because fully enclosed in repeat masked regions
2025-11-04 12:07:37,117 - DEBUG - Counting for batch 75, containing 100 cells and 2375244 reads
2025-11-04 12:07:51,868 - DEBUG - 299635 reads not considered because fully enclosed in repeat masked regions
2025-11-04 12:08:06,526 - DEBUG - Read first 200 million reads
2025-11-04 12:08:08,374 - DEBUG - Counting for batch 76, containing 100 cells and 2105800 reads
2025-11-04 12:08:21,701 - DEBUG - 273738 reads not considered because fully enclosed in repeat masked regions
2025-11-04 12:08:38,287 - DEBUG - Counting for batch 77, containing 100 cells and 2181286 reads
2025-11-04 12:08:52,006 - DEBUG - 286487 reads not considered because fully enclosed in repeat masked regions
2025-11-04 12:09:11,045 - DEBUG - Counting for batch 78, containing 100 cells and 2286342 reads
2025-11-04 12:09:25,509 - DEBUG - 297061 reads not considered because fully enclosed in repeat masked regions
2025-11-04 12:09:39,945 - DEBUG - Counting for batch 79, containing 100 cells and 1936485 reads
2025-11-04 12:09:52,927 - DEBUG - 251146 reads not considered because fully enclosed in repeat masked regions
2025-11-04 12:10:07,315 - DEBUG - Counting for batch 80, containing 100 cells and 1988064 reads
2025-11-04 12:10:20,369 - DEBUG - 259418 reads not considered because fully enclosed in repeat masked regions
2025-11-04 12:10:23,329 - DEBUG - Read first 210 million reads
2025-11-04 12:10:37,996 - DEBUG - Counting for batch 81, containing 100 cells and 2286172 reads
2025-11-04 12:10:52,490 - DEBUG - 300624 reads not considered because fully enclosed in repeat masked regions
2025-11-04 12:11:08,086 - DEBUG - Counting for batch 82, containing 100 cells and 2174444 reads
2025-11-04 12:11:21,864 - DEBUG - 291325 reads not considered because fully enclosed in repeat masked regions
2025-11-04 12:11:39,032 - DEBUG - Counting for batch 83, containing 100 cells and 2249139 reads
2025-11-04 12:11:53,078 - DEBUG - 287345 reads not considered because fully enclosed in repeat masked regions
2025-11-04 12:12:11,712 - DEBUG - Read first 220 million reads
2025-11-04 12:12:11,731 - DEBUG - Counting for batch 84, containing 100 cells and 2488672 reads
2025-11-04 12:12:26,929 - DEBUG - 334751 reads not considered because fully enclosed in repeat masked regions
2025-11-04 12:12:43,452 - DEBUG - Counting for batch 85, containing 100 cells and 2110912 reads
2025-11-04 12:12:56,637 - DEBUG - 271568 reads not considered because fully enclosed in repeat masked regions
2025-11-04 12:13:14,201 - DEBUG - Counting for batch 86, containing 100 cells and 2318173 reads
2025-11-04 12:13:28,688 - DEBUG - 304125 reads not considered because fully enclosed in repeat masked regions
2025-11-04 12:13:47,780 - DEBUG - Counting for batch 87, containing 100 cells and 2296244 reads
2025-11-04 12:14:02,133 - DEBUG - 302915 reads not considered because fully enclosed in repeat masked regions
2025-11-04 12:14:15,296 - DEBUG - Counting for batch 88, containing 100 cells and 1718651 reads
2025-11-04 12:14:26,908 - DEBUG - 225712 reads not considered because fully enclosed in repeat masked regions
2025-11-04 12:14:30,742 - DEBUG - Read first 230 million reads
2025-11-04 12:14:42,775 - DEBUG - Counting for batch 89, containing 100 cells and 2297975 reads
2025-11-04 12:14:57,017 - DEBUG - 300667 reads not considered because fully enclosed in repeat masked regions
2025-11-04 12:15:15,706 - DEBUG - Counting for batch 90, containing 100 cells and 2523706 reads
2025-11-04 12:15:30,397 - DEBUG - 335297 reads not considered because fully enclosed in repeat masked regions
2025-11-04 12:15:49,256 - DEBUG - Counting for batch 91, containing 100 cells and 2336418 reads
2025-11-04 12:16:03,434 - DEBUG - 309572 reads not considered because fully enclosed in repeat masked regions
2025-11-04 12:16:17,977 - DEBUG - Counting for batch 92, containing 100 cells and 2089611 reads
2025-11-04 12:16:30,959 - DEBUG - 271634 reads not considered because fully enclosed in repeat masked regions
2025-11-04 12:16:32,957 - DEBUG - Read first 240 million reads
2025-11-04 12:16:47,071 - DEBUG - Counting for batch 93, containing 100 cells and 2128701 reads
2025-11-04 12:17:00,085 - DEBUG - 277379 reads not considered because fully enclosed in repeat masked regions
2025-11-04 12:17:15,790 - DEBUG - Counting for batch 94, containing 100 cells and 2359874 reads
2025-11-04 12:17:29,735 - DEBUG - 308807 reads not considered because fully enclosed in repeat masked regions
2025-11-04 12:17:53,705 - DEBUG - Counting for batch 95, containing 100 cells and 3228986 reads
2025-11-04 12:18:11,971 - DEBUG - 426832 reads not considered because fully enclosed in repeat masked regions
2025-11-04 12:18:22,741 - DEBUG - Read first 250 million reads
2025-11-04 12:18:31,974 - DEBUG - Counting for batch 96, containing 100 cells and 2699479 reads
2025-11-04 12:18:47,527 - DEBUG - 353822 reads not considered because fully enclosed in repeat masked regions
2025-11-04 12:19:05,120 - DEBUG - Counting for batch 97, containing 100 cells and 2334750 reads
2025-11-04 12:19:20,237 - DEBUG - 305129 reads not considered because fully enclosed in repeat masked regions
2025-11-04 12:19:34,228 - DEBUG - Counting for batch 98, containing 100 cells and 1968674 reads
2025-11-04 12:19:46,482 - DEBUG - 258761 reads not considered because fully enclosed in repeat masked regions
2025-11-04 12:20:06,156 - DEBUG - Counting for batch 99, containing 100 cells and 2567909 reads
2025-11-04 12:20:21,448 - DEBUG - 333335 reads not considered because fully enclosed in repeat masked regions
2025-11-04 12:20:26,800 - DEBUG - Read first 260 million reads
2025-11-04 12:20:34,753 - DEBUG - Counting for batch 100, containing 100 cells and 1837546 reads
2025-11-04 12:20:46,390 - DEBUG - 238103 reads not considered because fully enclosed in repeat masked regions
2025-11-04 12:21:02,972 - DEBUG - Counting for batch 101, containing 100 cells and 2258076 reads
2025-11-04 12:21:16,553 - DEBUG - 296414 reads not considered because fully enclosed in repeat masked regions
2025-11-04 12:21:32,580 - DEBUG - Counting for batch 102, containing 100 cells and 2427376 reads
2025-11-04 12:21:46,712 - DEBUG - 313645 reads not considered because fully enclosed in repeat masked regions
2025-11-04 12:22:04,063 - DEBUG - Counting for batch 103, containing 100 cells and 2073842 reads
2025-11-04 12:22:15,009 - DEBUG - 274376 reads not considered because fully enclosed in repeat masked regions
2025-11-04 12:22:22,866 - DEBUG - Read first 270 million reads
2025-11-04 12:22:34,830 - DEBUG - Counting for batch 104, containing 100 cells and 2602708 reads
2025-11-04 12:22:50,011 - DEBUG - 340748 reads not considered because fully enclosed in repeat masked regions
2025-11-04 12:23:03,496 - DEBUG - Counting for batch 105, containing 100 cells and 1886104 reads
2025-11-04 12:23:15,462 - DEBUG - 242398 reads not considered because fully enclosed in repeat masked regions
2025-11-04 12:23:30,629 - DEBUG - Counting for batch 106, containing 100 cells and 2047818 reads
2025-11-04 12:23:43,231 - DEBUG - 261932 reads not considered because fully enclosed in repeat masked regions
2025-11-04 12:24:02,410 - DEBUG - Counting for batch 107, containing 100 cells and 2772072 reads
2025-11-04 12:24:18,150 - DEBUG - 360848 reads not considered because fully enclosed in repeat masked regions
2025-11-04 12:24:24,640 - DEBUG - Read first 280 million reads
2025-11-04 12:24:37,382 - DEBUG - Counting for batch 108, containing 100 cells and 2418840 reads
2025-11-04 12:24:51,739 - DEBUG - 311761 reads not considered because fully enclosed in repeat masked regions
2025-11-04 12:25:11,005 - DEBUG - Counting for batch 109, containing 100 cells and 2670155 reads
2025-11-04 12:25:26,639 - DEBUG - 346936 reads not considered because fully enclosed in repeat masked regions
2025-11-04 12:25:43,455 - DEBUG - Counting for batch 110, containing 100 cells and 2172338 reads
2025-11-04 12:25:56,670 - DEBUG - 285410 reads not considered because fully enclosed in repeat masked regions
2025-11-04 12:26:11,510 - DEBUG - Counting for batch 111, containing 100 cells and 2184027 reads
2025-11-04 12:26:24,551 - DEBUG - 283810 reads not considered because fully enclosed in repeat masked regions
2025-11-04 12:26:26,994 - DEBUG - Read first 290 million reads
2025-11-04 12:26:39,867 - DEBUG - Counting for batch 112, containing 100 cells and 1994435 reads
2025-11-04 12:26:52,396 - DEBUG - 256356 reads not considered because fully enclosed in repeat masked regions
2025-11-04 12:27:06,483 - DEBUG - Counting for batch 113, containing 100 cells and 2045287 reads
2025-11-04 12:27:19,113 - DEBUG - 263292 reads not considered because fully enclosed in repeat masked regions
2025-11-04 12:27:32,608 - DEBUG - Counting for batch 114, containing 100 cells and 1970244 reads
2025-11-04 12:27:44,635 - DEBUG - 260852 reads not considered because fully enclosed in repeat masked regions
2025-11-04 12:27:56,152 - DEBUG - Counting for batch 115, containing 100 cells and 1355155 reads
2025-11-04 12:28:03,637 - DEBUG - 178749 reads not considered because fully enclosed in repeat masked regions
2025-11-04 12:28:14,352 - DEBUG - Counting for batch 116, containing 100 cells and 1300951 reads
2025-11-04 12:28:23,432 - DEBUG - 166443 reads not considered because fully enclosed in repeat masked regions
2025-11-04 12:28:26,508 - DEBUG - Read first 300 million reads
2025-11-04 12:28:37,348 - DEBUG - Counting for batch 117, containing 100 cells and 2141583 reads
2025-11-04 12:28:50,172 - DEBUG - 282557 reads not considered because fully enclosed in repeat masked regions
2025-11-04 12:29:06,845 - DEBUG - Counting for batch 118, containing 100 cells and 2307773 reads
2025-11-04 12:29:20,629 - DEBUG - 299778 reads not considered because fully enclosed in repeat masked regions
2025-11-04 12:29:38,115 - DEBUG - Counting for batch 119, containing 100 cells and 2122771 reads
2025-11-04 12:29:48,811 - DEBUG - 282418 reads not considered because fully enclosed in repeat masked regions
2025-11-04 12:30:07,426 - DEBUG - Counting for batch 120, containing 100 cells and 2354961 reads
2025-11-04 12:30:21,606 - DEBUG - 311962 reads not considered because fully enclosed in repeat masked regions
2025-11-04 12:30:25,771 - DEBUG - Read first 310 million reads
2025-11-04 12:30:39,997 - DEBUG - Counting for batch 121, containing 100 cells and 2447381 reads
2025-11-04 12:30:54,714 - DEBUG - 320739 reads not considered because fully enclosed in repeat masked regions
2025-11-04 12:31:11,155 - DEBUG - Counting for batch 122, containing 100 cells and 2426367 reads
2025-11-04 12:31:25,608 - DEBUG - 316024 reads not considered because fully enclosed in repeat masked regions
2025-11-04 12:31:42,849 - DEBUG - Counting for batch 123, containing 100 cells and 2168410 reads
2025-11-04 12:31:56,611 - DEBUG - 284198 reads not considered because fully enclosed in repeat masked regions
2025-11-04 12:32:14,330 - DEBUG - Read first 320 million reads
2025-11-04 12:32:17,380 - DEBUG - Counting for batch 124, containing 100 cells and 2809634 reads
2025-11-04 12:32:37,340 - DEBUG - 366251 reads not considered because fully enclosed in repeat masked regions
2025-11-04 12:32:57,280 - DEBUG - Counting for batch 125, containing 100 cells and 2614202 reads
2025-11-04 12:33:13,779 - DEBUG - 328560 reads not considered because fully enclosed in repeat masked regions
2025-11-04 12:33:33,321 - DEBUG - Counting for batch 126, containing 100 cells and 2469151 reads
2025-11-04 12:33:49,171 - DEBUG - 326727 reads not considered because fully enclosed in repeat masked regions
2025-11-04 12:34:07,623 - DEBUG - Counting for batch 127, containing 100 cells and 2263764 reads
2025-11-04 12:34:22,478 - DEBUG - 300917 reads not considered because fully enclosed in repeat masked regions
2025-11-04 12:34:31,885 - DEBUG - Read first 330 million reads
2025-11-04 12:34:40,979 - DEBUG - Counting for batch 128, containing 100 cells and 2346524 reads
2025-11-04 12:34:55,723 - DEBUG - 305569 reads not considered because fully enclosed in repeat masked regions
2025-11-04 12:35:11,896 - DEBUG - Counting for batch 129, containing 100 cells and 1955928 reads
2025-11-04 12:35:22,886 - DEBUG - 256992 reads not considered because fully enclosed in repeat masked regions
2025-11-04 12:35:45,215 - DEBUG - Counting for batch 130, containing 100 cells and 2930393 reads
2025-11-04 12:36:02,674 - DEBUG - 381123 reads not considered because fully enclosed in repeat masked regions
2025-11-04 12:36:24,078 - DEBUG - Counting for batch 131, containing 100 cells and 2546895 reads
2025-11-04 12:36:39,979 - DEBUG - 328334 reads not considered because fully enclosed in repeat masked regions
2025-11-04 12:36:43,363 - DEBUG - Read first 340 million reads
2025-11-04 12:36:59,374 - DEBUG - Counting for batch 132, containing 100 cells and 2833247 reads
2025-11-04 12:37:16,037 - DEBUG - 369975 reads not considered because fully enclosed in repeat masked regions
2025-11-04 12:37:32,015 - DEBUG - Counting for batch 133, containing 100 cells and 2089433 reads
2025-11-04 12:37:44,835 - DEBUG - 275636 reads not considered because fully enclosed in repeat masked regions
2025-11-04 12:38:04,497 - DEBUG - Counting for batch 134, containing 100 cells and 2551592 reads
2025-11-04 12:38:19,921 - DEBUG - 335431 reads not considered because fully enclosed in repeat masked regions
2025-11-04 12:38:32,644 - DEBUG - Read first 350 million reads
2025-11-04 12:38:33,040 - DEBUG - Counting for batch 135, containing 100 cells and 1803709 reads
2025-11-04 12:38:44,578 - DEBUG - 233223 reads not considered because fully enclosed in repeat masked regions
2025-11-04 12:39:01,372 - DEBUG - Counting for batch 136, containing 100 cells and 2309829 reads
2025-11-04 12:39:15,395 - DEBUG - 304875 reads not considered because fully enclosed in repeat masked regions
2025-11-04 12:39:34,520 - DEBUG - Counting for batch 137, containing 100 cells and 2625216 reads
2025-11-04 12:39:50,144 - DEBUG - 339577 reads not considered because fully enclosed in repeat masked regions
2025-11-04 12:40:05,392 - DEBUG - Counting for batch 138, containing 100 cells and 2182445 reads
2025-11-04 12:40:18,680 - DEBUG - 291626 reads not considered because fully enclosed in repeat masked regions
2025-11-04 12:40:32,895 - DEBUG - Read first 360 million reads
2025-11-04 12:40:37,552 - DEBUG - Counting for batch 139, containing 100 cells and 2649180 reads
2025-11-04 12:40:52,730 - DEBUG - 350141 reads not considered because fully enclosed in repeat masked regions
2025-11-04 12:41:09,300 - DEBUG - Counting for batch 140, containing 100 cells and 2219015 reads
2025-11-04 12:41:22,659 - DEBUG - 286275 reads not considered because fully enclosed in repeat masked regions
2025-11-04 12:41:39,909 - DEBUG - Counting for batch 141, containing 100 cells and 2382419 reads
2025-11-04 12:41:54,069 - DEBUG - 308802 reads not considered because fully enclosed in repeat masked regions
2025-11-04 12:42:15,250 - DEBUG - Counting for batch 142, containing 100 cells and 2790499 reads
2025-11-04 12:42:31,457 - DEBUG - 363334 reads not considered because fully enclosed in repeat masked regions
2025-11-04 12:42:37,319 - DEBUG - Read first 370 million reads
2025-11-04 12:42:49,913 - DEBUG - Counting for batch 143, containing 100 cells and 2436885 reads
2025-11-04 12:43:04,376 - DEBUG - 320133 reads not considered because fully enclosed in repeat masked regions
2025-11-04 12:43:22,795 - DEBUG - Counting for batch 144, containing 100 cells and 2476759 reads
2025-11-04 12:43:37,265 - DEBUG - 322730 reads not considered because fully enclosed in repeat masked regions
2025-11-04 12:43:57,616 - DEBUG - Counting for batch 145, containing 100 cells and 2815313 reads
2025-11-04 12:44:13,850 - DEBUG - 378374 reads not considered because fully enclosed in repeat masked regions
2025-11-04 12:44:27,652 - DEBUG - Read first 380 million reads
2025-11-04 12:44:28,761 - DEBUG - Counting for batch 146, containing 100 cells and 2112158 reads
2025-11-04 12:44:41,512 - DEBUG - 281011 reads not considered because fully enclosed in repeat masked regions
2025-11-04 12:44:56,705 - DEBUG - Counting for batch 147, containing 100 cells and 1936599 reads
2025-11-04 12:45:06,818 - DEBUG - 251084 reads not considered because fully enclosed in repeat masked regions
2025-11-04 12:45:19,178 - DEBUG - Counting for batch 148, containing 70 cells and 1568897 reads
2025-11-04 12:45:28,818 - DEBUG - 197698 reads not considered because fully enclosed in repeat masked regions
2025-11-04 12:45:29,977 - DEBUG - 11820893 reads were skipped because no apropiate cell or umi barcode was found
2025-11-04 12:45:29,977 - DEBUG - Counting done!
2025-11-04 12:45:29,983 - DEBUG - Generating output file /home/dcaceres/Tet2sc/Results/plots/scVelo/velocyto_loom_files/smpR065_DsRedN-KO3.loom
2025-11-04 12:45:29,983 - DEBUG - Collecting row attributes
2025-11-04 12:45:30,094 - DEBUG - Generating data table
2025-11-04 12:45:33,842 - DEBUG - Writing loom file
2025-11-04 12:45:37,399 - DEBUG - Creating converter from 5 to 3
2025-11-04 12:45:37,400 - DEBUG - Creating converter from 3 to 5
2025-11-04 12:46:00,951 - DEBUG - Terminated Succesfully!
✅ ÉXITO: Loom creado correctamente: /home/dcaceres/Tet2sc/Results/plots/scVelo/velocyto_loom_files/smpR065_DsRedN-KO3.loom
------------------------------------------------------------
🎉 Proceso finalizado correctamente para smpR065_DsRedN-KO3
Finalizado en: Tue Nov  4 12:46:03 CET 2025
------------------------------------------------------------
