------------------------------------------------------------
🚀 INICIO DEL PROCESO VELOCYTO - Fri Nov  7 19:33:05 CET 2025
------------------------------------------------------------
=== Procesando muestra: smpR065_DsRedP-KO3 ===
Directorio de entrada: /storage/scratch01/groups/ci/Trem1_GEICAM/Sarai/Single.Cell.Tet2/outs/out.smR065.9/outs/per_sample_outs/smpR065_DsRedP-KO3/count
Nodo: bc002 | JobID: 5611410 | TaskID: 7
------------------------------------------------------------
🧬 Ejecutando Velocyto...
2025-11-07 19:33:18,744 - DEBUG - Using logic: Default
2025-11-07 19:33:18,782 - INFO - Read 18034 cell barcodes from /storage/scratch01/groups/ci/Trem1_GEICAM/Sarai/Single.Cell.Tet2/outs/out.smR065.9/outs/per_sample_outs/smpR065_DsRedP-KO3/count/sample_filtered_feature_bc_matrix/barcodes.tsv.gz
2025-11-07 19:33:18,782 - DEBUG - Example of barcode: AAACAAGCAAATACCGATGTTGAC and cell_id: smpR065_DsRedP-KO3:AAACAAGCAAATACCGATGTTGAC-1
2025-11-07 19:33:18,805 - DEBUG - Peeking into /storage/scratch01/groups/ci/Trem1_GEICAM/Sarai/Single.Cell.Tet2/outs/out.smR065.9/outs/per_sample_outs/smpR065_DsRedP-KO3/count/sample_alignments.bam
2025-11-07 19:33:18,944 - WARNING - Not found cell and umi barcode in entry 18 of the bam file
2025-11-07 19:33:18,944 - WARNING - Not found cell and umi barcode in entry 19 of the bam file
2025-11-07 19:33:18,945 - WARNING - Not found cell and umi barcode in entry 20 of the bam file
2025-11-07 19:33:18,945 - WARNING - Not found cell and umi barcode in entry 70 of the bam file
2025-11-07 19:33:18,945 - WARNING - Not found cell and umi barcode in entry 75 of the bam file
2025-11-07 19:33:18,945 - WARNING - Not found cell and umi barcode in entry 113 of the bam file
2025-11-07 19:33:18,945 - WARNING - Not found cell and umi barcode in entry 120 of the bam file
2025-11-07 19:33:18,945 - WARNING - Not found cell and umi barcode in entry 125 of the bam file
2025-11-07 19:33:18,945 - WARNING - Not found cell and umi barcode in entry 181 of the bam file
2025-11-07 19:33:18,945 - WARNING - Not found cell and umi barcode in entry 196 of the bam file
2025-11-07 19:33:18,945 - WARNING - Not found cell and umi barcode in entry 201 of the bam file
2025-11-07 19:33:18,945 - WARNING - Not found cell and umi barcode in entry 204 of the bam file
2025-11-07 19:33:18,945 - WARNING - Not found cell and umi barcode in entry 205 of the bam file
2025-11-07 19:33:18,945 - WARNING - Not found cell and umi barcode in entry 206 of the bam file
2025-11-07 19:33:18,945 - WARNING - Not found cell and umi barcode in entry 207 of the bam file
2025-11-07 19:33:18,945 - WARNING - Not found cell and umi barcode in entry 209 of the bam file
2025-11-07 19:33:18,945 - WARNING - Not found cell and umi barcode in entry 211 of the bam file
2025-11-07 19:33:18,945 - WARNING - Not found cell and umi barcode in entry 213 of the bam file
2025-11-07 19:33:18,946 - WARNING - Not found cell and umi barcode in entry 243 of the bam file
2025-11-07 19:33:18,946 - WARNING - Not found cell and umi barcode in entry 260 of the bam file
2025-11-07 19:33:18,946 - WARNING - Not found cell and umi barcode in entry 267 of the bam file
2025-11-07 19:33:18,946 - WARNING - Not found cell and umi barcode in entry 338 of the bam file
2025-11-07 19:33:18,946 - WARNING - Not found cell and umi barcode in entry 341 of the bam file
2025-11-07 19:33:18,946 - WARNING - Not found cell and umi barcode in entry 373 of the bam file
2025-11-07 19:33:18,946 - WARNING - Not found cell and umi barcode in entry 376 of the bam file
2025-11-07 19:33:18,946 - WARNING - Not found cell and umi barcode in entry 414 of the bam file
2025-11-07 19:33:18,947 - WARNING - Not found cell and umi barcode in entry 484 of the bam file
2025-11-07 19:33:18,947 - WARNING - Not found cell and umi barcode in entry 517 of the bam file
2025-11-07 19:33:18,947 - WARNING - Not found cell and umi barcode in entry 540 of the bam file
2025-11-07 19:33:18,948 - WARNING - Not found cell and umi barcode in entry 542 of the bam file
2025-11-07 19:33:18,948 - WARNING - Not found cell and umi barcode in entry 575 of the bam file
2025-11-07 19:33:18,948 - WARNING - Not found cell and umi barcode in entry 607 of the bam file
2025-11-07 19:33:18,948 - WARNING - Not found cell and umi barcode in entry 701 of the bam file
2025-11-07 19:33:18,948 - WARNING - Not found cell and umi barcode in entry 729 of the bam file
2025-11-07 19:33:18,948 - WARNING - Not found cell and umi barcode in entry 735 of the bam file
2025-11-07 19:33:18,949 - WARNING - Not found cell and umi barcode in entry 852 of the bam file
2025-11-07 19:33:18,949 - WARNING - Not found cell and umi barcode in entry 870 of the bam file
2025-11-07 19:33:18,949 - WARNING - Not found cell and umi barcode in entry 873 of the bam file
2025-11-07 19:33:18,949 - WARNING - Not found cell and umi barcode in entry 935 of the bam file
2025-11-07 19:33:18,950 - WARNING - Not found cell and umi barcode in entry 1033 of the bam file
2025-11-07 19:33:18,973 - WARNING - The file /storage/scratch01/groups/ci/Trem1_GEICAM/Sarai/Single.Cell.Tet2/outs/out.smR065.9/outs/per_sample_outs/smpR065_DsRedP-KO3/count/cellsorted_sample_alignments.bam already exists. The sorting step will be skipped and the existing file will be used.
2025-11-07 19:33:18,974 - INFO - Load the annotation from /storage/scratch01/groups/ci/Trem1_GEICAM/Sarai/Annonation_Files/gencode.vM25.annotation.gtf
2025-11-07 19:33:23,656 - DEBUG - Parsing Chromosome 1 strand - [line 0]
2025-11-07 19:33:23,851 - DEBUG - Done with 1- [line 59062]
2025-11-07 19:33:23,851 - DEBUG - Assigning indexes to genes
2025-11-07 19:33:23,856 - DEBUG - Seen 1693 genes until now
2025-11-07 19:33:23,856 - DEBUG - Parsing Chromosome 1 strand + [line 59063]
2025-11-07 19:33:24,253 - DEBUG - Done with 1+ [line 116931]
2025-11-07 19:33:24,253 - DEBUG - Assigning indexes to genes
2025-11-07 19:33:24,260 - DEBUG - Seen 3446 genes until now
2025-11-07 19:33:24,260 - DEBUG - Parsing Chromosome 10 strand - [line 116932]
2025-11-07 19:33:24,607 - DEBUG - Done with 10- [line 158870]
2025-11-07 19:33:24,607 - DEBUG - Assigning indexes to genes
2025-11-07 19:33:24,612 - DEBUG - Seen 4713 genes until now
2025-11-07 19:33:24,612 - DEBUG - Parsing Chromosome 10 strand + [line 158871]
2025-11-07 19:33:24,758 - DEBUG - Done with 10+ [line 203797]
2025-11-07 19:33:24,758 - DEBUG - Assigning indexes to genes
2025-11-07 19:33:24,764 - DEBUG - Seen 6068 genes until now
2025-11-07 19:33:24,764 - DEBUG - Parsing Chromosome 11 strand - [line 203798]
2025-11-07 19:33:25,210 - DEBUG - Done with 11- [line 268491]
2025-11-07 19:33:25,210 - DEBUG - Assigning indexes to genes
2025-11-07 19:33:25,217 - DEBUG - Seen 7617 genes until now
2025-11-07 19:33:25,217 - DEBUG - Parsing Chromosome 11 strand + [line 268492]
2025-11-07 19:33:25,416 - DEBUG - Done with 11+ [line 332954]
2025-11-07 19:33:25,416 - DEBUG - Assigning indexes to genes
2025-11-07 19:33:25,422 - DEBUG - Seen 9067 genes until now
2025-11-07 19:33:25,422 - DEBUG - Parsing Chromosome 12 strand - [line 332955]
2025-11-07 19:33:25,512 - DEBUG - Done with 12- [line 360299]
2025-11-07 19:33:25,512 - DEBUG - Assigning indexes to genes
2025-11-07 19:33:25,516 - DEBUG - Seen 10382 genes until now
2025-11-07 19:33:25,516 - DEBUG - Parsing Chromosome 12 strand + [line 360300]
2025-11-07 19:33:25,631 - DEBUG - Done with 12+ [line 397190]
2025-11-07 19:33:25,631 - DEBUG - Assigning indexes to genes
2025-11-07 19:33:25,637 - DEBUG - Seen 11544 genes until now
2025-11-07 19:33:25,637 - DEBUG - Parsing Chromosome 13 strand - [line 397191]
2025-11-07 19:33:26,032 - DEBUG - Done with 13- [line 433847]
2025-11-07 19:33:26,032 - DEBUG - Assigning indexes to genes
2025-11-07 19:33:26,036 - DEBUG - Seen 12811 genes until now
2025-11-07 19:33:26,036 - DEBUG - Parsing Chromosome 13 strand + [line 433848]
2025-11-07 19:33:26,119 - DEBUG - Done with 13+ [line 462828]
2025-11-07 19:33:26,119 - DEBUG - Assigning indexes to genes
2025-11-07 19:33:26,123 - DEBUG - Seen 14046 genes until now
2025-11-07 19:33:26,123 - DEBUG - Parsing Chromosome 14 strand - [line 462829]
2025-11-07 19:33:26,257 - DEBUG - Done with 14- [line 501813]
2025-11-07 19:33:26,257 - DEBUG - Assigning indexes to genes
2025-11-07 19:33:26,262 - DEBUG - Seen 15241 genes until now
2025-11-07 19:33:26,263 - DEBUG - Parsing Chromosome 14 strand + [line 501814]
2025-11-07 19:33:26,377 - DEBUG - Done with 14+ [line 537473]
2025-11-07 19:33:26,377 - DEBUG - Assigning indexes to genes
2025-11-07 19:33:26,382 - DEBUG - Seen 16580 genes until now
2025-11-07 19:33:26,382 - DEBUG - Parsing Chromosome 15 strand - [line 537474]
2025-11-07 19:33:26,518 - DEBUG - Done with 15- [line 575556]
2025-11-07 19:33:26,518 - DEBUG - Assigning indexes to genes
2025-11-07 19:33:26,522 - DEBUG - Seen 17521 genes until now
2025-11-07 19:33:26,523 - DEBUG - Parsing Chromosome 15 strand + [line 575557]
2025-11-07 19:33:26,934 - DEBUG - Done with 15+ [line 608149]
2025-11-07 19:33:26,935 - DEBUG - Assigning indexes to genes
2025-11-07 19:33:26,938 - DEBUG - Seen 18432 genes until now
2025-11-07 19:33:26,939 - DEBUG - Parsing Chromosome 16 strand - [line 608150]
2025-11-07 19:33:27,043 - DEBUG - Done with 16- [line 636582]
2025-11-07 19:33:27,043 - DEBUG - Assigning indexes to genes
2025-11-07 19:33:27,047 - DEBUG - Seen 19223 genes until now
2025-11-07 19:33:27,047 - DEBUG - Parsing Chromosome 16 strand + [line 636583]
2025-11-07 19:33:27,148 - DEBUG - Done with 16+ [line 668857]
2025-11-07 19:33:27,148 - DEBUG - Assigning indexes to genes
2025-11-07 19:33:27,151 - DEBUG - Seen 20039 genes until now
2025-11-07 19:33:27,151 - DEBUG - Parsing Chromosome 17 strand - [line 668858]
2025-11-07 19:33:27,318 - DEBUG - Done with 17- [line 715100]
2025-11-07 19:33:27,318 - DEBUG - Assigning indexes to genes
2025-11-07 19:33:27,323 - DEBUG - Seen 21218 genes until now
2025-11-07 19:33:27,323 - DEBUG - Parsing Chromosome 17 strand + [line 715101]
2025-11-07 19:33:27,476 - DEBUG - Done with 17+ [line 764344]
2025-11-07 19:33:27,477 - DEBUG - Assigning indexes to genes
2025-11-07 19:33:27,488 - DEBUG - Seen 22359 genes until now
2025-11-07 19:33:27,488 - DEBUG - Parsing Chromosome 18 strand - [line 764345]
2025-11-07 19:33:27,552 - DEBUG - Done with 18- [line 784050]
2025-11-07 19:33:27,552 - DEBUG - Assigning indexes to genes
2025-11-07 19:33:27,554 - DEBUG - Seen 22997 genes until now
2025-11-07 19:33:27,554 - DEBUG - Parsing Chromosome 18 strand + [line 784051]
2025-11-07 19:33:27,991 - DEBUG - Done with 18+ [line 811173]
2025-11-07 19:33:27,991 - DEBUG - Assigning indexes to genes
2025-11-07 19:33:27,994 - DEBUG - Seen 23758 genes until now
2025-11-07 19:33:27,994 - DEBUG - Parsing Chromosome 19 strand - [line 811174]
2025-11-07 19:33:28,111 - DEBUG - Done with 19- [line 844397]
2025-11-07 19:33:28,111 - DEBUG - Assigning indexes to genes
2025-11-07 19:33:28,114 - DEBUG - Seen 24442 genes until now
2025-11-07 19:33:28,114 - DEBUG - Parsing Chromosome 19 strand + [line 844398]
2025-11-07 19:33:28,203 - DEBUG - Done with 19+ [line 873497]
2025-11-07 19:33:28,203 - DEBUG - Assigning indexes to genes
2025-11-07 19:33:28,207 - DEBUG - Seen 25152 genes until now
2025-11-07 19:33:28,207 - DEBUG - Parsing Chromosome 2 strand - [line 873498]
2025-11-07 19:33:28,467 - DEBUG - Done with 2- [line 953009]
2025-11-07 19:33:28,468 - DEBUG - Assigning indexes to genes
2025-11-07 19:33:28,476 - DEBUG - Seen 26981 genes until now
2025-11-07 19:33:28,476 - DEBUG - Parsing Chromosome 2 strand + [line 953010]
2025-11-07 19:33:28,733 - DEBUG - Done with 2+ [line 1027336]
2025-11-07 19:33:28,733 - DEBUG - Assigning indexes to genes
2025-11-07 19:33:28,741 - DEBUG - Seen 28946 genes until now
2025-11-07 19:33:28,741 - DEBUG - Parsing Chromosome 3 strand - [line 1027337]
2025-11-07 19:33:28,874 - DEBUG - Done with 3- [line 1069026]
2025-11-07 19:33:28,874 - DEBUG - Assigning indexes to genes
2025-11-07 19:33:28,879 - DEBUG - Seen 30404 genes until now
2025-11-07 19:33:28,879 - DEBUG - Parsing Chromosome 3 strand + [line 1069027]
2025-11-07 19:33:29,425 - DEBUG - Done with 3+ [line 1115102]
2025-11-07 19:33:29,426 - DEBUG - Assigning indexes to genes
2025-11-07 19:33:29,431 - DEBUG - Seen 31831 genes until now
2025-11-07 19:33:29,431 - DEBUG - Parsing Chromosome 4 strand - [line 1115103]
2025-11-07 19:33:29,620 - DEBUG - Done with 4- [line 1169156]
2025-11-07 19:33:29,621 - DEBUG - Assigning indexes to genes
2025-11-07 19:33:29,626 - DEBUG - Seen 33222 genes until now
2025-11-07 19:33:29,626 - DEBUG - Parsing Chromosome 4 strand + [line 1169157]
2025-11-07 19:33:29,812 - DEBUG - Done with 4+ [line 1221291]
2025-11-07 19:33:29,812 - DEBUG - Assigning indexes to genes
2025-11-07 19:33:29,819 - DEBUG - Seen 34690 genes until now
2025-11-07 19:33:29,819 - DEBUG - Parsing Chromosome 5 strand - [line 1221292]
2025-11-07 19:33:30,031 - DEBUG - Done with 5- [line 1282135]
2025-11-07 19:33:30,031 - DEBUG - Assigning indexes to genes
2025-11-07 19:33:30,039 - DEBUG - Seen 36281 genes until now
2025-11-07 19:33:30,039 - DEBUG - Parsing Chromosome 5 strand + [line 1282136]
2025-11-07 19:33:30,241 - DEBUG - Done with 5+ [line 1344076]
2025-11-07 19:33:30,241 - DEBUG - Assigning indexes to genes
2025-11-07 19:33:30,249 - DEBUG - Seen 37942 genes until now
2025-11-07 19:33:30,249 - DEBUG - Parsing Chromosome 6 strand - [line 1344077]
2025-11-07 19:33:30,407 - DEBUG - Done with 6- [line 1392155]
2025-11-07 19:33:30,408 - DEBUG - Assigning indexes to genes
2025-11-07 19:33:30,414 - DEBUG - Seen 39466 genes until now
2025-11-07 19:33:30,414 - DEBUG - Parsing Chromosome 6 strand + [line 1392156]
2025-11-07 19:33:31,041 - DEBUG - Done with 6+ [line 1442945]
2025-11-07 19:33:31,041 - DEBUG - Assigning indexes to genes
2025-11-07 19:33:31,049 - DEBUG - Seen 41071 genes until now
2025-11-07 19:33:31,049 - DEBUG - Parsing Chromosome 7 strand - [line 1442946]
2025-11-07 19:33:31,296 - DEBUG - Done with 7- [line 1521802]
2025-11-07 19:33:31,296 - DEBUG - Assigning indexes to genes
2025-11-07 19:33:31,308 - DEBUG - Seen 43608 genes until now
2025-11-07 19:33:31,308 - DEBUG - Parsing Chromosome 7 strand + [line 1521803]
2025-11-07 19:33:31,531 - DEBUG - Done with 7+ [line 1597237]
2025-11-07 19:33:31,531 - DEBUG - Assigning indexes to genes
2025-11-07 19:33:31,553 - DEBUG - Seen 45790 genes until now
2025-11-07 19:33:31,554 - DEBUG - Parsing Chromosome 8 strand - [line 1597238]
2025-11-07 19:33:31,675 - DEBUG - Done with 8- [line 1635144]
2025-11-07 19:33:31,675 - DEBUG - Assigning indexes to genes
2025-11-07 19:33:31,679 - DEBUG - Seen 47022 genes until now
2025-11-07 19:33:31,680 - DEBUG - Parsing Chromosome 8 strand + [line 1635145]
2025-11-07 19:33:31,839 - DEBUG - Done with 8+ [line 1684308]
2025-11-07 19:33:31,840 - DEBUG - Assigning indexes to genes
2025-11-07 19:33:31,845 - DEBUG - Seen 48326 genes until now
2025-11-07 19:33:31,845 - DEBUG - Parsing Chromosome 9 strand - [line 1684309]
2025-11-07 19:33:32,017 - DEBUG - Done with 9- [line 1738082]
2025-11-07 19:33:32,017 - DEBUG - Assigning indexes to genes
2025-11-07 19:33:32,024 - DEBUG - Seen 49688 genes until now
2025-11-07 19:33:32,024 - DEBUG - Parsing Chromosome 9 strand + [line 1738083]
2025-11-07 19:33:32,215 - DEBUG - Done with 9+ [line 1794072]
2025-11-07 19:33:32,215 - DEBUG - Assigning indexes to genes
2025-11-07 19:33:32,221 - DEBUG - Seen 51169 genes until now
2025-11-07 19:33:32,222 - DEBUG - Parsing Chromosome M strand - [line 1794073]
2025-11-07 19:33:32,222 - DEBUG - Done with M- [line 1794103]
2025-11-07 19:33:32,222 - DEBUG - Assigning indexes to genes
2025-11-07 19:33:32,222 - DEBUG - Seen 51178 genes until now
2025-11-07 19:33:32,222 - DEBUG - Parsing Chromosome M strand + [line 1794104]
2025-11-07 19:33:32,222 - DEBUG - Done with M+ [line 1794225]
2025-11-07 19:33:32,222 - DEBUG - Assigning indexes to genes
2025-11-07 19:33:32,222 - DEBUG - Seen 51206 genes until now
2025-11-07 19:33:32,222 - DEBUG - Parsing Chromosome X strand - [line 1794226]
2025-11-07 19:33:32,324 - DEBUG - Done with X- [line 1824523]
2025-11-07 19:33:32,324 - DEBUG - Assigning indexes to genes
2025-11-07 19:33:32,328 - DEBUG - Seen 52478 genes until now
2025-11-07 19:33:32,328 - DEBUG - Parsing Chromosome X strand + [line 1824524]
2025-11-07 19:33:32,963 - DEBUG - Done with X+ [line 1858357]
2025-11-07 19:33:32,963 - DEBUG - Assigning indexes to genes
2025-11-07 19:33:32,967 - DEBUG - Seen 53832 genes until now
2025-11-07 19:33:32,967 - DEBUG - Parsing Chromosome Y strand - [line 1858358]
2025-11-07 19:33:32,992 - DEBUG - Done with Y- [line 1865468]
2025-11-07 19:33:32,992 - DEBUG - Assigning indexes to genes
2025-11-07 19:33:32,994 - DEBUG - Seen 54711 genes until now
2025-11-07 19:33:32,995 - DEBUG - Parsing Chromosome Y strand + [line 1865469]
2025-11-07 19:33:33,018 - DEBUG - Assigning indexes to genes
2025-11-07 19:33:33,020 - DEBUG - Done with Y+ [line 1872050]
2025-11-07 19:33:33,020 - DEBUG - Fixing corner cases of transcript models containg intron longer than 1000Kbp
2025-11-07 19:33:33,919 - DEBUG - Generated 1544182 features corresponding to 142604 transcript models from /storage/scratch01/groups/ci/Trem1_GEICAM/Sarai/Annonation_Files/gencode.vM25.annotation.gtf
2025-11-07 19:33:33,938 - INFO - Load the repeat masking annotation from /storage/scratch01/groups/ci/Trem1_GEICAM/Sarai/Annonation_Files/rmsk_velocyto.txt
2025-11-07 19:33:33,938 - DEBUG - Reading /storage/scratch01/groups/ci/Trem1_GEICAM/Sarai/Annonation_Files/rmsk_velocyto.txt, the file will be sorted in memory
2025-11-07 19:33:54,837 - DEBUG - Processed masked annotation .gtf and generated 4369219 intervals to mask!
2025-11-07 19:33:55,015 - INFO - Scan /storage/scratch01/groups/ci/Trem1_GEICAM/Sarai/Single.Cell.Tet2/outs/out.smR065.9/outs/per_sample_outs/smpR065_DsRedP-KO3/count/sample_alignments.bam to validate intron intervals
2025-11-07 19:33:56,239 - DEBUG - Reading /storage/scratch01/groups/ci/Trem1_GEICAM/Sarai/Single.Cell.Tet2/outs/out.smR065.9/outs/per_sample_outs/smpR065_DsRedP-KO3/count/sample_alignments.bam
2025-11-07 19:33:56,245 - DEBUG - Read first 0 million reads
2025-11-07 19:33:56,245 - DEBUG - Marking up chromosome 1
2025-11-07 19:35:24,343 - DEBUG - Read first 10 million reads
2025-11-07 19:36:50,322 - DEBUG - Read first 20 million reads
2025-11-07 19:37:32,010 - DEBUG - Marking up chromosome 10
2025-11-07 19:38:15,791 - DEBUG - Read first 30 million reads
2025-11-07 19:39:56,665 - DEBUG - Read first 40 million reads
2025-11-07 19:40:39,056 - DEBUG - Marking up chromosome 11
2025-11-07 19:41:24,425 - DEBUG - Read first 50 million reads
2025-11-07 19:42:50,594 - DEBUG - Read first 60 million reads
2025-11-07 19:44:19,364 - DEBUG - Read first 70 million reads
2025-11-07 19:45:14,379 - DEBUG - Marking up chromosome 12
2025-11-07 19:45:36,750 - DEBUG - Read first 80 million reads
2025-11-07 19:47:00,657 - DEBUG - Read first 90 million reads
2025-11-07 19:47:12,463 - DEBUG - Marking up chromosome 13
2025-11-07 19:48:21,933 - DEBUG - Read first 100 million reads
2025-11-07 19:48:42,622 - DEBUG - Marking up chromosome 14
2025-11-07 19:49:36,852 - DEBUG - Read first 110 million reads
2025-11-07 19:50:15,691 - DEBUG - Marking up chromosome 15
2025-11-07 19:50:59,726 - DEBUG - Read first 120 million reads
2025-11-07 19:52:26,154 - DEBUG - Marking up chromosome 16
2025-11-07 19:52:29,576 - DEBUG - Read first 130 million reads
2025-11-07 19:53:46,318 - DEBUG - Marking up chromosome 17
2025-11-07 19:53:55,508 - DEBUG - Read first 140 million reads
2025-11-07 19:55:19,616 - DEBUG - Read first 150 million reads
2025-11-07 19:56:45,196 - DEBUG - Read first 160 million reads
2025-11-07 19:57:30,451 - DEBUG - Marking up chromosome 18
2025-11-07 19:57:52,304 - DEBUG - Read first 170 million reads
2025-11-07 19:59:12,859 - DEBUG - Read first 180 million reads
2025-11-07 19:59:35,802 - DEBUG - Marking up chromosome 19
2025-11-07 20:00:34,566 - DEBUG - Read first 190 million reads
2025-11-07 20:01:50,123 - DEBUG - Marking up chromosome 2
2025-11-07 20:01:56,711 - DEBUG - Read first 200 million reads
2025-11-07 20:03:19,627 - DEBUG - Read first 210 million reads
2025-11-07 20:04:43,944 - DEBUG - Read first 220 million reads
2025-11-07 20:06:09,411 - DEBUG - Read first 230 million reads
2025-11-07 20:06:15,020 - DEBUG - Marking up chromosome 3
2025-11-07 20:07:34,819 - DEBUG - Read first 240 million reads
2025-11-07 20:08:45,126 - DEBUG - Marking up chromosome 4
2025-11-07 20:08:57,505 - DEBUG - Read first 250 million reads
2025-11-07 20:10:21,073 - DEBUG - Read first 260 million reads
2025-11-07 20:11:39,723 - DEBUG - Read first 270 million reads
2025-11-07 20:12:02,775 - DEBUG - Marking up chromosome 5
2025-11-07 20:12:47,451 - DEBUG - Read first 280 million reads
2025-11-07 20:13:45,806 - DEBUG - Read first 290 million reads
2025-11-07 20:14:10,406 - DEBUG - Marking up chromosome 6
2025-11-07 20:14:44,533 - DEBUG - Read first 300 million reads
2025-11-07 20:15:40,121 - DEBUG - Read first 310 million reads
2025-11-07 20:15:46,509 - DEBUG - Marking up chromosome 7
2025-11-07 20:16:38,256 - DEBUG - Read first 320 million reads
2025-11-07 20:17:36,736 - DEBUG - Read first 330 million reads
2025-11-07 20:18:35,990 - DEBUG - Read first 340 million reads
2025-11-07 20:19:32,578 - DEBUG - Marking up chromosome 8
2025-11-07 20:19:33,892 - DEBUG - Read first 350 million reads
2025-11-07 20:20:31,828 - DEBUG - Read first 360 million reads
2025-11-07 20:21:32,631 - DEBUG - Marking up chromosome 9
2025-11-07 20:21:35,105 - DEBUG - Read first 370 million reads
2025-11-07 20:22:33,349 - DEBUG - Read first 380 million reads
2025-11-07 20:23:08,150 - DEBUG - Marking up chromosome MT
2025-11-07 20:23:08,150 - WARNING - The .bam file refers to a chromosome 'MT+' not present in the annotation (.gtf) file
2025-11-07 20:23:08,150 - WARNING - The .bam file refers to a chromosome 'MT-' not present in the annotation (.gtf) file
2025-11-07 20:23:10,570 - DEBUG - Marking up chromosome X
2025-11-07 20:23:33,848 - DEBUG - Read first 390 million reads
2025-11-07 20:24:15,115 - DEBUG - Marking up chromosome Y
2025-11-07 20:24:15,126 - DEBUG - Marking up chromosome GL456233.2
2025-11-07 20:24:15,126 - WARNING - The .bam file refers to a chromosome 'GL456233.2+' not present in the annotation (.gtf) file
2025-11-07 20:24:15,126 - WARNING - The .bam file refers to a chromosome 'GL456233.2-' not present in the annotation (.gtf) file
2025-11-07 20:24:15,168 - DEBUG - Marking up chromosome JH584304.1
2025-11-07 20:24:15,168 - WARNING - The .bam file refers to a chromosome 'JH584304.1+' not present in the annotation (.gtf) file
2025-11-07 20:24:15,168 - WARNING - The .bam file refers to a chromosome 'JH584304.1-' not present in the annotation (.gtf) file
2025-11-07 20:24:15,176 - DEBUG - Marking up chromosome GL456378.1
2025-11-07 20:24:15,176 - WARNING - The .bam file refers to a chromosome 'GL456378.1+' not present in the annotation (.gtf) file
2025-11-07 20:24:15,176 - WARNING - The .bam file refers to a chromosome 'GL456378.1-' not present in the annotation (.gtf) file
2025-11-07 20:24:15,177 - DEBUG - Marking up chromosome MU069434.1
2025-11-07 20:24:15,177 - WARNING - The .bam file refers to a chromosome 'MU069434.1+' not present in the annotation (.gtf) file
2025-11-07 20:24:15,177 - WARNING - The .bam file refers to a chromosome 'MU069434.1-' not present in the annotation (.gtf) file
2025-11-07 20:24:19,996 - DEBUG - End of file. Reset index: start scanning from initial position.
2025-11-07 20:24:19,996 - DEBUG - 13220055 reads were skipped because no apropiate cell or umi barcode was found
2025-11-07 20:24:19,996 - DEBUG - Start molecule counting!
2025-11-07 20:24:21,078 - DEBUG - Features available for chromosomes : ['1-', '1+', '10-', '10+', '11-', '11+', '12-', '12+', '13-', '13+', '14-', '14+', '15-', '15+', '16-', '16+', '17-', '17+', '18-', '18+', '19-', '19+', '2-', '2+', '3-', '3+', '4-', '4+', '5-', '5+', '6-', '6+', '7-', '7+', '8-', '8+', '9-', '9+', 'M-', 'M+', 'X-', 'X+', 'Y-', 'Y+']
2025-11-07 20:24:21,079 - DEBUG - Mask available for chromosomes : ['1-', '1+', '10-', '10+', '10_GL456015_alt-', '10_GL456015_alt+', '10_KQ030491_fix-', '10_KQ030491_fix+', '10_KZ289071_fix-', '10_KZ289071_fix+', '10_KZ289072_fix-', '10_KZ289072_fix+', '11-', '11+', '11_GL455998_alt-', '11_GL455998_alt+', '11_GL456016_alt-', '11_GL456016_alt+', '11_GL456060_alt-', '11_GL456060_alt+', '11_JH584265_alt-', '11_JH584265_alt+', '11_JH584316_alt-', '11_JH584316_alt+', '11_JH584317_alt-', '11_JH584317_alt+', '11_JH584327_alt-', '11_JH584327_alt+', '11_KB469739_fix-', '11_KB469739_fix+', '11_KZ289073_alt-', '11_KZ289073_alt+', '11_KZ289074_alt-', '11_KZ289074_alt+', '11_KZ289075_alt-', '11_KZ289075_alt+', '11_KZ289076_fix-', '11_KZ289076_fix+', '11_KZ289077_alt-', '11_KZ289077_alt+', '11_KZ289078_alt-', '11_KZ289078_alt+', '11_KZ289079_alt-', '11_KZ289079_alt+', '11_KZ289080_alt-', '11_KZ289080_alt+', '11_KZ289081_alt-', '11_KZ289081_alt+', '12-', '12+', '12_GL456017_alt-', '12_GL456017_alt+', '12_GL456068_alt-', '12_GL456068_alt+', '12_GL456074_alt-', '12_GL456074_alt+', '12_GL456078_alt-', '12_GL456078_alt+', '12_GL456349_alt-', '12_GL456349_alt+', '12_KB469740_fix-', '12_KB469740_fix+', '12_KZ289082_fix-', '12_KZ289082_fix+', '13-', '13+', '13_GL455990_alt-', '13_GL455990_alt+', '13_GL455999_alt-', '13_GL455999_alt+', '13_JH584305_alt-', '13_JH584305_alt+', '14-', '14+', '14_GL456019_alt-', '14_GL456019_alt+', '14_GL456020_alt-', '14_GL456020_alt+', '14_KZ289083_fix-', '14_KZ289083_fix+', '14_KZ289084_fix-', '14_KZ289084_fix+', '15-', '15+', '15_GL456000_alt-', '15_GL456000_alt+', '15_JH584270_alt-', '15_JH584270_alt+', '15_KQ030492_fix-', '15_KQ030492_fix+', '15_KQ030493_fix-', '15_KQ030493_fix+', '15_KV575241_fix-', '15_KV575241_fix+', '15_KZ289085_fix-', '15_KZ289085_fix+', '15_KZ289086_fix-', '15_KZ289086_fix+', '16-', '16+', '16_GL456001_alt-', '16_GL456001_alt+', '16_GL456028_alt-', '16_GL456028_alt+', '16_JH584306_alt-', '16_JH584306_alt+', '16_JH584307_alt-', '16_JH584307_alt+', '16_JH584310_alt-', '16_JH584310_alt+', '16_JH584311_alt-', '16_JH584311_alt+', '16_JH584312_alt-', '16_JH584312_alt+', '16_JH584313_alt-', '16_JH584313_alt+', '16_JH584314_alt-', '16_JH584314_alt+', '16_KB469741_fix-', '16_KB469741_fix+', '17-', '17+', '17_GL456002_alt-', '17_GL456002_alt+', '17_GL456021_alt-', '17_GL456021_alt+', '17_GL456022_alt-', '17_GL456022_alt+', '17_GL456069_alt-', '17_GL456069_alt+', '17_JH584266_alt-', '17_JH584266_alt+', '17_JH584267_alt-', '17_JH584267_alt+', '17_JH584308_alt-', '17_JH584308_alt+', '17_JH584309_alt-', '17_JH584309_alt+', '17_JH584328_alt-', '17_JH584328_alt+', '17_JH590470_alt-', '17_JH590470_alt+', '17_KB469742_fix-', '17_KB469742_fix+', '17_KZ289087_fix-', '17_KZ289087_fix+', '17_KZ289088_fix-', '17_KZ289088_fix+', '17_KZ289089_fix-', '17_KZ289089_fix+', '18-', '18+', '18_GL456070_alt-', '18_GL456070_alt+', '18_JH584318_alt-', '18_JH584318_alt+', '18_JH792829_fix-', '18_JH792829_fix+', '18_KZ289090_fix-', '18_KZ289090_fix+', '18_KZ289091_fix-', '18_KZ289091_fix+', '19-', '19+', '19_GL456079_alt-', '19_GL456079_alt+', '19_JH584319_alt-', '19_JH584319_alt+', '19_JH792830_fix-', '19_JH792830_fix+', '19_KQ030494_fix-', '19_KQ030494_fix+', '19_KV575242_fix-', '19_KV575242_fix+', '1_GL455991_alt-', '1_GL455991_alt+', '1_GL455992_alt-', '1_GL455992_alt+', '1_GL455993_alt-', '1_GL455993_alt+', '1_GL456005_alt-', '1_GL456005_alt+', '1_GL456210_random-', '1_GL456210_random+', '1_GL456211_random-', '1_GL456211_random+', '1_GL456212_random-', '1_GL456212_random+', '1_GL456213_random-', '1_GL456213_random+', '1_GL456221_random-', '1_GL456221_random+', '1_JH584315_alt-', '1_JH584315_alt+', '1_JH584320_alt-', '1_JH584320_alt+', '1_JH584321_alt-', '1_JH584321_alt+', '1_JH584322_alt-', '1_JH584322_alt+', '1_KK082441_alt-', '1_KK082441_alt+', '1_KV575232_fix-', '1_KV575232_fix+', '1_KV575233_fix-', '1_KV575233_fix+', '1_KV575234_fix-', '1_KV575234_fix+', '2-', '2+', '2_GL456024_alt-', '2_GL456024_alt+', '2_KV575235_fix-', '2_KV575235_fix+', '2_KV575236_fix-', '2_KV575236_fix+', '3-', '3+', '3_GL456006_alt-', '3_GL456006_alt+', '3_GL456007_alt-', '3_GL456007_alt+', '3_GL456008_alt-', '3_GL456008_alt+', '3_GL456042_alt-', '3_GL456042_alt+', '3_GL456044_alt-', '3_GL456044_alt+', '3_GL456045_alt-', '3_GL456045_alt+', '3_GL456048_alt-', '3_GL456048_alt+', '3_GL456049_alt-', '3_GL456049_alt+', '3_JH584323_alt-', '3_JH584323_alt+', '3_KQ030484_fix-', '3_KQ030484_fix+', '3_KZ289064_fix-', '3_KZ289064_fix+', '3_KZ289065_fix-', '3_KZ289065_fix+', '3_KZ289066_fix-', '3_KZ289066_fix+', '4-', '4+', '4_GL455994_alt-', '4_GL455994_alt+', '4_GL456009_alt-', '4_GL456009_alt+', '4_GL456010_alt-', '4_GL456010_alt+', '4_GL456053_alt-', '4_GL456053_alt+', '4_GL456064_alt-', '4_GL456064_alt+', '4_GL456075_alt-', '4_GL456075_alt+', '4_GL456076_alt-', '4_GL456076_alt+', '4_GL456077_alt-', '4_GL456077_alt+', '4_GL456216_random-', '4_GL456216_random+', '4_GL456350_random-', '4_GL456350_random+', '4_JH584268_alt-', '4_JH584268_alt+', '4_JH584269_alt-', '4_JH584269_alt+', '4_JH584292_random-', '4_JH584292_random+', '4_JH584293_random-', '4_JH584293_random+', '4_JH584294_random-', '4_JH584294_random+', '4_JH584295_random+', '4_JH584324_alt-', '4_JH584324_alt+', '4_JH584325_alt-', '4_JH584325_alt+', '4_JH584326_alt-', '4_JH584326_alt+', '4_JH792826_fix-', '4_JH792826_fix+', '4_KQ030485_fix-', '4_KQ030485_fix+', '4_KQ030486_fix-', '4_KQ030486_fix+', '4_KQ030487_fix-', '4_KQ030487_fix+', '4_KQ030488_fix-', '4_KQ030488_fix+', '4_KQ030489_fix-', '4_KQ030489_fix+', '4_KZ289067_fix-', '4_KZ289067_fix+', '4_KZ289068_fix-', '4_KZ289068_fix+', '4_KZ289069_fix-', '4_KZ289069_fix+', '4_KZ289070_fix-', '4_KZ289070_fix+', '5-', '5+', '5_GL455995_alt-', '5_GL455995_alt+', '5_GL456011_alt-', '5_GL456011_alt+', '5_GL456354_random-', '5_GL456354_random+', '5_JH584296_random-', '5_JH584296_random+', '5_JH584297_random-', '5_JH584297_random+', '5_JH584298_random-', '5_JH584298_random+', '5_JH584299_random-', '5_JH584299_random+', '5_JH792827_fix-', '5_JH792827_fix+', '5_KV575237_fix-', '5_KV575237_fix+', '6-', '6+', '6_GL456012_alt-', '6_GL456012_alt+', '6_GL456025_alt-', '6_GL456025_alt+', '6_GL456026_alt-', '6_GL456026_alt+', '6_GL456054_alt-', '6_GL456054_alt+', '6_GL456065_alt-', '6_GL456065_alt+', '6_JH584264_alt-', '6_JH584264_alt+', '6_KK082442_fix-', '6_KK082442_fix+', '6_KK082443_fix-', '6_KK082443_fix+', '7-', '7+', '7_GL455989_alt-', '7_GL455989_alt+', '7_GL456013_alt-', '7_GL456013_alt+', '7_GL456014_alt-', '7_GL456014_alt+', '7_GL456219_random-', '7_GL456219_random+', '7_JH792828_fix-', '7_JH792828_fix+', '7_KV575238_fix-', '7_KV575238_fix+', '7_KV575239_fix-', '7_KV575239_fix+', '8-', '8+', '8_GL455996_alt-', '8_GL455996_alt+', '8_GL455997_alt-', '8_GL455997_alt+', '8_KV575240_fix-', '8_KV575240_fix+', '9-', '9+', '9_KB469738_fix-', '9_KB469738_fix+', '9_KQ030490_fix-', '9_KQ030490_fix+', 'M-', 'M+', 'Un_GL456239-', 'Un_GL456239+', 'Un_GL456359-', 'Un_GL456359+', 'Un_GL456360-', 'Un_GL456360+', 'Un_GL456366-', 'Un_GL456366+', 'Un_GL456367-', 'Un_GL456367+', 'Un_GL456368-', 'Un_GL456368+', 'Un_GL456370+', 'Un_GL456372-', 'Un_GL456372+', 'Un_GL456378-', 'Un_GL456378+', 'Un_GL456379-', 'Un_GL456379+', 'Un_GL456381-', 'Un_GL456381+', 'Un_GL456382-', 'Un_GL456382+', 'Un_GL456383-', 'Un_GL456383+', 'Un_GL456385-', 'Un_GL456385+', 'Un_GL456387-', 'Un_GL456387+', 'Un_GL456389-', 'Un_GL456389+', 'Un_GL456390-', 'Un_GL456390+', 'Un_GL456392-', 'Un_GL456392+', 'Un_GL456393-', 'Un_GL456393+', 'Un_GL456394-', 'Un_GL456394+', 'Un_GL456396-', 'Un_GL456396+', 'Un_JH584304-', 'Un_JH584304+', 'X-', 'X+', 'X_GL456003_alt-', 'X_GL456003_alt+', 'X_GL456004_alt-', 'X_GL456004_alt+', 'X_GL456031_alt-', 'X_GL456031_alt+', 'X_GL456032_alt-', 'X_GL456032_alt+', 'X_GL456033_alt-', 'X_GL456033_alt+', 'X_GL456233_random-', 'X_GL456233_random+', 'X_JH792831_fix-', 'X_JH792831_fix+', 'X_KQ030495_fix-', 'X_KQ030495_fix+', 'X_KQ030496_fix-', 'X_KQ030496_fix+', 'X_KQ030497_fix-', 'X_KQ030497_fix+', 'X_KZ289092_fix-', 'X_KZ289092_fix+', 'X_KZ289093_fix-', 'X_KZ289093_fix+', 'X_KZ289094_fix-', 'X_KZ289094_fix+', 'X_KZ289095_fix-', 'X_KZ289095_fix+', 'Y-', 'Y+', 'Y_GL456071_alt-', 'Y_GL456071_alt+', 'Y_GL456072_alt-', 'Y_GL456072_alt+', 'Y_GL456073_alt-', 'Y_GL456073_alt+', 'Y_GL456080_alt-', 'Y_GL456080_alt+', 'Y_GL456081_alt-', 'Y_GL456081_alt+', 'Y_GL456082_alt-', 'Y_GL456082_alt+', 'Y_JH584300_random-', 'Y_JH584300_random+', 'Y_JH584301_random-', 'Y_JH584301_random+', 'Y_JH584302_random-', 'Y_JH584302_random+', 'Y_JH584303_random-', 'Y_JH584303_random+', 'Y_JH792832_fix-', 'Y_JH792832_fix+', 'Y_JH792833_fix-', 'Y_JH792833_fix+', 'Y_JH792834_fix-', 'Y_JH792834_fix+', 'na_GL456050_alt-']
2025-11-07 20:24:21,079 - DEBUG - Summarizing the results of intron validation.
2025-11-07 20:24:21,152 - DEBUG - Validated 1141 introns (of which unique intervals 447) out of 700789 total possible introns (considering each possible transcript models).
2025-11-07 20:24:21,152 - DEBUG - Reading /storage/scratch01/groups/ci/Trem1_GEICAM/Sarai/Single.Cell.Tet2/outs/out.smR065.9/outs/per_sample_outs/smpR065_DsRedP-KO3/count/cellsorted_sample_alignments.bam
2025-11-07 20:24:21,194 - DEBUG - Read first 0 million reads
2025-11-07 20:24:34,513 - DEBUG - Counting for batch 1, containing 100 cells and 1744236 reads
2025-11-07 20:24:45,041 - DEBUG - 217314 reads not considered because fully enclosed in repeat masked regions
2025-11-07 20:25:01,344 - DEBUG - Counting for batch 2, containing 100 cells and 1977422 reads
2025-11-07 20:25:13,230 - DEBUG - 250617 reads not considered because fully enclosed in repeat masked regions
2025-11-07 20:25:27,577 - DEBUG - Counting for batch 3, containing 100 cells and 1871243 reads
2025-11-07 20:25:38,779 - DEBUG - 243465 reads not considered because fully enclosed in repeat masked regions
2025-11-07 20:25:54,365 - DEBUG - Counting for batch 4, containing 100 cells and 1857820 reads
2025-11-07 20:26:05,646 - DEBUG - 235210 reads not considered because fully enclosed in repeat masked regions
2025-11-07 20:26:17,525 - DEBUG - Read first 10 million reads
2025-11-07 20:26:22,716 - DEBUG - Counting for batch 5, containing 100 cells and 2058078 reads
2025-11-07 20:26:32,857 - DEBUG - 263673 reads not considered because fully enclosed in repeat masked regions
2025-11-07 20:26:48,477 - DEBUG - Counting for batch 6, containing 100 cells and 1892580 reads
2025-11-07 20:26:59,769 - DEBUG - 238844 reads not considered because fully enclosed in repeat masked regions
2025-11-07 20:27:16,999 - DEBUG - Counting for batch 7, containing 100 cells and 2174864 reads
2025-11-07 20:27:29,515 - DEBUG - 277550 reads not considered because fully enclosed in repeat masked regions
2025-11-07 20:27:44,900 - DEBUG - Counting for batch 8, containing 100 cells and 1819387 reads
2025-11-07 20:27:55,897 - DEBUG - 224282 reads not considered because fully enclosed in repeat masked regions
2025-11-07 20:28:14,838 - DEBUG - Counting for batch 9, containing 100 cells and 2100651 reads
2025-11-07 20:28:31,799 - DEBUG - 272899 reads not considered because fully enclosed in repeat masked regions
2025-11-07 20:28:37,752 - DEBUG - Read first 20 million reads
2025-11-07 20:28:53,264 - DEBUG - Counting for batch 10, containing 100 cells and 2040951 reads
2025-11-07 20:29:10,710 - DEBUG - 251161 reads not considered because fully enclosed in repeat masked regions
2025-11-07 20:29:34,026 - DEBUG - Counting for batch 11, containing 100 cells and 1875237 reads
2025-11-07 20:29:50,781 - DEBUG - 239445 reads not considered because fully enclosed in repeat masked regions
2025-11-07 20:30:11,335 - DEBUG - Counting for batch 12, containing 100 cells and 1802861 reads
2025-11-07 20:30:27,381 - DEBUG - 225156 reads not considered because fully enclosed in repeat masked regions
2025-11-07 20:30:54,093 - DEBUG - Counting for batch 13, containing 100 cells and 2207161 reads
2025-11-07 20:31:13,234 - DEBUG - 283235 reads not considered because fully enclosed in repeat masked regions
2025-11-07 20:31:30,999 - DEBUG - Read first 30 million reads
2025-11-07 20:31:35,859 - DEBUG - Counting for batch 14, containing 100 cells and 1944650 reads
2025-11-07 20:31:53,341 - DEBUG - 243819 reads not considered because fully enclosed in repeat masked regions
2025-11-07 20:32:18,361 - DEBUG - Counting for batch 15, containing 100 cells and 2004142 reads
2025-11-07 20:32:33,757 - DEBUG - 249845 reads not considered because fully enclosed in repeat masked regions
2025-11-07 20:32:55,248 - DEBUG - Counting for batch 16, containing 100 cells and 1719596 reads
2025-11-07 20:33:10,879 - DEBUG - 214338 reads not considered because fully enclosed in repeat masked regions
2025-11-07 20:33:33,670 - DEBUG - Counting for batch 17, containing 100 cells and 1854299 reads
2025-11-07 20:33:47,748 - DEBUG - 232443 reads not considered because fully enclosed in repeat masked regions
2025-11-07 20:34:16,611 - DEBUG - Counting for batch 18, containing 100 cells and 2350207 reads
2025-11-07 20:34:35,310 - DEBUG - 299848 reads not considered because fully enclosed in repeat masked regions
2025-11-07 20:34:40,979 - DEBUG - Read first 40 million reads
2025-11-07 20:34:54,510 - DEBUG - Counting for batch 19, containing 100 cells and 1978310 reads
2025-11-07 20:35:08,962 - DEBUG - 247580 reads not considered because fully enclosed in repeat masked regions
2025-11-07 20:35:27,910 - DEBUG - Counting for batch 20, containing 100 cells and 1998007 reads
2025-11-07 20:35:39,286 - DEBUG - 252758 reads not considered because fully enclosed in repeat masked regions
2025-11-07 20:35:54,755 - DEBUG - Counting for batch 21, containing 100 cells and 1713366 reads
2025-11-07 20:36:05,903 - DEBUG - 216571 reads not considered because fully enclosed in repeat masked regions
2025-11-07 20:36:24,651 - DEBUG - Counting for batch 22, containing 100 cells and 2321936 reads
2025-11-07 20:36:38,565 - DEBUG - 294282 reads not considered because fully enclosed in repeat masked regions
2025-11-07 20:36:50,105 - DEBUG - Read first 50 million reads
2025-11-07 20:36:55,834 - DEBUG - Counting for batch 23, containing 100 cells and 2039920 reads
2025-11-07 20:37:08,218 - DEBUG - 261177 reads not considered because fully enclosed in repeat masked regions
2025-11-07 20:37:22,305 - DEBUG - Counting for batch 24, containing 100 cells and 1835280 reads
2025-11-07 20:37:33,618 - DEBUG - 235843 reads not considered because fully enclosed in repeat masked regions
2025-11-07 20:37:48,415 - DEBUG - Counting for batch 25, containing 100 cells and 1738667 reads
2025-11-07 20:37:57,321 - DEBUG - 220179 reads not considered because fully enclosed in repeat masked regions
2025-11-07 20:38:12,795 - DEBUG - Counting for batch 26, containing 100 cells and 1945112 reads
2025-11-07 20:38:24,441 - DEBUG - 249330 reads not considered because fully enclosed in repeat masked regions
2025-11-07 20:38:42,470 - DEBUG - Counting for batch 27, containing 100 cells and 2262008 reads
2025-11-07 20:38:55,414 - DEBUG - 288360 reads not considered because fully enclosed in repeat masked regions
2025-11-07 20:39:01,539 - DEBUG - Read first 60 million reads
2025-11-07 20:39:10,803 - DEBUG - Counting for batch 28, containing 100 cells and 1822173 reads
2025-11-07 20:39:21,973 - DEBUG - 232168 reads not considered because fully enclosed in repeat masked regions
2025-11-07 20:39:37,897 - DEBUG - Counting for batch 29, containing 100 cells and 1876456 reads
2025-11-07 20:39:47,366 - DEBUG - 233847 reads not considered because fully enclosed in repeat masked regions
2025-11-07 20:40:07,448 - DEBUG - Counting for batch 30, containing 100 cells and 2369903 reads
2025-11-07 20:40:21,163 - DEBUG - 295070 reads not considered because fully enclosed in repeat masked regions
2025-11-07 20:40:36,803 - DEBUG - Counting for batch 31, containing 100 cells and 2038789 reads
2025-11-07 20:40:49,048 - DEBUG - 252802 reads not considered because fully enclosed in repeat masked regions
2025-11-07 20:41:00,372 - DEBUG - Read first 70 million reads
2025-11-07 20:41:02,442 - DEBUG - Counting for batch 32, containing 100 cells and 1724378 reads
2025-11-07 20:41:13,101 - DEBUG - 220960 reads not considered because fully enclosed in repeat masked regions
2025-11-07 20:41:28,677 - DEBUG - Counting for batch 33, containing 100 cells and 1873849 reads
2025-11-07 20:41:38,129 - DEBUG - 235968 reads not considered because fully enclosed in repeat masked regions
2025-11-07 20:41:56,500 - DEBUG - Counting for batch 34, containing 100 cells and 2103253 reads
2025-11-07 20:42:09,103 - DEBUG - 269462 reads not considered because fully enclosed in repeat masked regions
2025-11-07 20:42:23,337 - DEBUG - Counting for batch 35, containing 100 cells and 1827077 reads
2025-11-07 20:42:34,887 - DEBUG - 233375 reads not considered because fully enclosed in repeat masked regions
2025-11-07 20:42:49,490 - DEBUG - Counting for batch 36, containing 100 cells and 1940947 reads
2025-11-07 20:43:01,213 - DEBUG - 246353 reads not considered because fully enclosed in repeat masked regions
2025-11-07 20:43:07,752 - DEBUG - Read first 80 million reads
2025-11-07 20:43:16,078 - DEBUG - Counting for batch 37, containing 100 cells and 1979051 reads
2025-11-07 20:43:27,851 - DEBUG - 252220 reads not considered because fully enclosed in repeat masked regions
2025-11-07 20:43:44,737 - DEBUG - Counting for batch 38, containing 100 cells and 2092854 reads
2025-11-07 20:43:57,112 - DEBUG - 267646 reads not considered because fully enclosed in repeat masked regions
2025-11-07 20:44:14,516 - DEBUG - Counting for batch 39, containing 100 cells and 2098831 reads
2025-11-07 20:44:24,916 - DEBUG - 264756 reads not considered because fully enclosed in repeat masked regions
2025-11-07 20:44:40,517 - DEBUG - Counting for batch 40, containing 100 cells and 1906374 reads
2025-11-07 20:44:52,006 - DEBUG - 240429 reads not considered because fully enclosed in repeat masked regions
2025-11-07 20:45:06,363 - DEBUG - Read first 90 million reads
2025-11-07 20:45:07,978 - DEBUG - Counting for batch 41, containing 100 cells and 1981952 reads
2025-11-07 20:45:19,731 - DEBUG - 248618 reads not considered because fully enclosed in repeat masked regions
2025-11-07 20:45:35,586 - DEBUG - Counting for batch 42, containing 100 cells and 1898307 reads
2025-11-07 20:45:47,141 - DEBUG - 239490 reads not considered because fully enclosed in repeat masked regions
2025-11-07 20:46:00,214 - DEBUG - Counting for batch 43, containing 100 cells and 1685478 reads
2025-11-07 20:46:10,744 - DEBUG - 211577 reads not considered because fully enclosed in repeat masked regions
2025-11-07 20:46:25,653 - DEBUG - Counting for batch 44, containing 100 cells and 2028871 reads
2025-11-07 20:46:37,779 - DEBUG - 260871 reads not considered because fully enclosed in repeat masked regions
2025-11-07 20:46:52,680 - DEBUG - Counting for batch 45, containing 100 cells and 1722145 reads
2025-11-07 20:47:01,507 - DEBUG - 221230 reads not considered because fully enclosed in repeat masked regions
2025-11-07 20:47:13,102 - DEBUG - Read first 100 million reads
2025-11-07 20:47:16,545 - DEBUG - Counting for batch 46, containing 100 cells and 1885190 reads
2025-11-07 20:47:27,926 - DEBUG - 235175 reads not considered because fully enclosed in repeat masked regions
2025-11-07 20:47:42,963 - DEBUG - Counting for batch 47, containing 100 cells and 1783013 reads
2025-11-07 20:47:53,943 - DEBUG - 228172 reads not considered because fully enclosed in repeat masked regions
2025-11-07 20:48:08,347 - DEBUG - Counting for batch 48, containing 100 cells and 1946286 reads
2025-11-07 20:48:20,032 - DEBUG - 248318 reads not considered because fully enclosed in repeat masked regions
2025-11-07 20:48:42,253 - DEBUG - Counting for batch 49, containing 100 cells and 2701816 reads
2025-11-07 20:48:57,211 - DEBUG - 343711 reads not considered because fully enclosed in repeat masked regions
2025-11-07 20:49:12,153 - DEBUG - Read first 110 million reads
2025-11-07 20:49:12,560 - DEBUG - Counting for batch 50, containing 100 cells and 1968352 reads
2025-11-07 20:49:24,400 - DEBUG - 252860 reads not considered because fully enclosed in repeat masked regions
2025-11-07 20:49:46,015 - DEBUG - Counting for batch 51, containing 100 cells and 2546124 reads
2025-11-07 20:49:58,238 - DEBUG - 319282 reads not considered because fully enclosed in repeat masked regions
2025-11-07 20:50:16,510 - DEBUG - Counting for batch 52, containing 100 cells and 2027407 reads
2025-11-07 20:50:28,713 - DEBUG - 263666 reads not considered because fully enclosed in repeat masked regions
2025-11-07 20:50:45,273 - DEBUG - Counting for batch 53, containing 100 cells and 2240631 reads
2025-11-07 20:50:58,201 - DEBUG - 285163 reads not considered because fully enclosed in repeat masked regions
2025-11-07 20:51:14,934 - DEBUG - Counting for batch 54, containing 100 cells and 1980198 reads
2025-11-07 20:51:24,920 - DEBUG - 248303 reads not considered because fully enclosed in repeat masked regions
2025-11-07 20:51:26,994 - DEBUG - Read first 120 million reads
2025-11-07 20:51:43,826 - DEBUG - Counting for batch 55, containing 100 cells and 2189509 reads
2025-11-07 20:51:56,794 - DEBUG - 276858 reads not considered because fully enclosed in repeat masked regions
2025-11-07 20:52:12,050 - DEBUG - Counting for batch 56, containing 100 cells and 1998925 reads
2025-11-07 20:52:24,155 - DEBUG - 254626 reads not considered because fully enclosed in repeat masked regions
2025-11-07 20:52:37,822 - DEBUG - Counting for batch 57, containing 100 cells and 1728931 reads
2025-11-07 20:52:48,519 - DEBUG - 218500 reads not considered because fully enclosed in repeat masked regions
2025-11-07 20:53:02,243 - DEBUG - Counting for batch 58, containing 100 cells and 1827587 reads
2025-11-07 20:53:13,273 - DEBUG - 235543 reads not considered because fully enclosed in repeat masked regions
2025-11-07 20:53:23,024 - DEBUG - Read first 130 million reads
2025-11-07 20:53:31,448 - DEBUG - Counting for batch 59, containing 100 cells and 2328955 reads
2025-11-07 20:53:44,807 - DEBUG - 294824 reads not considered because fully enclosed in repeat masked regions
2025-11-07 20:54:05,592 - DEBUG - Counting for batch 60, containing 100 cells and 2394102 reads
2025-11-07 20:54:19,538 - DEBUG - 307460 reads not considered because fully enclosed in repeat masked regions
2025-11-07 20:54:38,278 - DEBUG - Counting for batch 61, containing 100 cells and 2532434 reads
2025-11-07 20:54:52,597 - DEBUG - 318316 reads not considered because fully enclosed in repeat masked regions
2025-11-07 20:55:08,788 - DEBUG - Counting for batch 62, containing 100 cells and 1897155 reads
2025-11-07 20:55:20,248 - DEBUG - 240877 reads not considered because fully enclosed in repeat masked regions
2025-11-07 20:55:26,996 - DEBUG - Read first 140 million reads
2025-11-07 20:55:38,223 - DEBUG - Counting for batch 63, containing 100 cells and 2219172 reads
2025-11-07 20:55:51,514 - DEBUG - 275640 reads not considered because fully enclosed in repeat masked regions
2025-11-07 20:56:07,588 - DEBUG - Counting for batch 64, containing 100 cells and 2127641 reads
2025-11-07 20:56:20,123 - DEBUG - 271936 reads not considered because fully enclosed in repeat masked regions
2025-11-07 20:56:36,927 - DEBUG - Counting for batch 65, containing 100 cells and 1988619 reads
2025-11-07 20:56:46,829 - DEBUG - 253212 reads not considered because fully enclosed in repeat masked regions
2025-11-07 20:57:07,891 - DEBUG - Counting for batch 66, containing 100 cells and 2508842 reads
2025-11-07 20:57:22,038 - DEBUG - 314770 reads not considered because fully enclosed in repeat masked regions
2025-11-07 20:57:29,577 - DEBUG - Read first 150 million reads
2025-11-07 20:57:39,678 - DEBUG - Counting for batch 67, containing 100 cells and 2344432 reads
2025-11-07 20:57:53,081 - DEBUG - 295612 reads not considered because fully enclosed in repeat masked regions
2025-11-07 20:58:06,889 - DEBUG - Counting for batch 68, containing 100 cells and 1539361 reads
2025-11-07 20:58:16,764 - DEBUG - 195253 reads not considered because fully enclosed in repeat masked regions
2025-11-07 20:58:30,235 - DEBUG - Counting for batch 69, containing 100 cells and 1783264 reads
2025-11-07 20:58:41,336 - DEBUG - 230334 reads not considered because fully enclosed in repeat masked regions
2025-11-07 20:58:58,806 - DEBUG - Counting for batch 70, containing 100 cells and 2126403 reads
2025-11-07 20:59:09,200 - DEBUG - 263898 reads not considered because fully enclosed in repeat masked regions
2025-11-07 20:59:24,625 - DEBUG - Counting for batch 71, containing 100 cells and 1854812 reads
2025-11-07 20:59:35,963 - DEBUG - 238672 reads not considered because fully enclosed in repeat masked regions
2025-11-07 20:59:38,046 - DEBUG - Read first 160 million reads
2025-11-07 20:59:50,314 - DEBUG - Counting for batch 72, containing 100 cells and 1664720 reads
2025-11-07 20:59:58,804 - DEBUG - 214894 reads not considered because fully enclosed in repeat masked regions
2025-11-07 21:00:18,600 - DEBUG - Counting for batch 73, containing 100 cells and 2370557 reads
2025-11-07 21:00:32,382 - DEBUG - 298371 reads not considered because fully enclosed in repeat masked regions
2025-11-07 21:00:46,698 - DEBUG - Counting for batch 74, containing 100 cells and 1814681 reads
2025-11-07 21:00:57,798 - DEBUG - 225506 reads not considered because fully enclosed in repeat masked regions
2025-11-07 21:01:15,512 - DEBUG - Counting for batch 75, containing 100 cells and 2199994 reads
2025-11-07 21:01:28,511 - DEBUG - 280667 reads not considered because fully enclosed in repeat masked regions
2025-11-07 21:01:35,784 - DEBUG - Read first 170 million reads
2025-11-07 21:01:44,779 - DEBUG - Counting for batch 76, containing 100 cells and 2191940 reads
2025-11-07 21:01:57,397 - DEBUG - 284225 reads not considered because fully enclosed in repeat masked regions
2025-11-07 21:02:13,221 - DEBUG - Counting for batch 77, containing 100 cells and 1902449 reads
2025-11-07 21:02:24,712 - DEBUG - 239266 reads not considered because fully enclosed in repeat masked regions
2025-11-07 21:02:37,709 - DEBUG - Counting for batch 78, containing 100 cells and 1681656 reads
2025-11-07 21:02:48,147 - DEBUG - 214311 reads not considered because fully enclosed in repeat masked regions
2025-11-07 21:03:04,895 - DEBUG - Counting for batch 79, containing 100 cells and 2094445 reads
2025-11-07 21:03:17,423 - DEBUG - 264072 reads not considered because fully enclosed in repeat masked regions
2025-11-07 21:03:32,292 - DEBUG - Read first 180 million reads
2025-11-07 21:03:33,765 - DEBUG - Counting for batch 80, containing 100 cells and 2216968 reads
2025-11-07 21:03:46,594 - DEBUG - 282379 reads not considered because fully enclosed in repeat masked regions
2025-11-07 21:04:07,340 - DEBUG - Counting for batch 81, containing 100 cells and 2433190 reads
2025-11-07 21:04:21,411 - DEBUG - 310954 reads not considered because fully enclosed in repeat masked regions
2025-11-07 21:04:39,031 - DEBUG - Counting for batch 82, containing 100 cells and 2373293 reads
2025-11-07 21:04:52,655 - DEBUG - 307679 reads not considered because fully enclosed in repeat masked regions
2025-11-07 21:05:12,447 - DEBUG - Counting for batch 83, containing 100 cells and 2247896 reads
2025-11-07 21:05:25,564 - DEBUG - 288353 reads not considered because fully enclosed in repeat masked regions
2025-11-07 21:05:36,696 - DEBUG - Read first 190 million reads
2025-11-07 21:05:41,940 - DEBUG - Counting for batch 84, containing 100 cells and 2165213 reads
2025-11-07 21:05:54,716 - DEBUG - 277486 reads not considered because fully enclosed in repeat masked regions
2025-11-07 21:06:13,365 - DEBUG - Counting for batch 85, containing 100 cells and 2267242 reads
2025-11-07 21:06:24,334 - DEBUG - 285540 reads not considered because fully enclosed in repeat masked regions
2025-11-07 21:06:42,744 - DEBUG - Counting for batch 86, containing 100 cells and 2059676 reads
2025-11-07 21:06:55,205 - DEBUG - 253701 reads not considered because fully enclosed in repeat masked regions
2025-11-07 21:07:11,337 - DEBUG - Counting for batch 87, containing 100 cells and 2178914 reads
2025-11-07 21:07:23,974 - DEBUG - 285828 reads not considered because fully enclosed in repeat masked regions
2025-11-07 21:07:36,990 - DEBUG - Counting for batch 88, containing 100 cells and 1629097 reads
2025-11-07 21:07:47,119 - DEBUG - 204109 reads not considered because fully enclosed in repeat masked regions
2025-11-07 21:07:49,473 - DEBUG - Read first 200 million reads
2025-11-07 21:08:03,504 - DEBUG - Counting for batch 89, containing 100 cells and 2030248 reads
2025-11-07 21:08:15,813 - DEBUG - 258806 reads not considered because fully enclosed in repeat masked regions
2025-11-07 21:08:30,524 - DEBUG - Counting for batch 90, containing 100 cells and 1939782 reads
2025-11-07 21:08:42,172 - DEBUG - 246709 reads not considered because fully enclosed in repeat masked regions
2025-11-07 21:08:58,597 - DEBUG - Counting for batch 91, containing 100 cells and 1951518 reads
2025-11-07 21:09:08,530 - DEBUG - 250012 reads not considered because fully enclosed in repeat masked regions
2025-11-07 21:09:24,447 - DEBUG - Counting for batch 92, containing 100 cells and 1974825 reads
2025-11-07 21:09:36,294 - DEBUG - 253522 reads not considered because fully enclosed in repeat masked regions
2025-11-07 21:09:46,316 - DEBUG - Read first 210 million reads
2025-11-07 21:09:52,843 - DEBUG - Counting for batch 93, containing 100 cells and 2050048 reads
2025-11-07 21:10:05,094 - DEBUG - 259309 reads not considered because fully enclosed in repeat masked regions
2025-11-07 21:10:20,392 - DEBUG - Counting for batch 94, containing 100 cells and 1791169 reads
2025-11-07 21:10:29,453 - DEBUG - 221984 reads not considered because fully enclosed in repeat masked regions
2025-11-07 21:10:44,339 - DEBUG - Counting for batch 95, containing 100 cells and 1816345 reads
2025-11-07 21:10:55,491 - DEBUG - 236356 reads not considered because fully enclosed in repeat masked regions
2025-11-07 21:11:12,064 - DEBUG - Counting for batch 96, containing 100 cells and 2027532 reads
2025-11-07 21:11:24,278 - DEBUG - 263361 reads not considered because fully enclosed in repeat masked regions
2025-11-07 21:11:38,348 - DEBUG - Counting for batch 97, containing 100 cells and 1828066 reads
2025-11-07 21:11:49,585 - DEBUG - 232654 reads not considered because fully enclosed in repeat masked regions
2025-11-07 21:11:55,200 - DEBUG - Read first 220 million reads
2025-11-07 21:12:05,662 - DEBUG - Counting for batch 98, containing 100 cells and 2194407 reads
2025-11-07 21:12:18,470 - DEBUG - 280792 reads not considered because fully enclosed in repeat masked regions
2025-11-07 21:12:33,509 - DEBUG - Counting for batch 99, containing 100 cells and 1701058 reads
2025-11-07 21:12:42,230 - DEBUG - 214584 reads not considered because fully enclosed in repeat masked regions
2025-11-07 21:12:57,717 - DEBUG - Counting for batch 100, containing 100 cells and 1940764 reads
2025-11-07 21:13:09,385 - DEBUG - 239694 reads not considered because fully enclosed in repeat masked regions
2025-11-07 21:13:26,212 - DEBUG - Counting for batch 101, containing 100 cells and 2110584 reads
2025-11-07 21:13:38,711 - DEBUG - 268054 reads not considered because fully enclosed in repeat masked regions
2025-11-07 21:13:53,326 - DEBUG - Read first 230 million reads
2025-11-07 21:13:53,652 - DEBUG - Counting for batch 102, containing 100 cells and 1726987 reads
2025-11-07 21:14:04,461 - DEBUG - 219172 reads not considered because fully enclosed in repeat masked regions
2025-11-07 21:14:19,071 - DEBUG - Counting for batch 103, containing 100 cells and 1946330 reads
2025-11-07 21:14:30,903 - DEBUG - 248508 reads not considered because fully enclosed in repeat masked regions
2025-11-07 21:14:48,765 - DEBUG - Counting for batch 104, containing 100 cells and 2161726 reads
2025-11-07 21:14:59,352 - DEBUG - 270642 reads not considered because fully enclosed in repeat masked regions
2025-11-07 21:15:14,619 - DEBUG - Counting for batch 105, containing 100 cells and 1836516 reads
2025-11-07 21:15:25,862 - DEBUG - 232490 reads not considered because fully enclosed in repeat masked regions
2025-11-07 21:15:40,235 - DEBUG - Counting for batch 106, containing 100 cells and 1688373 reads
2025-11-07 21:15:50,892 - DEBUG - 214175 reads not considered because fully enclosed in repeat masked regions
2025-11-07 21:15:59,196 - DEBUG - Read first 240 million reads
2025-11-07 21:16:07,054 - DEBUG - Counting for batch 107, containing 100 cells and 2228426 reads
2025-11-07 21:16:19,946 - DEBUG - 277937 reads not considered because fully enclosed in repeat masked regions
2025-11-07 21:16:37,514 - DEBUG - Counting for batch 108, containing 100 cells and 2185152 reads
2025-11-07 21:16:50,082 - DEBUG - 279454 reads not considered because fully enclosed in repeat masked regions
2025-11-07 21:17:07,419 - DEBUG - Counting for batch 109, containing 100 cells and 2159238 reads
2025-11-07 21:17:19,949 - DEBUG - 274429 reads not considered because fully enclosed in repeat masked regions
2025-11-07 21:17:36,010 - DEBUG - Counting for batch 110, containing 100 cells and 1907951 reads
2025-11-07 21:17:47,544 - DEBUG - 246659 reads not considered because fully enclosed in repeat masked regions
2025-11-07 21:17:59,686 - DEBUG - Read first 250 million reads
2025-11-07 21:18:04,159 - DEBUG - Counting for batch 111, containing 100 cells and 2007489 reads
2025-11-07 21:18:16,323 - DEBUG - 255863 reads not considered because fully enclosed in repeat masked regions
2025-11-07 21:18:32,083 - DEBUG - Counting for batch 112, containing 100 cells and 2114418 reads
2025-11-07 21:18:44,432 - DEBUG - 271411 reads not considered because fully enclosed in repeat masked regions
2025-11-07 21:18:59,043 - DEBUG - Counting for batch 113, containing 100 cells and 1944110 reads
2025-11-07 21:19:10,554 - DEBUG - 247418 reads not considered because fully enclosed in repeat masked regions
2025-11-07 21:19:25,928 - DEBUG - Counting for batch 114, containing 100 cells and 1864404 reads
2025-11-07 21:19:37,278 - DEBUG - 236164 reads not considered because fully enclosed in repeat masked regions
2025-11-07 21:19:53,115 - DEBUG - Counting for batch 115, containing 100 cells and 1887953 reads
2025-11-07 21:20:04,775 - DEBUG - 244860 reads not considered because fully enclosed in repeat masked regions
2025-11-07 21:20:10,266 - DEBUG - Read first 260 million reads
2025-11-07 21:20:18,476 - DEBUG - Counting for batch 116, containing 100 cells and 1785600 reads
2025-11-07 21:20:29,661 - DEBUG - 225487 reads not considered because fully enclosed in repeat masked regions
2025-11-07 21:20:43,664 - DEBUG - Counting for batch 117, containing 100 cells and 1823704 reads
2025-11-07 21:20:54,965 - DEBUG - 227629 reads not considered because fully enclosed in repeat masked regions
2025-11-07 21:21:11,233 - DEBUG - Counting for batch 118, containing 100 cells and 2239578 reads
2025-11-07 21:21:24,084 - DEBUG - 289539 reads not considered because fully enclosed in repeat masked regions
2025-11-07 21:21:39,880 - DEBUG - Counting for batch 119, containing 100 cells and 1892160 reads
2025-11-07 21:21:51,477 - DEBUG - 237922 reads not considered because fully enclosed in repeat masked regions
2025-11-07 21:22:07,065 - DEBUG - Read first 270 million reads
2025-11-07 21:22:07,552 - DEBUG - Counting for batch 120, containing 100 cells and 1932016 reads
2025-11-07 21:22:19,438 - DEBUG - 243464 reads not considered because fully enclosed in repeat masked regions
2025-11-07 21:22:33,056 - DEBUG - Counting for batch 121, containing 100 cells and 1731988 reads
2025-11-07 21:22:43,963 - DEBUG - 225601 reads not considered because fully enclosed in repeat masked regions
2025-11-07 21:22:59,607 - DEBUG - Counting for batch 122, containing 100 cells and 2133711 reads
2025-11-07 21:23:12,176 - DEBUG - 275055 reads not considered because fully enclosed in repeat masked regions
2025-11-07 21:23:26,993 - DEBUG - Counting for batch 123, containing 100 cells and 1698251 reads
2025-11-07 21:23:37,649 - DEBUG - 211385 reads not considered because fully enclosed in repeat masked regions
2025-11-07 21:23:54,002 - DEBUG - Counting for batch 124, containing 100 cells and 2262746 reads
2025-11-07 21:24:07,258 - DEBUG - 288480 reads not considered because fully enclosed in repeat masked regions
2025-11-07 21:24:16,283 - DEBUG - Read first 280 million reads
2025-11-07 21:24:22,045 - DEBUG - Counting for batch 125, containing 100 cells and 1685486 reads
2025-11-07 21:24:32,663 - DEBUG - 216540 reads not considered because fully enclosed in repeat masked regions
2025-11-07 21:24:47,821 - DEBUG - Counting for batch 126, containing 100 cells and 2075523 reads
2025-11-07 21:25:00,219 - DEBUG - 263577 reads not considered because fully enclosed in repeat masked regions
2025-11-07 21:25:15,648 - DEBUG - Counting for batch 127, containing 100 cells and 1800400 reads
2025-11-07 21:25:26,884 - DEBUG - 230063 reads not considered because fully enclosed in repeat masked regions
2025-11-07 21:25:42,271 - DEBUG - Counting for batch 128, containing 100 cells and 2079633 reads
2025-11-07 21:25:54,756 - DEBUG - 266877 reads not considered because fully enclosed in repeat masked regions
2025-11-07 21:26:08,959 - DEBUG - Counting for batch 129, containing 100 cells and 1865331 reads
2025-11-07 21:26:20,286 - DEBUG - 235401 reads not considered because fully enclosed in repeat masked regions
2025-11-07 21:26:24,385 - DEBUG - Read first 290 million reads
2025-11-07 21:26:36,234 - DEBUG - Counting for batch 130, containing 100 cells and 1954004 reads
2025-11-07 21:26:48,006 - DEBUG - 244958 reads not considered because fully enclosed in repeat masked regions
2025-11-07 21:27:01,714 - DEBUG - Counting for batch 131, containing 100 cells and 1788329 reads
2025-11-07 21:27:12,785 - DEBUG - 230128 reads not considered because fully enclosed in repeat masked regions
2025-11-07 21:27:27,997 - DEBUG - Counting for batch 132, containing 100 cells and 1804677 reads
2025-11-07 21:27:39,246 - DEBUG - 226586 reads not considered because fully enclosed in repeat masked regions
2025-11-07 21:27:53,068 - DEBUG - Counting for batch 133, containing 100 cells and 1807990 reads
2025-11-07 21:28:04,232 - DEBUG - 224032 reads not considered because fully enclosed in repeat masked regions
2025-11-07 21:28:19,044 - DEBUG - Read first 300 million reads
2025-11-07 21:28:22,510 - DEBUG - Counting for batch 134, containing 100 cells and 2257785 reads
2025-11-07 21:28:33,586 - DEBUG - 292988 reads not considered because fully enclosed in repeat masked regions
2025-11-07 21:28:49,243 - DEBUG - Counting for batch 135, containing 100 cells and 1898479 reads
2025-11-07 21:29:00,697 - DEBUG - 239414 reads not considered because fully enclosed in repeat masked regions
2025-11-07 21:29:15,814 - DEBUG - Counting for batch 136, containing 100 cells and 1826527 reads
2025-11-07 21:29:26,991 - DEBUG - 230801 reads not considered because fully enclosed in repeat masked regions
2025-11-07 21:29:40,982 - DEBUG - Counting for batch 137, containing 100 cells and 1863964 reads
2025-11-07 21:29:52,273 - DEBUG - 240826 reads not considered because fully enclosed in repeat masked regions
2025-11-07 21:30:05,914 - DEBUG - Counting for batch 138, containing 100 cells and 1567659 reads
2025-11-07 21:30:14,035 - DEBUG - 195352 reads not considered because fully enclosed in repeat masked regions
2025-11-07 21:30:26,974 - DEBUG - Read first 310 million reads
2025-11-07 21:30:31,677 - DEBUG - Counting for batch 139, containing 100 cells and 2016697 reads
2025-11-07 21:30:44,035 - DEBUG - 257991 reads not considered because fully enclosed in repeat masked regions
2025-11-07 21:31:00,318 - DEBUG - Counting for batch 140, containing 100 cells and 2189672 reads
2025-11-07 21:31:13,164 - DEBUG - 276904 reads not considered because fully enclosed in repeat masked regions
2025-11-07 21:31:24,866 - DEBUG - Counting for batch 141, containing 100 cells and 1403505 reads
2025-11-07 21:31:34,015 - DEBUG - 178410 reads not considered because fully enclosed in repeat masked regions
2025-11-07 21:31:46,784 - DEBUG - Counting for batch 142, containing 100 cells and 1699331 reads
2025-11-07 21:31:57,323 - DEBUG - 219468 reads not considered because fully enclosed in repeat masked regions
2025-11-07 21:32:14,078 - DEBUG - Counting for batch 143, containing 100 cells and 2072649 reads
2025-11-07 21:32:26,682 - DEBUG - 267173 reads not considered because fully enclosed in repeat masked regions
2025-11-07 21:32:35,013 - DEBUG - Read first 320 million reads
2025-11-07 21:32:40,843 - DEBUG - Counting for batch 144, containing 100 cells and 1808023 reads
2025-11-07 21:32:51,992 - DEBUG - 231694 reads not considered because fully enclosed in repeat masked regions
2025-11-07 21:33:05,537 - DEBUG - Counting for batch 145, containing 100 cells and 1767496 reads
2025-11-07 21:33:16,509 - DEBUG - 227315 reads not considered because fully enclosed in repeat masked regions
2025-11-07 21:33:30,088 - DEBUG - Counting for batch 146, containing 100 cells and 1802893 reads
2025-11-07 21:33:41,093 - DEBUG - 226720 reads not considered because fully enclosed in repeat masked regions
2025-11-07 21:33:55,479 - DEBUG - Counting for batch 147, containing 100 cells and 1713837 reads
2025-11-07 21:34:06,171 - DEBUG - 217028 reads not considered because fully enclosed in repeat masked regions
2025-11-07 21:34:19,796 - DEBUG - Counting for batch 148, containing 100 cells and 1815026 reads
2025-11-07 21:34:30,940 - DEBUG - 228339 reads not considered because fully enclosed in repeat masked regions
2025-11-07 21:34:40,359 - DEBUG - Read first 330 million reads
2025-11-07 21:34:47,212 - DEBUG - Counting for batch 149, containing 100 cells and 1978108 reads
2025-11-07 21:34:59,240 - DEBUG - 248039 reads not considered because fully enclosed in repeat masked regions
2025-11-07 21:35:14,943 - DEBUG - Counting for batch 150, containing 100 cells and 2129291 reads
2025-11-07 21:35:27,359 - DEBUG - 272367 reads not considered because fully enclosed in repeat masked regions
2025-11-07 21:35:44,996 - DEBUG - Counting for batch 151, containing 100 cells and 2205787 reads
2025-11-07 21:35:57,689 - DEBUG - 282914 reads not considered because fully enclosed in repeat masked regions
2025-11-07 21:36:12,765 - DEBUG - Counting for batch 152, containing 100 cells and 1718207 reads
2025-11-07 21:36:23,546 - DEBUG - 216849 reads not considered because fully enclosed in repeat masked regions
2025-11-07 21:36:38,353 - DEBUG - Read first 340 million reads
2025-11-07 21:36:38,612 - DEBUG - Counting for batch 153, containing 100 cells and 2023941 reads
2025-11-07 21:36:50,962 - DEBUG - 258070 reads not considered because fully enclosed in repeat masked regions
2025-11-07 21:37:04,876 - DEBUG - Counting for batch 154, containing 100 cells and 1815018 reads
2025-11-07 21:37:15,881 - DEBUG - 227247 reads not considered because fully enclosed in repeat masked regions
2025-11-07 21:37:32,568 - DEBUG - Counting for batch 155, containing 100 cells and 2059824 reads
2025-11-07 21:37:44,934 - DEBUG - 261971 reads not considered because fully enclosed in repeat masked regions
2025-11-07 21:37:58,291 - DEBUG - Counting for batch 156, containing 100 cells and 1722269 reads
2025-11-07 21:38:09,004 - DEBUG - 217001 reads not considered because fully enclosed in repeat masked regions
2025-11-07 21:38:26,110 - DEBUG - Counting for batch 157, containing 100 cells and 2156909 reads
2025-11-07 21:38:38,954 - DEBUG - 274320 reads not considered because fully enclosed in repeat masked regions
2025-11-07 21:38:48,539 - DEBUG - Read first 350 million reads
2025-11-07 21:38:54,892 - DEBUG - Counting for batch 158, containing 100 cells and 1875944 reads
2025-11-07 21:39:06,381 - DEBUG - 235186 reads not considered because fully enclosed in repeat masked regions
2025-11-07 21:39:19,909 - DEBUG - Counting for batch 159, containing 100 cells and 1752562 reads
2025-11-07 21:39:30,872 - DEBUG - 218891 reads not considered because fully enclosed in repeat masked regions
2025-11-07 21:39:46,157 - DEBUG - Counting for batch 160, containing 100 cells and 2098157 reads
2025-11-07 21:39:58,426 - DEBUG - 270839 reads not considered because fully enclosed in repeat masked regions
2025-11-07 21:40:13,487 - DEBUG - Counting for batch 161, containing 100 cells and 1779472 reads
2025-11-07 21:40:24,542 - DEBUG - 223827 reads not considered because fully enclosed in repeat masked regions
2025-11-07 21:40:38,537 - DEBUG - Counting for batch 162, containing 100 cells and 1881400 reads
2025-11-07 21:40:49,869 - DEBUG - 234332 reads not considered because fully enclosed in repeat masked regions
2025-11-07 21:40:56,532 - DEBUG - Read first 360 million reads
2025-11-07 21:41:06,798 - DEBUG - Counting for batch 163, containing 100 cells and 2108208 reads
2025-11-07 21:41:19,286 - DEBUG - 270899 reads not considered because fully enclosed in repeat masked regions
2025-11-07 21:41:35,011 - DEBUG - Counting for batch 164, containing 100 cells and 1831659 reads
2025-11-07 21:41:44,241 - DEBUG - 228120 reads not considered because fully enclosed in repeat masked regions
2025-11-07 21:42:02,295 - DEBUG - Counting for batch 165, containing 100 cells and 2070541 reads
2025-11-07 21:42:14,824 - DEBUG - 259682 reads not considered because fully enclosed in repeat masked regions
2025-11-07 21:42:28,575 - DEBUG - Counting for batch 166, containing 100 cells and 1728154 reads
2025-11-07 21:42:37,458 - DEBUG - 220033 reads not considered because fully enclosed in repeat masked regions
2025-11-07 21:42:51,664 - DEBUG - Counting for batch 167, containing 100 cells and 1734227 reads
2025-11-07 21:43:02,435 - DEBUG - 219478 reads not considered because fully enclosed in repeat masked regions
2025-11-07 21:43:04,500 - DEBUG - Read first 370 million reads
2025-11-07 21:43:18,204 - DEBUG - Counting for batch 168, containing 100 cells and 1942229 reads
2025-11-07 21:43:30,003 - DEBUG - 246076 reads not considered because fully enclosed in repeat masked regions
2025-11-07 21:43:44,909 - DEBUG - Counting for batch 169, containing 100 cells and 1997057 reads
2025-11-07 21:43:56,843 - DEBUG - 250732 reads not considered because fully enclosed in repeat masked regions
2025-11-07 21:44:13,958 - DEBUG - Counting for batch 170, containing 100 cells and 2131531 reads
2025-11-07 21:44:26,402 - DEBUG - 271893 reads not considered because fully enclosed in repeat masked regions
2025-11-07 21:44:42,814 - DEBUG - Counting for batch 171, containing 100 cells and 1959481 reads
2025-11-07 21:44:54,711 - DEBUG - 250525 reads not considered because fully enclosed in repeat masked regions
2025-11-07 21:45:02,305 - DEBUG - Read first 380 million reads
2025-11-07 21:45:08,226 - DEBUG - Counting for batch 172, containing 100 cells and 1741951 reads
2025-11-07 21:45:18,994 - DEBUG - 217582 reads not considered because fully enclosed in repeat masked regions
2025-11-07 21:45:32,500 - DEBUG - Counting for batch 173, containing 100 cells and 1781219 reads
2025-11-07 21:45:43,409 - DEBUG - 229560 reads not considered because fully enclosed in repeat masked regions
2025-11-07 21:45:59,808 - DEBUG - Counting for batch 174, containing 100 cells and 2000498 reads
2025-11-07 21:46:11,848 - DEBUG - 248273 reads not considered because fully enclosed in repeat masked regions
2025-11-07 21:46:26,006 - DEBUG - Counting for batch 175, containing 100 cells and 1838207 reads
2025-11-07 21:46:37,359 - DEBUG - 230747 reads not considered because fully enclosed in repeat masked regions
2025-11-07 21:46:55,162 - DEBUG - Counting for batch 176, containing 100 cells and 2177213 reads
2025-11-07 21:47:06,012 - DEBUG - 283129 reads not considered because fully enclosed in repeat masked regions
2025-11-07 21:47:11,067 - DEBUG - Read first 390 million reads
2025-11-07 21:47:24,794 - DEBUG - Counting for batch 177, containing 100 cells and 2128213 reads
2025-11-07 21:47:35,415 - DEBUG - 268778 reads not considered because fully enclosed in repeat masked regions
2025-11-07 21:47:53,537 - DEBUG - Counting for batch 178, containing 100 cells and 2049679 reads
2025-11-07 21:48:05,901 - DEBUG - 262824 reads not considered because fully enclosed in repeat masked regions
2025-11-07 21:48:20,675 - DEBUG - Counting for batch 179, containing 100 cells and 1937936 reads
2025-11-07 21:48:32,570 - DEBUG - 253180 reads not considered because fully enclosed in repeat masked regions
2025-11-07 21:48:51,871 - DEBUG - Counting for batch 180, containing 100 cells and 2409941 reads
2025-11-07 21:49:06,075 - DEBUG - 309026 reads not considered because fully enclosed in repeat masked regions
2025-11-07 21:49:11,533 - DEBUG - Counting for batch 181, containing 34 cells and 588694 reads
2025-11-07 21:49:14,895 - DEBUG - 74032 reads not considered because fully enclosed in repeat masked regions
2025-11-07 21:49:15,377 - DEBUG - 13220055 reads were skipped because no apropiate cell or umi barcode was found
2025-11-07 21:49:15,377 - DEBUG - Counting done!
2025-11-07 21:49:15,384 - DEBUG - Generating output file /home/dcaceres/Tet2sc/Results/plots/scVelo/velocyto_loom_files/smpR065_DsRedP-KO3.loom
2025-11-07 21:49:15,384 - DEBUG - Collecting row attributes
2025-11-07 21:49:15,490 - DEBUG - Generating data table
2025-11-07 21:49:20,168 - DEBUG - Writing loom file
2025-11-07 21:49:24,335 - DEBUG - Creating converter from 5 to 3
2025-11-07 21:49:24,335 - DEBUG - Creating converter from 3 to 5
2025-11-07 21:49:53,108 - DEBUG - Terminated Succesfully!
✅ ÉXITO: Loom creado correctamente: /home/dcaceres/Tet2sc/Results/plots/scVelo/velocyto_loom_files/smpR065_DsRedP-KO3.loom
------------------------------------------------------------
🎉 Proceso finalizado correctamente para smpR065_DsRedP-KO3
Finalizado en: Fri Nov  7 21:49:55 CET 2025
------------------------------------------------------------
