------------------------------------------------------------
🚀 INICIO DEL PROCESO VELOCYTO - Tue Nov  4 10:51:31 CET 2025
------------------------------------------------------------
=== Procesando muestra: WT1-DsRedn ===
Directorio de entrada: /storage/scratch01/groups/ci/Trem1_GEICAM/Sarai/Single.Cell.Tet2/outs/out.smR039a.9/outs/per_sample_outs/WT1-DsRedn/count
Nodo: bc010 | JobID: 5580490 | TaskID: 0
------------------------------------------------------------
🧬 Ejecutando Velocyto...
2025-11-04 10:51:45,151 - DEBUG - Using logic: Default
2025-11-04 10:51:45,177 - INFO - Read 18136 cell barcodes from /storage/scratch01/groups/ci/Trem1_GEICAM/Sarai/Single.Cell.Tet2/outs/out.smR039a.9/outs/per_sample_outs/WT1-DsRedn/count/sample_filtered_feature_bc_matrix/barcodes.tsv.gz
2025-11-04 10:51:45,177 - DEBUG - Example of barcode: AAACAAGCAAGGAATAACTTTAGG and cell_id: WT1-DsRedn:AAACAAGCAAGGAATAACTTTAGG-1
2025-11-04 10:51:45,221 - DEBUG - Peeking into /storage/scratch01/groups/ci/Trem1_GEICAM/Sarai/Single.Cell.Tet2/outs/out.smR039a.9/outs/per_sample_outs/WT1-DsRedn/count/sample_alignments.bam
2025-11-04 10:51:45,293 - WARNING - Not found cell and umi barcode in entry 135 of the bam file
2025-11-04 10:51:45,293 - WARNING - Not found cell and umi barcode in entry 145 of the bam file
2025-11-04 10:51:45,293 - WARNING - Not found cell and umi barcode in entry 147 of the bam file
2025-11-04 10:51:45,293 - WARNING - Not found cell and umi barcode in entry 222 of the bam file
2025-11-04 10:51:45,293 - WARNING - Not found cell and umi barcode in entry 235 of the bam file
2025-11-04 10:51:45,293 - WARNING - Not found cell and umi barcode in entry 312 of the bam file
2025-11-04 10:51:45,293 - WARNING - Not found cell and umi barcode in entry 333 of the bam file
2025-11-04 10:51:45,295 - WARNING - Not found cell and umi barcode in entry 662 of the bam file
2025-11-04 10:51:45,295 - WARNING - Not found cell and umi barcode in entry 860 of the bam file
2025-11-04 10:51:45,298 - WARNING - The file /storage/scratch01/groups/ci/Trem1_GEICAM/Sarai/Single.Cell.Tet2/outs/out.smR039a.9/outs/per_sample_outs/WT1-DsRedn/count/cellsorted_sample_alignments.bam already exists. The sorting step will be skipped and the existing file will be used.
2025-11-04 10:51:45,298 - INFO - Load the annotation from /storage/scratch01/groups/ci/Trem1_GEICAM/Sarai/Annonation_Files/gencode.vM25.annotation.gtf
2025-11-04 10:51:48,629 - DEBUG - Parsing Chromosome 1 strand - [line 0]
2025-11-04 10:51:48,743 - DEBUG - Done with 1- [line 59062]
2025-11-04 10:51:48,743 - DEBUG - Assigning indexes to genes
2025-11-04 10:51:48,745 - DEBUG - Seen 1693 genes until now
2025-11-04 10:51:48,745 - DEBUG - Parsing Chromosome 1 strand + [line 59063]
2025-11-04 10:51:49,012 - DEBUG - Done with 1+ [line 116931]
2025-11-04 10:51:49,012 - DEBUG - Assigning indexes to genes
2025-11-04 10:51:49,015 - DEBUG - Seen 3446 genes until now
2025-11-04 10:51:49,015 - DEBUG - Parsing Chromosome 10 strand - [line 116932]
2025-11-04 10:51:49,224 - DEBUG - Done with 10- [line 158870]
2025-11-04 10:51:49,224 - DEBUG - Assigning indexes to genes
2025-11-04 10:51:49,226 - DEBUG - Seen 4713 genes until now
2025-11-04 10:51:49,226 - DEBUG - Parsing Chromosome 10 strand + [line 158871]
2025-11-04 10:51:49,312 - DEBUG - Done with 10+ [line 203797]
2025-11-04 10:51:49,312 - DEBUG - Assigning indexes to genes
2025-11-04 10:51:49,315 - DEBUG - Seen 6068 genes until now
2025-11-04 10:51:49,315 - DEBUG - Parsing Chromosome 11 strand - [line 203798]
2025-11-04 10:51:49,596 - DEBUG - Done with 11- [line 268491]
2025-11-04 10:51:49,596 - DEBUG - Assigning indexes to genes
2025-11-04 10:51:49,600 - DEBUG - Seen 7617 genes until now
2025-11-04 10:51:49,600 - DEBUG - Parsing Chromosome 11 strand + [line 268492]
2025-11-04 10:51:49,737 - DEBUG - Done with 11+ [line 332954]
2025-11-04 10:51:49,737 - DEBUG - Assigning indexes to genes
2025-11-04 10:51:49,740 - DEBUG - Seen 9067 genes until now
2025-11-04 10:51:49,740 - DEBUG - Parsing Chromosome 12 strand - [line 332955]
2025-11-04 10:51:49,801 - DEBUG - Done with 12- [line 360299]
2025-11-04 10:51:49,801 - DEBUG - Assigning indexes to genes
2025-11-04 10:51:49,803 - DEBUG - Seen 10382 genes until now
2025-11-04 10:51:49,803 - DEBUG - Parsing Chromosome 12 strand + [line 360300]
2025-11-04 10:51:49,876 - DEBUG - Done with 12+ [line 397190]
2025-11-04 10:51:49,876 - DEBUG - Assigning indexes to genes
2025-11-04 10:51:49,878 - DEBUG - Seen 11544 genes until now
2025-11-04 10:51:49,878 - DEBUG - Parsing Chromosome 13 strand - [line 397191]
2025-11-04 10:51:50,127 - DEBUG - Done with 13- [line 433847]
2025-11-04 10:51:50,127 - DEBUG - Assigning indexes to genes
2025-11-04 10:51:50,130 - DEBUG - Seen 12811 genes until now
2025-11-04 10:51:50,130 - DEBUG - Parsing Chromosome 13 strand + [line 433848]
2025-11-04 10:51:50,186 - DEBUG - Done with 13+ [line 462828]
2025-11-04 10:51:50,186 - DEBUG - Assigning indexes to genes
2025-11-04 10:51:50,188 - DEBUG - Seen 14046 genes until now
2025-11-04 10:51:50,188 - DEBUG - Parsing Chromosome 14 strand - [line 462829]
2025-11-04 10:51:50,288 - DEBUG - Done with 14- [line 501813]
2025-11-04 10:51:50,288 - DEBUG - Assigning indexes to genes
2025-11-04 10:51:50,290 - DEBUG - Seen 15241 genes until now
2025-11-04 10:51:50,290 - DEBUG - Parsing Chromosome 14 strand + [line 501814]
2025-11-04 10:51:50,369 - DEBUG - Done with 14+ [line 537473]
2025-11-04 10:51:50,369 - DEBUG - Assigning indexes to genes
2025-11-04 10:51:50,372 - DEBUG - Seen 16580 genes until now
2025-11-04 10:51:50,372 - DEBUG - Parsing Chromosome 15 strand - [line 537474]
2025-11-04 10:51:50,447 - DEBUG - Done with 15- [line 575556]
2025-11-04 10:51:50,447 - DEBUG - Assigning indexes to genes
2025-11-04 10:51:50,449 - DEBUG - Seen 17521 genes until now
2025-11-04 10:51:50,449 - DEBUG - Parsing Chromosome 15 strand + [line 575557]
2025-11-04 10:51:50,722 - DEBUG - Done with 15+ [line 608149]
2025-11-04 10:51:50,722 - DEBUG - Assigning indexes to genes
2025-11-04 10:51:50,724 - DEBUG - Seen 18432 genes until now
2025-11-04 10:51:50,724 - DEBUG - Parsing Chromosome 16 strand - [line 608150]
2025-11-04 10:51:50,780 - DEBUG - Done with 16- [line 636582]
2025-11-04 10:51:50,780 - DEBUG - Assigning indexes to genes
2025-11-04 10:51:50,781 - DEBUG - Seen 19223 genes until now
2025-11-04 10:51:50,781 - DEBUG - Parsing Chromosome 16 strand + [line 636583]
2025-11-04 10:51:50,844 - DEBUG - Done with 16+ [line 668857]
2025-11-04 10:51:50,844 - DEBUG - Assigning indexes to genes
2025-11-04 10:51:50,845 - DEBUG - Seen 20039 genes until now
2025-11-04 10:51:50,845 - DEBUG - Parsing Chromosome 17 strand - [line 668858]
2025-11-04 10:51:50,961 - DEBUG - Done with 17- [line 715100]
2025-11-04 10:51:50,961 - DEBUG - Assigning indexes to genes
2025-11-04 10:51:50,964 - DEBUG - Seen 21218 genes until now
2025-11-04 10:51:50,964 - DEBUG - Parsing Chromosome 17 strand + [line 715101]
2025-11-04 10:51:51,070 - DEBUG - Done with 17+ [line 764344]
2025-11-04 10:51:51,070 - DEBUG - Assigning indexes to genes
2025-11-04 10:51:51,075 - DEBUG - Seen 22359 genes until now
2025-11-04 10:51:51,075 - DEBUG - Parsing Chromosome 18 strand - [line 764345]
2025-11-04 10:51:51,113 - DEBUG - Done with 18- [line 784050]
2025-11-04 10:51:51,113 - DEBUG - Assigning indexes to genes
2025-11-04 10:51:51,114 - DEBUG - Seen 22997 genes until now
2025-11-04 10:51:51,115 - DEBUG - Parsing Chromosome 18 strand + [line 784051]
2025-11-04 10:51:51,411 - DEBUG - Done with 18+ [line 811173]
2025-11-04 10:51:51,412 - DEBUG - Assigning indexes to genes
2025-11-04 10:51:51,413 - DEBUG - Seen 23758 genes until now
2025-11-04 10:51:51,413 - DEBUG - Parsing Chromosome 19 strand - [line 811174]
2025-11-04 10:51:51,478 - DEBUG - Done with 19- [line 844397]
2025-11-04 10:51:51,478 - DEBUG - Assigning indexes to genes
2025-11-04 10:51:51,480 - DEBUG - Seen 24442 genes until now
2025-11-04 10:51:51,480 - DEBUG - Parsing Chromosome 19 strand + [line 844398]
2025-11-04 10:51:51,537 - DEBUG - Done with 19+ [line 873497]
2025-11-04 10:51:51,537 - DEBUG - Assigning indexes to genes
2025-11-04 10:51:51,539 - DEBUG - Seen 25152 genes until now
2025-11-04 10:51:51,539 - DEBUG - Parsing Chromosome 2 strand - [line 873498]
2025-11-04 10:51:51,736 - DEBUG - Done with 2- [line 953009]
2025-11-04 10:51:51,736 - DEBUG - Assigning indexes to genes
2025-11-04 10:51:51,741 - DEBUG - Seen 26981 genes until now
2025-11-04 10:51:51,741 - DEBUG - Parsing Chromosome 2 strand + [line 953010]
2025-11-04 10:51:51,889 - DEBUG - Done with 2+ [line 1027336]
2025-11-04 10:51:51,889 - DEBUG - Assigning indexes to genes
2025-11-04 10:51:51,893 - DEBUG - Seen 28946 genes until now
2025-11-04 10:51:51,893 - DEBUG - Parsing Chromosome 3 strand - [line 1027337]
2025-11-04 10:51:51,973 - DEBUG - Done with 3- [line 1069026]
2025-11-04 10:51:51,973 - DEBUG - Assigning indexes to genes
2025-11-04 10:51:51,976 - DEBUG - Seen 30404 genes until now
2025-11-04 10:51:51,976 - DEBUG - Parsing Chromosome 3 strand + [line 1069027]
2025-11-04 10:51:52,378 - DEBUG - Done with 3+ [line 1115102]
2025-11-04 10:51:52,378 - DEBUG - Assigning indexes to genes
2025-11-04 10:51:52,381 - DEBUG - Seen 31831 genes until now
2025-11-04 10:51:52,381 - DEBUG - Parsing Chromosome 4 strand - [line 1115103]
2025-11-04 10:51:52,486 - DEBUG - Done with 4- [line 1169156]
2025-11-04 10:51:52,487 - DEBUG - Assigning indexes to genes
2025-11-04 10:51:52,490 - DEBUG - Seen 33222 genes until now
2025-11-04 10:51:52,490 - DEBUG - Parsing Chromosome 4 strand + [line 1169157]
2025-11-04 10:51:52,590 - DEBUG - Done with 4+ [line 1221291]
2025-11-04 10:51:52,590 - DEBUG - Assigning indexes to genes
2025-11-04 10:51:52,593 - DEBUG - Seen 34690 genes until now
2025-11-04 10:51:52,593 - DEBUG - Parsing Chromosome 5 strand - [line 1221292]
2025-11-04 10:51:52,712 - DEBUG - Done with 5- [line 1282135]
2025-11-04 10:51:52,712 - DEBUG - Assigning indexes to genes
2025-11-04 10:51:52,715 - DEBUG - Seen 36281 genes until now
2025-11-04 10:51:52,715 - DEBUG - Parsing Chromosome 5 strand + [line 1282136]
2025-11-04 10:51:52,834 - DEBUG - Done with 5+ [line 1344076]
2025-11-04 10:51:52,834 - DEBUG - Assigning indexes to genes
2025-11-04 10:51:52,838 - DEBUG - Seen 37942 genes until now
2025-11-04 10:51:52,838 - DEBUG - Parsing Chromosome 6 strand - [line 1344077]
2025-11-04 10:51:52,941 - DEBUG - Done with 6- [line 1392155]
2025-11-04 10:51:52,941 - DEBUG - Assigning indexes to genes
2025-11-04 10:51:52,946 - DEBUG - Seen 39466 genes until now
2025-11-04 10:51:52,946 - DEBUG - Parsing Chromosome 6 strand + [line 1392156]
2025-11-04 10:51:53,411 - DEBUG - Done with 6+ [line 1442945]
2025-11-04 10:51:53,411 - DEBUG - Assigning indexes to genes
2025-11-04 10:51:53,416 - DEBUG - Seen 41071 genes until now
2025-11-04 10:51:53,416 - DEBUG - Parsing Chromosome 7 strand - [line 1442946]
2025-11-04 10:51:53,587 - DEBUG - Done with 7- [line 1521802]
2025-11-04 10:51:53,587 - DEBUG - Assigning indexes to genes
2025-11-04 10:51:53,593 - DEBUG - Seen 43608 genes until now
2025-11-04 10:51:53,593 - DEBUG - Parsing Chromosome 7 strand + [line 1521803]
2025-11-04 10:51:53,735 - DEBUG - Done with 7+ [line 1597237]
2025-11-04 10:51:53,735 - DEBUG - Assigning indexes to genes
2025-11-04 10:51:53,743 - DEBUG - Seen 45790 genes until now
2025-11-04 10:51:53,743 - DEBUG - Parsing Chromosome 8 strand - [line 1597238]
2025-11-04 10:51:53,817 - DEBUG - Done with 8- [line 1635144]
2025-11-04 10:51:53,817 - DEBUG - Assigning indexes to genes
2025-11-04 10:51:53,819 - DEBUG - Seen 47022 genes until now
2025-11-04 10:51:53,819 - DEBUG - Parsing Chromosome 8 strand + [line 1635145]
2025-11-04 10:51:53,913 - DEBUG - Done with 8+ [line 1684308]
2025-11-04 10:51:53,913 - DEBUG - Assigning indexes to genes
2025-11-04 10:51:53,915 - DEBUG - Seen 48326 genes until now
2025-11-04 10:51:53,915 - DEBUG - Parsing Chromosome 9 strand - [line 1684309]
2025-11-04 10:51:54,020 - DEBUG - Done with 9- [line 1738082]
2025-11-04 10:51:54,020 - DEBUG - Assigning indexes to genes
2025-11-04 10:51:54,023 - DEBUG - Seen 49688 genes until now
2025-11-04 10:51:54,023 - DEBUG - Parsing Chromosome 9 strand + [line 1738083]
2025-11-04 10:51:54,129 - DEBUG - Done with 9+ [line 1794072]
2025-11-04 10:51:54,129 - DEBUG - Assigning indexes to genes
2025-11-04 10:51:54,132 - DEBUG - Seen 51169 genes until now
2025-11-04 10:51:54,132 - DEBUG - Parsing Chromosome M strand - [line 1794073]
2025-11-04 10:51:54,132 - DEBUG - Done with M- [line 1794103]
2025-11-04 10:51:54,132 - DEBUG - Assigning indexes to genes
2025-11-04 10:51:54,132 - DEBUG - Seen 51178 genes until now
2025-11-04 10:51:54,132 - DEBUG - Parsing Chromosome M strand + [line 1794104]
2025-11-04 10:51:54,132 - DEBUG - Done with M+ [line 1794225]
2025-11-04 10:51:54,132 - DEBUG - Assigning indexes to genes
2025-11-04 10:51:54,132 - DEBUG - Seen 51206 genes until now
2025-11-04 10:51:54,132 - DEBUG - Parsing Chromosome X strand - [line 1794226]
2025-11-04 10:51:54,190 - DEBUG - Done with X- [line 1824523]
2025-11-04 10:51:54,190 - DEBUG - Assigning indexes to genes
2025-11-04 10:51:54,192 - DEBUG - Seen 52478 genes until now
2025-11-04 10:51:54,192 - DEBUG - Parsing Chromosome X strand + [line 1824524]
2025-11-04 10:51:54,669 - DEBUG - Done with X+ [line 1858357]
2025-11-04 10:51:54,669 - DEBUG - Assigning indexes to genes
2025-11-04 10:51:54,672 - DEBUG - Seen 53832 genes until now
2025-11-04 10:51:54,672 - DEBUG - Parsing Chromosome Y strand - [line 1858358]
2025-11-04 10:51:54,687 - DEBUG - Done with Y- [line 1865468]
2025-11-04 10:51:54,687 - DEBUG - Assigning indexes to genes
2025-11-04 10:51:54,688 - DEBUG - Seen 54711 genes until now
2025-11-04 10:51:54,688 - DEBUG - Parsing Chromosome Y strand + [line 1865469]
2025-11-04 10:51:54,702 - DEBUG - Assigning indexes to genes
2025-11-04 10:51:54,703 - DEBUG - Done with Y+ [line 1872050]
2025-11-04 10:51:54,703 - DEBUG - Fixing corner cases of transcript models containg intron longer than 1000Kbp
2025-11-04 10:51:55,210 - DEBUG - Generated 1544182 features corresponding to 142604 transcript models from /storage/scratch01/groups/ci/Trem1_GEICAM/Sarai/Annonation_Files/gencode.vM25.annotation.gtf
2025-11-04 10:51:55,222 - INFO - Load the repeat masking annotation from /storage/scratch01/groups/ci/Trem1_GEICAM/Sarai/Annonation_Files/rmsk_velocyto.txt
2025-11-04 10:51:55,222 - DEBUG - Reading /storage/scratch01/groups/ci/Trem1_GEICAM/Sarai/Annonation_Files/rmsk_velocyto.txt, the file will be sorted in memory
2025-11-04 10:52:08,133 - DEBUG - Processed masked annotation .gtf and generated 4369219 intervals to mask!
2025-11-04 10:52:08,249 - INFO - Scan /storage/scratch01/groups/ci/Trem1_GEICAM/Sarai/Single.Cell.Tet2/outs/out.smR039a.9/outs/per_sample_outs/WT1-DsRedn/count/sample_alignments.bam to validate intron intervals
2025-11-04 10:52:08,828 - DEBUG - Reading /storage/scratch01/groups/ci/Trem1_GEICAM/Sarai/Single.Cell.Tet2/outs/out.smR039a.9/outs/per_sample_outs/WT1-DsRedn/count/sample_alignments.bam
2025-11-04 10:52:08,833 - DEBUG - Read first 0 million reads
2025-11-04 10:52:08,833 - DEBUG - Marking up chromosome 1
2025-11-04 10:52:57,495 - DEBUG - Read first 10 million reads
2025-11-04 10:53:17,932 - DEBUG - Marking up chromosome 10
2025-11-04 10:53:48,596 - DEBUG - Read first 20 million reads
2025-11-04 10:54:26,394 - DEBUG - Marking up chromosome 11
2025-11-04 10:54:43,673 - DEBUG - Read first 30 million reads
2025-11-04 10:55:34,768 - DEBUG - Read first 40 million reads
2025-11-04 10:55:57,249 - DEBUG - Marking up chromosome 12
2025-11-04 10:56:22,070 - DEBUG - Read first 50 million reads
2025-11-04 10:56:37,451 - DEBUG - Marking up chromosome 13
2025-11-04 10:57:10,737 - DEBUG - Read first 60 million reads
2025-11-04 10:57:11,303 - DEBUG - Marking up chromosome 14
2025-11-04 10:57:44,743 - DEBUG - Marking up chromosome 15
2025-11-04 10:57:59,690 - DEBUG - Read first 70 million reads
2025-11-04 10:58:25,752 - DEBUG - Marking up chromosome 16
2025-11-04 10:58:51,140 - DEBUG - Read first 80 million reads
2025-11-04 10:58:54,405 - DEBUG - Marking up chromosome 17
2025-11-04 10:59:42,092 - DEBUG - Read first 90 million reads
2025-11-04 11:00:06,998 - DEBUG - Marking up chromosome 18
2025-11-04 11:00:27,703 - DEBUG - Read first 100 million reads
2025-11-04 11:00:51,624 - DEBUG - Marking up chromosome 19
2025-11-04 11:01:15,443 - DEBUG - Read first 110 million reads
2025-11-04 11:01:37,155 - DEBUG - Marking up chromosome 2
2025-11-04 11:02:03,649 - DEBUG - Read first 120 million reads
2025-11-04 11:02:53,004 - DEBUG - Read first 130 million reads
2025-11-04 11:03:06,387 - DEBUG - Marking up chromosome 3
2025-11-04 11:03:43,226 - DEBUG - Read first 140 million reads
2025-11-04 11:03:56,610 - DEBUG - Marking up chromosome 4
2025-11-04 11:04:31,649 - DEBUG - Read first 150 million reads
2025-11-04 11:05:02,657 - DEBUG - Marking up chromosome 5
2025-11-04 11:05:21,048 - DEBUG - Read first 160 million reads
2025-11-04 11:06:04,392 - DEBUG - Marking up chromosome 6
2025-11-04 11:06:10,379 - DEBUG - Read first 170 million reads
2025-11-04 11:06:55,651 - DEBUG - Marking up chromosome 7
2025-11-04 11:07:00,308 - DEBUG - Read first 180 million reads
2025-11-04 11:07:49,074 - DEBUG - Read first 190 million reads
2025-11-04 11:08:32,876 - DEBUG - Marking up chromosome 8
2025-11-04 11:08:39,009 - DEBUG - Read first 200 million reads
2025-11-04 11:09:31,747 - DEBUG - Marking up chromosome 9
2025-11-04 11:09:31,791 - DEBUG - Read first 210 million reads
2025-11-04 11:10:21,171 - DEBUG - Marking up chromosome MT
2025-11-04 11:10:21,171 - WARNING - The .bam file refers to a chromosome 'MT+' not present in the annotation (.gtf) file
2025-11-04 11:10:21,171 - WARNING - The .bam file refers to a chromosome 'MT-' not present in the annotation (.gtf) file
2025-11-04 11:10:22,103 - DEBUG - Marking up chromosome X
2025-11-04 11:10:23,067 - DEBUG - Read first 220 million reads
2025-11-04 11:10:53,266 - DEBUG - Marking up chromosome Y
2025-11-04 11:10:53,273 - DEBUG - Marking up chromosome GL456233.2
2025-11-04 11:10:53,273 - WARNING - The .bam file refers to a chromosome 'GL456233.2+' not present in the annotation (.gtf) file
2025-11-04 11:10:53,273 - WARNING - The .bam file refers to a chromosome 'GL456233.2-' not present in the annotation (.gtf) file
2025-11-04 11:10:53,292 - DEBUG - Marking up chromosome GL456211.1
2025-11-04 11:10:53,292 - WARNING - The .bam file refers to a chromosome 'GL456211.1+' not present in the annotation (.gtf) file
2025-11-04 11:10:53,292 - WARNING - The .bam file refers to a chromosome 'GL456211.1-' not present in the annotation (.gtf) file
2025-11-04 11:10:53,293 - DEBUG - Marking up chromosome JH584304.1
2025-11-04 11:10:53,293 - WARNING - The .bam file refers to a chromosome 'JH584304.1+' not present in the annotation (.gtf) file
2025-11-04 11:10:53,293 - WARNING - The .bam file refers to a chromosome 'JH584304.1-' not present in the annotation (.gtf) file
2025-11-04 11:10:53,298 - DEBUG - Marking up chromosome GL456366.1
2025-11-04 11:10:53,298 - WARNING - The .bam file refers to a chromosome 'GL456366.1+' not present in the annotation (.gtf) file
2025-11-04 11:10:53,298 - WARNING - The .bam file refers to a chromosome 'GL456366.1-' not present in the annotation (.gtf) file
2025-11-04 11:10:53,299 - DEBUG - Marking up chromosome GL456378.1
2025-11-04 11:10:53,299 - WARNING - The .bam file refers to a chromosome 'GL456378.1+' not present in the annotation (.gtf) file
2025-11-04 11:10:53,299 - WARNING - The .bam file refers to a chromosome 'GL456378.1-' not present in the annotation (.gtf) file
2025-11-04 11:10:53,299 - DEBUG - Marking up chromosome MU069434.1
2025-11-04 11:10:53,299 - WARNING - The .bam file refers to a chromosome 'MU069434.1+' not present in the annotation (.gtf) file
2025-11-04 11:10:53,299 - WARNING - The .bam file refers to a chromosome 'MU069434.1-' not present in the annotation (.gtf) file
2025-11-04 11:10:55,388 - DEBUG - End of file. Reset index: start scanning from initial position.
2025-11-04 11:10:55,388 - DEBUG - 2036154 reads were skipped because no apropiate cell or umi barcode was found
2025-11-04 11:10:55,388 - DEBUG - Start molecule counting!
2025-11-04 11:10:56,305 - DEBUG - Features available for chromosomes : ['1-', '1+', '10-', '10+', '11-', '11+', '12-', '12+', '13-', '13+', '14-', '14+', '15-', '15+', '16-', '16+', '17-', '17+', '18-', '18+', '19-', '19+', '2-', '2+', '3-', '3+', '4-', '4+', '5-', '5+', '6-', '6+', '7-', '7+', '8-', '8+', '9-', '9+', 'M-', 'M+', 'X-', 'X+', 'Y-', 'Y+']
2025-11-04 11:10:56,306 - DEBUG - Mask available for chromosomes : ['1-', '1+', '10-', '10+', '10_GL456015_alt-', '10_GL456015_alt+', '10_KQ030491_fix-', '10_KQ030491_fix+', '10_KZ289071_fix-', '10_KZ289071_fix+', '10_KZ289072_fix-', '10_KZ289072_fix+', '11-', '11+', '11_GL455998_alt-', '11_GL455998_alt+', '11_GL456016_alt-', '11_GL456016_alt+', '11_GL456060_alt-', '11_GL456060_alt+', '11_JH584265_alt-', '11_JH584265_alt+', '11_JH584316_alt-', '11_JH584316_alt+', '11_JH584317_alt-', '11_JH584317_alt+', '11_JH584327_alt-', '11_JH584327_alt+', '11_KB469739_fix-', '11_KB469739_fix+', '11_KZ289073_alt-', '11_KZ289073_alt+', '11_KZ289074_alt-', '11_KZ289074_alt+', '11_KZ289075_alt-', '11_KZ289075_alt+', '11_KZ289076_fix-', '11_KZ289076_fix+', '11_KZ289077_alt-', '11_KZ289077_alt+', '11_KZ289078_alt-', '11_KZ289078_alt+', '11_KZ289079_alt-', '11_KZ289079_alt+', '11_KZ289080_alt-', '11_KZ289080_alt+', '11_KZ289081_alt-', '11_KZ289081_alt+', '12-', '12+', '12_GL456017_alt-', '12_GL456017_alt+', '12_GL456068_alt-', '12_GL456068_alt+', '12_GL456074_alt-', '12_GL456074_alt+', '12_GL456078_alt-', '12_GL456078_alt+', '12_GL456349_alt-', '12_GL456349_alt+', '12_KB469740_fix-', '12_KB469740_fix+', '12_KZ289082_fix-', '12_KZ289082_fix+', '13-', '13+', '13_GL455990_alt-', '13_GL455990_alt+', '13_GL455999_alt-', '13_GL455999_alt+', '13_JH584305_alt-', '13_JH584305_alt+', '14-', '14+', '14_GL456019_alt-', '14_GL456019_alt+', '14_GL456020_alt-', '14_GL456020_alt+', '14_KZ289083_fix-', '14_KZ289083_fix+', '14_KZ289084_fix-', '14_KZ289084_fix+', '15-', '15+', '15_GL456000_alt-', '15_GL456000_alt+', '15_JH584270_alt-', '15_JH584270_alt+', '15_KQ030492_fix-', '15_KQ030492_fix+', '15_KQ030493_fix-', '15_KQ030493_fix+', '15_KV575241_fix-', '15_KV575241_fix+', '15_KZ289085_fix-', '15_KZ289085_fix+', '15_KZ289086_fix-', '15_KZ289086_fix+', '16-', '16+', '16_GL456001_alt-', '16_GL456001_alt+', '16_GL456028_alt-', '16_GL456028_alt+', '16_JH584306_alt-', '16_JH584306_alt+', '16_JH584307_alt-', '16_JH584307_alt+', '16_JH584310_alt-', '16_JH584310_alt+', '16_JH584311_alt-', '16_JH584311_alt+', '16_JH584312_alt-', '16_JH584312_alt+', '16_JH584313_alt-', '16_JH584313_alt+', '16_JH584314_alt-', '16_JH584314_alt+', '16_KB469741_fix-', '16_KB469741_fix+', '17-', '17+', '17_GL456002_alt-', '17_GL456002_alt+', '17_GL456021_alt-', '17_GL456021_alt+', '17_GL456022_alt-', '17_GL456022_alt+', '17_GL456069_alt-', '17_GL456069_alt+', '17_JH584266_alt-', '17_JH584266_alt+', '17_JH584267_alt-', '17_JH584267_alt+', '17_JH584308_alt-', '17_JH584308_alt+', '17_JH584309_alt-', '17_JH584309_alt+', '17_JH584328_alt-', '17_JH584328_alt+', '17_JH590470_alt-', '17_JH590470_alt+', '17_KB469742_fix-', '17_KB469742_fix+', '17_KZ289087_fix-', '17_KZ289087_fix+', '17_KZ289088_fix-', '17_KZ289088_fix+', '17_KZ289089_fix-', '17_KZ289089_fix+', '18-', '18+', '18_GL456070_alt-', '18_GL456070_alt+', '18_JH584318_alt-', '18_JH584318_alt+', '18_JH792829_fix-', '18_JH792829_fix+', '18_KZ289090_fix-', '18_KZ289090_fix+', '18_KZ289091_fix-', '18_KZ289091_fix+', '19-', '19+', '19_GL456079_alt-', '19_GL456079_alt+', '19_JH584319_alt-', '19_JH584319_alt+', '19_JH792830_fix-', '19_JH792830_fix+', '19_KQ030494_fix-', '19_KQ030494_fix+', '19_KV575242_fix-', '19_KV575242_fix+', '1_GL455991_alt-', '1_GL455991_alt+', '1_GL455992_alt-', '1_GL455992_alt+', '1_GL455993_alt-', '1_GL455993_alt+', '1_GL456005_alt-', '1_GL456005_alt+', '1_GL456210_random-', '1_GL456210_random+', '1_GL456211_random-', '1_GL456211_random+', '1_GL456212_random-', '1_GL456212_random+', '1_GL456213_random-', '1_GL456213_random+', '1_GL456221_random-', '1_GL456221_random+', '1_JH584315_alt-', '1_JH584315_alt+', '1_JH584320_alt-', '1_JH584320_alt+', '1_JH584321_alt-', '1_JH584321_alt+', '1_JH584322_alt-', '1_JH584322_alt+', '1_KK082441_alt-', '1_KK082441_alt+', '1_KV575232_fix-', '1_KV575232_fix+', '1_KV575233_fix-', '1_KV575233_fix+', '1_KV575234_fix-', '1_KV575234_fix+', '2-', '2+', '2_GL456024_alt-', '2_GL456024_alt+', '2_KV575235_fix-', '2_KV575235_fix+', '2_KV575236_fix-', '2_KV575236_fix+', '3-', '3+', '3_GL456006_alt-', '3_GL456006_alt+', '3_GL456007_alt-', '3_GL456007_alt+', '3_GL456008_alt-', '3_GL456008_alt+', '3_GL456042_alt-', '3_GL456042_alt+', '3_GL456044_alt-', '3_GL456044_alt+', '3_GL456045_alt-', '3_GL456045_alt+', '3_GL456048_alt-', '3_GL456048_alt+', '3_GL456049_alt-', '3_GL456049_alt+', '3_JH584323_alt-', '3_JH584323_alt+', '3_KQ030484_fix-', '3_KQ030484_fix+', '3_KZ289064_fix-', '3_KZ289064_fix+', '3_KZ289065_fix-', '3_KZ289065_fix+', '3_KZ289066_fix-', '3_KZ289066_fix+', '4-', '4+', '4_GL455994_alt-', '4_GL455994_alt+', '4_GL456009_alt-', '4_GL456009_alt+', '4_GL456010_alt-', '4_GL456010_alt+', '4_GL456053_alt-', '4_GL456053_alt+', '4_GL456064_alt-', '4_GL456064_alt+', '4_GL456075_alt-', '4_GL456075_alt+', '4_GL456076_alt-', '4_GL456076_alt+', '4_GL456077_alt-', '4_GL456077_alt+', '4_GL456216_random-', '4_GL456216_random+', '4_GL456350_random-', '4_GL456350_random+', '4_JH584268_alt-', '4_JH584268_alt+', '4_JH584269_alt-', '4_JH584269_alt+', '4_JH584292_random-', '4_JH584292_random+', '4_JH584293_random-', '4_JH584293_random+', '4_JH584294_random-', '4_JH584294_random+', '4_JH584295_random+', '4_JH584324_alt-', '4_JH584324_alt+', '4_JH584325_alt-', '4_JH584325_alt+', '4_JH584326_alt-', '4_JH584326_alt+', '4_JH792826_fix-', '4_JH792826_fix+', '4_KQ030485_fix-', '4_KQ030485_fix+', '4_KQ030486_fix-', '4_KQ030486_fix+', '4_KQ030487_fix-', '4_KQ030487_fix+', '4_KQ030488_fix-', '4_KQ030488_fix+', '4_KQ030489_fix-', '4_KQ030489_fix+', '4_KZ289067_fix-', '4_KZ289067_fix+', '4_KZ289068_fix-', '4_KZ289068_fix+', '4_KZ289069_fix-', '4_KZ289069_fix+', '4_KZ289070_fix-', '4_KZ289070_fix+', '5-', '5+', '5_GL455995_alt-', '5_GL455995_alt+', '5_GL456011_alt-', '5_GL456011_alt+', '5_GL456354_random-', '5_GL456354_random+', '5_JH584296_random-', '5_JH584296_random+', '5_JH584297_random-', '5_JH584297_random+', '5_JH584298_random-', '5_JH584298_random+', '5_JH584299_random-', '5_JH584299_random+', '5_JH792827_fix-', '5_JH792827_fix+', '5_KV575237_fix-', '5_KV575237_fix+', '6-', '6+', '6_GL456012_alt-', '6_GL456012_alt+', '6_GL456025_alt-', '6_GL456025_alt+', '6_GL456026_alt-', '6_GL456026_alt+', '6_GL456054_alt-', '6_GL456054_alt+', '6_GL456065_alt-', '6_GL456065_alt+', '6_JH584264_alt-', '6_JH584264_alt+', '6_KK082442_fix-', '6_KK082442_fix+', '6_KK082443_fix-', '6_KK082443_fix+', '7-', '7+', '7_GL455989_alt-', '7_GL455989_alt+', '7_GL456013_alt-', '7_GL456013_alt+', '7_GL456014_alt-', '7_GL456014_alt+', '7_GL456219_random-', '7_GL456219_random+', '7_JH792828_fix-', '7_JH792828_fix+', '7_KV575238_fix-', '7_KV575238_fix+', '7_KV575239_fix-', '7_KV575239_fix+', '8-', '8+', '8_GL455996_alt-', '8_GL455996_alt+', '8_GL455997_alt-', '8_GL455997_alt+', '8_KV575240_fix-', '8_KV575240_fix+', '9-', '9+', '9_KB469738_fix-', '9_KB469738_fix+', '9_KQ030490_fix-', '9_KQ030490_fix+', 'M-', 'M+', 'Un_GL456239-', 'Un_GL456239+', 'Un_GL456359-', 'Un_GL456359+', 'Un_GL456360-', 'Un_GL456360+', 'Un_GL456366-', 'Un_GL456366+', 'Un_GL456367-', 'Un_GL456367+', 'Un_GL456368-', 'Un_GL456368+', 'Un_GL456370+', 'Un_GL456372-', 'Un_GL456372+', 'Un_GL456378-', 'Un_GL456378+', 'Un_GL456379-', 'Un_GL456379+', 'Un_GL456381-', 'Un_GL456381+', 'Un_GL456382-', 'Un_GL456382+', 'Un_GL456383-', 'Un_GL456383+', 'Un_GL456385-', 'Un_GL456385+', 'Un_GL456387-', 'Un_GL456387+', 'Un_GL456389-', 'Un_GL456389+', 'Un_GL456390-', 'Un_GL456390+', 'Un_GL456392-', 'Un_GL456392+', 'Un_GL456393-', 'Un_GL456393+', 'Un_GL456394-', 'Un_GL456394+', 'Un_GL456396-', 'Un_GL456396+', 'Un_JH584304-', 'Un_JH584304+', 'X-', 'X+', 'X_GL456003_alt-', 'X_GL456003_alt+', 'X_GL456004_alt-', 'X_GL456004_alt+', 'X_GL456031_alt-', 'X_GL456031_alt+', 'X_GL456032_alt-', 'X_GL456032_alt+', 'X_GL456033_alt-', 'X_GL456033_alt+', 'X_GL456233_random-', 'X_GL456233_random+', 'X_JH792831_fix-', 'X_JH792831_fix+', 'X_KQ030495_fix-', 'X_KQ030495_fix+', 'X_KQ030496_fix-', 'X_KQ030496_fix+', 'X_KQ030497_fix-', 'X_KQ030497_fix+', 'X_KZ289092_fix-', 'X_KZ289092_fix+', 'X_KZ289093_fix-', 'X_KZ289093_fix+', 'X_KZ289094_fix-', 'X_KZ289094_fix+', 'X_KZ289095_fix-', 'X_KZ289095_fix+', 'Y-', 'Y+', 'Y_GL456071_alt-', 'Y_GL456071_alt+', 'Y_GL456072_alt-', 'Y_GL456072_alt+', 'Y_GL456073_alt-', 'Y_GL456073_alt+', 'Y_GL456080_alt-', 'Y_GL456080_alt+', 'Y_GL456081_alt-', 'Y_GL456081_alt+', 'Y_GL456082_alt-', 'Y_GL456082_alt+', 'Y_JH584300_random-', 'Y_JH584300_random+', 'Y_JH584301_random-', 'Y_JH584301_random+', 'Y_JH584302_random-', 'Y_JH584302_random+', 'Y_JH584303_random-', 'Y_JH584303_random+', 'Y_JH792832_fix-', 'Y_JH792832_fix+', 'Y_JH792833_fix-', 'Y_JH792833_fix+', 'Y_JH792834_fix-', 'Y_JH792834_fix+', 'na_GL456050_alt-']
2025-11-04 11:10:56,306 - DEBUG - Summarizing the results of intron validation.
2025-11-04 11:10:56,374 - DEBUG - Validated 1128 introns (of which unique intervals 438) out of 700789 total possible introns (considering each possible transcript models).
2025-11-04 11:10:56,374 - DEBUG - Reading /storage/scratch01/groups/ci/Trem1_GEICAM/Sarai/Single.Cell.Tet2/outs/out.smR039a.9/outs/per_sample_outs/WT1-DsRedn/count/cellsorted_sample_alignments.bam
2025-11-04 11:10:56,388 - DEBUG - Read first 0 million reads
2025-11-04 11:11:05,301 - DEBUG - Counting for batch 1, containing 100 cells and 1184738 reads
2025-11-04 11:11:12,213 - DEBUG - 142104 reads not considered because fully enclosed in repeat masked regions
2025-11-04 11:11:18,390 - DEBUG - Counting for batch 2, containing 100 cells and 1052272 reads
2025-11-04 11:11:24,816 - DEBUG - 130494 reads not considered because fully enclosed in repeat masked regions
2025-11-04 11:11:34,499 - DEBUG - Counting for batch 3, containing 100 cells and 1505435 reads
2025-11-04 11:11:42,765 - DEBUG - 189510 reads not considered because fully enclosed in repeat masked regions
2025-11-04 11:11:50,615 - DEBUG - Counting for batch 4, containing 100 cells and 1095034 reads
2025-11-04 11:11:57,195 - DEBUG - 129671 reads not considered because fully enclosed in repeat masked regions
2025-11-04 11:12:05,735 - DEBUG - Counting for batch 5, containing 100 cells and 1272961 reads
2025-11-04 11:12:13,062 - DEBUG - 158432 reads not considered because fully enclosed in repeat masked regions
2025-11-04 11:12:18,809 - DEBUG - Counting for batch 6, containing 100 cells and 976127 reads
2025-11-04 11:12:24,927 - DEBUG - 122534 reads not considered because fully enclosed in repeat masked regions
2025-11-04 11:12:33,522 - DEBUG - Counting for batch 7, containing 100 cells and 1318967 reads
2025-11-04 11:12:40,930 - DEBUG - 165291 reads not considered because fully enclosed in repeat masked regions
2025-11-04 11:12:45,328 - DEBUG - Read first 10 million reads
2025-11-04 11:12:47,934 - DEBUG - Counting for batch 8, containing 100 cells and 938049 reads
2025-11-04 11:12:52,417 - DEBUG - 114030 reads not considered because fully enclosed in repeat masked regions
2025-11-04 11:12:59,501 - DEBUG - Counting for batch 9, containing 100 cells and 1029525 reads
2025-11-04 11:13:05,962 - DEBUG - 125445 reads not considered because fully enclosed in repeat masked regions
2025-11-04 11:13:14,132 - DEBUG - Counting for batch 10, containing 100 cells and 1209945 reads
2025-11-04 11:13:21,334 - DEBUG - 153589 reads not considered because fully enclosed in repeat masked regions
2025-11-04 11:13:27,195 - DEBUG - Counting for batch 11, containing 100 cells and 1024944 reads
2025-11-04 11:13:33,518 - DEBUG - 124655 reads not considered because fully enclosed in repeat masked regions
2025-11-04 11:13:41,233 - DEBUG - Counting for batch 12, containing 100 cells and 1036037 reads
2025-11-04 11:13:47,770 - DEBUG - 126584 reads not considered because fully enclosed in repeat masked regions
2025-11-04 11:13:57,456 - DEBUG - Counting for batch 13, containing 100 cells and 1505691 reads
2025-11-04 11:14:05,685 - DEBUG - 190023 reads not considered because fully enclosed in repeat masked regions
2025-11-04 11:14:15,024 - DEBUG - Counting for batch 14, containing 100 cells and 1360796 reads
2025-11-04 11:14:21,091 - DEBUG - 170007 reads not considered because fully enclosed in repeat masked regions
2025-11-04 11:14:30,259 - DEBUG - Counting for batch 15, containing 100 cells and 1111873 reads
2025-11-04 11:14:35,392 - DEBUG - 135937 reads not considered because fully enclosed in repeat masked regions
2025-11-04 11:14:40,339 - DEBUG - Read first 20 million reads
2025-11-04 11:14:42,919 - DEBUG - Counting for batch 16, containing 100 cells and 1094840 reads
2025-11-04 11:14:49,501 - DEBUG - 134102 reads not considered because fully enclosed in repeat masked regions
2025-11-04 11:14:57,787 - DEBUG - Counting for batch 17, containing 100 cells and 1247124 reads
2025-11-04 11:15:05,041 - DEBUG - 156446 reads not considered because fully enclosed in repeat masked regions
2025-11-04 11:15:13,649 - DEBUG - Counting for batch 18, containing 100 cells and 1275069 reads
2025-11-04 11:15:21,223 - DEBUG - 158790 reads not considered because fully enclosed in repeat masked regions
2025-11-04 11:15:28,313 - DEBUG - Counting for batch 19, containing 100 cells and 1258178 reads
2025-11-04 11:15:35,495 - DEBUG - 156000 reads not considered because fully enclosed in repeat masked regions
2025-11-04 11:15:43,066 - DEBUG - Counting for batch 20, containing 100 cells and 1089112 reads
2025-11-04 11:15:49,733 - DEBUG - 136745 reads not considered because fully enclosed in repeat masked regions
2025-11-04 11:15:58,094 - DEBUG - Counting for batch 21, containing 100 cells and 1237585 reads
2025-11-04 11:16:05,472 - DEBUG - 152486 reads not considered because fully enclosed in repeat masked regions
2025-11-04 11:16:10,900 - DEBUG - Counting for batch 22, containing 100 cells and 909261 reads
2025-11-04 11:16:16,799 - DEBUG - 112866 reads not considered because fully enclosed in repeat masked regions
2025-11-04 11:16:24,941 - DEBUG - Counting for batch 23, containing 100 cells and 1254215 reads
2025-11-04 11:16:32,229 - DEBUG - 154531 reads not considered because fully enclosed in repeat masked regions
2025-11-04 11:16:34,589 - DEBUG - Read first 30 million reads
2025-11-04 11:16:39,417 - DEBUG - Counting for batch 24, containing 100 cells and 981119 reads
2025-11-04 11:16:44,003 - DEBUG - 119880 reads not considered because fully enclosed in repeat masked regions
2025-11-04 11:16:51,543 - DEBUG - Counting for batch 25, containing 100 cells and 1139010 reads
2025-11-04 11:16:58,322 - DEBUG - 141518 reads not considered because fully enclosed in repeat masked regions
2025-11-04 11:17:06,179 - DEBUG - Counting for batch 26, containing 100 cells and 1164070 reads
2025-11-04 11:17:13,045 - DEBUG - 143220 reads not considered because fully enclosed in repeat masked regions
2025-11-04 11:17:20,660 - DEBUG - Counting for batch 27, containing 100 cells and 1102692 reads
2025-11-04 11:17:25,647 - DEBUG - 136270 reads not considered because fully enclosed in repeat masked regions
2025-11-04 11:17:35,001 - DEBUG - Counting for batch 28, containing 100 cells and 1213132 reads
2025-11-04 11:17:42,142 - DEBUG - 154483 reads not considered because fully enclosed in repeat masked regions
2025-11-04 11:17:51,149 - DEBUG - Counting for batch 29, containing 100 cells and 1338492 reads
2025-11-04 11:17:57,005 - DEBUG - 166932 reads not considered because fully enclosed in repeat masked regions
2025-11-04 11:18:07,545 - DEBUG - Counting for batch 30, containing 100 cells and 1386880 reads
2025-11-04 11:18:13,697 - DEBUG - 178025 reads not considered because fully enclosed in repeat masked regions
2025-11-04 11:18:20,000 - DEBUG - Counting for batch 31, containing 100 cells and 836698 reads
2025-11-04 11:18:25,478 - DEBUG - 104041 reads not considered because fully enclosed in repeat masked regions
2025-11-04 11:18:27,247 - DEBUG - Read first 40 million reads
2025-11-04 11:18:34,250 - DEBUG - Counting for batch 32, containing 100 cells and 1327622 reads
2025-11-04 11:18:42,005 - DEBUG - 162040 reads not considered because fully enclosed in repeat masked regions
2025-11-04 11:18:49,156 - DEBUG - Counting for batch 33, containing 100 cells and 994193 reads
2025-11-04 11:18:55,404 - DEBUG - 119722 reads not considered because fully enclosed in repeat masked regions
2025-11-04 11:19:03,711 - DEBUG - Counting for batch 34, containing 100 cells and 1250767 reads
2025-11-04 11:19:09,111 - DEBUG - 154139 reads not considered because fully enclosed in repeat masked regions
2025-11-04 11:19:16,063 - DEBUG - Counting for batch 35, containing 100 cells and 978505 reads
2025-11-04 11:19:22,216 - DEBUG - 121231 reads not considered because fully enclosed in repeat masked regions
2025-11-04 11:19:29,801 - DEBUG - Counting for batch 36, containing 100 cells and 1095595 reads
2025-11-04 11:19:34,842 - DEBUG - 138833 reads not considered because fully enclosed in repeat masked regions
2025-11-04 11:19:44,020 - DEBUG - Counting for batch 37, containing 100 cells and 1179038 reads
2025-11-04 11:19:51,049 - DEBUG - 145287 reads not considered because fully enclosed in repeat masked regions
2025-11-04 11:19:57,638 - DEBUG - Counting for batch 38, containing 100 cells and 1182889 reads
2025-11-04 11:20:04,522 - DEBUG - 149041 reads not considered because fully enclosed in repeat masked regions
2025-11-04 11:20:12,367 - DEBUG - Counting for batch 39, containing 100 cells and 1145873 reads
2025-11-04 11:20:19,081 - DEBUG - 142855 reads not considered because fully enclosed in repeat masked regions
2025-11-04 11:20:20,571 - DEBUG - Read first 50 million reads
2025-11-04 11:20:27,189 - DEBUG - Counting for batch 40, containing 100 cells and 1194072 reads
2025-11-04 11:20:34,161 - DEBUG - 145295 reads not considered because fully enclosed in repeat masked regions
2025-11-04 11:20:40,085 - DEBUG - Counting for batch 41, containing 100 cells and 1030699 reads
2025-11-04 11:20:46,316 - DEBUG - 127312 reads not considered because fully enclosed in repeat masked regions
2025-11-04 11:20:53,557 - DEBUG - Counting for batch 42, containing 100 cells and 1058267 reads
2025-11-04 11:21:00,042 - DEBUG - 133504 reads not considered because fully enclosed in repeat masked regions
2025-11-04 11:21:07,561 - DEBUG - Counting for batch 43, containing 100 cells and 1074288 reads
2025-11-04 11:21:12,444 - DEBUG - 133929 reads not considered because fully enclosed in repeat masked regions
2025-11-04 11:21:19,394 - DEBUG - Counting for batch 44, containing 100 cells and 982662 reads
2025-11-04 11:21:25,519 - DEBUG - 118427 reads not considered because fully enclosed in repeat masked regions
2025-11-04 11:21:33,227 - DEBUG - Counting for batch 45, containing 100 cells and 1148424 reads
2025-11-04 11:21:40,134 - DEBUG - 139398 reads not considered because fully enclosed in repeat masked regions
2025-11-04 11:21:46,261 - DEBUG - Counting for batch 46, containing 100 cells and 1071164 reads
2025-11-04 11:21:52,636 - DEBUG - 130948 reads not considered because fully enclosed in repeat masked regions
2025-11-04 11:22:00,721 - DEBUG - Counting for batch 47, containing 100 cells and 1210303 reads
2025-11-04 11:22:07,880 - DEBUG - 159687 reads not considered because fully enclosed in repeat masked regions
2025-11-04 11:22:11,087 - DEBUG - Read first 60 million reads
2025-11-04 11:22:16,617 - DEBUG - Counting for batch 48, containing 100 cells and 1309914 reads
2025-11-04 11:22:24,266 - DEBUG - 163940 reads not considered because fully enclosed in repeat masked regions
2025-11-04 11:22:32,405 - DEBUG - Counting for batch 49, containing 100 cells and 1157431 reads
2025-11-04 11:22:37,753 - DEBUG - 142845 reads not considered because fully enclosed in repeat masked regions
2025-11-04 11:22:48,311 - DEBUG - Counting for batch 50, containing 100 cells and 1421241 reads
2025-11-04 11:22:56,500 - DEBUG - 180131 reads not considered because fully enclosed in repeat masked regions
2025-11-04 11:23:04,165 - DEBUG - Counting for batch 51, containing 100 cells and 1026923 reads
2025-11-04 11:23:09,131 - DEBUG - 126351 reads not considered because fully enclosed in repeat masked regions
2025-11-04 11:23:17,371 - DEBUG - Counting for batch 52, containing 100 cells and 1252794 reads
2025-11-04 11:23:24,641 - DEBUG - 155586 reads not considered because fully enclosed in repeat masked regions
2025-11-04 11:23:33,315 - DEBUG - Counting for batch 53, containing 100 cells and 1315308 reads
2025-11-04 11:23:41,151 - DEBUG - 163803 reads not considered because fully enclosed in repeat masked regions
2025-11-04 11:23:49,225 - DEBUG - Counting for batch 54, containing 100 cells and 1187255 reads
2025-11-04 11:23:56,240 - DEBUG - 147716 reads not considered because fully enclosed in repeat masked regions
2025-11-04 11:24:02,657 - DEBUG - Read first 70 million reads
2025-11-04 11:24:03,772 - DEBUG - Counting for batch 55, containing 100 cells and 1080638 reads
2025-11-04 11:24:10,559 - DEBUG - 133166 reads not considered because fully enclosed in repeat masked regions
2025-11-04 11:24:17,409 - DEBUG - Counting for batch 56, containing 100 cells and 901898 reads
2025-11-04 11:24:21,862 - DEBUG - 109535 reads not considered because fully enclosed in repeat masked regions
2025-11-04 11:24:28,883 - DEBUG - Counting for batch 57, containing 100 cells and 1003185 reads
2025-11-04 11:24:35,563 - DEBUG - 125188 reads not considered because fully enclosed in repeat masked regions
2025-11-04 11:24:43,320 - DEBUG - Counting for batch 58, containing 100 cells and 988061 reads
2025-11-04 11:24:48,820 - DEBUG - 123556 reads not considered because fully enclosed in repeat masked regions
2025-11-04 11:24:57,784 - DEBUG - Counting for batch 59, containing 100 cells and 1150678 reads
2025-11-04 11:25:05,894 - DEBUG - 144020 reads not considered because fully enclosed in repeat masked regions
2025-11-04 11:25:15,185 - DEBUG - Counting for batch 60, containing 100 cells and 1157353 reads
2025-11-04 11:25:22,730 - DEBUG - 139404 reads not considered because fully enclosed in repeat masked regions
2025-11-04 11:25:32,771 - DEBUG - Counting for batch 61, containing 100 cells and 1410342 reads
2025-11-04 11:25:41,968 - DEBUG - 176740 reads not considered because fully enclosed in repeat masked regions
2025-11-04 11:25:49,136 - DEBUG - Counting for batch 62, containing 100 cells and 1115163 reads
2025-11-04 11:25:56,383 - DEBUG - 137253 reads not considered because fully enclosed in repeat masked regions
2025-11-04 11:26:04,609 - DEBUG - Read first 80 million reads
2025-11-04 11:26:05,619 - DEBUG - Counting for batch 63, containing 100 cells and 1262030 reads
2025-11-04 11:26:13,859 - DEBUG - 157973 reads not considered because fully enclosed in repeat masked regions
2025-11-04 11:26:21,476 - DEBUG - Counting for batch 64, containing 100 cells and 927173 reads
2025-11-04 11:26:26,326 - DEBUG - 114786 reads not considered because fully enclosed in repeat masked regions
2025-11-04 11:26:34,286 - DEBUG - Counting for batch 65, containing 100 cells and 1094268 reads
2025-11-04 11:26:41,429 - DEBUG - 134151 reads not considered because fully enclosed in repeat masked regions
2025-11-04 11:26:50,029 - DEBUG - Counting for batch 66, containing 100 cells and 1148107 reads
2025-11-04 11:26:57,458 - DEBUG - 140030 reads not considered because fully enclosed in repeat masked regions
2025-11-04 11:27:06,066 - DEBUG - Counting for batch 67, containing 100 cells and 1264382 reads
2025-11-04 11:27:13,534 - DEBUG - 156881 reads not considered because fully enclosed in repeat masked regions
2025-11-04 11:27:21,611 - DEBUG - Counting for batch 68, containing 100 cells and 1135089 reads
2025-11-04 11:27:26,930 - DEBUG - 141823 reads not considered because fully enclosed in repeat masked regions
2025-11-04 11:27:36,916 - DEBUG - Counting for batch 69, containing 100 cells and 1291921 reads
2025-11-04 11:27:42,701 - DEBUG - 160482 reads not considered because fully enclosed in repeat masked regions
2025-11-04 11:27:53,034 - DEBUG - Counting for batch 70, containing 100 cells and 1329714 reads
2025-11-04 11:27:58,993 - DEBUG - 163677 reads not considered because fully enclosed in repeat masked regions
2025-11-04 11:28:04,544 - DEBUG - Read first 90 million reads
2025-11-04 11:28:08,396 - DEBUG - Counting for batch 71, containing 100 cells and 1153208 reads
2025-11-04 11:28:13,639 - DEBUG - 141524 reads not considered because fully enclosed in repeat masked regions
2025-11-04 11:28:23,520 - DEBUG - Counting for batch 72, containing 100 cells and 1281448 reads
2025-11-04 11:28:29,180 - DEBUG - 160527 reads not considered because fully enclosed in repeat masked regions
2025-11-04 11:28:39,697 - DEBUG - Counting for batch 73, containing 100 cells and 1290591 reads
2025-11-04 11:28:45,370 - DEBUG - 162031 reads not considered because fully enclosed in repeat masked regions
2025-11-04 11:28:51,850 - DEBUG - Counting for batch 74, containing 100 cells and 875911 reads
2025-11-04 11:28:57,562 - DEBUG - 106526 reads not considered because fully enclosed in repeat masked regions
2025-11-04 11:29:05,150 - DEBUG - Counting for batch 75, containing 100 cells and 1140689 reads
2025-11-04 11:29:11,933 - DEBUG - 140663 reads not considered because fully enclosed in repeat masked regions
2025-11-04 11:29:19,781 - DEBUG - Counting for batch 76, containing 100 cells and 1126957 reads
2025-11-04 11:29:24,854 - DEBUG - 134428 reads not considered because fully enclosed in repeat masked regions
2025-11-04 11:29:33,946 - DEBUG - Counting for batch 77, containing 100 cells and 1139727 reads
2025-11-04 11:29:39,107 - DEBUG - 142083 reads not considered because fully enclosed in repeat masked regions
2025-11-04 11:29:48,578 - DEBUG - Counting for batch 78, containing 100 cells and 1226407 reads
2025-11-04 11:29:54,129 - DEBUG - 152643 reads not considered because fully enclosed in repeat masked regions
2025-11-04 11:29:58,430 - DEBUG - Read first 100 million reads
2025-11-04 11:30:03,442 - DEBUG - Counting for batch 79, containing 100 cells and 1202305 reads
2025-11-04 11:30:10,473 - DEBUG - 149135 reads not considered because fully enclosed in repeat masked regions
2025-11-04 11:30:17,025 - DEBUG - Counting for batch 80, containing 100 cells and 1154495 reads
2025-11-04 11:30:23,716 - DEBUG - 144741 reads not considered because fully enclosed in repeat masked regions
2025-11-04 11:30:31,928 - DEBUG - Counting for batch 81, containing 100 cells and 1243270 reads
2025-11-04 11:30:38,999 - DEBUG - 155977 reads not considered because fully enclosed in repeat masked regions
2025-11-04 11:30:47,743 - DEBUG - Counting for batch 82, containing 100 cells and 1326649 reads
2025-11-04 11:30:55,267 - DEBUG - 166042 reads not considered because fully enclosed in repeat masked regions
2025-11-04 11:31:03,457 - DEBUG - Counting for batch 83, containing 100 cells and 1190591 reads
2025-11-04 11:31:10,475 - DEBUG - 146626 reads not considered because fully enclosed in repeat masked regions
2025-11-04 11:31:18,582 - DEBUG - Counting for batch 84, containing 100 cells and 1174138 reads
2025-11-04 11:31:23,881 - DEBUG - 148371 reads not considered because fully enclosed in repeat masked regions
2025-11-04 11:31:32,904 - DEBUG - Counting for batch 85, containing 100 cells and 1123782 reads
2025-11-04 11:31:37,927 - DEBUG - 139214 reads not considered because fully enclosed in repeat masked regions
2025-11-04 11:31:45,641 - DEBUG - Read first 110 million reads
2025-11-04 11:31:48,432 - DEBUG - Counting for batch 86, containing 100 cells and 1265181 reads
2025-11-04 11:31:54,627 - DEBUG - 155035 reads not considered because fully enclosed in repeat masked regions
2025-11-04 11:32:04,410 - DEBUG - Counting for batch 87, containing 100 cells and 1083413 reads
2025-11-04 11:32:10,165 - DEBUG - 136100 reads not considered because fully enclosed in repeat masked regions
2025-11-04 11:32:18,103 - DEBUG - Counting for batch 88, containing 100 cells and 1008084 reads
2025-11-04 11:32:24,696 - DEBUG - 126299 reads not considered because fully enclosed in repeat masked regions
2025-11-04 11:32:32,690 - DEBUG - Counting for batch 89, containing 100 cells and 1187630 reads
2025-11-04 11:32:39,765 - DEBUG - 146423 reads not considered because fully enclosed in repeat masked regions
2025-11-04 11:32:49,011 - DEBUG - Counting for batch 90, containing 100 cells and 1373096 reads
2025-11-04 11:32:55,092 - DEBUG - 167784 reads not considered because fully enclosed in repeat masked regions
2025-11-04 11:33:02,429 - DEBUG - Counting for batch 91, containing 100 cells and 1047124 reads
2025-11-04 11:33:08,927 - DEBUG - 127455 reads not considered because fully enclosed in repeat masked regions
2025-11-04 11:33:15,880 - DEBUG - Counting for batch 92, containing 100 cells and 973856 reads
2025-11-04 11:33:21,989 - DEBUG - 118980 reads not considered because fully enclosed in repeat masked regions
2025-11-04 11:33:27,757 - DEBUG - Counting for batch 93, containing 100 cells and 1012232 reads
2025-11-04 11:33:34,023 - DEBUG - 123046 reads not considered because fully enclosed in repeat masked regions
2025-11-04 11:33:41,859 - DEBUG - Counting for batch 94, containing 100 cells and 1047244 reads
2025-11-04 11:33:48,386 - DEBUG - 131387 reads not considered because fully enclosed in repeat masked regions
2025-11-04 11:33:49,867 - DEBUG - Read first 120 million reads
2025-11-04 11:33:56,955 - DEBUG - Counting for batch 95, containing 100 cells and 1285944 reads
2025-11-04 11:34:02,580 - DEBUG - 162648 reads not considered because fully enclosed in repeat masked regions
2025-11-04 11:34:12,104 - DEBUG - Counting for batch 96, containing 100 cells and 1227886 reads
2025-11-04 11:34:19,366 - DEBUG - 153225 reads not considered because fully enclosed in repeat masked regions
2025-11-04 11:34:25,163 - DEBUG - Counting for batch 97, containing 100 cells and 1005436 reads
2025-11-04 11:34:31,364 - DEBUG - 124742 reads not considered because fully enclosed in repeat masked regions
2025-11-04 11:34:38,259 - DEBUG - Counting for batch 98, containing 100 cells and 961188 reads
2025-11-04 11:34:42,807 - DEBUG - 118978 reads not considered because fully enclosed in repeat masked regions
2025-11-04 11:34:51,853 - DEBUG - Counting for batch 99, containing 100 cells and 1133262 reads
2025-11-04 11:34:56,924 - DEBUG - 142971 reads not considered because fully enclosed in repeat masked regions
2025-11-04 11:35:04,216 - DEBUG - Counting for batch 100, containing 100 cells and 1051188 reads
2025-11-04 11:35:10,514 - DEBUG - 130795 reads not considered because fully enclosed in repeat masked regions
2025-11-04 11:35:19,060 - DEBUG - Counting for batch 101, containing 100 cells and 1323731 reads
2025-11-04 11:35:26,406 - DEBUG - 158993 reads not considered because fully enclosed in repeat masked regions
2025-11-04 11:35:34,487 - DEBUG - Counting for batch 102, containing 100 cells and 1187263 reads
2025-11-04 11:35:41,451 - DEBUG - 149358 reads not considered because fully enclosed in repeat masked regions
2025-11-04 11:35:42,588 - DEBUG - Read first 130 million reads
2025-11-04 11:35:49,959 - DEBUG - Counting for batch 103, containing 100 cells and 1269239 reads
2025-11-04 11:35:57,308 - DEBUG - 162309 reads not considered because fully enclosed in repeat masked regions
2025-11-04 11:36:03,124 - DEBUG - Counting for batch 104, containing 100 cells and 981278 reads
2025-11-04 11:36:09,255 - DEBUG - 119282 reads not considered because fully enclosed in repeat masked regions
2025-11-04 11:36:16,379 - DEBUG - Counting for batch 105, containing 100 cells and 1026896 reads
2025-11-04 11:36:22,771 - DEBUG - 127534 reads not considered because fully enclosed in repeat masked regions
2025-11-04 11:36:30,543 - DEBUG - Counting for batch 106, containing 100 cells and 1108617 reads
2025-11-04 11:36:35,540 - DEBUG - 140027 reads not considered because fully enclosed in repeat masked regions
2025-11-04 11:36:45,015 - DEBUG - Counting for batch 107, containing 100 cells and 1200979 reads
2025-11-04 11:36:50,375 - DEBUG - 150725 reads not considered because fully enclosed in repeat masked regions
2025-11-04 11:36:57,496 - DEBUG - Counting for batch 108, containing 100 cells and 1006736 reads
2025-11-04 11:37:03,757 - DEBUG - 125300 reads not considered because fully enclosed in repeat masked regions
2025-11-04 11:37:10,680 - DEBUG - Counting for batch 109, containing 100 cells and 952851 reads
2025-11-04 11:37:15,219 - DEBUG - 117748 reads not considered because fully enclosed in repeat masked regions
2025-11-04 11:37:24,367 - DEBUG - Counting for batch 110, containing 100 cells and 1164999 reads
2025-11-04 11:37:29,571 - DEBUG - 141222 reads not considered because fully enclosed in repeat masked regions
2025-11-04 11:37:33,497 - DEBUG - Read first 140 million reads
2025-11-04 11:37:36,904 - DEBUG - Counting for batch 111, containing 100 cells and 1069233 reads
2025-11-04 11:37:43,380 - DEBUG - 131946 reads not considered because fully enclosed in repeat masked regions
2025-11-04 11:37:50,672 - DEBUG - Counting for batch 112, containing 100 cells and 1031569 reads
2025-11-04 11:37:57,135 - DEBUG - 125374 reads not considered because fully enclosed in repeat masked regions
2025-11-04 11:38:05,655 - DEBUG - Counting for batch 113, containing 100 cells and 1274314 reads
2025-11-04 11:38:11,400 - DEBUG - 160512 reads not considered because fully enclosed in repeat masked regions
2025-11-04 11:38:17,591 - DEBUG - Counting for batch 114, containing 100 cells and 832682 reads
2025-11-04 11:38:23,031 - DEBUG - 103792 reads not considered because fully enclosed in repeat masked regions
2025-11-04 11:38:30,985 - DEBUG - Counting for batch 115, containing 100 cells and 1216584 reads
2025-11-04 11:38:38,288 - DEBUG - 151329 reads not considered because fully enclosed in repeat masked regions
2025-11-04 11:38:46,197 - DEBUG - Counting for batch 116, containing 100 cells and 1147297 reads
2025-11-04 11:38:52,988 - DEBUG - 141933 reads not considered because fully enclosed in repeat masked regions
2025-11-04 11:39:02,589 - DEBUG - Counting for batch 117, containing 100 cells and 1482921 reads
2025-11-04 11:39:10,870 - DEBUG - 186823 reads not considered because fully enclosed in repeat masked regions
2025-11-04 11:39:17,530 - DEBUG - Counting for batch 118, containing 100 cells and 1142972 reads
2025-11-04 11:39:24,154 - DEBUG - 146140 reads not considered because fully enclosed in repeat masked regions
2025-11-04 11:39:26,304 - DEBUG - Read first 150 million reads
2025-11-04 11:39:32,704 - DEBUG - Counting for batch 119, containing 100 cells and 1306338 reads
2025-11-04 11:39:40,116 - DEBUG - 160092 reads not considered because fully enclosed in repeat masked regions
2025-11-04 11:39:47,668 - DEBUG - Counting for batch 120, containing 100 cells and 1028366 reads
2025-11-04 11:39:54,006 - DEBUG - 126962 reads not considered because fully enclosed in repeat masked regions
2025-11-04 11:40:03,063 - DEBUG - Counting for batch 121, containing 100 cells and 1387610 reads
2025-11-04 11:40:11,062 - DEBUG - 174028 reads not considered because fully enclosed in repeat masked regions
2025-11-04 11:40:18,081 - DEBUG - Counting for batch 122, containing 100 cells and 1218640 reads
2025-11-04 11:40:25,106 - DEBUG - 147928 reads not considered because fully enclosed in repeat masked regions
2025-11-04 11:40:33,245 - DEBUG - Counting for batch 123, containing 100 cells and 1212896 reads
2025-11-04 11:40:40,231 - DEBUG - 152521 reads not considered because fully enclosed in repeat masked regions
2025-11-04 11:40:47,669 - DEBUG - Counting for batch 124, containing 100 cells and 1056081 reads
2025-11-04 11:40:54,068 - DEBUG - 131886 reads not considered because fully enclosed in repeat masked regions
2025-11-04 11:41:00,094 - DEBUG - Counting for batch 125, containing 100 cells and 1056082 reads
2025-11-04 11:41:06,447 - DEBUG - 129347 reads not considered because fully enclosed in repeat masked regions
2025-11-04 11:41:13,669 - DEBUG - Read first 160 million reads
2025-11-04 11:41:14,201 - DEBUG - Counting for batch 126, containing 100 cells and 1152776 reads
2025-11-04 11:41:20,932 - DEBUG - 138155 reads not considered because fully enclosed in repeat masked regions
2025-11-04 11:41:28,231 - DEBUG - Counting for batch 127, containing 100 cells and 1021766 reads
2025-11-04 11:41:32,897 - DEBUG - 124205 reads not considered because fully enclosed in repeat masked regions
2025-11-04 11:41:39,148 - DEBUG - Counting for batch 128, containing 100 cells and 856797 reads
2025-11-04 11:41:44,789 - DEBUG - 105778 reads not considered because fully enclosed in repeat masked regions
2025-11-04 11:41:51,992 - DEBUG - Counting for batch 129, containing 100 cells and 1041351 reads
2025-11-04 11:41:56,796 - DEBUG - 127452 reads not considered because fully enclosed in repeat masked regions
2025-11-04 11:42:04,299 - DEBUG - Counting for batch 130, containing 100 cells and 1103870 reads
2025-11-04 11:42:10,837 - DEBUG - 138957 reads not considered because fully enclosed in repeat masked regions
2025-11-04 11:42:18,576 - DEBUG - Counting for batch 131, containing 100 cells and 1143405 reads
2025-11-04 11:42:25,297 - DEBUG - 142447 reads not considered because fully enclosed in repeat masked regions
2025-11-04 11:42:33,399 - DEBUG - Counting for batch 132, containing 100 cells and 1203356 reads
2025-11-04 11:42:40,447 - DEBUG - 145803 reads not considered because fully enclosed in repeat masked regions
2025-11-04 11:42:46,184 - DEBUG - Counting for batch 133, containing 100 cells and 997065 reads
2025-11-04 11:42:52,320 - DEBUG - 122319 reads not considered because fully enclosed in repeat masked regions
2025-11-04 11:42:59,693 - DEBUG - Counting for batch 134, containing 100 cells and 1075992 reads
2025-11-04 11:43:06,224 - DEBUG - 133069 reads not considered because fully enclosed in repeat masked regions
2025-11-04 11:43:09,353 - DEBUG - Read first 170 million reads
2025-11-04 11:43:14,130 - DEBUG - Counting for batch 135, containing 100 cells and 1145631 reads
2025-11-04 11:43:19,294 - DEBUG - 138959 reads not considered because fully enclosed in repeat masked regions
2025-11-04 11:43:28,686 - DEBUG - Counting for batch 136, containing 100 cells and 1192011 reads
2025-11-04 11:43:33,976 - DEBUG - 149449 reads not considered because fully enclosed in repeat masked regions
2025-11-04 11:43:43,100 - DEBUG - Counting for batch 137, containing 100 cells and 1064809 reads
2025-11-04 11:43:47,957 - DEBUG - 131002 reads not considered because fully enclosed in repeat masked regions
2025-11-04 11:43:56,031 - DEBUG - Counting for batch 138, containing 100 cells and 1241395 reads
2025-11-04 11:44:03,087 - DEBUG - 152706 reads not considered because fully enclosed in repeat masked regions
2025-11-04 11:44:09,527 - DEBUG - Counting for batch 139, containing 100 cells and 845144 reads
2025-11-04 11:44:15,195 - DEBUG - 105899 reads not considered because fully enclosed in repeat masked regions
2025-11-04 11:44:21,256 - DEBUG - Counting for batch 140, containing 100 cells and 1093714 reads
2025-11-04 11:44:27,790 - DEBUG - 136306 reads not considered because fully enclosed in repeat masked regions
2025-11-04 11:44:35,082 - DEBUG - Counting for batch 141, containing 100 cells and 1043337 reads
2025-11-04 11:44:41,518 - DEBUG - 128176 reads not considered because fully enclosed in repeat masked regions
2025-11-04 11:44:49,573 - DEBUG - Counting for batch 142, containing 100 cells and 1179210 reads
2025-11-04 11:44:54,883 - DEBUG - 146905 reads not considered because fully enclosed in repeat masked regions
2025-11-04 11:45:00,328 - DEBUG - Read first 180 million reads
2025-11-04 11:45:01,063 - DEBUG - Counting for batch 143, containing 100 cells and 792434 reads
2025-11-04 11:45:06,390 - DEBUG - 98283 reads not considered because fully enclosed in repeat masked regions
2025-11-04 11:45:12,950 - DEBUG - Counting for batch 144, containing 100 cells and 910157 reads
2025-11-04 11:45:17,277 - DEBUG - 112219 reads not considered because fully enclosed in repeat masked regions
2025-11-04 11:45:23,747 - DEBUG - Counting for batch 145, containing 100 cells and 926206 reads
2025-11-04 11:45:29,612 - DEBUG - 116265 reads not considered because fully enclosed in repeat masked regions
2025-11-04 11:45:37,362 - DEBUG - Counting for batch 146, containing 100 cells and 1169684 reads
2025-11-04 11:45:44,189 - DEBUG - 148665 reads not considered because fully enclosed in repeat masked regions
2025-11-04 11:45:51,782 - DEBUG - Counting for batch 147, containing 100 cells and 1081083 reads
2025-11-04 11:45:56,650 - DEBUG - 135461 reads not considered because fully enclosed in repeat masked regions
2025-11-04 11:46:03,957 - DEBUG - Counting for batch 148, containing 100 cells and 1072723 reads
2025-11-04 11:46:10,366 - DEBUG - 134570 reads not considered because fully enclosed in repeat masked regions
2025-11-04 11:46:17,572 - DEBUG - Counting for batch 149, containing 100 cells and 1040649 reads
2025-11-04 11:46:24,031 - DEBUG - 130113 reads not considered because fully enclosed in repeat masked regions
2025-11-04 11:46:31,903 - DEBUG - Counting for batch 150, containing 100 cells and 1150635 reads
2025-11-04 11:46:37,087 - DEBUG - 141271 reads not considered because fully enclosed in repeat masked regions
2025-11-04 11:46:46,045 - DEBUG - Counting for batch 151, containing 100 cells and 1105552 reads
2025-11-04 11:46:51,061 - DEBUG - 134101 reads not considered because fully enclosed in repeat masked regions
2025-11-04 11:46:55,370 - DEBUG - Read first 190 million reads
2025-11-04 11:46:58,150 - DEBUG - Counting for batch 152, containing 100 cells and 1021673 reads
2025-11-04 11:47:04,430 - DEBUG - 125388 reads not considered because fully enclosed in repeat masked regions
2025-11-04 11:47:13,442 - DEBUG - Counting for batch 153, containing 100 cells and 1412055 reads
2025-11-04 11:47:21,336 - DEBUG - 182752 reads not considered because fully enclosed in repeat masked regions
2025-11-04 11:47:30,183 - DEBUG - Counting for batch 154, containing 100 cells and 1318748 reads
2025-11-04 11:47:37,705 - DEBUG - 163997 reads not considered because fully enclosed in repeat masked regions
2025-11-04 11:47:44,610 - DEBUG - Counting for batch 155, containing 100 cells and 923408 reads
2025-11-04 11:47:48,972 - DEBUG - 111978 reads not considered because fully enclosed in repeat masked regions
2025-11-04 11:47:58,372 - DEBUG - Counting for batch 156, containing 100 cells and 1219188 reads
2025-11-04 11:48:03,791 - DEBUG - 153565 reads not considered because fully enclosed in repeat masked regions
2025-11-04 11:48:11,266 - DEBUG - Counting for batch 157, containing 100 cells and 1087425 reads
2025-11-04 11:48:17,706 - DEBUG - 137444 reads not considered because fully enclosed in repeat masked regions
2025-11-04 11:48:25,431 - DEBUG - Counting for batch 158, containing 100 cells and 1147889 reads
2025-11-04 11:48:32,296 - DEBUG - 140869 reads not considered because fully enclosed in repeat masked regions
2025-11-04 11:48:40,533 - DEBUG - Counting for batch 159, containing 100 cells and 1107887 reads
2025-11-04 11:48:47,141 - DEBUG - 134554 reads not considered because fully enclosed in repeat masked regions
2025-11-04 11:48:49,286 - DEBUG - Read first 200 million reads
2025-11-04 11:48:53,726 - DEBUG - Counting for batch 160, containing 100 cells and 1179340 reads
2025-11-04 11:49:00,573 - DEBUG - 146205 reads not considered because fully enclosed in repeat masked regions
2025-11-04 11:49:07,920 - DEBUG - Counting for batch 161, containing 100 cells and 1057168 reads
2025-11-04 11:49:14,392 - DEBUG - 130586 reads not considered because fully enclosed in repeat masked regions
2025-11-04 11:49:22,691 - DEBUG - Counting for batch 162, containing 100 cells and 1223605 reads
2025-11-04 11:49:29,897 - DEBUG - 152025 reads not considered because fully enclosed in repeat masked regions
2025-11-04 11:49:35,266 - DEBUG - Counting for batch 163, containing 100 cells and 910358 reads
2025-11-04 11:49:41,130 - DEBUG - 112878 reads not considered because fully enclosed in repeat masked regions
2025-11-04 11:49:49,159 - DEBUG - Counting for batch 164, containing 100 cells and 1193237 reads
2025-11-04 11:49:54,413 - DEBUG - 149060 reads not considered because fully enclosed in repeat masked regions
2025-11-04 11:50:04,354 - DEBUG - Counting for batch 165, containing 100 cells and 1308307 reads
2025-11-04 11:50:11,930 - DEBUG - 164104 reads not considered because fully enclosed in repeat masked regions
2025-11-04 11:50:19,089 - DEBUG - Counting for batch 166, containing 100 cells and 1282714 reads
2025-11-04 11:50:26,308 - DEBUG - 160061 reads not considered because fully enclosed in repeat masked regions
2025-11-04 11:50:33,903 - DEBUG - Counting for batch 167, containing 100 cells and 1107703 reads
2025-11-04 11:50:40,498 - DEBUG - 138173 reads not considered because fully enclosed in repeat masked regions
2025-11-04 11:50:41,675 - DEBUG - Read first 210 million reads
2025-11-04 11:50:47,970 - DEBUG - Counting for batch 168, containing 100 cells and 1084486 reads
2025-11-04 11:50:54,539 - DEBUG - 133831 reads not considered because fully enclosed in repeat masked regions
2025-11-04 11:51:00,471 - DEBUG - Counting for batch 169, containing 100 cells and 1055178 reads
2025-11-04 11:51:06,787 - DEBUG - 128857 reads not considered because fully enclosed in repeat masked regions
2025-11-04 11:51:14,926 - DEBUG - Counting for batch 170, containing 100 cells and 1216598 reads
2025-11-04 11:51:22,049 - DEBUG - 149947 reads not considered because fully enclosed in repeat masked regions
2025-11-04 11:51:28,951 - DEBUG - Counting for batch 171, containing 100 cells and 944701 reads
2025-11-04 11:51:33,357 - DEBUG - 115898 reads not considered because fully enclosed in repeat masked regions
2025-11-04 11:51:40,515 - DEBUG - Counting for batch 172, containing 100 cells and 1068371 reads
2025-11-04 11:51:46,894 - DEBUG - 132825 reads not considered because fully enclosed in repeat masked regions
2025-11-04 11:51:53,902 - DEBUG - Counting for batch 173, containing 100 cells and 974968 reads
2025-11-04 11:52:00,089 - DEBUG - 121164 reads not considered because fully enclosed in repeat masked regions
2025-11-04 11:52:07,602 - DEBUG - Counting for batch 174, containing 100 cells and 1074141 reads
2025-11-04 11:52:12,464 - DEBUG - 132348 reads not considered because fully enclosed in repeat masked regions
2025-11-04 11:52:19,721 - DEBUG - Counting for batch 175, containing 100 cells and 1049119 reads
2025-11-04 11:52:26,210 - DEBUG - 133689 reads not considered because fully enclosed in repeat masked regions
2025-11-04 11:52:30,272 - DEBUG - Read first 220 million reads
2025-11-04 11:52:35,167 - DEBUG - Counting for batch 176, containing 100 cells and 1328536 reads
2025-11-04 11:52:42,931 - DEBUG - 165269 reads not considered because fully enclosed in repeat masked regions
2025-11-04 11:52:51,531 - DEBUG - Counting for batch 177, containing 100 cells and 1244045 reads
2025-11-04 11:52:58,848 - DEBUG - 157086 reads not considered because fully enclosed in repeat masked regions
2025-11-04 11:53:07,354 - DEBUG - Counting for batch 178, containing 100 cells and 1221777 reads
2025-11-04 11:53:12,825 - DEBUG - 153066 reads not considered because fully enclosed in repeat masked regions
2025-11-04 11:53:21,784 - DEBUG - Counting for batch 179, containing 100 cells and 1036294 reads
2025-11-04 11:53:26,669 - DEBUG - 134242 reads not considered because fully enclosed in repeat masked regions
2025-11-04 11:53:33,912 - DEBUG - Counting for batch 180, containing 100 cells and 1040882 reads
2025-11-04 11:53:40,398 - DEBUG - 132772 reads not considered because fully enclosed in repeat masked regions
2025-11-04 11:53:48,080 - DEBUG - Counting for batch 181, containing 100 cells and 1100362 reads
2025-11-04 11:53:54,828 - DEBUG - 136210 reads not considered because fully enclosed in repeat masked regions
2025-11-04 11:53:57,366 - DEBUG - Counting for batch 182, containing 36 cells and 356670 reads
2025-11-04 11:53:59,279 - DEBUG - 42266 reads not considered because fully enclosed in repeat masked regions
2025-11-04 11:53:59,522 - DEBUG - 2036154 reads were skipped because no apropiate cell or umi barcode was found
2025-11-04 11:53:59,522 - DEBUG - Counting done!
2025-11-04 11:53:59,528 - DEBUG - Generating output file /home/dcaceres/Tet2sc/Results/plots/scVelo/velocyto_loom_files/WT1-DsRedn.loom
2025-11-04 11:53:59,528 - DEBUG - Collecting row attributes
2025-11-04 11:53:59,621 - DEBUG - Generating data table
2025-11-04 11:54:03,842 - DEBUG - Writing loom file
2025-11-04 11:54:07,627 - DEBUG - Creating converter from 5 to 3
2025-11-04 11:54:07,627 - DEBUG - Creating converter from 3 to 5
2025-11-04 11:54:31,368 - DEBUG - Terminated Succesfully!
✅ ÉXITO: Loom creado correctamente: /home/dcaceres/Tet2sc/Results/plots/scVelo/velocyto_loom_files/WT1-DsRedn.loom
------------------------------------------------------------
🎉 Proceso finalizado correctamente para WT1-DsRedn
Finalizado en: Tue Nov  4 11:54:34 CET 2025
------------------------------------------------------------
