------------------------------------------------------------
🚀 INICIO DEL PROCESO VELOCYTO - Tue Nov  4 10:51:32 CET 2025
------------------------------------------------------------
=== Procesando muestra: smpR065_DsRedP-KO3 ===
Directorio de entrada: /storage/scratch01/groups/ci/Trem1_GEICAM/Sarai/Single.Cell.Tet2/outs/out.smR065.9/outs/per_sample_outs/smpR065_DsRedP-KO3/count
Nodo: hm001 | JobID: 5580489 | TaskID: 7
------------------------------------------------------------
🧬 Ejecutando Velocyto...
2025-11-04 10:51:49,823 - DEBUG - Using logic: Default
2025-11-04 10:51:49,879 - INFO - Read 18034 cell barcodes from /storage/scratch01/groups/ci/Trem1_GEICAM/Sarai/Single.Cell.Tet2/outs/out.smR065.9/outs/per_sample_outs/smpR065_DsRedP-KO3/count/sample_filtered_feature_bc_matrix/barcodes.tsv.gz
2025-11-04 10:51:49,879 - DEBUG - Example of barcode: AAACAAGCAAATACCGATGTTGAC and cell_id: smpR065_DsRedP-KO3:AAACAAGCAAATACCGATGTTGAC-1
2025-11-04 10:51:49,895 - DEBUG - Peeking into /storage/scratch01/groups/ci/Trem1_GEICAM/Sarai/Single.Cell.Tet2/outs/out.smR065.9/outs/per_sample_outs/smpR065_DsRedP-KO3/count/sample_alignments.bam
2025-11-04 10:51:50,087 - WARNING - Not found cell and umi barcode in entry 18 of the bam file
2025-11-04 10:51:50,087 - WARNING - Not found cell and umi barcode in entry 19 of the bam file
2025-11-04 10:51:50,087 - WARNING - Not found cell and umi barcode in entry 20 of the bam file
2025-11-04 10:51:50,087 - WARNING - Not found cell and umi barcode in entry 70 of the bam file
2025-11-04 10:51:50,087 - WARNING - Not found cell and umi barcode in entry 75 of the bam file
2025-11-04 10:51:50,087 - WARNING - Not found cell and umi barcode in entry 113 of the bam file
2025-11-04 10:51:50,088 - WARNING - Not found cell and umi barcode in entry 120 of the bam file
2025-11-04 10:51:50,088 - WARNING - Not found cell and umi barcode in entry 125 of the bam file
2025-11-04 10:51:50,088 - WARNING - Not found cell and umi barcode in entry 181 of the bam file
2025-11-04 10:51:50,088 - WARNING - Not found cell and umi barcode in entry 196 of the bam file
2025-11-04 10:51:50,088 - WARNING - Not found cell and umi barcode in entry 201 of the bam file
2025-11-04 10:51:50,088 - WARNING - Not found cell and umi barcode in entry 204 of the bam file
2025-11-04 10:51:50,088 - WARNING - Not found cell and umi barcode in entry 205 of the bam file
2025-11-04 10:51:50,088 - WARNING - Not found cell and umi barcode in entry 206 of the bam file
2025-11-04 10:51:50,088 - WARNING - Not found cell and umi barcode in entry 207 of the bam file
2025-11-04 10:51:50,088 - WARNING - Not found cell and umi barcode in entry 209 of the bam file
2025-11-04 10:51:50,088 - WARNING - Not found cell and umi barcode in entry 211 of the bam file
2025-11-04 10:51:50,088 - WARNING - Not found cell and umi barcode in entry 213 of the bam file
2025-11-04 10:51:50,088 - WARNING - Not found cell and umi barcode in entry 243 of the bam file
2025-11-04 10:51:50,089 - WARNING - Not found cell and umi barcode in entry 260 of the bam file
2025-11-04 10:51:50,089 - WARNING - Not found cell and umi barcode in entry 267 of the bam file
2025-11-04 10:51:50,089 - WARNING - Not found cell and umi barcode in entry 338 of the bam file
2025-11-04 10:51:50,089 - WARNING - Not found cell and umi barcode in entry 341 of the bam file
2025-11-04 10:51:50,089 - WARNING - Not found cell and umi barcode in entry 373 of the bam file
2025-11-04 10:51:50,089 - WARNING - Not found cell and umi barcode in entry 376 of the bam file
2025-11-04 10:51:50,089 - WARNING - Not found cell and umi barcode in entry 414 of the bam file
2025-11-04 10:51:50,091 - WARNING - Not found cell and umi barcode in entry 484 of the bam file
2025-11-04 10:51:50,091 - WARNING - Not found cell and umi barcode in entry 517 of the bam file
2025-11-04 10:51:50,091 - WARNING - Not found cell and umi barcode in entry 540 of the bam file
2025-11-04 10:51:50,091 - WARNING - Not found cell and umi barcode in entry 542 of the bam file
2025-11-04 10:51:50,091 - WARNING - Not found cell and umi barcode in entry 575 of the bam file
2025-11-04 10:51:50,091 - WARNING - Not found cell and umi barcode in entry 607 of the bam file
2025-11-04 10:51:50,092 - WARNING - Not found cell and umi barcode in entry 701 of the bam file
2025-11-04 10:51:50,092 - WARNING - Not found cell and umi barcode in entry 729 of the bam file
2025-11-04 10:51:50,092 - WARNING - Not found cell and umi barcode in entry 735 of the bam file
2025-11-04 10:51:50,092 - WARNING - Not found cell and umi barcode in entry 852 of the bam file
2025-11-04 10:51:50,092 - WARNING - Not found cell and umi barcode in entry 870 of the bam file
2025-11-04 10:51:50,092 - WARNING - Not found cell and umi barcode in entry 873 of the bam file
2025-11-04 10:51:50,093 - WARNING - Not found cell and umi barcode in entry 935 of the bam file
2025-11-04 10:51:50,123 - WARNING - Not found cell and umi barcode in entry 1033 of the bam file
2025-11-04 10:51:50,126 - WARNING - The file /storage/scratch01/groups/ci/Trem1_GEICAM/Sarai/Single.Cell.Tet2/outs/out.smR065.9/outs/per_sample_outs/smpR065_DsRedP-KO3/count/cellsorted_sample_alignments.bam already exists. The sorting step will be skipped and the existing file will be used.
2025-11-04 10:51:50,126 - INFO - Load the annotation from /storage/scratch01/groups/ci/Trem1_GEICAM/Sarai/Annonation_Files/gencode.vM25.annotation.gtf
2025-11-04 10:51:55,040 - DEBUG - Parsing Chromosome 1 strand - [line 0]
2025-11-04 10:51:55,246 - DEBUG - Done with 1- [line 59062]
2025-11-04 10:51:55,247 - DEBUG - Assigning indexes to genes
2025-11-04 10:51:55,253 - DEBUG - Seen 1693 genes until now
2025-11-04 10:51:55,253 - DEBUG - Parsing Chromosome 1 strand + [line 59063]
2025-11-04 10:51:55,700 - DEBUG - Done with 1+ [line 116931]
2025-11-04 10:51:55,700 - DEBUG - Assigning indexes to genes
2025-11-04 10:51:55,706 - DEBUG - Seen 3446 genes until now
2025-11-04 10:51:55,706 - DEBUG - Parsing Chromosome 10 strand - [line 116932]
2025-11-04 10:51:56,110 - DEBUG - Done with 10- [line 158870]
2025-11-04 10:51:56,110 - DEBUG - Assigning indexes to genes
2025-11-04 10:51:56,114 - DEBUG - Seen 4713 genes until now
2025-11-04 10:51:56,114 - DEBUG - Parsing Chromosome 10 strand + [line 158871]
2025-11-04 10:51:56,272 - DEBUG - Done with 10+ [line 203797]
2025-11-04 10:51:56,272 - DEBUG - Assigning indexes to genes
2025-11-04 10:51:56,277 - DEBUG - Seen 6068 genes until now
2025-11-04 10:51:56,277 - DEBUG - Parsing Chromosome 11 strand - [line 203798]
2025-11-04 10:51:56,787 - DEBUG - Done with 11- [line 268491]
2025-11-04 10:51:56,787 - DEBUG - Assigning indexes to genes
2025-11-04 10:51:56,793 - DEBUG - Seen 7617 genes until now
2025-11-04 10:51:56,793 - DEBUG - Parsing Chromosome 11 strand + [line 268492]
2025-11-04 10:51:57,017 - DEBUG - Done with 11+ [line 332954]
2025-11-04 10:51:57,018 - DEBUG - Assigning indexes to genes
2025-11-04 10:51:57,024 - DEBUG - Seen 9067 genes until now
2025-11-04 10:51:57,024 - DEBUG - Parsing Chromosome 12 strand - [line 332955]
2025-11-04 10:51:57,120 - DEBUG - Done with 12- [line 360299]
2025-11-04 10:51:57,121 - DEBUG - Assigning indexes to genes
2025-11-04 10:51:57,124 - DEBUG - Seen 10382 genes until now
2025-11-04 10:51:57,124 - DEBUG - Parsing Chromosome 12 strand + [line 360300]
2025-11-04 10:51:57,256 - DEBUG - Done with 12+ [line 397190]
2025-11-04 10:51:57,257 - DEBUG - Assigning indexes to genes
2025-11-04 10:51:57,262 - DEBUG - Seen 11544 genes until now
2025-11-04 10:51:57,262 - DEBUG - Parsing Chromosome 13 strand - [line 397191]
2025-11-04 10:51:57,700 - DEBUG - Done with 13- [line 433847]
2025-11-04 10:51:57,701 - DEBUG - Assigning indexes to genes
2025-11-04 10:51:57,704 - DEBUG - Seen 12811 genes until now
2025-11-04 10:51:57,704 - DEBUG - Parsing Chromosome 13 strand + [line 433848]
2025-11-04 10:51:57,804 - DEBUG - Done with 13+ [line 462828]
2025-11-04 10:51:57,804 - DEBUG - Assigning indexes to genes
2025-11-04 10:51:57,808 - DEBUG - Seen 14046 genes until now
2025-11-04 10:51:57,808 - DEBUG - Parsing Chromosome 14 strand - [line 462829]
2025-11-04 10:51:57,947 - DEBUG - Done with 14- [line 501813]
2025-11-04 10:51:57,947 - DEBUG - Assigning indexes to genes
2025-11-04 10:51:57,951 - DEBUG - Seen 15241 genes until now
2025-11-04 10:51:57,951 - DEBUG - Parsing Chromosome 14 strand + [line 501814]
2025-11-04 10:51:58,074 - DEBUG - Done with 14+ [line 537473]
2025-11-04 10:51:58,074 - DEBUG - Assigning indexes to genes
2025-11-04 10:51:58,079 - DEBUG - Seen 16580 genes until now
2025-11-04 10:51:58,079 - DEBUG - Parsing Chromosome 15 strand - [line 537474]
2025-11-04 10:51:58,214 - DEBUG - Done with 15- [line 575556]
2025-11-04 10:51:58,215 - DEBUG - Assigning indexes to genes
2025-11-04 10:51:58,218 - DEBUG - Seen 17521 genes until now
2025-11-04 10:51:58,218 - DEBUG - Parsing Chromosome 15 strand + [line 575557]
2025-11-04 10:51:58,680 - DEBUG - Done with 15+ [line 608149]
2025-11-04 10:51:58,681 - DEBUG - Assigning indexes to genes
2025-11-04 10:51:58,684 - DEBUG - Seen 18432 genes until now
2025-11-04 10:51:58,684 - DEBUG - Parsing Chromosome 16 strand - [line 608150]
2025-11-04 10:51:58,786 - DEBUG - Done with 16- [line 636582]
2025-11-04 10:51:58,786 - DEBUG - Assigning indexes to genes
2025-11-04 10:51:58,789 - DEBUG - Seen 19223 genes until now
2025-11-04 10:51:58,789 - DEBUG - Parsing Chromosome 16 strand + [line 636583]
2025-11-04 10:51:58,902 - DEBUG - Done with 16+ [line 668857]
2025-11-04 10:51:58,902 - DEBUG - Assigning indexes to genes
2025-11-04 10:51:58,905 - DEBUG - Seen 20039 genes until now
2025-11-04 10:51:58,905 - DEBUG - Parsing Chromosome 17 strand - [line 668858]
2025-11-04 10:51:59,071 - DEBUG - Done with 17- [line 715100]
2025-11-04 10:51:59,072 - DEBUG - Assigning indexes to genes
2025-11-04 10:51:59,077 - DEBUG - Seen 21218 genes until now
2025-11-04 10:51:59,077 - DEBUG - Parsing Chromosome 17 strand + [line 715101]
2025-11-04 10:51:59,249 - DEBUG - Done with 17+ [line 764344]
2025-11-04 10:51:59,249 - DEBUG - Assigning indexes to genes
2025-11-04 10:51:59,259 - DEBUG - Seen 22359 genes until now
2025-11-04 10:51:59,259 - DEBUG - Parsing Chromosome 18 strand - [line 764345]
2025-11-04 10:51:59,329 - DEBUG - Done with 18- [line 784050]
2025-11-04 10:51:59,329 - DEBUG - Assigning indexes to genes
2025-11-04 10:51:59,331 - DEBUG - Seen 22997 genes until now
2025-11-04 10:51:59,331 - DEBUG - Parsing Chromosome 18 strand + [line 784051]
2025-11-04 10:51:59,817 - DEBUG - Done with 18+ [line 811173]
2025-11-04 10:51:59,817 - DEBUG - Assigning indexes to genes
2025-11-04 10:51:59,820 - DEBUG - Seen 23758 genes until now
2025-11-04 10:51:59,820 - DEBUG - Parsing Chromosome 19 strand - [line 811174]
2025-11-04 10:51:59,938 - DEBUG - Done with 19- [line 844397]
2025-11-04 10:51:59,938 - DEBUG - Assigning indexes to genes
2025-11-04 10:51:59,941 - DEBUG - Seen 24442 genes until now
2025-11-04 10:51:59,941 - DEBUG - Parsing Chromosome 19 strand + [line 844398]
2025-11-04 10:52:00,043 - DEBUG - Done with 19+ [line 873497]
2025-11-04 10:52:00,043 - DEBUG - Assigning indexes to genes
2025-11-04 10:52:00,046 - DEBUG - Seen 25152 genes until now
2025-11-04 10:52:00,046 - DEBUG - Parsing Chromosome 2 strand - [line 873498]
2025-11-04 10:52:00,329 - DEBUG - Done with 2- [line 953009]
2025-11-04 10:52:00,330 - DEBUG - Assigning indexes to genes
2025-11-04 10:52:00,338 - DEBUG - Seen 26981 genes until now
2025-11-04 10:52:00,338 - DEBUG - Parsing Chromosome 2 strand + [line 953010]
2025-11-04 10:52:00,597 - DEBUG - Done with 2+ [line 1027336]
2025-11-04 10:52:00,598 - DEBUG - Assigning indexes to genes
2025-11-04 10:52:00,605 - DEBUG - Seen 28946 genes until now
2025-11-04 10:52:00,605 - DEBUG - Parsing Chromosome 3 strand - [line 1027337]
2025-11-04 10:52:00,751 - DEBUG - Done with 3- [line 1069026]
2025-11-04 10:52:00,751 - DEBUG - Assigning indexes to genes
2025-11-04 10:52:00,755 - DEBUG - Seen 30404 genes until now
2025-11-04 10:52:00,756 - DEBUG - Parsing Chromosome 3 strand + [line 1069027]
2025-11-04 10:52:01,363 - DEBUG - Done with 3+ [line 1115102]
2025-11-04 10:52:01,363 - DEBUG - Assigning indexes to genes
2025-11-04 10:52:01,368 - DEBUG - Seen 31831 genes until now
2025-11-04 10:52:01,368 - DEBUG - Parsing Chromosome 4 strand - [line 1115103]
2025-11-04 10:52:01,558 - DEBUG - Done with 4- [line 1169156]
2025-11-04 10:52:01,558 - DEBUG - Assigning indexes to genes
2025-11-04 10:52:01,564 - DEBUG - Seen 33222 genes until now
2025-11-04 10:52:01,564 - DEBUG - Parsing Chromosome 4 strand + [line 1169157]
2025-11-04 10:52:01,748 - DEBUG - Done with 4+ [line 1221291]
2025-11-04 10:52:01,748 - DEBUG - Assigning indexes to genes
2025-11-04 10:52:01,754 - DEBUG - Seen 34690 genes until now
2025-11-04 10:52:01,754 - DEBUG - Parsing Chromosome 5 strand - [line 1221292]
2025-11-04 10:52:01,970 - DEBUG - Done with 5- [line 1282135]
2025-11-04 10:52:01,971 - DEBUG - Assigning indexes to genes
2025-11-04 10:52:01,978 - DEBUG - Seen 36281 genes until now
2025-11-04 10:52:01,978 - DEBUG - Parsing Chromosome 5 strand + [line 1282136]
2025-11-04 10:52:02,195 - DEBUG - Done with 5+ [line 1344076]
2025-11-04 10:52:02,196 - DEBUG - Assigning indexes to genes
2025-11-04 10:52:02,203 - DEBUG - Seen 37942 genes until now
2025-11-04 10:52:02,203 - DEBUG - Parsing Chromosome 6 strand - [line 1344077]
2025-11-04 10:52:02,370 - DEBUG - Done with 6- [line 1392155]
2025-11-04 10:52:02,370 - DEBUG - Assigning indexes to genes
2025-11-04 10:52:02,377 - DEBUG - Seen 39466 genes until now
2025-11-04 10:52:02,377 - DEBUG - Parsing Chromosome 6 strand + [line 1392156]
2025-11-04 10:52:03,076 - DEBUG - Done with 6+ [line 1442945]
2025-11-04 10:52:03,076 - DEBUG - Assigning indexes to genes
2025-11-04 10:52:03,083 - DEBUG - Seen 41071 genes until now
2025-11-04 10:52:03,083 - DEBUG - Parsing Chromosome 7 strand - [line 1442946]
2025-11-04 10:52:03,354 - DEBUG - Done with 7- [line 1521802]
2025-11-04 10:52:03,354 - DEBUG - Assigning indexes to genes
2025-11-04 10:52:03,366 - DEBUG - Seen 43608 genes until now
2025-11-04 10:52:03,366 - DEBUG - Parsing Chromosome 7 strand + [line 1521803]
2025-11-04 10:52:03,623 - DEBUG - Done with 7+ [line 1597237]
2025-11-04 10:52:03,639 - DEBUG - Assigning indexes to genes
2025-11-04 10:52:03,658 - DEBUG - Seen 45790 genes until now
2025-11-04 10:52:03,658 - DEBUG - Parsing Chromosome 8 strand - [line 1597238]
2025-11-04 10:52:03,792 - DEBUG - Done with 8- [line 1635144]
2025-11-04 10:52:03,792 - DEBUG - Assigning indexes to genes
2025-11-04 10:52:03,796 - DEBUG - Seen 47022 genes until now
2025-11-04 10:52:03,796 - DEBUG - Parsing Chromosome 8 strand + [line 1635145]
2025-11-04 10:52:03,965 - DEBUG - Done with 8+ [line 1684308]
2025-11-04 10:52:03,965 - DEBUG - Assigning indexes to genes
2025-11-04 10:52:03,970 - DEBUG - Seen 48326 genes until now
2025-11-04 10:52:03,970 - DEBUG - Parsing Chromosome 9 strand - [line 1684309]
2025-11-04 10:52:04,159 - DEBUG - Done with 9- [line 1738082]
2025-11-04 10:52:04,160 - DEBUG - Assigning indexes to genes
2025-11-04 10:52:04,166 - DEBUG - Seen 49688 genes until now
2025-11-04 10:52:04,166 - DEBUG - Parsing Chromosome 9 strand + [line 1738083]
2025-11-04 10:52:04,359 - DEBUG - Done with 9+ [line 1794072]
2025-11-04 10:52:04,359 - DEBUG - Assigning indexes to genes
2025-11-04 10:52:04,366 - DEBUG - Seen 51169 genes until now
2025-11-04 10:52:04,366 - DEBUG - Parsing Chromosome M strand - [line 1794073]
2025-11-04 10:52:04,366 - DEBUG - Done with M- [line 1794103]
2025-11-04 10:52:04,366 - DEBUG - Assigning indexes to genes
2025-11-04 10:52:04,366 - DEBUG - Seen 51178 genes until now
2025-11-04 10:52:04,366 - DEBUG - Parsing Chromosome M strand + [line 1794104]
2025-11-04 10:52:04,366 - DEBUG - Done with M+ [line 1794225]
2025-11-04 10:52:04,366 - DEBUG - Assigning indexes to genes
2025-11-04 10:52:04,366 - DEBUG - Seen 51206 genes until now
2025-11-04 10:52:04,366 - DEBUG - Parsing Chromosome X strand - [line 1794226]
2025-11-04 10:52:04,471 - DEBUG - Done with X- [line 1824523]
2025-11-04 10:52:04,471 - DEBUG - Assigning indexes to genes
2025-11-04 10:52:04,475 - DEBUG - Seen 52478 genes until now
2025-11-04 10:52:04,475 - DEBUG - Parsing Chromosome X strand + [line 1824524]
2025-11-04 10:52:05,201 - DEBUG - Done with X+ [line 1858357]
2025-11-04 10:52:05,201 - DEBUG - Assigning indexes to genes
2025-11-04 10:52:05,206 - DEBUG - Seen 53832 genes until now
2025-11-04 10:52:05,206 - DEBUG - Parsing Chromosome Y strand - [line 1858358]
2025-11-04 10:52:05,233 - DEBUG - Done with Y- [line 1865468]
2025-11-04 10:52:05,233 - DEBUG - Assigning indexes to genes
2025-11-04 10:52:05,235 - DEBUG - Seen 54711 genes until now
2025-11-04 10:52:05,235 - DEBUG - Parsing Chromosome Y strand + [line 1865469]
2025-11-04 10:52:05,260 - DEBUG - Assigning indexes to genes
2025-11-04 10:52:05,262 - DEBUG - Done with Y+ [line 1872050]
2025-11-04 10:52:05,262 - DEBUG - Fixing corner cases of transcript models containg intron longer than 1000Kbp
2025-11-04 10:52:06,210 - DEBUG - Generated 1544182 features corresponding to 142604 transcript models from /storage/scratch01/groups/ci/Trem1_GEICAM/Sarai/Annonation_Files/gencode.vM25.annotation.gtf
2025-11-04 10:52:06,233 - INFO - Load the repeat masking annotation from /storage/scratch01/groups/ci/Trem1_GEICAM/Sarai/Annonation_Files/rmsk_velocyto.txt
2025-11-04 10:52:06,233 - DEBUG - Reading /storage/scratch01/groups/ci/Trem1_GEICAM/Sarai/Annonation_Files/rmsk_velocyto.txt, the file will be sorted in memory
2025-11-04 10:52:28,032 - DEBUG - Processed masked annotation .gtf and generated 4369219 intervals to mask!
2025-11-04 10:52:28,201 - INFO - Scan /storage/scratch01/groups/ci/Trem1_GEICAM/Sarai/Single.Cell.Tet2/outs/out.smR065.9/outs/per_sample_outs/smpR065_DsRedP-KO3/count/sample_alignments.bam to validate intron intervals
2025-11-04 10:52:29,369 - DEBUG - Reading /storage/scratch01/groups/ci/Trem1_GEICAM/Sarai/Single.Cell.Tet2/outs/out.smR065.9/outs/per_sample_outs/smpR065_DsRedP-KO3/count/sample_alignments.bam
2025-11-04 10:52:29,376 - DEBUG - Read first 0 million reads
2025-11-04 10:52:29,376 - DEBUG - Marking up chromosome 1
2025-11-04 10:53:51,916 - DEBUG - Read first 10 million reads
2025-11-04 10:55:23,429 - DEBUG - Read first 20 million reads
2025-11-04 10:56:08,168 - DEBUG - Marking up chromosome 10
2025-11-04 10:56:55,849 - DEBUG - Read first 30 million reads
2025-11-04 10:58:36,853 - DEBUG - Read first 40 million reads
2025-11-04 10:59:20,191 - DEBUG - Marking up chromosome 11
2025-11-04 11:00:07,219 - DEBUG - Read first 50 million reads
2025-11-04 11:01:40,566 - DEBUG - Read first 60 million reads
2025-11-04 11:03:08,176 - DEBUG - Read first 70 million reads
2025-11-04 11:04:11,746 - DEBUG - Marking up chromosome 12
2025-11-04 11:04:34,683 - DEBUG - Read first 80 million reads
2025-11-04 11:06:01,497 - DEBUG - Read first 90 million reads
2025-11-04 11:06:14,111 - DEBUG - Marking up chromosome 13
2025-11-04 11:07:40,712 - DEBUG - Read first 100 million reads
2025-11-04 11:08:06,473 - DEBUG - Marking up chromosome 14
2025-11-04 11:09:13,916 - DEBUG - Read first 110 million reads
2025-11-04 11:09:58,364 - DEBUG - Marking up chromosome 15
2025-11-04 11:10:41,017 - DEBUG - Read first 120 million reads
2025-11-04 11:12:00,329 - DEBUG - Marking up chromosome 16
2025-11-04 11:12:03,365 - DEBUG - Read first 130 million reads
2025-11-04 11:13:20,104 - DEBUG - Marking up chromosome 17
2025-11-04 11:13:29,832 - DEBUG - Read first 140 million reads
2025-11-04 11:14:56,194 - DEBUG - Read first 150 million reads
2025-11-04 11:16:18,233 - DEBUG - Read first 160 million reads
2025-11-04 11:17:09,952 - DEBUG - Marking up chromosome 18
2025-11-04 11:17:34,699 - DEBUG - Read first 170 million reads
2025-11-04 11:19:00,110 - DEBUG - Read first 180 million reads
2025-11-04 11:19:23,363 - DEBUG - Marking up chromosome 19
2025-11-04 11:20:24,891 - DEBUG - Read first 190 million reads
2025-11-04 11:21:43,660 - DEBUG - Marking up chromosome 2
2025-11-04 11:21:50,995 - DEBUG - Read first 200 million reads
2025-11-04 11:23:22,276 - DEBUG - Read first 210 million reads
2025-11-04 11:25:06,978 - DEBUG - Read first 220 million reads
2025-11-04 11:26:39,451 - DEBUG - Read first 230 million reads
2025-11-04 11:26:44,803 - DEBUG - Marking up chromosome 3
2025-11-04 11:28:03,996 - DEBUG - Read first 240 million reads
2025-11-04 11:29:13,142 - DEBUG - Marking up chromosome 4
2025-11-04 11:29:25,234 - DEBUG - Read first 250 million reads
2025-11-04 11:30:43,416 - DEBUG - Read first 260 million reads
2025-11-04 11:32:05,628 - DEBUG - Read first 270 million reads
2025-11-04 11:32:32,149 - DEBUG - Marking up chromosome 5
2025-11-04 11:33:27,721 - DEBUG - Read first 280 million reads
2025-11-04 11:34:48,712 - DEBUG - Read first 290 million reads
2025-11-04 11:35:22,422 - DEBUG - Marking up chromosome 6
2025-11-04 11:36:09,600 - DEBUG - Read first 300 million reads
2025-11-04 11:37:27,079 - DEBUG - Read first 310 million reads
2025-11-04 11:37:35,939 - DEBUG - Marking up chromosome 7
2025-11-04 11:38:48,313 - DEBUG - Read first 320 million reads
2025-11-04 11:40:09,710 - DEBUG - Read first 330 million reads
2025-11-04 11:41:32,971 - DEBUG - Read first 340 million reads
2025-11-04 11:42:52,380 - DEBUG - Marking up chromosome 8
2025-11-04 11:42:54,224 - DEBUG - Read first 350 million reads
2025-11-04 11:44:16,212 - DEBUG - Read first 360 million reads
2025-11-04 11:45:43,399 - DEBUG - Marking up chromosome 9
2025-11-04 11:45:46,888 - DEBUG - Read first 370 million reads
2025-11-04 11:47:08,565 - DEBUG - Read first 380 million reads
2025-11-04 11:47:58,416 - DEBUG - Marking up chromosome MT
2025-11-04 11:47:58,417 - WARNING - The .bam file refers to a chromosome 'MT+' not present in the annotation (.gtf) file
2025-11-04 11:47:58,417 - WARNING - The .bam file refers to a chromosome 'MT-' not present in the annotation (.gtf) file
2025-11-04 11:48:01,082 - DEBUG - Marking up chromosome X
2025-11-04 11:48:31,343 - DEBUG - Read first 390 million reads
2025-11-04 11:49:29,869 - DEBUG - Marking up chromosome Y
2025-11-04 11:49:29,885 - DEBUG - Marking up chromosome GL456233.2
2025-11-04 11:49:29,885 - WARNING - The .bam file refers to a chromosome 'GL456233.2+' not present in the annotation (.gtf) file
2025-11-04 11:49:29,886 - WARNING - The .bam file refers to a chromosome 'GL456233.2-' not present in the annotation (.gtf) file
2025-11-04 11:49:29,943 - DEBUG - Marking up chromosome JH584304.1
2025-11-04 11:49:29,943 - WARNING - The .bam file refers to a chromosome 'JH584304.1+' not present in the annotation (.gtf) file
2025-11-04 11:49:29,943 - WARNING - The .bam file refers to a chromosome 'JH584304.1-' not present in the annotation (.gtf) file
2025-11-04 11:49:29,956 - DEBUG - Marking up chromosome GL456378.1
2025-11-04 11:49:29,956 - WARNING - The .bam file refers to a chromosome 'GL456378.1+' not present in the annotation (.gtf) file
2025-11-04 11:49:29,956 - WARNING - The .bam file refers to a chromosome 'GL456378.1-' not present in the annotation (.gtf) file
2025-11-04 11:49:29,957 - DEBUG - Marking up chromosome MU069434.1
2025-11-04 11:49:29,957 - WARNING - The .bam file refers to a chromosome 'MU069434.1+' not present in the annotation (.gtf) file
2025-11-04 11:49:29,957 - WARNING - The .bam file refers to a chromosome 'MU069434.1-' not present in the annotation (.gtf) file
2025-11-04 11:49:36,857 - DEBUG - End of file. Reset index: start scanning from initial position.
2025-11-04 11:49:36,857 - DEBUG - 13220055 reads were skipped because no apropiate cell or umi barcode was found
2025-11-04 11:49:36,857 - DEBUG - Start molecule counting!
2025-11-04 11:49:38,510 - DEBUG - Features available for chromosomes : ['1-', '1+', '10-', '10+', '11-', '11+', '12-', '12+', '13-', '13+', '14-', '14+', '15-', '15+', '16-', '16+', '17-', '17+', '18-', '18+', '19-', '19+', '2-', '2+', '3-', '3+', '4-', '4+', '5-', '5+', '6-', '6+', '7-', '7+', '8-', '8+', '9-', '9+', 'M-', 'M+', 'X-', 'X+', 'Y-', 'Y+']
2025-11-04 11:49:38,511 - DEBUG - Mask available for chromosomes : ['1-', '1+', '10-', '10+', '10_GL456015_alt-', '10_GL456015_alt+', '10_KQ030491_fix-', '10_KQ030491_fix+', '10_KZ289071_fix-', '10_KZ289071_fix+', '10_KZ289072_fix-', '10_KZ289072_fix+', '11-', '11+', '11_GL455998_alt-', '11_GL455998_alt+', '11_GL456016_alt-', '11_GL456016_alt+', '11_GL456060_alt-', '11_GL456060_alt+', '11_JH584265_alt-', '11_JH584265_alt+', '11_JH584316_alt-', '11_JH584316_alt+', '11_JH584317_alt-', '11_JH584317_alt+', '11_JH584327_alt-', '11_JH584327_alt+', '11_KB469739_fix-', '11_KB469739_fix+', '11_KZ289073_alt-', '11_KZ289073_alt+', '11_KZ289074_alt-', '11_KZ289074_alt+', '11_KZ289075_alt-', '11_KZ289075_alt+', '11_KZ289076_fix-', '11_KZ289076_fix+', '11_KZ289077_alt-', '11_KZ289077_alt+', '11_KZ289078_alt-', '11_KZ289078_alt+', '11_KZ289079_alt-', '11_KZ289079_alt+', '11_KZ289080_alt-', '11_KZ289080_alt+', '11_KZ289081_alt-', '11_KZ289081_alt+', '12-', '12+', '12_GL456017_alt-', '12_GL456017_alt+', '12_GL456068_alt-', '12_GL456068_alt+', '12_GL456074_alt-', '12_GL456074_alt+', '12_GL456078_alt-', '12_GL456078_alt+', '12_GL456349_alt-', '12_GL456349_alt+', '12_KB469740_fix-', '12_KB469740_fix+', '12_KZ289082_fix-', '12_KZ289082_fix+', '13-', '13+', '13_GL455990_alt-', '13_GL455990_alt+', '13_GL455999_alt-', '13_GL455999_alt+', '13_JH584305_alt-', '13_JH584305_alt+', '14-', '14+', '14_GL456019_alt-', '14_GL456019_alt+', '14_GL456020_alt-', '14_GL456020_alt+', '14_KZ289083_fix-', '14_KZ289083_fix+', '14_KZ289084_fix-', '14_KZ289084_fix+', '15-', '15+', '15_GL456000_alt-', '15_GL456000_alt+', '15_JH584270_alt-', '15_JH584270_alt+', '15_KQ030492_fix-', '15_KQ030492_fix+', '15_KQ030493_fix-', '15_KQ030493_fix+', '15_KV575241_fix-', '15_KV575241_fix+', '15_KZ289085_fix-', '15_KZ289085_fix+', '15_KZ289086_fix-', '15_KZ289086_fix+', '16-', '16+', '16_GL456001_alt-', '16_GL456001_alt+', '16_GL456028_alt-', '16_GL456028_alt+', '16_JH584306_alt-', '16_JH584306_alt+', '16_JH584307_alt-', '16_JH584307_alt+', '16_JH584310_alt-', '16_JH584310_alt+', '16_JH584311_alt-', '16_JH584311_alt+', '16_JH584312_alt-', '16_JH584312_alt+', '16_JH584313_alt-', '16_JH584313_alt+', '16_JH584314_alt-', '16_JH584314_alt+', '16_KB469741_fix-', '16_KB469741_fix+', '17-', '17+', '17_GL456002_alt-', '17_GL456002_alt+', '17_GL456021_alt-', '17_GL456021_alt+', '17_GL456022_alt-', '17_GL456022_alt+', '17_GL456069_alt-', '17_GL456069_alt+', '17_JH584266_alt-', '17_JH584266_alt+', '17_JH584267_alt-', '17_JH584267_alt+', '17_JH584308_alt-', '17_JH584308_alt+', '17_JH584309_alt-', '17_JH584309_alt+', '17_JH584328_alt-', '17_JH584328_alt+', '17_JH590470_alt-', '17_JH590470_alt+', '17_KB469742_fix-', '17_KB469742_fix+', '17_KZ289087_fix-', '17_KZ289087_fix+', '17_KZ289088_fix-', '17_KZ289088_fix+', '17_KZ289089_fix-', '17_KZ289089_fix+', '18-', '18+', '18_GL456070_alt-', '18_GL456070_alt+', '18_JH584318_alt-', '18_JH584318_alt+', '18_JH792829_fix-', '18_JH792829_fix+', '18_KZ289090_fix-', '18_KZ289090_fix+', '18_KZ289091_fix-', '18_KZ289091_fix+', '19-', '19+', '19_GL456079_alt-', '19_GL456079_alt+', '19_JH584319_alt-', '19_JH584319_alt+', '19_JH792830_fix-', '19_JH792830_fix+', '19_KQ030494_fix-', '19_KQ030494_fix+', '19_KV575242_fix-', '19_KV575242_fix+', '1_GL455991_alt-', '1_GL455991_alt+', '1_GL455992_alt-', '1_GL455992_alt+', '1_GL455993_alt-', '1_GL455993_alt+', '1_GL456005_alt-', '1_GL456005_alt+', '1_GL456210_random-', '1_GL456210_random+', '1_GL456211_random-', '1_GL456211_random+', '1_GL456212_random-', '1_GL456212_random+', '1_GL456213_random-', '1_GL456213_random+', '1_GL456221_random-', '1_GL456221_random+', '1_JH584315_alt-', '1_JH584315_alt+', '1_JH584320_alt-', '1_JH584320_alt+', '1_JH584321_alt-', '1_JH584321_alt+', '1_JH584322_alt-', '1_JH584322_alt+', '1_KK082441_alt-', '1_KK082441_alt+', '1_KV575232_fix-', '1_KV575232_fix+', '1_KV575233_fix-', '1_KV575233_fix+', '1_KV575234_fix-', '1_KV575234_fix+', '2-', '2+', '2_GL456024_alt-', '2_GL456024_alt+', '2_KV575235_fix-', '2_KV575235_fix+', '2_KV575236_fix-', '2_KV575236_fix+', '3-', '3+', '3_GL456006_alt-', '3_GL456006_alt+', '3_GL456007_alt-', '3_GL456007_alt+', '3_GL456008_alt-', '3_GL456008_alt+', '3_GL456042_alt-', '3_GL456042_alt+', '3_GL456044_alt-', '3_GL456044_alt+', '3_GL456045_alt-', '3_GL456045_alt+', '3_GL456048_alt-', '3_GL456048_alt+', '3_GL456049_alt-', '3_GL456049_alt+', '3_JH584323_alt-', '3_JH584323_alt+', '3_KQ030484_fix-', '3_KQ030484_fix+', '3_KZ289064_fix-', '3_KZ289064_fix+', '3_KZ289065_fix-', '3_KZ289065_fix+', '3_KZ289066_fix-', '3_KZ289066_fix+', '4-', '4+', '4_GL455994_alt-', '4_GL455994_alt+', '4_GL456009_alt-', '4_GL456009_alt+', '4_GL456010_alt-', '4_GL456010_alt+', '4_GL456053_alt-', '4_GL456053_alt+', '4_GL456064_alt-', '4_GL456064_alt+', '4_GL456075_alt-', '4_GL456075_alt+', '4_GL456076_alt-', '4_GL456076_alt+', '4_GL456077_alt-', '4_GL456077_alt+', '4_GL456216_random-', '4_GL456216_random+', '4_GL456350_random-', '4_GL456350_random+', '4_JH584268_alt-', '4_JH584268_alt+', '4_JH584269_alt-', '4_JH584269_alt+', '4_JH584292_random-', '4_JH584292_random+', '4_JH584293_random-', '4_JH584293_random+', '4_JH584294_random-', '4_JH584294_random+', '4_JH584295_random+', '4_JH584324_alt-', '4_JH584324_alt+', '4_JH584325_alt-', '4_JH584325_alt+', '4_JH584326_alt-', '4_JH584326_alt+', '4_JH792826_fix-', '4_JH792826_fix+', '4_KQ030485_fix-', '4_KQ030485_fix+', '4_KQ030486_fix-', '4_KQ030486_fix+', '4_KQ030487_fix-', '4_KQ030487_fix+', '4_KQ030488_fix-', '4_KQ030488_fix+', '4_KQ030489_fix-', '4_KQ030489_fix+', '4_KZ289067_fix-', '4_KZ289067_fix+', '4_KZ289068_fix-', '4_KZ289068_fix+', '4_KZ289069_fix-', '4_KZ289069_fix+', '4_KZ289070_fix-', '4_KZ289070_fix+', '5-', '5+', '5_GL455995_alt-', '5_GL455995_alt+', '5_GL456011_alt-', '5_GL456011_alt+', '5_GL456354_random-', '5_GL456354_random+', '5_JH584296_random-', '5_JH584296_random+', '5_JH584297_random-', '5_JH584297_random+', '5_JH584298_random-', '5_JH584298_random+', '5_JH584299_random-', '5_JH584299_random+', '5_JH792827_fix-', '5_JH792827_fix+', '5_KV575237_fix-', '5_KV575237_fix+', '6-', '6+', '6_GL456012_alt-', '6_GL456012_alt+', '6_GL456025_alt-', '6_GL456025_alt+', '6_GL456026_alt-', '6_GL456026_alt+', '6_GL456054_alt-', '6_GL456054_alt+', '6_GL456065_alt-', '6_GL456065_alt+', '6_JH584264_alt-', '6_JH584264_alt+', '6_KK082442_fix-', '6_KK082442_fix+', '6_KK082443_fix-', '6_KK082443_fix+', '7-', '7+', '7_GL455989_alt-', '7_GL455989_alt+', '7_GL456013_alt-', '7_GL456013_alt+', '7_GL456014_alt-', '7_GL456014_alt+', '7_GL456219_random-', '7_GL456219_random+', '7_JH792828_fix-', '7_JH792828_fix+', '7_KV575238_fix-', '7_KV575238_fix+', '7_KV575239_fix-', '7_KV575239_fix+', '8-', '8+', '8_GL455996_alt-', '8_GL455996_alt+', '8_GL455997_alt-', '8_GL455997_alt+', '8_KV575240_fix-', '8_KV575240_fix+', '9-', '9+', '9_KB469738_fix-', '9_KB469738_fix+', '9_KQ030490_fix-', '9_KQ030490_fix+', 'M-', 'M+', 'Un_GL456239-', 'Un_GL456239+', 'Un_GL456359-', 'Un_GL456359+', 'Un_GL456360-', 'Un_GL456360+', 'Un_GL456366-', 'Un_GL456366+', 'Un_GL456367-', 'Un_GL456367+', 'Un_GL456368-', 'Un_GL456368+', 'Un_GL456370+', 'Un_GL456372-', 'Un_GL456372+', 'Un_GL456378-', 'Un_GL456378+', 'Un_GL456379-', 'Un_GL456379+', 'Un_GL456381-', 'Un_GL456381+', 'Un_GL456382-', 'Un_GL456382+', 'Un_GL456383-', 'Un_GL456383+', 'Un_GL456385-', 'Un_GL456385+', 'Un_GL456387-', 'Un_GL456387+', 'Un_GL456389-', 'Un_GL456389+', 'Un_GL456390-', 'Un_GL456390+', 'Un_GL456392-', 'Un_GL456392+', 'Un_GL456393-', 'Un_GL456393+', 'Un_GL456394-', 'Un_GL456394+', 'Un_GL456396-', 'Un_GL456396+', 'Un_JH584304-', 'Un_JH584304+', 'X-', 'X+', 'X_GL456003_alt-', 'X_GL456003_alt+', 'X_GL456004_alt-', 'X_GL456004_alt+', 'X_GL456031_alt-', 'X_GL456031_alt+', 'X_GL456032_alt-', 'X_GL456032_alt+', 'X_GL456033_alt-', 'X_GL456033_alt+', 'X_GL456233_random-', 'X_GL456233_random+', 'X_JH792831_fix-', 'X_JH792831_fix+', 'X_KQ030495_fix-', 'X_KQ030495_fix+', 'X_KQ030496_fix-', 'X_KQ030496_fix+', 'X_KQ030497_fix-', 'X_KQ030497_fix+', 'X_KZ289092_fix-', 'X_KZ289092_fix+', 'X_KZ289093_fix-', 'X_KZ289093_fix+', 'X_KZ289094_fix-', 'X_KZ289094_fix+', 'X_KZ289095_fix-', 'X_KZ289095_fix+', 'Y-', 'Y+', 'Y_GL456071_alt-', 'Y_GL456071_alt+', 'Y_GL456072_alt-', 'Y_GL456072_alt+', 'Y_GL456073_alt-', 'Y_GL456073_alt+', 'Y_GL456080_alt-', 'Y_GL456080_alt+', 'Y_GL456081_alt-', 'Y_GL456081_alt+', 'Y_GL456082_alt-', 'Y_GL456082_alt+', 'Y_JH584300_random-', 'Y_JH584300_random+', 'Y_JH584301_random-', 'Y_JH584301_random+', 'Y_JH584302_random-', 'Y_JH584302_random+', 'Y_JH584303_random-', 'Y_JH584303_random+', 'Y_JH792832_fix-', 'Y_JH792832_fix+', 'Y_JH792833_fix-', 'Y_JH792833_fix+', 'Y_JH792834_fix-', 'Y_JH792834_fix+', 'na_GL456050_alt-']
2025-11-04 11:49:38,511 - DEBUG - Summarizing the results of intron validation.
2025-11-04 11:49:38,621 - DEBUG - Validated 1141 introns (of which unique intervals 447) out of 700789 total possible introns (considering each possible transcript models).
2025-11-04 11:49:38,621 - DEBUG - Reading /storage/scratch01/groups/ci/Trem1_GEICAM/Sarai/Single.Cell.Tet2/outs/out.smR065.9/outs/per_sample_outs/smpR065_DsRedP-KO3/count/cellsorted_sample_alignments.bam
2025-11-04 11:49:38,643 - DEBUG - Read first 0 million reads
2025-11-04 11:49:57,443 - DEBUG - Counting for batch 1, containing 100 cells and 1744236 reads
2025-11-04 11:50:13,828 - DEBUG - 217314 reads not considered because fully enclosed in repeat masked regions
2025-11-04 11:50:37,051 - DEBUG - Counting for batch 2, containing 100 cells and 1977422 reads
2025-11-04 11:50:55,603 - DEBUG - 250617 reads not considered because fully enclosed in repeat masked regions
2025-11-04 11:51:16,071 - DEBUG - Counting for batch 3, containing 100 cells and 1871243 reads
2025-11-04 11:51:33,603 - DEBUG - 243465 reads not considered because fully enclosed in repeat masked regions
2025-11-04 11:51:55,961 - DEBUG - Counting for batch 4, containing 100 cells and 1857820 reads
2025-11-04 11:52:13,623 - DEBUG - 235210 reads not considered because fully enclosed in repeat masked regions
2025-11-04 11:52:30,679 - DEBUG - Read first 10 million reads
2025-11-04 11:52:38,019 - DEBUG - Counting for batch 5, containing 100 cells and 2058078 reads
2025-11-04 11:52:54,094 - DEBUG - 263673 reads not considered because fully enclosed in repeat masked regions
2025-11-04 11:53:16,453 - DEBUG - Counting for batch 6, containing 100 cells and 1892580 reads
2025-11-04 11:53:34,016 - DEBUG - 238844 reads not considered because fully enclosed in repeat masked regions
2025-11-04 11:53:58,881 - DEBUG - Counting for batch 7, containing 100 cells and 2174864 reads
2025-11-04 11:54:18,340 - DEBUG - 277550 reads not considered because fully enclosed in repeat masked regions
2025-11-04 11:54:40,378 - DEBUG - Counting for batch 8, containing 100 cells and 1819387 reads
2025-11-04 11:54:57,482 - DEBUG - 224282 reads not considered because fully enclosed in repeat masked regions
2025-11-04 11:55:22,284 - DEBUG - Counting for batch 9, containing 100 cells and 2100651 reads
2025-11-04 11:55:41,749 - DEBUG - 272899 reads not considered because fully enclosed in repeat masked regions
2025-11-04 11:55:48,035 - DEBUG - Read first 20 million reads
2025-11-04 11:56:04,145 - DEBUG - Counting for batch 10, containing 100 cells and 2040951 reads
2025-11-04 11:56:23,088 - DEBUG - 251161 reads not considered because fully enclosed in repeat masked regions
2025-11-04 11:56:45,895 - DEBUG - Counting for batch 11, containing 100 cells and 1875237 reads
2025-11-04 11:57:03,787 - DEBUG - 239445 reads not considered because fully enclosed in repeat masked regions
2025-11-04 11:57:23,708 - DEBUG - Counting for batch 12, containing 100 cells and 1802861 reads
2025-11-04 11:57:40,810 - DEBUG - 225156 reads not considered because fully enclosed in repeat masked regions
2025-11-04 11:58:06,727 - DEBUG - Counting for batch 13, containing 100 cells and 2207161 reads
2025-11-04 11:58:27,057 - DEBUG - 283235 reads not considered because fully enclosed in repeat masked regions
2025-11-04 11:58:44,321 - DEBUG - Read first 30 million reads
2025-11-04 11:58:48,723 - DEBUG - Counting for batch 14, containing 100 cells and 1944650 reads
2025-11-04 11:59:07,081 - DEBUG - 243819 reads not considered because fully enclosed in repeat masked regions
2025-11-04 11:59:31,502 - DEBUG - Counting for batch 15, containing 100 cells and 2004142 reads
2025-11-04 11:59:47,346 - DEBUG - 249845 reads not considered because fully enclosed in repeat masked regions
2025-11-04 12:00:08,513 - DEBUG - Counting for batch 16, containing 100 cells and 1719596 reads
2025-11-04 12:00:25,117 - DEBUG - 214338 reads not considered because fully enclosed in repeat masked regions
2025-11-04 12:00:47,779 - DEBUG - Counting for batch 17, containing 100 cells and 1854299 reads
2025-11-04 12:01:02,541 - DEBUG - 232443 reads not considered because fully enclosed in repeat masked regions
2025-11-04 12:01:31,383 - DEBUG - Counting for batch 18, containing 100 cells and 2350207 reads
2025-11-04 12:01:52,719 - DEBUG - 299848 reads not considered because fully enclosed in repeat masked regions
2025-11-04 12:01:59,295 - DEBUG - Read first 40 million reads
2025-11-04 12:02:15,001 - DEBUG - Counting for batch 19, containing 100 cells and 1978310 reads
2025-11-04 12:02:33,413 - DEBUG - 247580 reads not considered because fully enclosed in repeat masked regions
2025-11-04 12:02:57,797 - DEBUG - Counting for batch 20, containing 100 cells and 1998007 reads
2025-11-04 12:03:13,759 - DEBUG - 252758 reads not considered because fully enclosed in repeat masked regions
2025-11-04 12:03:34,808 - DEBUG - Counting for batch 21, containing 100 cells and 1713366 reads
2025-11-04 12:03:51,234 - DEBUG - 216571 reads not considered because fully enclosed in repeat masked regions
2025-11-04 12:04:17,632 - DEBUG - Counting for batch 22, containing 100 cells and 2321936 reads
2025-11-04 12:04:38,597 - DEBUG - 294282 reads not considered because fully enclosed in repeat masked regions
2025-11-04 12:04:55,032 - DEBUG - Read first 50 million reads
2025-11-04 12:05:03,161 - DEBUG - Counting for batch 23, containing 100 cells and 2039920 reads
2025-11-04 12:05:22,132 - DEBUG - 261177 reads not considered because fully enclosed in repeat masked regions
2025-11-04 12:05:42,639 - DEBUG - Counting for batch 24, containing 100 cells and 1835280 reads
2025-11-04 12:06:00,170 - DEBUG - 235843 reads not considered because fully enclosed in repeat masked regions
2025-11-04 12:06:21,857 - DEBUG - Counting for batch 25, containing 100 cells and 1738667 reads
2025-11-04 12:06:35,927 - DEBUG - 220179 reads not considered because fully enclosed in repeat masked regions
2025-11-04 12:06:58,690 - DEBUG - Counting for batch 26, containing 100 cells and 1945112 reads
2025-11-04 12:07:16,693 - DEBUG - 249330 reads not considered because fully enclosed in repeat masked regions
2025-11-04 12:07:42,703 - DEBUG - Counting for batch 27, containing 100 cells and 2262008 reads
2025-11-04 12:08:02,776 - DEBUG - 288360 reads not considered because fully enclosed in repeat masked regions
2025-11-04 12:08:11,816 - DEBUG - Read first 60 million reads
2025-11-04 12:08:25,389 - DEBUG - Counting for batch 28, containing 100 cells and 1822173 reads
2025-11-04 12:08:42,733 - DEBUG - 232168 reads not considered because fully enclosed in repeat masked regions
2025-11-04 12:09:05,785 - DEBUG - Counting for batch 29, containing 100 cells and 1876456 reads
2025-11-04 12:09:20,688 - DEBUG - 233847 reads not considered because fully enclosed in repeat masked regions
2025-11-04 12:09:50,029 - DEBUG - Counting for batch 30, containing 100 cells and 2369903 reads
2025-11-04 12:10:11,398 - DEBUG - 295070 reads not considered because fully enclosed in repeat masked regions
2025-11-04 12:10:34,271 - DEBUG - Counting for batch 31, containing 100 cells and 2038789 reads
2025-11-04 12:10:53,318 - DEBUG - 252802 reads not considered because fully enclosed in repeat masked regions
2025-11-04 12:11:09,804 - DEBUG - Read first 70 million reads
2025-11-04 12:11:12,806 - DEBUG - Counting for batch 32, containing 100 cells and 1724378 reads
2025-11-04 12:11:29,476 - DEBUG - 220960 reads not considered because fully enclosed in repeat masked regions
2025-11-04 12:11:52,327 - DEBUG - Counting for batch 33, containing 100 cells and 1873849 reads
2025-11-04 12:12:07,298 - DEBUG - 235968 reads not considered because fully enclosed in repeat masked regions
2025-11-04 12:12:34,302 - DEBUG - Counting for batch 34, containing 100 cells and 2103253 reads
2025-11-04 12:12:53,966 - DEBUG - 269462 reads not considered because fully enclosed in repeat masked regions
2025-11-04 12:13:14,860 - DEBUG - Counting for batch 35, containing 100 cells and 1827077 reads
2025-11-04 12:13:32,792 - DEBUG - 233375 reads not considered because fully enclosed in repeat masked regions
2025-11-04 12:13:54,106 - DEBUG - Counting for batch 36, containing 100 cells and 1940947 reads
2025-11-04 12:14:12,349 - DEBUG - 246353 reads not considered because fully enclosed in repeat masked regions
2025-11-04 12:14:21,923 - DEBUG - Read first 80 million reads
2025-11-04 12:14:34,072 - DEBUG - Counting for batch 37, containing 100 cells and 1979051 reads
2025-11-04 12:14:52,452 - DEBUG - 252220 reads not considered because fully enclosed in repeat masked regions
2025-11-04 12:15:17,313 - DEBUG - Counting for batch 38, containing 100 cells and 2092854 reads
2025-11-04 12:15:36,703 - DEBUG - 267646 reads not considered because fully enclosed in repeat masked regions
2025-11-04 12:16:02,288 - DEBUG - Counting for batch 39, containing 100 cells and 2098831 reads
2025-11-04 12:16:18,695 - DEBUG - 264756 reads not considered because fully enclosed in repeat masked regions
2025-11-04 12:16:41,547 - DEBUG - Counting for batch 40, containing 100 cells and 1906374 reads
2025-11-04 12:16:59,504 - DEBUG - 240429 reads not considered because fully enclosed in repeat masked regions
2025-11-04 12:17:20,575 - DEBUG - Read first 90 million reads
2025-11-04 12:17:22,958 - DEBUG - Counting for batch 41, containing 100 cells and 1981952 reads
2025-11-04 12:17:41,301 - DEBUG - 248618 reads not considered because fully enclosed in repeat masked regions
2025-11-04 12:18:04,583 - DEBUG - Counting for batch 42, containing 100 cells and 1898307 reads
2025-11-04 12:18:22,825 - DEBUG - 239490 reads not considered because fully enclosed in repeat masked regions
2025-11-04 12:18:42,090 - DEBUG - Counting for batch 43, containing 100 cells and 1685478 reads
2025-11-04 12:18:58,624 - DEBUG - 211577 reads not considered because fully enclosed in repeat masked regions
2025-11-04 12:19:20,616 - DEBUG - Counting for batch 44, containing 100 cells and 2028871 reads
2025-11-04 12:19:39,521 - DEBUG - 260871 reads not considered because fully enclosed in repeat masked regions
2025-11-04 12:20:01,148 - DEBUG - Counting for batch 45, containing 100 cells and 1722145 reads
2025-11-04 12:20:15,176 - DEBUG - 221230 reads not considered because fully enclosed in repeat masked regions
2025-11-04 12:20:32,163 - DEBUG - Read first 100 million reads
2025-11-04 12:20:37,223 - DEBUG - Counting for batch 46, containing 100 cells and 1885190 reads
2025-11-04 12:20:55,052 - DEBUG - 235175 reads not considered because fully enclosed in repeat masked regions
2025-11-04 12:21:16,828 - DEBUG - Counting for batch 47, containing 100 cells and 1783013 reads
2025-11-04 12:21:33,973 - DEBUG - 228172 reads not considered because fully enclosed in repeat masked regions
2025-11-04 12:21:55,016 - DEBUG - Counting for batch 48, containing 100 cells and 1946286 reads
2025-11-04 12:22:13,258 - DEBUG - 248318 reads not considered because fully enclosed in repeat masked regions
2025-11-04 12:22:45,639 - DEBUG - Counting for batch 49, containing 100 cells and 2701816 reads
2025-11-04 12:23:09,067 - DEBUG - 343711 reads not considered because fully enclosed in repeat masked regions
2025-11-04 12:23:30,965 - DEBUG - Read first 110 million reads
2025-11-04 12:23:31,573 - DEBUG - Counting for batch 50, containing 100 cells and 1968352 reads
2025-11-04 12:23:50,035 - DEBUG - 252860 reads not considered because fully enclosed in repeat masked regions
2025-11-04 12:24:21,495 - DEBUG - Counting for batch 51, containing 100 cells and 2546124 reads
2025-11-04 12:24:40,801 - DEBUG - 319282 reads not considered because fully enclosed in repeat masked regions
2025-11-04 12:25:07,678 - DEBUG - Counting for batch 52, containing 100 cells and 2027407 reads
2025-11-04 12:25:26,708 - DEBUG - 263666 reads not considered because fully enclosed in repeat masked regions
2025-11-04 12:25:50,765 - DEBUG - Counting for batch 53, containing 100 cells and 2240631 reads
2025-11-04 12:26:10,915 - DEBUG - 285163 reads not considered because fully enclosed in repeat masked regions
2025-11-04 12:26:35,399 - DEBUG - Counting for batch 54, containing 100 cells and 1980198 reads
2025-11-04 12:26:51,114 - DEBUG - 248303 reads not considered because fully enclosed in repeat masked regions
2025-11-04 12:26:54,161 - DEBUG - Read first 120 million reads
2025-11-04 12:27:18,732 - DEBUG - Counting for batch 55, containing 100 cells and 2189509 reads
2025-11-04 12:27:38,881 - DEBUG - 276858 reads not considered because fully enclosed in repeat masked regions
2025-11-04 12:28:01,264 - DEBUG - Counting for batch 56, containing 100 cells and 1998925 reads
2025-11-04 12:28:20,349 - DEBUG - 254626 reads not considered because fully enclosed in repeat masked regions
2025-11-04 12:28:40,060 - DEBUG - Counting for batch 57, containing 100 cells and 1728931 reads
2025-11-04 12:28:56,814 - DEBUG - 218500 reads not considered because fully enclosed in repeat masked regions
2025-11-04 12:29:16,751 - DEBUG - Counting for batch 58, containing 100 cells and 1827587 reads
2025-11-04 12:29:34,111 - DEBUG - 235543 reads not considered because fully enclosed in repeat masked regions
2025-11-04 12:29:48,486 - DEBUG - Read first 130 million reads
2025-11-04 12:30:00,843 - DEBUG - Counting for batch 59, containing 100 cells and 2328955 reads
2025-11-04 12:30:21,844 - DEBUG - 294824 reads not considered because fully enclosed in repeat masked regions
2025-11-04 12:30:52,223 - DEBUG - Counting for batch 60, containing 100 cells and 2394102 reads
2025-11-04 12:31:14,068 - DEBUG - 307460 reads not considered because fully enclosed in repeat masked regions
2025-11-04 12:31:41,450 - DEBUG - Counting for batch 61, containing 100 cells and 2532434 reads
2025-11-04 12:32:03,987 - DEBUG - 318316 reads not considered because fully enclosed in repeat masked regions
2025-11-04 12:32:27,929 - DEBUG - Counting for batch 62, containing 100 cells and 1897155 reads
2025-11-04 12:32:45,943 - DEBUG - 240877 reads not considered because fully enclosed in repeat masked regions
2025-11-04 12:32:55,992 - DEBUG - Read first 140 million reads
2025-11-04 12:33:13,607 - DEBUG - Counting for batch 63, containing 100 cells and 2219172 reads
2025-11-04 12:33:35,557 - DEBUG - 275640 reads not considered because fully enclosed in repeat masked regions
2025-11-04 12:33:59,809 - DEBUG - Counting for batch 64, containing 100 cells and 2127641 reads
2025-11-04 12:34:20,949 - DEBUG - 271936 reads not considered because fully enclosed in repeat masked regions
2025-11-04 12:34:45,856 - DEBUG - Counting for batch 65, containing 100 cells and 1988619 reads
2025-11-04 12:35:01,794 - DEBUG - 253212 reads not considered because fully enclosed in repeat masked regions
2025-11-04 12:35:32,541 - DEBUG - Counting for batch 66, containing 100 cells and 2508842 reads
2025-11-04 12:35:54,884 - DEBUG - 314770 reads not considered because fully enclosed in repeat masked regions
2025-11-04 12:36:05,663 - DEBUG - Read first 150 million reads
2025-11-04 12:36:20,517 - DEBUG - Counting for batch 67, containing 100 cells and 2344432 reads
2025-11-04 12:36:41,604 - DEBUG - 295612 reads not considered because fully enclosed in repeat masked regions
2025-11-04 12:37:01,796 - DEBUG - Counting for batch 68, containing 100 cells and 1539361 reads
2025-11-04 12:37:17,287 - DEBUG - 195253 reads not considered because fully enclosed in repeat masked regions
2025-11-04 12:37:37,031 - DEBUG - Counting for batch 69, containing 100 cells and 1783264 reads
2025-11-04 12:37:54,430 - DEBUG - 230334 reads not considered because fully enclosed in repeat masked regions
2025-11-04 12:38:20,433 - DEBUG - Counting for batch 70, containing 100 cells and 2126403 reads
2025-11-04 12:38:36,902 - DEBUG - 263898 reads not considered because fully enclosed in repeat masked regions
2025-11-04 12:38:59,416 - DEBUG - Counting for batch 71, containing 100 cells and 1854812 reads
2025-11-04 12:39:17,231 - DEBUG - 238672 reads not considered because fully enclosed in repeat masked regions
2025-11-04 12:39:20,344 - DEBUG - Read first 160 million reads
2025-11-04 12:39:38,221 - DEBUG - Counting for batch 72, containing 100 cells and 1664720 reads
2025-11-04 12:39:51,726 - DEBUG - 214894 reads not considered because fully enclosed in repeat masked regions
2025-11-04 12:40:20,770 - DEBUG - Counting for batch 73, containing 100 cells and 2370557 reads
2025-11-04 12:40:42,285 - DEBUG - 298371 reads not considered because fully enclosed in repeat masked regions
2025-11-04 12:41:03,351 - DEBUG - Counting for batch 74, containing 100 cells and 1814681 reads
2025-11-04 12:41:20,818 - DEBUG - 225506 reads not considered because fully enclosed in repeat masked regions
2025-11-04 12:41:46,774 - DEBUG - Counting for batch 75, containing 100 cells and 2199994 reads
2025-11-04 12:42:07,176 - DEBUG - 280667 reads not considered because fully enclosed in repeat masked regions
2025-11-04 12:42:17,809 - DEBUG - Read first 170 million reads
2025-11-04 12:42:30,977 - DEBUG - Counting for batch 76, containing 100 cells and 2191940 reads
2025-11-04 12:42:50,794 - DEBUG - 284225 reads not considered because fully enclosed in repeat masked regions
2025-11-04 12:43:14,109 - DEBUG - Counting for batch 77, containing 100 cells and 1902449 reads
2025-11-04 12:43:32,267 - DEBUG - 239266 reads not considered because fully enclosed in repeat masked regions
2025-11-04 12:43:51,159 - DEBUG - Counting for batch 78, containing 100 cells and 1681656 reads
2025-11-04 12:44:07,606 - DEBUG - 214311 reads not considered because fully enclosed in repeat masked regions
2025-11-04 12:44:32,340 - DEBUG - Counting for batch 79, containing 100 cells and 2094445 reads
2025-11-04 12:44:52,003 - DEBUG - 264072 reads not considered because fully enclosed in repeat masked regions
2025-11-04 12:45:14,044 - DEBUG - Read first 180 million reads
2025-11-04 12:45:16,229 - DEBUG - Counting for batch 80, containing 100 cells and 2216968 reads
2025-11-04 12:45:36,309 - DEBUG - 282379 reads not considered because fully enclosed in repeat masked regions
2025-11-04 12:46:06,741 - DEBUG - Counting for batch 81, containing 100 cells and 2433190 reads
2025-11-04 12:46:28,795 - DEBUG - 310954 reads not considered because fully enclosed in repeat masked regions
2025-11-04 12:46:54,817 - DEBUG - Counting for batch 82, containing 100 cells and 2373293 reads
2025-11-04 12:47:16,139 - DEBUG - 307679 reads not considered because fully enclosed in repeat masked regions
2025-11-04 12:47:45,408 - DEBUG - Counting for batch 83, containing 100 cells and 2247896 reads
2025-11-04 12:48:06,047 - DEBUG - 288353 reads not considered because fully enclosed in repeat masked regions
2025-11-04 12:48:22,611 - DEBUG - Read first 190 million reads
2025-11-04 12:48:30,333 - DEBUG - Counting for batch 84, containing 100 cells and 2165213 reads
2025-11-04 12:48:50,398 - DEBUG - 277486 reads not considered because fully enclosed in repeat masked regions
2025-11-04 12:49:17,617 - DEBUG - Counting for batch 85, containing 100 cells and 2267242 reads
2025-11-04 12:49:35,107 - DEBUG - 285540 reads not considered because fully enclosed in repeat masked regions
2025-11-04 12:50:02,318 - DEBUG - Counting for batch 86, containing 100 cells and 2059676 reads
2025-11-04 12:50:21,900 - DEBUG - 253701 reads not considered because fully enclosed in repeat masked regions
2025-11-04 12:50:45,767 - DEBUG - Counting for batch 87, containing 100 cells and 2178914 reads
2025-11-04 12:51:05,593 - DEBUG - 285828 reads not considered because fully enclosed in repeat masked regions
2025-11-04 12:51:24,387 - DEBUG - Counting for batch 88, containing 100 cells and 1629097 reads
2025-11-04 12:51:40,323 - DEBUG - 204109 reads not considered because fully enclosed in repeat masked regions
2025-11-04 12:51:43,825 - DEBUG - Read first 200 million reads
2025-11-04 12:52:04,516 - DEBUG - Counting for batch 89, containing 100 cells and 2030248 reads
2025-11-04 12:52:23,944 - DEBUG - 258806 reads not considered because fully enclosed in repeat masked regions
2025-11-04 12:52:45,727 - DEBUG - Counting for batch 90, containing 100 cells and 1939782 reads
2025-11-04 12:53:04,110 - DEBUG - 246709 reads not considered because fully enclosed in repeat masked regions
2025-11-04 12:53:28,505 - DEBUG - Counting for batch 91, containing 100 cells and 1951518 reads
2025-11-04 12:53:44,339 - DEBUG - 250012 reads not considered because fully enclosed in repeat masked regions
2025-11-04 12:54:07,649 - DEBUG - Counting for batch 92, containing 100 cells and 1974825 reads
2025-11-04 12:54:26,304 - DEBUG - 253522 reads not considered because fully enclosed in repeat masked regions
2025-11-04 12:54:41,027 - DEBUG - Read first 210 million reads
2025-11-04 12:54:50,697 - DEBUG - Counting for batch 93, containing 100 cells and 2050048 reads
2025-11-04 12:55:09,894 - DEBUG - 259309 reads not considered because fully enclosed in repeat masked regions
2025-11-04 12:55:32,393 - DEBUG - Counting for batch 94, containing 100 cells and 1791169 reads
2025-11-04 12:55:46,826 - DEBUG - 221984 reads not considered because fully enclosed in repeat masked regions
2025-11-04 12:56:08,916 - DEBUG - Counting for batch 95, containing 100 cells and 1816345 reads
2025-11-04 12:56:26,494 - DEBUG - 236356 reads not considered because fully enclosed in repeat masked regions
2025-11-04 12:56:50,917 - DEBUG - Counting for batch 96, containing 100 cells and 2027532 reads
2025-11-04 12:57:10,118 - DEBUG - 263361 reads not considered because fully enclosed in repeat masked regions
2025-11-04 12:57:30,727 - DEBUG - Counting for batch 97, containing 100 cells and 1828066 reads
2025-11-04 12:57:48,350 - DEBUG - 232654 reads not considered because fully enclosed in repeat masked regions
2025-11-04 12:57:56,629 - DEBUG - Read first 220 million reads
2025-11-04 12:58:12,068 - DEBUG - Counting for batch 98, containing 100 cells and 2194407 reads
2025-11-04 12:58:32,246 - DEBUG - 280792 reads not considered because fully enclosed in repeat masked regions
2025-11-04 12:58:54,320 - DEBUG - Counting for batch 99, containing 100 cells and 1701058 reads
2025-11-04 12:59:08,187 - DEBUG - 214584 reads not considered because fully enclosed in repeat masked regions
2025-11-04 12:59:31,079 - DEBUG - Counting for batch 100, containing 100 cells and 1940764 reads
2025-11-04 12:59:49,439 - DEBUG - 239694 reads not considered because fully enclosed in repeat masked regions
2025-11-04 13:00:14,179 - DEBUG - Counting for batch 101, containing 100 cells and 2110584 reads
2025-11-04 13:00:33,766 - DEBUG - 268054 reads not considered because fully enclosed in repeat masked regions
2025-11-04 13:00:55,246 - DEBUG - Read first 230 million reads
2025-11-04 13:00:55,732 - DEBUG - Counting for batch 102, containing 100 cells and 1726987 reads
2025-11-04 13:01:12,652 - DEBUG - 219172 reads not considered because fully enclosed in repeat masked regions
2025-11-04 13:01:34,125 - DEBUG - Counting for batch 103, containing 100 cells and 1946330 reads
2025-11-04 13:01:52,722 - DEBUG - 248508 reads not considered because fully enclosed in repeat masked regions
2025-11-04 13:02:18,963 - DEBUG - Counting for batch 104, containing 100 cells and 2161726 reads
2025-11-04 13:02:35,724 - DEBUG - 270642 reads not considered because fully enclosed in repeat masked regions
2025-11-04 13:02:58,222 - DEBUG - Counting for batch 105, containing 100 cells and 1836516 reads
2025-11-04 13:03:16,025 - DEBUG - 232490 reads not considered because fully enclosed in repeat masked regions
2025-11-04 13:03:37,147 - DEBUG - Counting for batch 106, containing 100 cells and 1688373 reads
2025-11-04 13:03:53,814 - DEBUG - 214175 reads not considered because fully enclosed in repeat masked regions
2025-11-04 13:04:05,940 - DEBUG - Read first 240 million reads
2025-11-04 13:04:17,440 - DEBUG - Counting for batch 107, containing 100 cells and 2228426 reads
2025-11-04 13:04:37,549 - DEBUG - 277937 reads not considered because fully enclosed in repeat masked regions
2025-11-04 13:05:03,215 - DEBUG - Counting for batch 108, containing 100 cells and 2185152 reads
2025-11-04 13:05:22,909 - DEBUG - 279454 reads not considered because fully enclosed in repeat masked regions
2025-11-04 13:05:48,285 - DEBUG - Counting for batch 109, containing 100 cells and 2159238 reads
2025-11-04 13:06:07,927 - DEBUG - 274429 reads not considered because fully enclosed in repeat masked regions
2025-11-04 13:06:31,232 - DEBUG - Counting for batch 110, containing 100 cells and 1907951 reads
2025-11-04 13:06:49,293 - DEBUG - 246659 reads not considered because fully enclosed in repeat masked regions
2025-11-04 13:07:07,032 - DEBUG - Read first 250 million reads
2025-11-04 13:07:13,581 - DEBUG - Counting for batch 111, containing 100 cells and 2007489 reads
2025-11-04 13:07:32,656 - DEBUG - 255863 reads not considered because fully enclosed in repeat masked regions
2025-11-04 13:07:55,677 - DEBUG - Counting for batch 112, containing 100 cells and 2114418 reads
2025-11-04 13:08:15,156 - DEBUG - 271411 reads not considered because fully enclosed in repeat masked regions
2025-11-04 13:08:36,504 - DEBUG - Counting for batch 113, containing 100 cells and 1944110 reads
2025-11-04 13:08:54,584 - DEBUG - 247418 reads not considered because fully enclosed in repeat masked regions
2025-11-04 13:09:17,113 - DEBUG - Counting for batch 114, containing 100 cells and 1864404 reads
2025-11-04 13:09:34,864 - DEBUG - 236164 reads not considered because fully enclosed in repeat masked regions
2025-11-04 13:09:57,921 - DEBUG - Counting for batch 115, containing 100 cells and 1887953 reads
2025-11-04 13:10:16,144 - DEBUG - 244860 reads not considered because fully enclosed in repeat masked regions
2025-11-04 13:10:24,227 - DEBUG - Read first 260 million reads
2025-11-04 13:10:36,225 - DEBUG - Counting for batch 116, containing 100 cells and 1785600 reads
2025-11-04 13:10:53,702 - DEBUG - 225487 reads not considered because fully enclosed in repeat masked regions
2025-11-04 13:11:14,150 - DEBUG - Counting for batch 117, containing 100 cells and 1823704 reads
2025-11-04 13:11:31,854 - DEBUG - 227629 reads not considered because fully enclosed in repeat masked regions
2025-11-04 13:11:55,829 - DEBUG - Counting for batch 118, containing 100 cells and 2239578 reads
2025-11-04 13:12:15,884 - DEBUG - 289539 reads not considered because fully enclosed in repeat masked regions
2025-11-04 13:12:38,892 - DEBUG - Counting for batch 119, containing 100 cells and 1892160 reads
2025-11-04 13:12:56,715 - DEBUG - 237922 reads not considered because fully enclosed in repeat masked regions
2025-11-04 13:13:19,707 - DEBUG - Read first 270 million reads
2025-11-04 13:13:20,422 - DEBUG - Counting for batch 120, containing 100 cells and 1932016 reads
2025-11-04 13:13:39,023 - DEBUG - 243464 reads not considered because fully enclosed in repeat masked regions
2025-11-04 13:13:58,672 - DEBUG - Counting for batch 121, containing 100 cells and 1731988 reads
2025-11-04 13:14:15,657 - DEBUG - 225601 reads not considered because fully enclosed in repeat masked regions
2025-11-04 13:14:38,501 - DEBUG - Counting for batch 122, containing 100 cells and 2133711 reads
2025-11-04 13:14:58,086 - DEBUG - 275055 reads not considered because fully enclosed in repeat masked regions
2025-11-04 13:15:19,621 - DEBUG - Counting for batch 123, containing 100 cells and 1698251 reads
2025-11-04 13:15:36,317 - DEBUG - 211385 reads not considered because fully enclosed in repeat masked regions
2025-11-04 13:16:00,380 - DEBUG - Counting for batch 124, containing 100 cells and 2262746 reads
2025-11-04 13:16:21,068 - DEBUG - 288480 reads not considered because fully enclosed in repeat masked regions
2025-11-04 13:16:34,269 - DEBUG - Read first 280 million reads
2025-11-04 13:16:42,640 - DEBUG - Counting for batch 125, containing 100 cells and 1685486 reads
2025-11-04 13:16:59,251 - DEBUG - 216540 reads not considered because fully enclosed in repeat masked regions
2025-11-04 13:17:21,393 - DEBUG - Counting for batch 126, containing 100 cells and 2075523 reads
2025-11-04 13:17:40,741 - DEBUG - 263577 reads not considered because fully enclosed in repeat masked regions
2025-11-04 13:18:03,234 - DEBUG - Counting for batch 127, containing 100 cells and 1800400 reads
2025-11-04 13:18:21,009 - DEBUG - 230063 reads not considered because fully enclosed in repeat masked regions
2025-11-04 13:18:43,705 - DEBUG - Counting for batch 128, containing 100 cells and 2079633 reads
2025-11-04 13:19:03,208 - DEBUG - 266877 reads not considered because fully enclosed in repeat masked regions
2025-11-04 13:19:23,976 - DEBUG - Counting for batch 129, containing 100 cells and 1865331 reads
2025-11-04 13:19:41,776 - DEBUG - 235401 reads not considered because fully enclosed in repeat masked regions
2025-11-04 13:19:47,838 - DEBUG - Read first 290 million reads
2025-11-04 13:20:05,203 - DEBUG - Counting for batch 130, containing 100 cells and 1954004 reads
2025-11-04 13:20:23,540 - DEBUG - 244958 reads not considered because fully enclosed in repeat masked regions
2025-11-04 13:20:43,438 - DEBUG - Counting for batch 131, containing 100 cells and 1788329 reads
2025-11-04 13:21:00,726 - DEBUG - 230128 reads not considered because fully enclosed in repeat masked regions
2025-11-04 13:21:22,972 - DEBUG - Counting for batch 132, containing 100 cells and 1804677 reads
2025-11-04 13:21:40,308 - DEBUG - 226586 reads not considered because fully enclosed in repeat masked regions
2025-11-04 13:22:00,509 - DEBUG - Counting for batch 133, containing 100 cells and 1807990 reads
2025-11-04 13:22:17,973 - DEBUG - 224032 reads not considered because fully enclosed in repeat masked regions
2025-11-04 13:22:39,704 - DEBUG - Read first 300 million reads
2025-11-04 13:22:44,786 - DEBUG - Counting for batch 134, containing 100 cells and 2257785 reads
2025-11-04 13:23:02,216 - DEBUG - 292988 reads not considered because fully enclosed in repeat masked regions
2025-11-04 13:23:25,245 - DEBUG - Counting for batch 135, containing 100 cells and 1898479 reads
2025-11-04 13:23:43,186 - DEBUG - 239414 reads not considered because fully enclosed in repeat masked regions
2025-11-04 13:24:05,527 - DEBUG - Counting for batch 136, containing 100 cells and 1826527 reads
2025-11-04 13:24:22,907 - DEBUG - 230801 reads not considered because fully enclosed in repeat masked regions
2025-11-04 13:24:43,401 - DEBUG - Counting for batch 137, containing 100 cells and 1863964 reads
2025-11-04 13:25:01,092 - DEBUG - 240826 reads not considered because fully enclosed in repeat masked regions
2025-11-04 13:25:21,113 - DEBUG - Counting for batch 138, containing 100 cells and 1567659 reads
2025-11-04 13:25:33,952 - DEBUG - 195352 reads not considered because fully enclosed in repeat masked regions
2025-11-04 13:25:52,865 - DEBUG - Read first 310 million reads
2025-11-04 13:25:59,744 - DEBUG - Counting for batch 139, containing 100 cells and 2016697 reads
2025-11-04 13:26:19,036 - DEBUG - 257991 reads not considered because fully enclosed in repeat masked regions
2025-11-04 13:26:42,950 - DEBUG - Counting for batch 140, containing 100 cells and 2189672 reads
2025-11-04 13:27:02,972 - DEBUG - 276904 reads not considered because fully enclosed in repeat masked regions
2025-11-04 13:27:20,188 - DEBUG - Counting for batch 141, containing 100 cells and 1403505 reads
2025-11-04 13:27:34,547 - DEBUG - 178410 reads not considered because fully enclosed in repeat masked regions
2025-11-04 13:27:53,172 - DEBUG - Counting for batch 142, containing 100 cells and 1699331 reads
2025-11-04 13:28:09,673 - DEBUG - 219468 reads not considered because fully enclosed in repeat masked regions
2025-11-04 13:28:34,518 - DEBUG - Counting for batch 143, containing 100 cells and 2072649 reads
2025-11-04 13:28:54,204 - DEBUG - 267173 reads not considered because fully enclosed in repeat masked regions
2025-11-04 13:29:06,165 - DEBUG - Read first 320 million reads
2025-11-04 13:29:14,683 - DEBUG - Counting for batch 144, containing 100 cells and 1808023 reads
2025-11-04 13:29:32,090 - DEBUG - 231694 reads not considered because fully enclosed in repeat masked regions
2025-11-04 13:29:51,893 - DEBUG - Counting for batch 145, containing 100 cells and 1767496 reads
2025-11-04 13:30:08,978 - DEBUG - 227315 reads not considered because fully enclosed in repeat masked regions
2025-11-04 13:30:28,915 - DEBUG - Counting for batch 146, containing 100 cells and 1802893 reads
2025-11-04 13:30:46,138 - DEBUG - 226720 reads not considered because fully enclosed in repeat masked regions
2025-11-04 13:31:07,199 - DEBUG - Counting for batch 147, containing 100 cells and 1713837 reads
2025-11-04 13:31:23,898 - DEBUG - 217028 reads not considered because fully enclosed in repeat masked regions
2025-11-04 13:31:43,741 - DEBUG - Counting for batch 148, containing 100 cells and 1815026 reads
2025-11-04 13:32:01,185 - DEBUG - 228339 reads not considered because fully enclosed in repeat masked regions
2025-11-04 13:32:14,991 - DEBUG - Read first 330 million reads
2025-11-04 13:32:25,064 - DEBUG - Counting for batch 149, containing 100 cells and 1978108 reads
2025-11-04 13:32:43,821 - DEBUG - 248039 reads not considered because fully enclosed in repeat masked regions
2025-11-04 13:33:06,711 - DEBUG - Counting for batch 150, containing 100 cells and 2129291 reads
2025-11-04 13:33:26,353 - DEBUG - 272367 reads not considered because fully enclosed in repeat masked regions
2025-11-04 13:33:52,281 - DEBUG - Counting for batch 151, containing 100 cells and 2205787 reads
2025-11-04 13:34:12,122 - DEBUG - 282914 reads not considered because fully enclosed in repeat masked regions
2025-11-04 13:34:34,018 - DEBUG - Counting for batch 152, containing 100 cells and 1718207 reads
2025-11-04 13:34:50,885 - DEBUG - 216849 reads not considered because fully enclosed in repeat masked regions
2025-11-04 13:35:12,590 - DEBUG - Read first 340 million reads
2025-11-04 13:35:12,971 - DEBUG - Counting for batch 153, containing 100 cells and 2023941 reads
2025-11-04 13:35:32,176 - DEBUG - 258070 reads not considered because fully enclosed in repeat masked regions
2025-11-04 13:35:52,370 - DEBUG - Counting for batch 154, containing 100 cells and 1815018 reads
2025-11-04 13:36:09,624 - DEBUG - 227247 reads not considered because fully enclosed in repeat masked regions
2025-11-04 13:36:33,837 - DEBUG - Counting for batch 155, containing 100 cells and 2059824 reads
2025-11-04 13:36:53,162 - DEBUG - 261971 reads not considered because fully enclosed in repeat masked regions
2025-11-04 13:37:12,492 - DEBUG - Counting for batch 156, containing 100 cells and 1722269 reads
2025-11-04 13:37:29,210 - DEBUG - 217001 reads not considered because fully enclosed in repeat masked regions
2025-11-04 13:37:54,169 - DEBUG - Counting for batch 157, containing 100 cells and 2156909 reads
2025-11-04 13:38:14,264 - DEBUG - 274320 reads not considered because fully enclosed in repeat masked regions
2025-11-04 13:38:28,457 - DEBUG - Read first 350 million reads
2025-11-04 13:38:37,753 - DEBUG - Counting for batch 158, containing 100 cells and 1875944 reads
2025-11-04 13:38:55,703 - DEBUG - 235186 reads not considered because fully enclosed in repeat masked regions
2025-11-04 13:39:15,433 - DEBUG - Counting for batch 159, containing 100 cells and 1752562 reads
2025-11-04 13:39:32,481 - DEBUG - 218891 reads not considered because fully enclosed in repeat masked regions
2025-11-04 13:39:54,945 - DEBUG - Counting for batch 160, containing 100 cells and 2098157 reads
2025-11-04 13:40:14,093 - DEBUG - 270839 reads not considered because fully enclosed in repeat masked regions
2025-11-04 13:40:36,312 - DEBUG - Counting for batch 161, containing 100 cells and 1779472 reads
2025-11-04 13:40:53,624 - DEBUG - 223827 reads not considered because fully enclosed in repeat masked regions
2025-11-04 13:41:14,068 - DEBUG - Counting for batch 162, containing 100 cells and 1881400 reads
2025-11-04 13:41:31,822 - DEBUG - 234332 reads not considered because fully enclosed in repeat masked regions
2025-11-04 13:41:41,548 - DEBUG - Read first 360 million reads
2025-11-04 13:41:56,465 - DEBUG - Counting for batch 163, containing 100 cells and 2108208 reads
2025-11-04 13:42:16,000 - DEBUG - 270899 reads not considered because fully enclosed in repeat masked regions
2025-11-04 13:42:38,966 - DEBUG - Counting for batch 164, containing 100 cells and 1831659 reads
2025-11-04 13:42:53,557 - DEBUG - 228120 reads not considered because fully enclosed in repeat masked regions
2025-11-04 13:43:20,210 - DEBUG - Counting for batch 165, containing 100 cells and 2070541 reads
2025-11-04 13:43:39,767 - DEBUG - 259682 reads not considered because fully enclosed in repeat masked regions
2025-11-04 13:43:59,717 - DEBUG - Counting for batch 166, containing 100 cells and 1728154 reads
2025-11-04 13:44:13,668 - DEBUG - 220033 reads not considered because fully enclosed in repeat masked regions
2025-11-04 13:44:34,392 - DEBUG - Counting for batch 167, containing 100 cells and 1734227 reads
2025-11-04 13:44:51,254 - DEBUG - 219478 reads not considered because fully enclosed in repeat masked regions
2025-11-04 13:44:54,347 - DEBUG - Read first 370 million reads
2025-11-04 13:45:14,289 - DEBUG - Counting for batch 168, containing 100 cells and 1942229 reads
2025-11-04 13:45:32,788 - DEBUG - 246076 reads not considered because fully enclosed in repeat masked regions
2025-11-04 13:45:54,597 - DEBUG - Counting for batch 169, containing 100 cells and 1997057 reads
2025-11-04 13:46:13,243 - DEBUG - 250732 reads not considered because fully enclosed in repeat masked regions
2025-11-04 13:46:38,293 - DEBUG - Counting for batch 170, containing 100 cells and 2131531 reads
2025-11-04 13:46:57,733 - DEBUG - 271893 reads not considered because fully enclosed in repeat masked regions
2025-11-04 13:47:21,791 - DEBUG - Counting for batch 171, containing 100 cells and 1959481 reads
2025-11-04 13:47:40,453 - DEBUG - 250525 reads not considered because fully enclosed in repeat masked regions
2025-11-04 13:47:51,479 - DEBUG - Read first 380 million reads
2025-11-04 13:47:59,988 - DEBUG - Counting for batch 172, containing 100 cells and 1741951 reads
2025-11-04 13:48:16,982 - DEBUG - 217582 reads not considered because fully enclosed in repeat masked regions
2025-11-04 13:48:36,733 - DEBUG - Counting for batch 173, containing 100 cells and 1781219 reads
2025-11-04 13:48:53,791 - DEBUG - 229560 reads not considered because fully enclosed in repeat masked regions
2025-11-04 13:49:17,592 - DEBUG - Counting for batch 174, containing 100 cells and 2000498 reads
2025-11-04 13:49:36,430 - DEBUG - 248273 reads not considered because fully enclosed in repeat masked regions
2025-11-04 13:49:57,044 - DEBUG - Counting for batch 175, containing 100 cells and 1838207 reads
2025-11-04 13:50:14,811 - DEBUG - 230747 reads not considered because fully enclosed in repeat masked regions
2025-11-04 13:50:40,695 - DEBUG - Counting for batch 176, containing 100 cells and 2177213 reads
2025-11-04 13:50:57,833 - DEBUG - 283129 reads not considered because fully enclosed in repeat masked regions
2025-11-04 13:51:05,278 - DEBUG - Read first 390 million reads
2025-11-04 13:51:25,249 - DEBUG - Counting for batch 177, containing 100 cells and 2128213 reads
2025-11-04 13:51:41,837 - DEBUG - 268778 reads not considered because fully enclosed in repeat masked regions
2025-11-04 13:52:08,376 - DEBUG - Counting for batch 178, containing 100 cells and 2049679 reads
2025-11-04 13:52:27,765 - DEBUG - 262824 reads not considered because fully enclosed in repeat masked regions
2025-11-04 13:52:49,254 - DEBUG - Counting for batch 179, containing 100 cells and 1937936 reads
2025-11-04 13:53:07,871 - DEBUG - 253180 reads not considered because fully enclosed in repeat masked regions
2025-11-04 13:53:36,181 - DEBUG - Counting for batch 180, containing 100 cells and 2409941 reads
2025-11-04 13:53:58,328 - DEBUG - 309026 reads not considered because fully enclosed in repeat masked regions
2025-11-04 13:54:06,310 - DEBUG - Counting for batch 181, containing 34 cells and 588694 reads
2025-11-04 13:54:11,692 - DEBUG - 74032 reads not considered because fully enclosed in repeat masked regions
2025-11-04 13:54:12,414 - DEBUG - 13220055 reads were skipped because no apropiate cell or umi barcode was found
2025-11-04 13:54:12,415 - DEBUG - Counting done!
2025-11-04 13:54:12,425 - DEBUG - Generating output file /home/dcaceres/Tet2sc/Results/plots/scVelo/velocyto_loom_files/smpR065_DsRedP-KO3.loom
2025-11-04 13:54:12,425 - DEBUG - Collecting row attributes
2025-11-04 13:54:12,561 - DEBUG - Generating data table
2025-11-04 13:54:20,900 - DEBUG - Writing loom file
2025-11-04 13:54:29,069 - DEBUG - Creating converter from 5 to 3
2025-11-04 13:54:29,070 - DEBUG - Creating converter from 3 to 5
2025-11-04 13:55:20,084 - DEBUG - Terminated Succesfully!
✅ ÉXITO: Loom creado correctamente: /home/dcaceres/Tet2sc/Results/plots/scVelo/velocyto_loom_files/smpR065_DsRedP-KO3.loom
------------------------------------------------------------
🎉 Proceso finalizado correctamente para smpR065_DsRedP-KO3
Finalizado en: Tue Nov  4 13:55:25 CET 2025
------------------------------------------------------------
