------------------------------------------------------------
🚀 INICIO DEL PROCESO VELOCYTO - Fri Nov  7 19:32:39 CET 2025
------------------------------------------------------------
=== Procesando muestra: WT1-DsRedn ===
Directorio de entrada: /storage/scratch01/groups/ci/Trem1_GEICAM/Sarai/Single.Cell.Tet2/outs/out.smR039a.9/outs/per_sample_outs/WT1-DsRedn/count
Nodo: bc010 | JobID: 5611411 | TaskID: 0
------------------------------------------------------------
🧬 Ejecutando Velocyto...
2025-11-07 19:33:00,772 - DEBUG - Using logic: Default
2025-11-07 19:33:00,797 - INFO - Read 18136 cell barcodes from /storage/scratch01/groups/ci/Trem1_GEICAM/Sarai/Single.Cell.Tet2/outs/out.smR039a.9/outs/per_sample_outs/WT1-DsRedn/count/sample_filtered_feature_bc_matrix/barcodes.tsv.gz
2025-11-07 19:33:00,798 - DEBUG - Example of barcode: AAACAAGCAAGGAATAACTTTAGG and cell_id: WT1-DsRedn:AAACAAGCAAGGAATAACTTTAGG-1
2025-11-07 19:33:00,817 - DEBUG - Peeking into /storage/scratch01/groups/ci/Trem1_GEICAM/Sarai/Single.Cell.Tet2/outs/out.smR039a.9/outs/per_sample_outs/WT1-DsRedn/count/sample_alignments.bam
2025-11-07 19:33:00,967 - WARNING - Not found cell and umi barcode in entry 135 of the bam file
2025-11-07 19:33:00,967 - WARNING - Not found cell and umi barcode in entry 145 of the bam file
2025-11-07 19:33:00,967 - WARNING - Not found cell and umi barcode in entry 147 of the bam file
2025-11-07 19:33:00,967 - WARNING - Not found cell and umi barcode in entry 222 of the bam file
2025-11-07 19:33:00,967 - WARNING - Not found cell and umi barcode in entry 235 of the bam file
2025-11-07 19:33:00,968 - WARNING - Not found cell and umi barcode in entry 312 of the bam file
2025-11-07 19:33:00,968 - WARNING - Not found cell and umi barcode in entry 333 of the bam file
2025-11-07 19:33:00,969 - WARNING - Not found cell and umi barcode in entry 662 of the bam file
2025-11-07 19:33:00,970 - WARNING - Not found cell and umi barcode in entry 860 of the bam file
2025-11-07 19:33:00,972 - WARNING - The file /storage/scratch01/groups/ci/Trem1_GEICAM/Sarai/Single.Cell.Tet2/outs/out.smR039a.9/outs/per_sample_outs/WT1-DsRedn/count/cellsorted_sample_alignments.bam already exists. The sorting step will be skipped and the existing file will be used.
2025-11-07 19:33:00,972 - INFO - Load the annotation from /storage/scratch01/groups/ci/Trem1_GEICAM/Sarai/Annonation_Files/gencode.vM25.annotation.gtf
2025-11-07 19:33:06,858 - DEBUG - Parsing Chromosome 1 strand - [line 0]
2025-11-07 19:33:06,997 - DEBUG - Done with 1- [line 59062]
2025-11-07 19:33:06,997 - DEBUG - Assigning indexes to genes
2025-11-07 19:33:07,001 - DEBUG - Seen 1693 genes until now
2025-11-07 19:33:07,001 - DEBUG - Parsing Chromosome 1 strand + [line 59063]
2025-11-07 19:33:07,317 - DEBUG - Done with 1+ [line 116931]
2025-11-07 19:33:07,317 - DEBUG - Assigning indexes to genes
2025-11-07 19:33:07,321 - DEBUG - Seen 3446 genes until now
2025-11-07 19:33:07,322 - DEBUG - Parsing Chromosome 10 strand - [line 116932]
2025-11-07 19:33:07,606 - DEBUG - Done with 10- [line 158870]
2025-11-07 19:33:07,606 - DEBUG - Assigning indexes to genes
2025-11-07 19:33:07,610 - DEBUG - Seen 4713 genes until now
2025-11-07 19:33:07,610 - DEBUG - Parsing Chromosome 10 strand + [line 158871]
2025-11-07 19:33:07,717 - DEBUG - Done with 10+ [line 203797]
2025-11-07 19:33:07,717 - DEBUG - Assigning indexes to genes
2025-11-07 19:33:07,720 - DEBUG - Seen 6068 genes until now
2025-11-07 19:33:07,720 - DEBUG - Parsing Chromosome 11 strand - [line 203798]
2025-11-07 19:33:08,077 - DEBUG - Done with 11- [line 268491]
2025-11-07 19:33:08,077 - DEBUG - Assigning indexes to genes
2025-11-07 19:33:08,081 - DEBUG - Seen 7617 genes until now
2025-11-07 19:33:08,081 - DEBUG - Parsing Chromosome 11 strand + [line 268492]
2025-11-07 19:33:08,235 - DEBUG - Done with 11+ [line 332954]
2025-11-07 19:33:08,235 - DEBUG - Assigning indexes to genes
2025-11-07 19:33:08,239 - DEBUG - Seen 9067 genes until now
2025-11-07 19:33:08,239 - DEBUG - Parsing Chromosome 12 strand - [line 332955]
2025-11-07 19:33:08,304 - DEBUG - Done with 12- [line 360299]
2025-11-07 19:33:08,305 - DEBUG - Assigning indexes to genes
2025-11-07 19:33:08,307 - DEBUG - Seen 10382 genes until now
2025-11-07 19:33:08,307 - DEBUG - Parsing Chromosome 12 strand + [line 360300]
2025-11-07 19:33:08,396 - DEBUG - Done with 12+ [line 397190]
2025-11-07 19:33:08,397 - DEBUG - Assigning indexes to genes
2025-11-07 19:33:08,399 - DEBUG - Seen 11544 genes until now
2025-11-07 19:33:08,400 - DEBUG - Parsing Chromosome 13 strand - [line 397191]
2025-11-07 19:33:08,714 - DEBUG - Done with 13- [line 433847]
2025-11-07 19:33:08,714 - DEBUG - Assigning indexes to genes
2025-11-07 19:33:08,716 - DEBUG - Seen 12811 genes until now
2025-11-07 19:33:08,716 - DEBUG - Parsing Chromosome 13 strand + [line 433848]
2025-11-07 19:33:08,784 - DEBUG - Done with 13+ [line 462828]
2025-11-07 19:33:08,784 - DEBUG - Assigning indexes to genes
2025-11-07 19:33:08,787 - DEBUG - Seen 14046 genes until now
2025-11-07 19:33:08,787 - DEBUG - Parsing Chromosome 14 strand - [line 462829]
2025-11-07 19:33:08,881 - DEBUG - Done with 14- [line 501813]
2025-11-07 19:33:08,881 - DEBUG - Assigning indexes to genes
2025-11-07 19:33:08,884 - DEBUG - Seen 15241 genes until now
2025-11-07 19:33:08,884 - DEBUG - Parsing Chromosome 14 strand + [line 501814]
2025-11-07 19:33:08,968 - DEBUG - Done with 14+ [line 537473]
2025-11-07 19:33:08,968 - DEBUG - Assigning indexes to genes
2025-11-07 19:33:08,971 - DEBUG - Seen 16580 genes until now
2025-11-07 19:33:08,971 - DEBUG - Parsing Chromosome 15 strand - [line 537474]
2025-11-07 19:33:09,063 - DEBUG - Done with 15- [line 575556]
2025-11-07 19:33:09,063 - DEBUG - Assigning indexes to genes
2025-11-07 19:33:09,066 - DEBUG - Seen 17521 genes until now
2025-11-07 19:33:09,066 - DEBUG - Parsing Chromosome 15 strand + [line 575557]
2025-11-07 19:33:09,400 - DEBUG - Done with 15+ [line 608149]
2025-11-07 19:33:09,400 - DEBUG - Assigning indexes to genes
2025-11-07 19:33:09,403 - DEBUG - Seen 18432 genes until now
2025-11-07 19:33:09,403 - DEBUG - Parsing Chromosome 16 strand - [line 608150]
2025-11-07 19:33:09,471 - DEBUG - Done with 16- [line 636582]
2025-11-07 19:33:09,471 - DEBUG - Assigning indexes to genes
2025-11-07 19:33:09,474 - DEBUG - Seen 19223 genes until now
2025-11-07 19:33:09,474 - DEBUG - Parsing Chromosome 16 strand + [line 636583]
2025-11-07 19:33:09,550 - DEBUG - Done with 16+ [line 668857]
2025-11-07 19:33:09,550 - DEBUG - Assigning indexes to genes
2025-11-07 19:33:09,552 - DEBUG - Seen 20039 genes until now
2025-11-07 19:33:09,553 - DEBUG - Parsing Chromosome 17 strand - [line 668858]
2025-11-07 19:33:09,666 - DEBUG - Done with 17- [line 715100]
2025-11-07 19:33:09,666 - DEBUG - Assigning indexes to genes
2025-11-07 19:33:09,669 - DEBUG - Seen 21218 genes until now
2025-11-07 19:33:09,669 - DEBUG - Parsing Chromosome 17 strand + [line 715101]
2025-11-07 19:33:09,786 - DEBUG - Done with 17+ [line 764344]
2025-11-07 19:33:09,786 - DEBUG - Assigning indexes to genes
2025-11-07 19:33:09,791 - DEBUG - Seen 22359 genes until now
2025-11-07 19:33:09,791 - DEBUG - Parsing Chromosome 18 strand - [line 764345]
2025-11-07 19:33:09,839 - DEBUG - Done with 18- [line 784050]
2025-11-07 19:33:09,839 - DEBUG - Assigning indexes to genes
2025-11-07 19:33:09,840 - DEBUG - Seen 22997 genes until now
2025-11-07 19:33:09,840 - DEBUG - Parsing Chromosome 18 strand + [line 784051]
2025-11-07 19:33:10,193 - DEBUG - Done with 18+ [line 811173]
2025-11-07 19:33:10,193 - DEBUG - Assigning indexes to genes
2025-11-07 19:33:10,195 - DEBUG - Seen 23758 genes until now
2025-11-07 19:33:10,195 - DEBUG - Parsing Chromosome 19 strand - [line 811174]
2025-11-07 19:33:10,275 - DEBUG - Done with 19- [line 844397]
2025-11-07 19:33:10,275 - DEBUG - Assigning indexes to genes
2025-11-07 19:33:10,277 - DEBUG - Seen 24442 genes until now
2025-11-07 19:33:10,277 - DEBUG - Parsing Chromosome 19 strand + [line 844398]
2025-11-07 19:33:10,346 - DEBUG - Done with 19+ [line 873497]
2025-11-07 19:33:10,346 - DEBUG - Assigning indexes to genes
2025-11-07 19:33:10,348 - DEBUG - Seen 25152 genes until now
2025-11-07 19:33:10,349 - DEBUG - Parsing Chromosome 2 strand - [line 873498]
2025-11-07 19:33:10,538 - DEBUG - Done with 2- [line 953009]
2025-11-07 19:33:10,538 - DEBUG - Assigning indexes to genes
2025-11-07 19:33:10,543 - DEBUG - Seen 26981 genes until now
2025-11-07 19:33:10,543 - DEBUG - Parsing Chromosome 2 strand + [line 953010]
2025-11-07 19:33:10,721 - DEBUG - Done with 2+ [line 1027336]
2025-11-07 19:33:10,722 - DEBUG - Assigning indexes to genes
2025-11-07 19:33:10,727 - DEBUG - Seen 28946 genes until now
2025-11-07 19:33:10,727 - DEBUG - Parsing Chromosome 3 strand - [line 1027337]
2025-11-07 19:33:10,826 - DEBUG - Done with 3- [line 1069026]
2025-11-07 19:33:10,826 - DEBUG - Assigning indexes to genes
2025-11-07 19:33:10,829 - DEBUG - Seen 30404 genes until now
2025-11-07 19:33:10,830 - DEBUG - Parsing Chromosome 3 strand + [line 1069027]
2025-11-07 19:33:11,271 - DEBUG - Done with 3+ [line 1115102]
2025-11-07 19:33:11,272 - DEBUG - Assigning indexes to genes
2025-11-07 19:33:11,275 - DEBUG - Seen 31831 genes until now
2025-11-07 19:33:11,275 - DEBUG - Parsing Chromosome 4 strand - [line 1115103]
2025-11-07 19:33:11,402 - DEBUG - Done with 4- [line 1169156]
2025-11-07 19:33:11,402 - DEBUG - Assigning indexes to genes
2025-11-07 19:33:11,406 - DEBUG - Seen 33222 genes until now
2025-11-07 19:33:11,406 - DEBUG - Parsing Chromosome 4 strand + [line 1169157]
2025-11-07 19:33:11,529 - DEBUG - Done with 4+ [line 1221291]
2025-11-07 19:33:11,529 - DEBUG - Assigning indexes to genes
2025-11-07 19:33:11,533 - DEBUG - Seen 34690 genes until now
2025-11-07 19:33:11,533 - DEBUG - Parsing Chromosome 5 strand - [line 1221292]
2025-11-07 19:33:11,679 - DEBUG - Done with 5- [line 1282135]
2025-11-07 19:33:11,679 - DEBUG - Assigning indexes to genes
2025-11-07 19:33:11,684 - DEBUG - Seen 36281 genes until now
2025-11-07 19:33:11,684 - DEBUG - Parsing Chromosome 5 strand + [line 1282136]
2025-11-07 19:33:11,831 - DEBUG - Done with 5+ [line 1344076]
2025-11-07 19:33:11,831 - DEBUG - Assigning indexes to genes
2025-11-07 19:33:11,836 - DEBUG - Seen 37942 genes until now
2025-11-07 19:33:11,836 - DEBUG - Parsing Chromosome 6 strand - [line 1344077]
2025-11-07 19:33:11,949 - DEBUG - Done with 6- [line 1392155]
2025-11-07 19:33:11,949 - DEBUG - Assigning indexes to genes
2025-11-07 19:33:11,953 - DEBUG - Seen 39466 genes until now
2025-11-07 19:33:11,953 - DEBUG - Parsing Chromosome 6 strand + [line 1392156]
2025-11-07 19:33:12,461 - DEBUG - Done with 6+ [line 1442945]
2025-11-07 19:33:12,462 - DEBUG - Assigning indexes to genes
2025-11-07 19:33:12,466 - DEBUG - Seen 41071 genes until now
2025-11-07 19:33:12,466 - DEBUG - Parsing Chromosome 7 strand - [line 1442946]
2025-11-07 19:33:12,650 - DEBUG - Done with 7- [line 1521802]
2025-11-07 19:33:12,650 - DEBUG - Assigning indexes to genes
2025-11-07 19:33:12,657 - DEBUG - Seen 43608 genes until now
2025-11-07 19:33:12,657 - DEBUG - Parsing Chromosome 7 strand + [line 1521803]
2025-11-07 19:33:12,841 - DEBUG - Done with 7+ [line 1597237]
2025-11-07 19:33:12,841 - DEBUG - Assigning indexes to genes
2025-11-07 19:33:12,850 - DEBUG - Seen 45790 genes until now
2025-11-07 19:33:12,850 - DEBUG - Parsing Chromosome 8 strand - [line 1597238]
2025-11-07 19:33:12,941 - DEBUG - Done with 8- [line 1635144]
2025-11-07 19:33:12,941 - DEBUG - Assigning indexes to genes
2025-11-07 19:33:12,944 - DEBUG - Seen 47022 genes until now
2025-11-07 19:33:12,944 - DEBUG - Parsing Chromosome 8 strand + [line 1635145]
2025-11-07 19:33:13,060 - DEBUG - Done with 8+ [line 1684308]
2025-11-07 19:33:13,060 - DEBUG - Assigning indexes to genes
2025-11-07 19:33:13,063 - DEBUG - Seen 48326 genes until now
2025-11-07 19:33:13,063 - DEBUG - Parsing Chromosome 9 strand - [line 1684309]
2025-11-07 19:33:13,191 - DEBUG - Done with 9- [line 1738082]
2025-11-07 19:33:13,191 - DEBUG - Assigning indexes to genes
2025-11-07 19:33:13,196 - DEBUG - Seen 49688 genes until now
2025-11-07 19:33:13,196 - DEBUG - Parsing Chromosome 9 strand + [line 1738083]
2025-11-07 19:33:13,327 - DEBUG - Done with 9+ [line 1794072]
2025-11-07 19:33:13,327 - DEBUG - Assigning indexes to genes
2025-11-07 19:33:13,331 - DEBUG - Seen 51169 genes until now
2025-11-07 19:33:13,331 - DEBUG - Parsing Chromosome M strand - [line 1794073]
2025-11-07 19:33:13,331 - DEBUG - Done with M- [line 1794103]
2025-11-07 19:33:13,331 - DEBUG - Assigning indexes to genes
2025-11-07 19:33:13,331 - DEBUG - Seen 51178 genes until now
2025-11-07 19:33:13,331 - DEBUG - Parsing Chromosome M strand + [line 1794104]
2025-11-07 19:33:13,331 - DEBUG - Done with M+ [line 1794225]
2025-11-07 19:33:13,331 - DEBUG - Assigning indexes to genes
2025-11-07 19:33:13,331 - DEBUG - Seen 51206 genes until now
2025-11-07 19:33:13,331 - DEBUG - Parsing Chromosome X strand - [line 1794226]
2025-11-07 19:33:13,402 - DEBUG - Done with X- [line 1824523]
2025-11-07 19:33:13,402 - DEBUG - Assigning indexes to genes
2025-11-07 19:33:13,405 - DEBUG - Seen 52478 genes until now
2025-11-07 19:33:13,405 - DEBUG - Parsing Chromosome X strand + [line 1824524]
2025-11-07 19:33:13,944 - DEBUG - Done with X+ [line 1858357]
2025-11-07 19:33:13,944 - DEBUG - Assigning indexes to genes
2025-11-07 19:33:13,947 - DEBUG - Seen 53832 genes until now
2025-11-07 19:33:13,947 - DEBUG - Parsing Chromosome Y strand - [line 1858358]
2025-11-07 19:33:13,965 - DEBUG - Done with Y- [line 1865468]
2025-11-07 19:33:13,965 - DEBUG - Assigning indexes to genes
2025-11-07 19:33:13,967 - DEBUG - Seen 54711 genes until now
2025-11-07 19:33:13,967 - DEBUG - Parsing Chromosome Y strand + [line 1865469]
2025-11-07 19:33:13,984 - DEBUG - Assigning indexes to genes
2025-11-07 19:33:13,985 - DEBUG - Done with Y+ [line 1872050]
2025-11-07 19:33:13,985 - DEBUG - Fixing corner cases of transcript models containg intron longer than 1000Kbp
2025-11-07 19:33:14,566 - DEBUG - Generated 1544182 features corresponding to 142604 transcript models from /storage/scratch01/groups/ci/Trem1_GEICAM/Sarai/Annonation_Files/gencode.vM25.annotation.gtf
2025-11-07 19:33:14,580 - INFO - Load the repeat masking annotation from /storage/scratch01/groups/ci/Trem1_GEICAM/Sarai/Annonation_Files/rmsk_velocyto.txt
2025-11-07 19:33:14,580 - DEBUG - Reading /storage/scratch01/groups/ci/Trem1_GEICAM/Sarai/Annonation_Files/rmsk_velocyto.txt, the file will be sorted in memory
2025-11-07 19:33:29,362 - DEBUG - Processed masked annotation .gtf and generated 4369219 intervals to mask!
2025-11-07 19:33:29,509 - INFO - Scan /storage/scratch01/groups/ci/Trem1_GEICAM/Sarai/Single.Cell.Tet2/outs/out.smR039a.9/outs/per_sample_outs/WT1-DsRedn/count/sample_alignments.bam to validate intron intervals
2025-11-07 19:33:30,266 - DEBUG - Reading /storage/scratch01/groups/ci/Trem1_GEICAM/Sarai/Single.Cell.Tet2/outs/out.smR039a.9/outs/per_sample_outs/WT1-DsRedn/count/sample_alignments.bam
2025-11-07 19:33:30,271 - DEBUG - Read first 0 million reads
2025-11-07 19:33:30,271 - DEBUG - Marking up chromosome 1
2025-11-07 19:34:29,377 - DEBUG - Read first 10 million reads
2025-11-07 19:34:54,312 - DEBUG - Marking up chromosome 10
2025-11-07 19:35:30,654 - DEBUG - Read first 20 million reads
2025-11-07 19:36:16,245 - DEBUG - Marking up chromosome 11
2025-11-07 19:36:37,071 - DEBUG - Read first 30 million reads
2025-11-07 19:37:38,333 - DEBUG - Read first 40 million reads
2025-11-07 19:38:05,759 - DEBUG - Marking up chromosome 12
2025-11-07 19:38:36,184 - DEBUG - Read first 50 million reads
2025-11-07 19:38:55,074 - DEBUG - Marking up chromosome 13
2025-11-07 19:39:35,181 - DEBUG - Read first 60 million reads
2025-11-07 19:39:35,883 - DEBUG - Marking up chromosome 14
2025-11-07 19:40:16,585 - DEBUG - Marking up chromosome 15
2025-11-07 19:40:35,040 - DEBUG - Read first 70 million reads
2025-11-07 19:41:06,465 - DEBUG - Marking up chromosome 16
2025-11-07 19:41:36,731 - DEBUG - Read first 80 million reads
2025-11-07 19:41:40,695 - DEBUG - Marking up chromosome 17
2025-11-07 19:42:38,911 - DEBUG - Read first 90 million reads
2025-11-07 19:43:09,748 - DEBUG - Marking up chromosome 18
2025-11-07 19:43:35,388 - DEBUG - Read first 100 million reads
2025-11-07 19:44:04,276 - DEBUG - Marking up chromosome 19
2025-11-07 19:44:33,614 - DEBUG - Read first 110 million reads
2025-11-07 19:45:00,642 - DEBUG - Marking up chromosome 2
2025-11-07 19:45:33,479 - DEBUG - Read first 120 million reads
2025-11-07 19:46:34,204 - DEBUG - Read first 130 million reads
2025-11-07 19:46:50,656 - DEBUG - Marking up chromosome 3
2025-11-07 19:47:34,557 - DEBUG - Read first 140 million reads
2025-11-07 19:47:50,744 - DEBUG - Marking up chromosome 4
2025-11-07 19:48:30,648 - DEBUG - Read first 150 million reads
2025-11-07 19:49:06,360 - DEBUG - Marking up chromosome 5
2025-11-07 19:49:26,527 - DEBUG - Read first 160 million reads
2025-11-07 19:50:16,822 - DEBUG - Marking up chromosome 6
2025-11-07 19:50:23,832 - DEBUG - Read first 170 million reads
2025-11-07 19:51:16,240 - DEBUG - Marking up chromosome 7
2025-11-07 19:51:21,394 - DEBUG - Read first 180 million reads
2025-11-07 19:52:21,201 - DEBUG - Read first 190 million reads
2025-11-07 19:53:15,535 - DEBUG - Marking up chromosome 8
2025-11-07 19:53:22,280 - DEBUG - Read first 200 million reads
2025-11-07 19:54:24,745 - DEBUG - Marking up chromosome 9
2025-11-07 19:54:24,792 - DEBUG - Read first 210 million reads
2025-11-07 19:55:23,473 - DEBUG - Marking up chromosome MT
2025-11-07 19:55:23,473 - WARNING - The .bam file refers to a chromosome 'MT+' not present in the annotation (.gtf) file
2025-11-07 19:55:23,473 - WARNING - The .bam file refers to a chromosome 'MT-' not present in the annotation (.gtf) file
2025-11-07 19:55:24,612 - DEBUG - Marking up chromosome X
2025-11-07 19:55:25,812 - DEBUG - Read first 220 million reads
2025-11-07 19:56:03,592 - DEBUG - Marking up chromosome Y
2025-11-07 19:56:03,601 - DEBUG - Marking up chromosome GL456233.2
2025-11-07 19:56:03,601 - WARNING - The .bam file refers to a chromosome 'GL456233.2+' not present in the annotation (.gtf) file
2025-11-07 19:56:03,601 - WARNING - The .bam file refers to a chromosome 'GL456233.2-' not present in the annotation (.gtf) file
2025-11-07 19:56:03,625 - DEBUG - Marking up chromosome GL456211.1
2025-11-07 19:56:03,625 - WARNING - The .bam file refers to a chromosome 'GL456211.1+' not present in the annotation (.gtf) file
2025-11-07 19:56:03,625 - WARNING - The .bam file refers to a chromosome 'GL456211.1-' not present in the annotation (.gtf) file
2025-11-07 19:56:03,626 - DEBUG - Marking up chromosome JH584304.1
2025-11-07 19:56:03,626 - WARNING - The .bam file refers to a chromosome 'JH584304.1+' not present in the annotation (.gtf) file
2025-11-07 19:56:03,626 - WARNING - The .bam file refers to a chromosome 'JH584304.1-' not present in the annotation (.gtf) file
2025-11-07 19:56:03,632 - DEBUG - Marking up chromosome GL456366.1
2025-11-07 19:56:03,632 - WARNING - The .bam file refers to a chromosome 'GL456366.1+' not present in the annotation (.gtf) file
2025-11-07 19:56:03,632 - WARNING - The .bam file refers to a chromosome 'GL456366.1-' not present in the annotation (.gtf) file
2025-11-07 19:56:03,632 - DEBUG - Marking up chromosome GL456378.1
2025-11-07 19:56:03,632 - WARNING - The .bam file refers to a chromosome 'GL456378.1+' not present in the annotation (.gtf) file
2025-11-07 19:56:03,632 - WARNING - The .bam file refers to a chromosome 'GL456378.1-' not present in the annotation (.gtf) file
2025-11-07 19:56:03,633 - DEBUG - Marking up chromosome MU069434.1
2025-11-07 19:56:03,633 - WARNING - The .bam file refers to a chromosome 'MU069434.1+' not present in the annotation (.gtf) file
2025-11-07 19:56:03,633 - WARNING - The .bam file refers to a chromosome 'MU069434.1-' not present in the annotation (.gtf) file
2025-11-07 19:56:06,168 - DEBUG - End of file. Reset index: start scanning from initial position.
2025-11-07 19:56:06,168 - DEBUG - 2036154 reads were skipped because no apropiate cell or umi barcode was found
2025-11-07 19:56:06,168 - DEBUG - Start molecule counting!
2025-11-07 19:56:07,219 - DEBUG - Features available for chromosomes : ['1-', '1+', '10-', '10+', '11-', '11+', '12-', '12+', '13-', '13+', '14-', '14+', '15-', '15+', '16-', '16+', '17-', '17+', '18-', '18+', '19-', '19+', '2-', '2+', '3-', '3+', '4-', '4+', '5-', '5+', '6-', '6+', '7-', '7+', '8-', '8+', '9-', '9+', 'M-', 'M+', 'X-', 'X+', 'Y-', 'Y+']
2025-11-07 19:56:07,219 - DEBUG - Mask available for chromosomes : ['1-', '1+', '10-', '10+', '10_GL456015_alt-', '10_GL456015_alt+', '10_KQ030491_fix-', '10_KQ030491_fix+', '10_KZ289071_fix-', '10_KZ289071_fix+', '10_KZ289072_fix-', '10_KZ289072_fix+', '11-', '11+', '11_GL455998_alt-', '11_GL455998_alt+', '11_GL456016_alt-', '11_GL456016_alt+', '11_GL456060_alt-', '11_GL456060_alt+', '11_JH584265_alt-', '11_JH584265_alt+', '11_JH584316_alt-', '11_JH584316_alt+', '11_JH584317_alt-', '11_JH584317_alt+', '11_JH584327_alt-', '11_JH584327_alt+', '11_KB469739_fix-', '11_KB469739_fix+', '11_KZ289073_alt-', '11_KZ289073_alt+', '11_KZ289074_alt-', '11_KZ289074_alt+', '11_KZ289075_alt-', '11_KZ289075_alt+', '11_KZ289076_fix-', '11_KZ289076_fix+', '11_KZ289077_alt-', '11_KZ289077_alt+', '11_KZ289078_alt-', '11_KZ289078_alt+', '11_KZ289079_alt-', '11_KZ289079_alt+', '11_KZ289080_alt-', '11_KZ289080_alt+', '11_KZ289081_alt-', '11_KZ289081_alt+', '12-', '12+', '12_GL456017_alt-', '12_GL456017_alt+', '12_GL456068_alt-', '12_GL456068_alt+', '12_GL456074_alt-', '12_GL456074_alt+', '12_GL456078_alt-', '12_GL456078_alt+', '12_GL456349_alt-', '12_GL456349_alt+', '12_KB469740_fix-', '12_KB469740_fix+', '12_KZ289082_fix-', '12_KZ289082_fix+', '13-', '13+', '13_GL455990_alt-', '13_GL455990_alt+', '13_GL455999_alt-', '13_GL455999_alt+', '13_JH584305_alt-', '13_JH584305_alt+', '14-', '14+', '14_GL456019_alt-', '14_GL456019_alt+', '14_GL456020_alt-', '14_GL456020_alt+', '14_KZ289083_fix-', '14_KZ289083_fix+', '14_KZ289084_fix-', '14_KZ289084_fix+', '15-', '15+', '15_GL456000_alt-', '15_GL456000_alt+', '15_JH584270_alt-', '15_JH584270_alt+', '15_KQ030492_fix-', '15_KQ030492_fix+', '15_KQ030493_fix-', '15_KQ030493_fix+', '15_KV575241_fix-', '15_KV575241_fix+', '15_KZ289085_fix-', '15_KZ289085_fix+', '15_KZ289086_fix-', '15_KZ289086_fix+', '16-', '16+', '16_GL456001_alt-', '16_GL456001_alt+', '16_GL456028_alt-', '16_GL456028_alt+', '16_JH584306_alt-', '16_JH584306_alt+', '16_JH584307_alt-', '16_JH584307_alt+', '16_JH584310_alt-', '16_JH584310_alt+', '16_JH584311_alt-', '16_JH584311_alt+', '16_JH584312_alt-', '16_JH584312_alt+', '16_JH584313_alt-', '16_JH584313_alt+', '16_JH584314_alt-', '16_JH584314_alt+', '16_KB469741_fix-', '16_KB469741_fix+', '17-', '17+', '17_GL456002_alt-', '17_GL456002_alt+', '17_GL456021_alt-', '17_GL456021_alt+', '17_GL456022_alt-', '17_GL456022_alt+', '17_GL456069_alt-', '17_GL456069_alt+', '17_JH584266_alt-', '17_JH584266_alt+', '17_JH584267_alt-', '17_JH584267_alt+', '17_JH584308_alt-', '17_JH584308_alt+', '17_JH584309_alt-', '17_JH584309_alt+', '17_JH584328_alt-', '17_JH584328_alt+', '17_JH590470_alt-', '17_JH590470_alt+', '17_KB469742_fix-', '17_KB469742_fix+', '17_KZ289087_fix-', '17_KZ289087_fix+', '17_KZ289088_fix-', '17_KZ289088_fix+', '17_KZ289089_fix-', '17_KZ289089_fix+', '18-', '18+', '18_GL456070_alt-', '18_GL456070_alt+', '18_JH584318_alt-', '18_JH584318_alt+', '18_JH792829_fix-', '18_JH792829_fix+', '18_KZ289090_fix-', '18_KZ289090_fix+', '18_KZ289091_fix-', '18_KZ289091_fix+', '19-', '19+', '19_GL456079_alt-', '19_GL456079_alt+', '19_JH584319_alt-', '19_JH584319_alt+', '19_JH792830_fix-', '19_JH792830_fix+', '19_KQ030494_fix-', '19_KQ030494_fix+', '19_KV575242_fix-', '19_KV575242_fix+', '1_GL455991_alt-', '1_GL455991_alt+', '1_GL455992_alt-', '1_GL455992_alt+', '1_GL455993_alt-', '1_GL455993_alt+', '1_GL456005_alt-', '1_GL456005_alt+', '1_GL456210_random-', '1_GL456210_random+', '1_GL456211_random-', '1_GL456211_random+', '1_GL456212_random-', '1_GL456212_random+', '1_GL456213_random-', '1_GL456213_random+', '1_GL456221_random-', '1_GL456221_random+', '1_JH584315_alt-', '1_JH584315_alt+', '1_JH584320_alt-', '1_JH584320_alt+', '1_JH584321_alt-', '1_JH584321_alt+', '1_JH584322_alt-', '1_JH584322_alt+', '1_KK082441_alt-', '1_KK082441_alt+', '1_KV575232_fix-', '1_KV575232_fix+', '1_KV575233_fix-', '1_KV575233_fix+', '1_KV575234_fix-', '1_KV575234_fix+', '2-', '2+', '2_GL456024_alt-', '2_GL456024_alt+', '2_KV575235_fix-', '2_KV575235_fix+', '2_KV575236_fix-', '2_KV575236_fix+', '3-', '3+', '3_GL456006_alt-', '3_GL456006_alt+', '3_GL456007_alt-', '3_GL456007_alt+', '3_GL456008_alt-', '3_GL456008_alt+', '3_GL456042_alt-', '3_GL456042_alt+', '3_GL456044_alt-', '3_GL456044_alt+', '3_GL456045_alt-', '3_GL456045_alt+', '3_GL456048_alt-', '3_GL456048_alt+', '3_GL456049_alt-', '3_GL456049_alt+', '3_JH584323_alt-', '3_JH584323_alt+', '3_KQ030484_fix-', '3_KQ030484_fix+', '3_KZ289064_fix-', '3_KZ289064_fix+', '3_KZ289065_fix-', '3_KZ289065_fix+', '3_KZ289066_fix-', '3_KZ289066_fix+', '4-', '4+', '4_GL455994_alt-', '4_GL455994_alt+', '4_GL456009_alt-', '4_GL456009_alt+', '4_GL456010_alt-', '4_GL456010_alt+', '4_GL456053_alt-', '4_GL456053_alt+', '4_GL456064_alt-', '4_GL456064_alt+', '4_GL456075_alt-', '4_GL456075_alt+', '4_GL456076_alt-', '4_GL456076_alt+', '4_GL456077_alt-', '4_GL456077_alt+', '4_GL456216_random-', '4_GL456216_random+', '4_GL456350_random-', '4_GL456350_random+', '4_JH584268_alt-', '4_JH584268_alt+', '4_JH584269_alt-', '4_JH584269_alt+', '4_JH584292_random-', '4_JH584292_random+', '4_JH584293_random-', '4_JH584293_random+', '4_JH584294_random-', '4_JH584294_random+', '4_JH584295_random+', '4_JH584324_alt-', '4_JH584324_alt+', '4_JH584325_alt-', '4_JH584325_alt+', '4_JH584326_alt-', '4_JH584326_alt+', '4_JH792826_fix-', '4_JH792826_fix+', '4_KQ030485_fix-', '4_KQ030485_fix+', '4_KQ030486_fix-', '4_KQ030486_fix+', '4_KQ030487_fix-', '4_KQ030487_fix+', '4_KQ030488_fix-', '4_KQ030488_fix+', '4_KQ030489_fix-', '4_KQ030489_fix+', '4_KZ289067_fix-', '4_KZ289067_fix+', '4_KZ289068_fix-', '4_KZ289068_fix+', '4_KZ289069_fix-', '4_KZ289069_fix+', '4_KZ289070_fix-', '4_KZ289070_fix+', '5-', '5+', '5_GL455995_alt-', '5_GL455995_alt+', '5_GL456011_alt-', '5_GL456011_alt+', '5_GL456354_random-', '5_GL456354_random+', '5_JH584296_random-', '5_JH584296_random+', '5_JH584297_random-', '5_JH584297_random+', '5_JH584298_random-', '5_JH584298_random+', '5_JH584299_random-', '5_JH584299_random+', '5_JH792827_fix-', '5_JH792827_fix+', '5_KV575237_fix-', '5_KV575237_fix+', '6-', '6+', '6_GL456012_alt-', '6_GL456012_alt+', '6_GL456025_alt-', '6_GL456025_alt+', '6_GL456026_alt-', '6_GL456026_alt+', '6_GL456054_alt-', '6_GL456054_alt+', '6_GL456065_alt-', '6_GL456065_alt+', '6_JH584264_alt-', '6_JH584264_alt+', '6_KK082442_fix-', '6_KK082442_fix+', '6_KK082443_fix-', '6_KK082443_fix+', '7-', '7+', '7_GL455989_alt-', '7_GL455989_alt+', '7_GL456013_alt-', '7_GL456013_alt+', '7_GL456014_alt-', '7_GL456014_alt+', '7_GL456219_random-', '7_GL456219_random+', '7_JH792828_fix-', '7_JH792828_fix+', '7_KV575238_fix-', '7_KV575238_fix+', '7_KV575239_fix-', '7_KV575239_fix+', '8-', '8+', '8_GL455996_alt-', '8_GL455996_alt+', '8_GL455997_alt-', '8_GL455997_alt+', '8_KV575240_fix-', '8_KV575240_fix+', '9-', '9+', '9_KB469738_fix-', '9_KB469738_fix+', '9_KQ030490_fix-', '9_KQ030490_fix+', 'M-', 'M+', 'Un_GL456239-', 'Un_GL456239+', 'Un_GL456359-', 'Un_GL456359+', 'Un_GL456360-', 'Un_GL456360+', 'Un_GL456366-', 'Un_GL456366+', 'Un_GL456367-', 'Un_GL456367+', 'Un_GL456368-', 'Un_GL456368+', 'Un_GL456370+', 'Un_GL456372-', 'Un_GL456372+', 'Un_GL456378-', 'Un_GL456378+', 'Un_GL456379-', 'Un_GL456379+', 'Un_GL456381-', 'Un_GL456381+', 'Un_GL456382-', 'Un_GL456382+', 'Un_GL456383-', 'Un_GL456383+', 'Un_GL456385-', 'Un_GL456385+', 'Un_GL456387-', 'Un_GL456387+', 'Un_GL456389-', 'Un_GL456389+', 'Un_GL456390-', 'Un_GL456390+', 'Un_GL456392-', 'Un_GL456392+', 'Un_GL456393-', 'Un_GL456393+', 'Un_GL456394-', 'Un_GL456394+', 'Un_GL456396-', 'Un_GL456396+', 'Un_JH584304-', 'Un_JH584304+', 'X-', 'X+', 'X_GL456003_alt-', 'X_GL456003_alt+', 'X_GL456004_alt-', 'X_GL456004_alt+', 'X_GL456031_alt-', 'X_GL456031_alt+', 'X_GL456032_alt-', 'X_GL456032_alt+', 'X_GL456033_alt-', 'X_GL456033_alt+', 'X_GL456233_random-', 'X_GL456233_random+', 'X_JH792831_fix-', 'X_JH792831_fix+', 'X_KQ030495_fix-', 'X_KQ030495_fix+', 'X_KQ030496_fix-', 'X_KQ030496_fix+', 'X_KQ030497_fix-', 'X_KQ030497_fix+', 'X_KZ289092_fix-', 'X_KZ289092_fix+', 'X_KZ289093_fix-', 'X_KZ289093_fix+', 'X_KZ289094_fix-', 'X_KZ289094_fix+', 'X_KZ289095_fix-', 'X_KZ289095_fix+', 'Y-', 'Y+', 'Y_GL456071_alt-', 'Y_GL456071_alt+', 'Y_GL456072_alt-', 'Y_GL456072_alt+', 'Y_GL456073_alt-', 'Y_GL456073_alt+', 'Y_GL456080_alt-', 'Y_GL456080_alt+', 'Y_GL456081_alt-', 'Y_GL456081_alt+', 'Y_GL456082_alt-', 'Y_GL456082_alt+', 'Y_JH584300_random-', 'Y_JH584300_random+', 'Y_JH584301_random-', 'Y_JH584301_random+', 'Y_JH584302_random-', 'Y_JH584302_random+', 'Y_JH584303_random-', 'Y_JH584303_random+', 'Y_JH792832_fix-', 'Y_JH792832_fix+', 'Y_JH792833_fix-', 'Y_JH792833_fix+', 'Y_JH792834_fix-', 'Y_JH792834_fix+', 'na_GL456050_alt-']
2025-11-07 19:56:07,219 - DEBUG - Summarizing the results of intron validation.
2025-11-07 19:56:07,292 - DEBUG - Validated 1128 introns (of which unique intervals 438) out of 700789 total possible introns (considering each possible transcript models).
2025-11-07 19:56:07,292 - DEBUG - Reading /storage/scratch01/groups/ci/Trem1_GEICAM/Sarai/Single.Cell.Tet2/outs/out.smR039a.9/outs/per_sample_outs/WT1-DsRedn/count/cellsorted_sample_alignments.bam
2025-11-07 19:56:07,341 - DEBUG - Read first 0 million reads
2025-11-07 19:56:17,927 - DEBUG - Counting for batch 1, containing 100 cells and 1184738 reads
2025-11-07 19:56:26,213 - DEBUG - 142104 reads not considered because fully enclosed in repeat masked regions
2025-11-07 19:56:33,831 - DEBUG - Counting for batch 2, containing 100 cells and 1052272 reads
2025-11-07 19:56:41,632 - DEBUG - 130494 reads not considered because fully enclosed in repeat masked regions
2025-11-07 19:56:53,465 - DEBUG - Counting for batch 3, containing 100 cells and 1505435 reads
2025-11-07 19:57:03,397 - DEBUG - 189510 reads not considered because fully enclosed in repeat masked regions
2025-11-07 19:57:12,919 - DEBUG - Counting for batch 4, containing 100 cells and 1095034 reads
2025-11-07 19:57:20,680 - DEBUG - 129671 reads not considered because fully enclosed in repeat masked regions
2025-11-07 19:57:30,758 - DEBUG - Counting for batch 5, containing 100 cells and 1272961 reads
2025-11-07 19:57:39,220 - DEBUG - 158432 reads not considered because fully enclosed in repeat masked regions
2025-11-07 19:57:45,922 - DEBUG - Counting for batch 6, containing 100 cells and 976127 reads
2025-11-07 19:57:53,155 - DEBUG - 122534 reads not considered because fully enclosed in repeat masked regions
2025-11-07 19:58:03,430 - DEBUG - Counting for batch 7, containing 100 cells and 1318967 reads
2025-11-07 19:58:12,299 - DEBUG - 165291 reads not considered because fully enclosed in repeat masked regions
2025-11-07 19:58:17,674 - DEBUG - Read first 10 million reads
2025-11-07 19:58:20,738 - DEBUG - Counting for batch 8, containing 100 cells and 938049 reads
2025-11-07 19:58:26,209 - DEBUG - 114030 reads not considered because fully enclosed in repeat masked regions
2025-11-07 19:58:34,518 - DEBUG - Counting for batch 9, containing 100 cells and 1029525 reads
2025-11-07 19:58:41,987 - DEBUG - 125445 reads not considered because fully enclosed in repeat masked regions
2025-11-07 19:58:51,613 - DEBUG - Counting for batch 10, containing 100 cells and 1209945 reads
2025-11-07 19:59:00,132 - DEBUG - 153589 reads not considered because fully enclosed in repeat masked regions
2025-11-07 19:59:06,983 - DEBUG - Counting for batch 11, containing 100 cells and 1024944 reads
2025-11-07 19:59:14,273 - DEBUG - 124655 reads not considered because fully enclosed in repeat masked regions
2025-11-07 19:59:22,791 - DEBUG - Counting for batch 12, containing 100 cells and 1036037 reads
2025-11-07 19:59:30,581 - DEBUG - 126584 reads not considered because fully enclosed in repeat masked regions
2025-11-07 19:59:41,973 - DEBUG - Counting for batch 13, containing 100 cells and 1505691 reads
2025-11-07 19:59:51,646 - DEBUG - 190023 reads not considered because fully enclosed in repeat masked regions
2025-11-07 20:00:02,918 - DEBUG - Counting for batch 14, containing 100 cells and 1360796 reads
2025-11-07 20:00:10,311 - DEBUG - 170007 reads not considered because fully enclosed in repeat masked regions
2025-11-07 20:00:21,210 - DEBUG - Counting for batch 15, containing 100 cells and 1111873 reads
2025-11-07 20:00:27,471 - DEBUG - 135937 reads not considered because fully enclosed in repeat masked regions
2025-11-07 20:00:33,279 - DEBUG - Read first 20 million reads
2025-11-07 20:00:36,474 - DEBUG - Counting for batch 16, containing 100 cells and 1094840 reads
2025-11-07 20:00:44,228 - DEBUG - 134102 reads not considered because fully enclosed in repeat masked regions
2025-11-07 20:00:53,990 - DEBUG - Counting for batch 17, containing 100 cells and 1247124 reads
2025-11-07 20:01:02,483 - DEBUG - 156446 reads not considered because fully enclosed in repeat masked regions
2025-11-07 20:01:12,717 - DEBUG - Counting for batch 18, containing 100 cells and 1275069 reads
2025-11-07 20:01:21,369 - DEBUG - 158790 reads not considered because fully enclosed in repeat masked regions
2025-11-07 20:01:29,454 - DEBUG - Counting for batch 19, containing 100 cells and 1258178 reads
2025-11-07 20:01:37,577 - DEBUG - 156000 reads not considered because fully enclosed in repeat masked regions
2025-11-07 20:01:46,254 - DEBUG - Counting for batch 20, containing 100 cells and 1089112 reads
2025-11-07 20:01:53,910 - DEBUG - 136745 reads not considered because fully enclosed in repeat masked regions
2025-11-07 20:02:03,710 - DEBUG - Counting for batch 21, containing 100 cells and 1237585 reads
2025-11-07 20:02:11,890 - DEBUG - 152486 reads not considered because fully enclosed in repeat masked regions
2025-11-07 20:02:18,300 - DEBUG - Counting for batch 22, containing 100 cells and 909261 reads
2025-11-07 20:02:25,199 - DEBUG - 112866 reads not considered because fully enclosed in repeat masked regions
2025-11-07 20:02:35,143 - DEBUG - Counting for batch 23, containing 100 cells and 1254215 reads
2025-11-07 20:02:43,868 - DEBUG - 154531 reads not considered because fully enclosed in repeat masked regions
2025-11-07 20:02:46,738 - DEBUG - Read first 30 million reads
2025-11-07 20:02:52,441 - DEBUG - Counting for batch 24, containing 100 cells and 981119 reads
2025-11-07 20:02:58,124 - DEBUG - 119880 reads not considered because fully enclosed in repeat masked regions
2025-11-07 20:03:07,316 - DEBUG - Counting for batch 25, containing 100 cells and 1139010 reads
2025-11-07 20:03:15,417 - DEBUG - 141518 reads not considered because fully enclosed in repeat masked regions
2025-11-07 20:03:24,893 - DEBUG - Counting for batch 26, containing 100 cells and 1164070 reads
2025-11-07 20:03:33,145 - DEBUG - 143220 reads not considered because fully enclosed in repeat masked regions
2025-11-07 20:03:42,351 - DEBUG - Counting for batch 27, containing 100 cells and 1102692 reads
2025-11-07 20:03:48,499 - DEBUG - 136270 reads not considered because fully enclosed in repeat masked regions
2025-11-07 20:03:59,734 - DEBUG - Counting for batch 28, containing 100 cells and 1213132 reads
2025-11-07 20:04:08,302 - DEBUG - 154483 reads not considered because fully enclosed in repeat masked regions
2025-11-07 20:04:19,256 - DEBUG - Counting for batch 29, containing 100 cells and 1338492 reads
2025-11-07 20:04:26,521 - DEBUG - 166932 reads not considered because fully enclosed in repeat masked regions
2025-11-07 20:04:39,133 - DEBUG - Counting for batch 30, containing 100 cells and 1386880 reads
2025-11-07 20:04:46,670 - DEBUG - 178025 reads not considered because fully enclosed in repeat masked regions
2025-11-07 20:04:54,276 - DEBUG - Counting for batch 31, containing 100 cells and 836698 reads
2025-11-07 20:05:00,839 - DEBUG - 104041 reads not considered because fully enclosed in repeat masked regions
2025-11-07 20:05:02,917 - DEBUG - Read first 40 million reads
2025-11-07 20:05:11,178 - DEBUG - Counting for batch 32, containing 100 cells and 1327622 reads
2025-11-07 20:05:20,153 - DEBUG - 162040 reads not considered because fully enclosed in repeat masked regions
2025-11-07 20:05:28,818 - DEBUG - Counting for batch 33, containing 100 cells and 994193 reads
2025-11-07 20:05:36,328 - DEBUG - 119722 reads not considered because fully enclosed in repeat masked regions
2025-11-07 20:05:46,479 - DEBUG - Counting for batch 34, containing 100 cells and 1250767 reads
2025-11-07 20:05:53,206 - DEBUG - 154139 reads not considered because fully enclosed in repeat masked regions
2025-11-07 20:06:01,552 - DEBUG - Counting for batch 35, containing 100 cells and 978505 reads
2025-11-07 20:06:08,963 - DEBUG - 121231 reads not considered because fully enclosed in repeat masked regions
2025-11-07 20:06:18,179 - DEBUG - Counting for batch 36, containing 100 cells and 1095595 reads
2025-11-07 20:06:24,422 - DEBUG - 138833 reads not considered because fully enclosed in repeat masked regions
2025-11-07 20:06:35,426 - DEBUG - Counting for batch 37, containing 100 cells and 1179038 reads
2025-11-07 20:06:43,876 - DEBUG - 145287 reads not considered because fully enclosed in repeat masked regions
2025-11-07 20:06:52,019 - DEBUG - Counting for batch 38, containing 100 cells and 1182889 reads
2025-11-07 20:07:00,448 - DEBUG - 149041 reads not considered because fully enclosed in repeat masked regions
2025-11-07 20:07:09,778 - DEBUG - Counting for batch 39, containing 100 cells and 1145873 reads
2025-11-07 20:07:17,698 - DEBUG - 142855 reads not considered because fully enclosed in repeat masked regions
2025-11-07 20:07:19,497 - DEBUG - Read first 50 million reads
2025-11-07 20:07:27,602 - DEBUG - Counting for batch 40, containing 100 cells and 1194072 reads
2025-11-07 20:07:36,170 - DEBUG - 145295 reads not considered because fully enclosed in repeat masked regions
2025-11-07 20:07:43,535 - DEBUG - Counting for batch 41, containing 100 cells and 1030699 reads
2025-11-07 20:07:51,207 - DEBUG - 127312 reads not considered because fully enclosed in repeat masked regions
2025-11-07 20:08:00,084 - DEBUG - Counting for batch 42, containing 100 cells and 1058267 reads
2025-11-07 20:08:08,032 - DEBUG - 133504 reads not considered because fully enclosed in repeat masked regions
2025-11-07 20:08:17,240 - DEBUG - Counting for batch 43, containing 100 cells and 1074288 reads
2025-11-07 20:08:23,310 - DEBUG - 133929 reads not considered because fully enclosed in repeat masked regions
2025-11-07 20:08:31,604 - DEBUG - Counting for batch 44, containing 100 cells and 982662 reads
2025-11-07 20:08:39,046 - DEBUG - 118427 reads not considered because fully enclosed in repeat masked regions
2025-11-07 20:08:48,535 - DEBUG - Counting for batch 45, containing 100 cells and 1148424 reads
2025-11-07 20:08:57,425 - DEBUG - 139398 reads not considered because fully enclosed in repeat masked regions
2025-11-07 20:09:05,436 - DEBUG - Counting for batch 46, containing 100 cells and 1071164 reads
2025-11-07 20:09:13,286 - DEBUG - 130948 reads not considered because fully enclosed in repeat masked regions
2025-11-07 20:09:23,250 - DEBUG - Counting for batch 47, containing 100 cells and 1210303 reads
2025-11-07 20:09:31,899 - DEBUG - 159687 reads not considered because fully enclosed in repeat masked regions
2025-11-07 20:09:35,866 - DEBUG - Read first 60 million reads
2025-11-07 20:09:42,648 - DEBUG - Counting for batch 48, containing 100 cells and 1309914 reads
2025-11-07 20:09:51,811 - DEBUG - 163940 reads not considered because fully enclosed in repeat masked regions
2025-11-07 20:10:01,842 - DEBUG - Counting for batch 49, containing 100 cells and 1157431 reads
2025-11-07 20:10:08,398 - DEBUG - 142845 reads not considered because fully enclosed in repeat masked regions
2025-11-07 20:10:21,031 - DEBUG - Counting for batch 50, containing 100 cells and 1421241 reads
2025-11-07 20:10:30,785 - DEBUG - 180131 reads not considered because fully enclosed in repeat masked regions
2025-11-07 20:10:39,984 - DEBUG - Counting for batch 51, containing 100 cells and 1026923 reads
2025-11-07 20:10:46,035 - DEBUG - 126351 reads not considered because fully enclosed in repeat masked regions
2025-11-07 20:10:56,133 - DEBUG - Counting for batch 52, containing 100 cells and 1252794 reads
2025-11-07 20:11:04,841 - DEBUG - 155586 reads not considered because fully enclosed in repeat masked regions
2025-11-07 20:11:14,788 - DEBUG - Counting for batch 53, containing 100 cells and 1315308 reads
2025-11-07 20:11:22,889 - DEBUG - 163803 reads not considered because fully enclosed in repeat masked regions
2025-11-07 20:11:31,342 - DEBUG - Counting for batch 54, containing 100 cells and 1187255 reads
2025-11-07 20:11:38,683 - DEBUG - 147716 reads not considered because fully enclosed in repeat masked regions
2025-11-07 20:11:45,265 - DEBUG - Read first 70 million reads
2025-11-07 20:11:46,422 - DEBUG - Counting for batch 55, containing 100 cells and 1080638 reads
2025-11-07 20:11:53,407 - DEBUG - 133166 reads not considered because fully enclosed in repeat masked regions
2025-11-07 20:12:00,408 - DEBUG - Counting for batch 56, containing 100 cells and 901898 reads
2025-11-07 20:12:04,920 - DEBUG - 109535 reads not considered because fully enclosed in repeat masked regions
2025-11-07 20:12:12,089 - DEBUG - Counting for batch 57, containing 100 cells and 1003185 reads
2025-11-07 20:12:18,831 - DEBUG - 125188 reads not considered because fully enclosed in repeat masked regions
2025-11-07 20:12:26,145 - DEBUG - Counting for batch 58, containing 100 cells and 988061 reads
2025-11-07 20:12:31,455 - DEBUG - 123556 reads not considered because fully enclosed in repeat masked regions
2025-11-07 20:12:39,367 - DEBUG - Counting for batch 59, containing 100 cells and 1150678 reads
2025-11-07 20:12:46,481 - DEBUG - 144020 reads not considered because fully enclosed in repeat masked regions
2025-11-07 20:12:54,646 - DEBUG - Counting for batch 60, containing 100 cells and 1157353 reads
2025-11-07 20:13:01,845 - DEBUG - 139404 reads not considered because fully enclosed in repeat masked regions
2025-11-07 20:13:11,282 - DEBUG - Counting for batch 61, containing 100 cells and 1410342 reads
2025-11-07 20:13:19,709 - DEBUG - 176740 reads not considered because fully enclosed in repeat masked regions
2025-11-07 20:13:26,253 - DEBUG - Counting for batch 62, containing 100 cells and 1115163 reads
2025-11-07 20:13:33,143 - DEBUG - 137253 reads not considered because fully enclosed in repeat masked regions
2025-11-07 20:13:40,779 - DEBUG - Read first 80 million reads
2025-11-07 20:13:41,716 - DEBUG - Counting for batch 63, containing 100 cells and 1262030 reads
2025-11-07 20:13:49,382 - DEBUG - 157973 reads not considered because fully enclosed in repeat masked regions
2025-11-07 20:13:56,516 - DEBUG - Counting for batch 64, containing 100 cells and 927173 reads
2025-11-07 20:14:01,004 - DEBUG - 114786 reads not considered because fully enclosed in repeat masked regions
2025-11-07 20:14:08,494 - DEBUG - Counting for batch 65, containing 100 cells and 1094268 reads
2025-11-07 20:14:15,225 - DEBUG - 134151 reads not considered because fully enclosed in repeat masked regions
2025-11-07 20:14:23,121 - DEBUG - Counting for batch 66, containing 100 cells and 1148107 reads
2025-11-07 20:14:30,251 - DEBUG - 140030 reads not considered because fully enclosed in repeat masked regions
2025-11-07 20:14:38,921 - DEBUG - Counting for batch 67, containing 100 cells and 1264382 reads
2025-11-07 20:14:46,606 - DEBUG - 156881 reads not considered because fully enclosed in repeat masked regions
2025-11-07 20:14:54,767 - DEBUG - Counting for batch 68, containing 100 cells and 1135089 reads
2025-11-07 20:15:00,168 - DEBUG - 141823 reads not considered because fully enclosed in repeat masked regions
2025-11-07 20:15:10,456 - DEBUG - Counting for batch 69, containing 100 cells and 1291921 reads
2025-11-07 20:15:16,324 - DEBUG - 160482 reads not considered because fully enclosed in repeat masked regions
2025-11-07 20:15:26,930 - DEBUG - Counting for batch 70, containing 100 cells and 1329714 reads
2025-11-07 20:15:33,011 - DEBUG - 163677 reads not considered because fully enclosed in repeat masked regions
2025-11-07 20:15:38,700 - DEBUG - Read first 90 million reads
2025-11-07 20:15:42,689 - DEBUG - Counting for batch 71, containing 100 cells and 1153208 reads
2025-11-07 20:15:48,010 - DEBUG - 141524 reads not considered because fully enclosed in repeat masked regions
2025-11-07 20:15:58,177 - DEBUG - Counting for batch 72, containing 100 cells and 1281448 reads
2025-11-07 20:16:04,002 - DEBUG - 160527 reads not considered because fully enclosed in repeat masked regions
2025-11-07 20:16:14,279 - DEBUG - Counting for batch 73, containing 100 cells and 1290591 reads
2025-11-07 20:16:20,070 - DEBUG - 162031 reads not considered because fully enclosed in repeat masked regions
2025-11-07 20:16:26,710 - DEBUG - Counting for batch 74, containing 100 cells and 875911 reads
2025-11-07 20:16:32,671 - DEBUG - 106526 reads not considered because fully enclosed in repeat masked regions
2025-11-07 20:16:40,498 - DEBUG - Counting for batch 75, containing 100 cells and 1140689 reads
2025-11-07 20:16:47,499 - DEBUG - 140663 reads not considered because fully enclosed in repeat masked regions
2025-11-07 20:16:55,480 - DEBUG - Counting for batch 76, containing 100 cells and 1126957 reads
2025-11-07 20:17:00,640 - DEBUG - 134428 reads not considered because fully enclosed in repeat masked regions
2025-11-07 20:17:10,084 - DEBUG - Counting for batch 77, containing 100 cells and 1139727 reads
2025-11-07 20:17:15,344 - DEBUG - 142083 reads not considered because fully enclosed in repeat masked regions
2025-11-07 20:17:25,063 - DEBUG - Counting for batch 78, containing 100 cells and 1226407 reads
2025-11-07 20:17:31,189 - DEBUG - 152643 reads not considered because fully enclosed in repeat masked regions
2025-11-07 20:17:35,643 - DEBUG - Read first 100 million reads
2025-11-07 20:17:40,842 - DEBUG - Counting for batch 79, containing 100 cells and 1202305 reads
2025-11-07 20:17:48,094 - DEBUG - 149135 reads not considered because fully enclosed in repeat masked regions
2025-11-07 20:17:54,684 - DEBUG - Counting for batch 80, containing 100 cells and 1154495 reads
2025-11-07 20:18:01,616 - DEBUG - 144741 reads not considered because fully enclosed in repeat masked regions
2025-11-07 20:18:10,098 - DEBUG - Counting for batch 81, containing 100 cells and 1243270 reads
2025-11-07 20:18:17,417 - DEBUG - 155977 reads not considered because fully enclosed in repeat masked regions
2025-11-07 20:18:26,287 - DEBUG - Counting for batch 82, containing 100 cells and 1326649 reads
2025-11-07 20:18:34,114 - DEBUG - 166042 reads not considered because fully enclosed in repeat masked regions
2025-11-07 20:18:42,536 - DEBUG - Counting for batch 83, containing 100 cells and 1190591 reads
2025-11-07 20:18:49,790 - DEBUG - 146626 reads not considered because fully enclosed in repeat masked regions
2025-11-07 20:18:58,026 - DEBUG - Counting for batch 84, containing 100 cells and 1174138 reads
2025-11-07 20:19:03,458 - DEBUG - 148371 reads not considered because fully enclosed in repeat masked regions
2025-11-07 20:19:12,818 - DEBUG - Counting for batch 85, containing 100 cells and 1123782 reads
2025-11-07 20:19:17,935 - DEBUG - 139214 reads not considered because fully enclosed in repeat masked regions
2025-11-07 20:19:25,501 - DEBUG - Read first 110 million reads
2025-11-07 20:19:27,967 - DEBUG - Counting for batch 86, containing 100 cells and 1265181 reads
2025-11-07 20:19:33,625 - DEBUG - 155035 reads not considered because fully enclosed in repeat masked regions
2025-11-07 20:19:42,952 - DEBUG - Counting for batch 87, containing 100 cells and 1083413 reads
2025-11-07 20:19:48,031 - DEBUG - 136100 reads not considered because fully enclosed in repeat masked regions
2025-11-07 20:19:55,240 - DEBUG - Counting for batch 88, containing 100 cells and 1008084 reads
2025-11-07 20:20:01,860 - DEBUG - 126299 reads not considered because fully enclosed in repeat masked regions
2025-11-07 20:20:10,070 - DEBUG - Counting for batch 89, containing 100 cells and 1187630 reads
2025-11-07 20:20:17,352 - DEBUG - 146423 reads not considered because fully enclosed in repeat masked regions
2025-11-07 20:20:26,731 - DEBUG - Counting for batch 90, containing 100 cells and 1373096 reads
2025-11-07 20:20:32,807 - DEBUG - 167784 reads not considered because fully enclosed in repeat masked regions
2025-11-07 20:20:40,291 - DEBUG - Counting for batch 91, containing 100 cells and 1047124 reads
2025-11-07 20:20:46,931 - DEBUG - 127455 reads not considered because fully enclosed in repeat masked regions
2025-11-07 20:20:53,932 - DEBUG - Counting for batch 92, containing 100 cells and 973856 reads
2025-11-07 20:21:00,251 - DEBUG - 118980 reads not considered because fully enclosed in repeat masked regions
2025-11-07 20:21:06,015 - DEBUG - Counting for batch 93, containing 100 cells and 1012232 reads
2025-11-07 20:21:12,493 - DEBUG - 123046 reads not considered because fully enclosed in repeat masked regions
2025-11-07 20:21:19,839 - DEBUG - Counting for batch 94, containing 100 cells and 1047244 reads
2025-11-07 20:21:26,596 - DEBUG - 131387 reads not considered because fully enclosed in repeat masked regions
2025-11-07 20:21:28,065 - DEBUG - Read first 120 million reads
2025-11-07 20:21:35,239 - DEBUG - Counting for batch 95, containing 100 cells and 1285944 reads
2025-11-07 20:21:40,968 - DEBUG - 162648 reads not considered because fully enclosed in repeat masked regions
2025-11-07 20:21:50,682 - DEBUG - Counting for batch 96, containing 100 cells and 1227886 reads
2025-11-07 20:21:58,290 - DEBUG - 153225 reads not considered because fully enclosed in repeat masked regions
2025-11-07 20:22:04,137 - DEBUG - Counting for batch 97, containing 100 cells and 1005436 reads
2025-11-07 20:22:10,570 - DEBUG - 124742 reads not considered because fully enclosed in repeat masked regions
2025-11-07 20:22:17,620 - DEBUG - Counting for batch 98, containing 100 cells and 961188 reads
2025-11-07 20:22:22,263 - DEBUG - 118978 reads not considered because fully enclosed in repeat masked regions
2025-11-07 20:22:31,936 - DEBUG - Counting for batch 99, containing 100 cells and 1133262 reads
2025-11-07 20:22:37,153 - DEBUG - 142971 reads not considered because fully enclosed in repeat masked regions
2025-11-07 20:22:44,523 - DEBUG - Counting for batch 100, containing 100 cells and 1051188 reads
2025-11-07 20:22:51,066 - DEBUG - 130795 reads not considered because fully enclosed in repeat masked regions
2025-11-07 20:22:59,711 - DEBUG - Counting for batch 101, containing 100 cells and 1323731 reads
2025-11-07 20:23:07,308 - DEBUG - 158993 reads not considered because fully enclosed in repeat masked regions
2025-11-07 20:23:16,406 - DEBUG - Counting for batch 102, containing 100 cells and 1187263 reads
2025-11-07 20:23:24,069 - DEBUG - 149358 reads not considered because fully enclosed in repeat masked regions
2025-11-07 20:23:25,228 - DEBUG - Read first 130 million reads
2025-11-07 20:23:32,707 - DEBUG - Counting for batch 103, containing 100 cells and 1269239 reads
2025-11-07 20:23:40,481 - DEBUG - 162309 reads not considered because fully enclosed in repeat masked regions
2025-11-07 20:23:46,288 - DEBUG - Counting for batch 104, containing 100 cells and 981278 reads
2025-11-07 20:23:52,691 - DEBUG - 119282 reads not considered because fully enclosed in repeat masked regions
2025-11-07 20:23:59,909 - DEBUG - Counting for batch 105, containing 100 cells and 1026896 reads
2025-11-07 20:24:06,586 - DEBUG - 127534 reads not considered because fully enclosed in repeat masked regions
2025-11-07 20:24:14,484 - DEBUG - Counting for batch 106, containing 100 cells and 1108617 reads
2025-11-07 20:24:19,566 - DEBUG - 140027 reads not considered because fully enclosed in repeat masked regions
2025-11-07 20:24:29,255 - DEBUG - Counting for batch 107, containing 100 cells and 1200979 reads
2025-11-07 20:24:34,727 - DEBUG - 150725 reads not considered because fully enclosed in repeat masked regions
2025-11-07 20:24:41,955 - DEBUG - Counting for batch 108, containing 100 cells and 1006736 reads
2025-11-07 20:24:48,412 - DEBUG - 125300 reads not considered because fully enclosed in repeat masked regions
2025-11-07 20:24:55,430 - DEBUG - Counting for batch 109, containing 100 cells and 952851 reads
2025-11-07 20:25:00,071 - DEBUG - 117748 reads not considered because fully enclosed in repeat masked regions
2025-11-07 20:25:09,472 - DEBUG - Counting for batch 110, containing 100 cells and 1164999 reads
2025-11-07 20:25:14,786 - DEBUG - 141222 reads not considered because fully enclosed in repeat masked regions
2025-11-07 20:25:18,826 - DEBUG - Read first 140 million reads
2025-11-07 20:25:22,234 - DEBUG - Counting for batch 111, containing 100 cells and 1069233 reads
2025-11-07 20:25:28,927 - DEBUG - 131946 reads not considered because fully enclosed in repeat masked regions
2025-11-07 20:25:36,310 - DEBUG - Counting for batch 112, containing 100 cells and 1031569 reads
2025-11-07 20:25:43,037 - DEBUG - 125374 reads not considered because fully enclosed in repeat masked regions
2025-11-07 20:25:51,692 - DEBUG - Counting for batch 113, containing 100 cells and 1274314 reads
2025-11-07 20:25:57,631 - DEBUG - 160512 reads not considered because fully enclosed in repeat masked regions
2025-11-07 20:26:03,914 - DEBUG - Counting for batch 114, containing 100 cells and 832682 reads
2025-11-07 20:26:09,594 - DEBUG - 103792 reads not considered because fully enclosed in repeat masked regions
2025-11-07 20:26:17,659 - DEBUG - Counting for batch 115, containing 100 cells and 1216584 reads
2025-11-07 20:26:25,019 - DEBUG - 151329 reads not considered because fully enclosed in repeat masked regions
2025-11-07 20:26:33,043 - DEBUG - Counting for batch 116, containing 100 cells and 1147297 reads
2025-11-07 20:26:40,130 - DEBUG - 141933 reads not considered because fully enclosed in repeat masked regions
2025-11-07 20:26:49,868 - DEBUG - Counting for batch 117, containing 100 cells and 1482921 reads
2025-11-07 20:26:58,448 - DEBUG - 186823 reads not considered because fully enclosed in repeat masked regions
2025-11-07 20:27:05,125 - DEBUG - Counting for batch 118, containing 100 cells and 1142972 reads
2025-11-07 20:27:12,064 - DEBUG - 146140 reads not considered because fully enclosed in repeat masked regions
2025-11-07 20:27:14,237 - DEBUG - Read first 150 million reads
2025-11-07 20:27:20,734 - DEBUG - Counting for batch 119, containing 100 cells and 1306338 reads
2025-11-07 20:27:28,311 - DEBUG - 160092 reads not considered because fully enclosed in repeat masked regions
2025-11-07 20:27:36,257 - DEBUG - Counting for batch 120, containing 100 cells and 1028366 reads
2025-11-07 20:27:42,851 - DEBUG - 126962 reads not considered because fully enclosed in repeat masked regions
2025-11-07 20:27:52,117 - DEBUG - Counting for batch 121, containing 100 cells and 1387610 reads
2025-11-07 20:28:00,452 - DEBUG - 174028 reads not considered because fully enclosed in repeat masked regions
2025-11-07 20:28:07,526 - DEBUG - Counting for batch 122, containing 100 cells and 1218640 reads
2025-11-07 20:28:16,617 - DEBUG - 147928 reads not considered because fully enclosed in repeat masked regions
2025-11-07 20:28:27,430 - DEBUG - Counting for batch 123, containing 100 cells and 1212896 reads
2025-11-07 20:28:36,805 - DEBUG - 152521 reads not considered because fully enclosed in repeat masked regions
2025-11-07 20:28:46,284 - DEBUG - Counting for batch 124, containing 100 cells and 1056081 reads
2025-11-07 20:28:54,556 - DEBUG - 131886 reads not considered because fully enclosed in repeat masked regions
2025-11-07 20:29:02,404 - DEBUG - Counting for batch 125, containing 100 cells and 1056082 reads
2025-11-07 20:29:10,632 - DEBUG - 129347 reads not considered because fully enclosed in repeat masked regions
2025-11-07 20:29:19,794 - DEBUG - Read first 160 million reads
2025-11-07 20:29:20,486 - DEBUG - Counting for batch 126, containing 100 cells and 1152776 reads
2025-11-07 20:29:29,174 - DEBUG - 138155 reads not considered because fully enclosed in repeat masked regions
2025-11-07 20:29:38,402 - DEBUG - Counting for batch 127, containing 100 cells and 1021766 reads
2025-11-07 20:29:44,592 - DEBUG - 124205 reads not considered because fully enclosed in repeat masked regions
2025-11-07 20:29:52,602 - DEBUG - Counting for batch 128, containing 100 cells and 856797 reads
2025-11-07 20:29:59,858 - DEBUG - 105778 reads not considered because fully enclosed in repeat masked regions
2025-11-07 20:30:09,028 - DEBUG - Counting for batch 129, containing 100 cells and 1041351 reads
2025-11-07 20:30:15,394 - DEBUG - 127452 reads not considered because fully enclosed in repeat masked regions
2025-11-07 20:30:25,003 - DEBUG - Counting for batch 130, containing 100 cells and 1103870 reads
2025-11-07 20:30:33,479 - DEBUG - 138957 reads not considered because fully enclosed in repeat masked regions
2025-11-07 20:30:43,385 - DEBUG - Counting for batch 131, containing 100 cells and 1143405 reads
2025-11-07 20:30:52,079 - DEBUG - 142447 reads not considered because fully enclosed in repeat masked regions
2025-11-07 20:31:02,481 - DEBUG - Counting for batch 132, containing 100 cells and 1203356 reads
2025-11-07 20:31:11,535 - DEBUG - 145803 reads not considered because fully enclosed in repeat masked regions
2025-11-07 20:31:19,057 - DEBUG - Counting for batch 133, containing 100 cells and 997065 reads
2025-11-07 20:31:26,988 - DEBUG - 122319 reads not considered because fully enclosed in repeat masked regions
2025-11-07 20:31:36,557 - DEBUG - Counting for batch 134, containing 100 cells and 1075992 reads
2025-11-07 20:31:44,974 - DEBUG - 133069 reads not considered because fully enclosed in repeat masked regions
2025-11-07 20:31:49,002 - DEBUG - Read first 170 million reads
2025-11-07 20:31:55,015 - DEBUG - Counting for batch 135, containing 100 cells and 1145631 reads
2025-11-07 20:32:01,890 - DEBUG - 138959 reads not considered because fully enclosed in repeat masked regions
2025-11-07 20:32:13,835 - DEBUG - Counting for batch 136, containing 100 cells and 1192011 reads
2025-11-07 20:32:20,882 - DEBUG - 149449 reads not considered because fully enclosed in repeat masked regions
2025-11-07 20:32:31,957 - DEBUG - Counting for batch 137, containing 100 cells and 1064809 reads
2025-11-07 20:32:38,413 - DEBUG - 131002 reads not considered because fully enclosed in repeat masked regions
2025-11-07 20:32:48,733 - DEBUG - Counting for batch 138, containing 100 cells and 1241395 reads
2025-11-07 20:32:57,742 - DEBUG - 152706 reads not considered because fully enclosed in repeat masked regions
2025-11-07 20:33:05,651 - DEBUG - Counting for batch 139, containing 100 cells and 845144 reads
2025-11-07 20:33:12,583 - DEBUG - 105899 reads not considered because fully enclosed in repeat masked regions
2025-11-07 20:33:19,692 - DEBUG - Counting for batch 140, containing 100 cells and 1093714 reads
2025-11-07 20:33:27,264 - DEBUG - 136306 reads not considered because fully enclosed in repeat masked regions
2025-11-07 20:33:35,318 - DEBUG - Counting for batch 141, containing 100 cells and 1043337 reads
2025-11-07 20:33:42,546 - DEBUG - 128176 reads not considered because fully enclosed in repeat masked regions
2025-11-07 20:33:51,276 - DEBUG - Counting for batch 142, containing 100 cells and 1179210 reads
2025-11-07 20:33:56,714 - DEBUG - 146905 reads not considered because fully enclosed in repeat masked regions
2025-11-07 20:34:02,270 - DEBUG - Read first 180 million reads
2025-11-07 20:34:03,006 - DEBUG - Counting for batch 143, containing 100 cells and 792434 reads
2025-11-07 20:34:08,571 - DEBUG - 98283 reads not considered because fully enclosed in repeat masked regions
2025-11-07 20:34:15,298 - DEBUG - Counting for batch 144, containing 100 cells and 910157 reads
2025-11-07 20:34:19,751 - DEBUG - 112219 reads not considered because fully enclosed in repeat masked regions
2025-11-07 20:34:26,360 - DEBUG - Counting for batch 145, containing 100 cells and 926206 reads
2025-11-07 20:34:32,505 - DEBUG - 116265 reads not considered because fully enclosed in repeat masked regions
2025-11-07 20:34:40,413 - DEBUG - Counting for batch 146, containing 100 cells and 1169684 reads
2025-11-07 20:34:47,556 - DEBUG - 148665 reads not considered because fully enclosed in repeat masked regions
2025-11-07 20:34:55,314 - DEBUG - Counting for batch 147, containing 100 cells and 1081083 reads
2025-11-07 20:35:00,309 - DEBUG - 135461 reads not considered because fully enclosed in repeat masked regions
2025-11-07 20:35:07,752 - DEBUG - Counting for batch 148, containing 100 cells and 1072723 reads
2025-11-07 20:35:14,439 - DEBUG - 134570 reads not considered because fully enclosed in repeat masked regions
2025-11-07 20:35:21,799 - DEBUG - Counting for batch 149, containing 100 cells and 1040649 reads
2025-11-07 20:35:28,542 - DEBUG - 130113 reads not considered because fully enclosed in repeat masked regions
2025-11-07 20:35:36,623 - DEBUG - Counting for batch 150, containing 100 cells and 1150635 reads
2025-11-07 20:35:41,939 - DEBUG - 141271 reads not considered because fully enclosed in repeat masked regions
2025-11-07 20:35:51,135 - DEBUG - Counting for batch 151, containing 100 cells and 1105552 reads
2025-11-07 20:35:56,356 - DEBUG - 134101 reads not considered because fully enclosed in repeat masked regions
2025-11-07 20:36:00,810 - DEBUG - Read first 190 million reads
2025-11-07 20:36:03,625 - DEBUG - Counting for batch 152, containing 100 cells and 1021673 reads
2025-11-07 20:36:10,168 - DEBUG - 125388 reads not considered because fully enclosed in repeat masked regions
2025-11-07 20:36:19,343 - DEBUG - Counting for batch 153, containing 100 cells and 1412055 reads
2025-11-07 20:36:27,555 - DEBUG - 182752 reads not considered because fully enclosed in repeat masked regions
2025-11-07 20:36:36,586 - DEBUG - Counting for batch 154, containing 100 cells and 1318748 reads
2025-11-07 20:36:44,428 - DEBUG - 163997 reads not considered because fully enclosed in repeat masked regions
2025-11-07 20:36:51,492 - DEBUG - Counting for batch 155, containing 100 cells and 923408 reads
2025-11-07 20:36:56,029 - DEBUG - 111978 reads not considered because fully enclosed in repeat masked regions
2025-11-07 20:37:05,708 - DEBUG - Counting for batch 156, containing 100 cells and 1219188 reads
2025-11-07 20:37:11,294 - DEBUG - 153565 reads not considered because fully enclosed in repeat masked regions
2025-11-07 20:37:19,014 - DEBUG - Counting for batch 157, containing 100 cells and 1087425 reads
2025-11-07 20:37:25,717 - DEBUG - 137444 reads not considered because fully enclosed in repeat masked regions
2025-11-07 20:37:33,883 - DEBUG - Counting for batch 158, containing 100 cells and 1147889 reads
2025-11-07 20:37:41,042 - DEBUG - 140869 reads not considered because fully enclosed in repeat masked regions
2025-11-07 20:37:48,973 - DEBUG - Counting for batch 159, containing 100 cells and 1107887 reads
2025-11-07 20:37:55,843 - DEBUG - 134554 reads not considered because fully enclosed in repeat masked regions
2025-11-07 20:37:58,025 - DEBUG - Read first 200 million reads
2025-11-07 20:38:02,488 - DEBUG - Counting for batch 160, containing 100 cells and 1179340 reads
2025-11-07 20:38:09,629 - DEBUG - 146205 reads not considered because fully enclosed in repeat masked regions
2025-11-07 20:38:17,294 - DEBUG - Counting for batch 161, containing 100 cells and 1057168 reads
2025-11-07 20:38:24,074 - DEBUG - 130586 reads not considered because fully enclosed in repeat masked regions
2025-11-07 20:38:32,549 - DEBUG - Counting for batch 162, containing 100 cells and 1223605 reads
2025-11-07 20:38:40,056 - DEBUG - 152025 reads not considered because fully enclosed in repeat masked regions
2025-11-07 20:38:45,566 - DEBUG - Counting for batch 163, containing 100 cells and 910358 reads
2025-11-07 20:38:51,666 - DEBUG - 112878 reads not considered because fully enclosed in repeat masked regions
2025-11-07 20:38:59,851 - DEBUG - Counting for batch 164, containing 100 cells and 1193237 reads
2025-11-07 20:39:05,262 - DEBUG - 149060 reads not considered because fully enclosed in repeat masked regions
2025-11-07 20:39:15,637 - DEBUG - Counting for batch 165, containing 100 cells and 1308307 reads
2025-11-07 20:39:23,487 - DEBUG - 164104 reads not considered because fully enclosed in repeat masked regions
2025-11-07 20:39:30,778 - DEBUG - Counting for batch 166, containing 100 cells and 1282714 reads
2025-11-07 20:39:38,292 - DEBUG - 160061 reads not considered because fully enclosed in repeat masked regions
2025-11-07 20:39:46,172 - DEBUG - Counting for batch 167, containing 100 cells and 1107703 reads
2025-11-07 20:39:53,063 - DEBUG - 138173 reads not considered because fully enclosed in repeat masked regions
2025-11-07 20:39:54,279 - DEBUG - Read first 210 million reads
2025-11-07 20:40:00,791 - DEBUG - Counting for batch 168, containing 100 cells and 1084486 reads
2025-11-07 20:40:07,639 - DEBUG - 133831 reads not considered because fully enclosed in repeat masked regions
2025-11-07 20:40:13,736 - DEBUG - Counting for batch 169, containing 100 cells and 1055178 reads
2025-11-07 20:40:20,357 - DEBUG - 128857 reads not considered because fully enclosed in repeat masked regions
2025-11-07 20:40:28,787 - DEBUG - Counting for batch 170, containing 100 cells and 1216598 reads
2025-11-07 20:40:36,217 - DEBUG - 149947 reads not considered because fully enclosed in repeat masked regions
2025-11-07 20:40:43,430 - DEBUG - Counting for batch 171, containing 100 cells and 944701 reads
2025-11-07 20:40:48,036 - DEBUG - 115898 reads not considered because fully enclosed in repeat masked regions
2025-11-07 20:40:55,298 - DEBUG - Counting for batch 172, containing 100 cells and 1068371 reads
2025-11-07 20:41:01,997 - DEBUG - 132825 reads not considered because fully enclosed in repeat masked regions
2025-11-07 20:41:09,241 - DEBUG - Counting for batch 173, containing 100 cells and 974968 reads
2025-11-07 20:41:15,707 - DEBUG - 121164 reads not considered because fully enclosed in repeat masked regions
2025-11-07 20:41:23,450 - DEBUG - Counting for batch 174, containing 100 cells and 1074141 reads
2025-11-07 20:41:28,474 - DEBUG - 132348 reads not considered because fully enclosed in repeat masked regions
2025-11-07 20:41:35,860 - DEBUG - Counting for batch 175, containing 100 cells and 1049119 reads
2025-11-07 20:41:42,484 - DEBUG - 133689 reads not considered because fully enclosed in repeat masked regions
2025-11-07 20:41:46,518 - DEBUG - Read first 220 million reads
2025-11-07 20:41:51,440 - DEBUG - Counting for batch 176, containing 100 cells and 1328536 reads
2025-11-07 20:41:59,360 - DEBUG - 165269 reads not considered because fully enclosed in repeat masked regions
2025-11-07 20:42:08,123 - DEBUG - Counting for batch 177, containing 100 cells and 1244045 reads
2025-11-07 20:42:15,633 - DEBUG - 157086 reads not considered because fully enclosed in repeat masked regions
2025-11-07 20:42:24,330 - DEBUG - Counting for batch 178, containing 100 cells and 1221777 reads
2025-11-07 20:42:30,228 - DEBUG - 153066 reads not considered because fully enclosed in repeat masked regions
2025-11-07 20:42:39,422 - DEBUG - Counting for batch 179, containing 100 cells and 1036294 reads
2025-11-07 20:42:44,355 - DEBUG - 134242 reads not considered because fully enclosed in repeat masked regions
2025-11-07 20:42:51,760 - DEBUG - Counting for batch 180, containing 100 cells and 1040882 reads
2025-11-07 20:42:58,454 - DEBUG - 132772 reads not considered because fully enclosed in repeat masked regions
2025-11-07 20:43:06,326 - DEBUG - Counting for batch 181, containing 100 cells and 1100362 reads
2025-11-07 20:43:13,305 - DEBUG - 136210 reads not considered because fully enclosed in repeat masked regions
2025-11-07 20:43:15,917 - DEBUG - Counting for batch 182, containing 36 cells and 356670 reads
2025-11-07 20:43:17,919 - DEBUG - 42266 reads not considered because fully enclosed in repeat masked regions
2025-11-07 20:43:18,179 - DEBUG - 2036154 reads were skipped because no apropiate cell or umi barcode was found
2025-11-07 20:43:18,179 - DEBUG - Counting done!
2025-11-07 20:43:18,185 - DEBUG - Generating output file /home/dcaceres/Tet2sc/Results/plots/scVelo/velocyto_loom_files/WT1-DsRedn.loom
2025-11-07 20:43:18,185 - DEBUG - Collecting row attributes
2025-11-07 20:43:18,297 - DEBUG - Generating data table
2025-11-07 20:43:22,717 - DEBUG - Writing loom file
2025-11-07 20:43:26,630 - DEBUG - Creating converter from 5 to 3
2025-11-07 20:43:26,631 - DEBUG - Creating converter from 3 to 5
2025-11-07 20:43:51,691 - DEBUG - Terminated Succesfully!
✅ ÉXITO: Loom creado correctamente: /home/dcaceres/Tet2sc/Results/plots/scVelo/velocyto_loom_files/WT1-DsRedn.loom
------------------------------------------------------------
🎉 Proceso finalizado correctamente para WT1-DsRedn
Finalizado en: Fri Nov  7 20:43:54 CET 2025
------------------------------------------------------------
