------------------------------------------------------------
🚀 INICIO DEL PROCESO VELOCYTO - Fri Nov  7 19:32:39 CET 2025
------------------------------------------------------------
=== Procesando muestra: WT1-DsRedp ===
Directorio de entrada: /storage/scratch01/groups/ci/Trem1_GEICAM/Sarai/Single.Cell.Tet2/outs/out.smR039a.9/outs/per_sample_outs/WT1-DsRedp/count
Nodo: bc010 | JobID: 5611412 | TaskID: 1
------------------------------------------------------------
🧬 Ejecutando Velocyto...
2025-11-07 19:33:00,772 - DEBUG - Using logic: Default
2025-11-07 19:33:00,809 - INFO - Read 14278 cell barcodes from /storage/scratch01/groups/ci/Trem1_GEICAM/Sarai/Single.Cell.Tet2/outs/out.smR039a.9/outs/per_sample_outs/WT1-DsRedp/count/sample_filtered_feature_bc_matrix/barcodes.tsv.gz
2025-11-07 19:33:00,809 - DEBUG - Example of barcode: AAACAAGCAAAGCTCAAACGGGAA and cell_id: WT1-DsRedp:AAACAAGCAAAGCTCAAACGGGAA-1
2025-11-07 19:33:00,837 - DEBUG - Peeking into /storage/scratch01/groups/ci/Trem1_GEICAM/Sarai/Single.Cell.Tet2/outs/out.smR039a.9/outs/per_sample_outs/WT1-DsRedp/count/sample_alignments.bam
2025-11-07 19:33:00,995 - WARNING - Not found cell and umi barcode in entry 91 of the bam file
2025-11-07 19:33:00,995 - WARNING - Not found cell and umi barcode in entry 93 of the bam file
2025-11-07 19:33:00,995 - WARNING - Not found cell and umi barcode in entry 148 of the bam file
2025-11-07 19:33:00,995 - WARNING - Not found cell and umi barcode in entry 219 of the bam file
2025-11-07 19:33:00,996 - WARNING - Not found cell and umi barcode in entry 234 of the bam file
2025-11-07 19:33:00,996 - WARNING - Not found cell and umi barcode in entry 238 of the bam file
2025-11-07 19:33:00,996 - WARNING - Not found cell and umi barcode in entry 242 of the bam file
2025-11-07 19:33:00,996 - WARNING - Not found cell and umi barcode in entry 271 of the bam file
2025-11-07 19:33:00,997 - WARNING - Not found cell and umi barcode in entry 404 of the bam file
2025-11-07 19:33:00,997 - WARNING - Not found cell and umi barcode in entry 496 of the bam file
2025-11-07 19:33:00,997 - WARNING - Not found cell and umi barcode in entry 499 of the bam file
2025-11-07 19:33:00,997 - WARNING - Not found cell and umi barcode in entry 599 of the bam file
2025-11-07 19:33:00,998 - WARNING - Not found cell and umi barcode in entry 688 of the bam file
2025-11-07 19:33:00,998 - WARNING - Not found cell and umi barcode in entry 726 of the bam file
2025-11-07 19:33:00,999 - WARNING - Not found cell and umi barcode in entry 816 of the bam file
2025-11-07 19:33:00,999 - WARNING - Not found cell and umi barcode in entry 840 of the bam file
2025-11-07 19:33:01,001 - WARNING - The file /storage/scratch01/groups/ci/Trem1_GEICAM/Sarai/Single.Cell.Tet2/outs/out.smR039a.9/outs/per_sample_outs/WT1-DsRedp/count/cellsorted_sample_alignments.bam already exists. The sorting step will be skipped and the existing file will be used.
2025-11-07 19:33:01,001 - INFO - Load the annotation from /storage/scratch01/groups/ci/Trem1_GEICAM/Sarai/Annonation_Files/gencode.vM25.annotation.gtf
2025-11-07 19:33:06,884 - DEBUG - Parsing Chromosome 1 strand - [line 0]
2025-11-07 19:33:07,024 - DEBUG - Done with 1- [line 59062]
2025-11-07 19:33:07,024 - DEBUG - Assigning indexes to genes
2025-11-07 19:33:07,027 - DEBUG - Seen 1693 genes until now
2025-11-07 19:33:07,027 - DEBUG - Parsing Chromosome 1 strand + [line 59063]
2025-11-07 19:33:07,339 - DEBUG - Done with 1+ [line 116931]
2025-11-07 19:33:07,339 - DEBUG - Assigning indexes to genes
2025-11-07 19:33:07,343 - DEBUG - Seen 3446 genes until now
2025-11-07 19:33:07,343 - DEBUG - Parsing Chromosome 10 strand - [line 116932]
2025-11-07 19:33:07,624 - DEBUG - Done with 10- [line 158870]
2025-11-07 19:33:07,624 - DEBUG - Assigning indexes to genes
2025-11-07 19:33:07,627 - DEBUG - Seen 4713 genes until now
2025-11-07 19:33:07,627 - DEBUG - Parsing Chromosome 10 strand + [line 158871]
2025-11-07 19:33:07,734 - DEBUG - Done with 10+ [line 203797]
2025-11-07 19:33:07,734 - DEBUG - Assigning indexes to genes
2025-11-07 19:33:07,737 - DEBUG - Seen 6068 genes until now
2025-11-07 19:33:07,737 - DEBUG - Parsing Chromosome 11 strand - [line 203798]
2025-11-07 19:33:08,092 - DEBUG - Done with 11- [line 268491]
2025-11-07 19:33:08,092 - DEBUG - Assigning indexes to genes
2025-11-07 19:33:08,096 - DEBUG - Seen 7617 genes until now
2025-11-07 19:33:08,096 - DEBUG - Parsing Chromosome 11 strand + [line 268492]
2025-11-07 19:33:08,250 - DEBUG - Done with 11+ [line 332954]
2025-11-07 19:33:08,250 - DEBUG - Assigning indexes to genes
2025-11-07 19:33:08,254 - DEBUG - Seen 9067 genes until now
2025-11-07 19:33:08,254 - DEBUG - Parsing Chromosome 12 strand - [line 332955]
2025-11-07 19:33:08,319 - DEBUG - Done with 12- [line 360299]
2025-11-07 19:33:08,320 - DEBUG - Assigning indexes to genes
2025-11-07 19:33:08,322 - DEBUG - Seen 10382 genes until now
2025-11-07 19:33:08,322 - DEBUG - Parsing Chromosome 12 strand + [line 360300]
2025-11-07 19:33:08,412 - DEBUG - Done with 12+ [line 397190]
2025-11-07 19:33:08,412 - DEBUG - Assigning indexes to genes
2025-11-07 19:33:08,415 - DEBUG - Seen 11544 genes until now
2025-11-07 19:33:08,415 - DEBUG - Parsing Chromosome 13 strand - [line 397191]
2025-11-07 19:33:08,726 - DEBUG - Done with 13- [line 433847]
2025-11-07 19:33:08,726 - DEBUG - Assigning indexes to genes
2025-11-07 19:33:08,729 - DEBUG - Seen 12811 genes until now
2025-11-07 19:33:08,729 - DEBUG - Parsing Chromosome 13 strand + [line 433848]
2025-11-07 19:33:08,797 - DEBUG - Done with 13+ [line 462828]
2025-11-07 19:33:08,797 - DEBUG - Assigning indexes to genes
2025-11-07 19:33:08,800 - DEBUG - Seen 14046 genes until now
2025-11-07 19:33:08,800 - DEBUG - Parsing Chromosome 14 strand - [line 462829]
2025-11-07 19:33:08,893 - DEBUG - Done with 14- [line 501813]
2025-11-07 19:33:08,893 - DEBUG - Assigning indexes to genes
2025-11-07 19:33:08,896 - DEBUG - Seen 15241 genes until now
2025-11-07 19:33:08,896 - DEBUG - Parsing Chromosome 14 strand + [line 501814]
2025-11-07 19:33:08,980 - DEBUG - Done with 14+ [line 537473]
2025-11-07 19:33:08,980 - DEBUG - Assigning indexes to genes
2025-11-07 19:33:08,983 - DEBUG - Seen 16580 genes until now
2025-11-07 19:33:08,983 - DEBUG - Parsing Chromosome 15 strand - [line 537474]
2025-11-07 19:33:09,075 - DEBUG - Done with 15- [line 575556]
2025-11-07 19:33:09,075 - DEBUG - Assigning indexes to genes
2025-11-07 19:33:09,077 - DEBUG - Seen 17521 genes until now
2025-11-07 19:33:09,077 - DEBUG - Parsing Chromosome 15 strand + [line 575557]
2025-11-07 19:33:09,409 - DEBUG - Done with 15+ [line 608149]
2025-11-07 19:33:09,409 - DEBUG - Assigning indexes to genes
2025-11-07 19:33:09,412 - DEBUG - Seen 18432 genes until now
2025-11-07 19:33:09,412 - DEBUG - Parsing Chromosome 16 strand - [line 608150]
2025-11-07 19:33:09,480 - DEBUG - Done with 16- [line 636582]
2025-11-07 19:33:09,480 - DEBUG - Assigning indexes to genes
2025-11-07 19:33:09,482 - DEBUG - Seen 19223 genes until now
2025-11-07 19:33:09,482 - DEBUG - Parsing Chromosome 16 strand + [line 636583]
2025-11-07 19:33:09,559 - DEBUG - Done with 16+ [line 668857]
2025-11-07 19:33:09,559 - DEBUG - Assigning indexes to genes
2025-11-07 19:33:09,561 - DEBUG - Seen 20039 genes until now
2025-11-07 19:33:09,561 - DEBUG - Parsing Chromosome 17 strand - [line 668858]
2025-11-07 19:33:09,674 - DEBUG - Done with 17- [line 715100]
2025-11-07 19:33:09,674 - DEBUG - Assigning indexes to genes
2025-11-07 19:33:09,678 - DEBUG - Seen 21218 genes until now
2025-11-07 19:33:09,678 - DEBUG - Parsing Chromosome 17 strand + [line 715101]
2025-11-07 19:33:09,794 - DEBUG - Done with 17+ [line 764344]
2025-11-07 19:33:09,794 - DEBUG - Assigning indexes to genes
2025-11-07 19:33:09,799 - DEBUG - Seen 22359 genes until now
2025-11-07 19:33:09,799 - DEBUG - Parsing Chromosome 18 strand - [line 764345]
2025-11-07 19:33:09,847 - DEBUG - Done with 18- [line 784050]
2025-11-07 19:33:09,847 - DEBUG - Assigning indexes to genes
2025-11-07 19:33:09,848 - DEBUG - Seen 22997 genes until now
2025-11-07 19:33:09,848 - DEBUG - Parsing Chromosome 18 strand + [line 784051]
2025-11-07 19:33:10,198 - DEBUG - Done with 18+ [line 811173]
2025-11-07 19:33:10,198 - DEBUG - Assigning indexes to genes
2025-11-07 19:33:10,200 - DEBUG - Seen 23758 genes until now
2025-11-07 19:33:10,200 - DEBUG - Parsing Chromosome 19 strand - [line 811174]
2025-11-07 19:33:10,280 - DEBUG - Done with 19- [line 844397]
2025-11-07 19:33:10,280 - DEBUG - Assigning indexes to genes
2025-11-07 19:33:10,282 - DEBUG - Seen 24442 genes until now
2025-11-07 19:33:10,282 - DEBUG - Parsing Chromosome 19 strand + [line 844398]
2025-11-07 19:33:10,351 - DEBUG - Done with 19+ [line 873497]
2025-11-07 19:33:10,351 - DEBUG - Assigning indexes to genes
2025-11-07 19:33:10,353 - DEBUG - Seen 25152 genes until now
2025-11-07 19:33:10,353 - DEBUG - Parsing Chromosome 2 strand - [line 873498]
2025-11-07 19:33:10,543 - DEBUG - Done with 2- [line 953009]
2025-11-07 19:33:10,543 - DEBUG - Assigning indexes to genes
2025-11-07 19:33:10,548 - DEBUG - Seen 26981 genes until now
2025-11-07 19:33:10,549 - DEBUG - Parsing Chromosome 2 strand + [line 953010]
2025-11-07 19:33:10,727 - DEBUG - Done with 2+ [line 1027336]
2025-11-07 19:33:10,727 - DEBUG - Assigning indexes to genes
2025-11-07 19:33:10,732 - DEBUG - Seen 28946 genes until now
2025-11-07 19:33:10,732 - DEBUG - Parsing Chromosome 3 strand - [line 1027337]
2025-11-07 19:33:10,831 - DEBUG - Done with 3- [line 1069026]
2025-11-07 19:33:10,831 - DEBUG - Assigning indexes to genes
2025-11-07 19:33:10,834 - DEBUG - Seen 30404 genes until now
2025-11-07 19:33:10,834 - DEBUG - Parsing Chromosome 3 strand + [line 1069027]
2025-11-07 19:33:11,272 - DEBUG - Done with 3+ [line 1115102]
2025-11-07 19:33:11,273 - DEBUG - Assigning indexes to genes
2025-11-07 19:33:11,276 - DEBUG - Seen 31831 genes until now
2025-11-07 19:33:11,276 - DEBUG - Parsing Chromosome 4 strand - [line 1115103]
2025-11-07 19:33:11,403 - DEBUG - Done with 4- [line 1169156]
2025-11-07 19:33:11,403 - DEBUG - Assigning indexes to genes
2025-11-07 19:33:11,407 - DEBUG - Seen 33222 genes until now
2025-11-07 19:33:11,407 - DEBUG - Parsing Chromosome 4 strand + [line 1169157]
2025-11-07 19:33:11,530 - DEBUG - Done with 4+ [line 1221291]
2025-11-07 19:33:11,530 - DEBUG - Assigning indexes to genes
2025-11-07 19:33:11,534 - DEBUG - Seen 34690 genes until now
2025-11-07 19:33:11,534 - DEBUG - Parsing Chromosome 5 strand - [line 1221292]
2025-11-07 19:33:11,680 - DEBUG - Done with 5- [line 1282135]
2025-11-07 19:33:11,680 - DEBUG - Assigning indexes to genes
2025-11-07 19:33:11,684 - DEBUG - Seen 36281 genes until now
2025-11-07 19:33:11,684 - DEBUG - Parsing Chromosome 5 strand + [line 1282136]
2025-11-07 19:33:11,831 - DEBUG - Done with 5+ [line 1344076]
2025-11-07 19:33:11,831 - DEBUG - Assigning indexes to genes
2025-11-07 19:33:11,836 - DEBUG - Seen 37942 genes until now
2025-11-07 19:33:11,836 - DEBUG - Parsing Chromosome 6 strand - [line 1344077]
2025-11-07 19:33:11,949 - DEBUG - Done with 6- [line 1392155]
2025-11-07 19:33:11,949 - DEBUG - Assigning indexes to genes
2025-11-07 19:33:11,953 - DEBUG - Seen 39466 genes until now
2025-11-07 19:33:11,953 - DEBUG - Parsing Chromosome 6 strand + [line 1392156]
2025-11-07 19:33:12,456 - DEBUG - Done with 6+ [line 1442945]
2025-11-07 19:33:12,456 - DEBUG - Assigning indexes to genes
2025-11-07 19:33:12,461 - DEBUG - Seen 41071 genes until now
2025-11-07 19:33:12,461 - DEBUG - Parsing Chromosome 7 strand - [line 1442946]
2025-11-07 19:33:12,644 - DEBUG - Done with 7- [line 1521802]
2025-11-07 19:33:12,644 - DEBUG - Assigning indexes to genes
2025-11-07 19:33:12,652 - DEBUG - Seen 43608 genes until now
2025-11-07 19:33:12,652 - DEBUG - Parsing Chromosome 7 strand + [line 1521803]
2025-11-07 19:33:12,835 - DEBUG - Done with 7+ [line 1597237]
2025-11-07 19:33:12,835 - DEBUG - Assigning indexes to genes
2025-11-07 19:33:12,844 - DEBUG - Seen 45790 genes until now
2025-11-07 19:33:12,844 - DEBUG - Parsing Chromosome 8 strand - [line 1597238]
2025-11-07 19:33:12,935 - DEBUG - Done with 8- [line 1635144]
2025-11-07 19:33:12,935 - DEBUG - Assigning indexes to genes
2025-11-07 19:33:12,938 - DEBUG - Seen 47022 genes until now
2025-11-07 19:33:12,938 - DEBUG - Parsing Chromosome 8 strand + [line 1635145]
2025-11-07 19:33:13,053 - DEBUG - Done with 8+ [line 1684308]
2025-11-07 19:33:13,053 - DEBUG - Assigning indexes to genes
2025-11-07 19:33:13,056 - DEBUG - Seen 48326 genes until now
2025-11-07 19:33:13,056 - DEBUG - Parsing Chromosome 9 strand - [line 1684309]
2025-11-07 19:33:13,185 - DEBUG - Done with 9- [line 1738082]
2025-11-07 19:33:13,185 - DEBUG - Assigning indexes to genes
2025-11-07 19:33:13,189 - DEBUG - Seen 49688 genes until now
2025-11-07 19:33:13,189 - DEBUG - Parsing Chromosome 9 strand + [line 1738083]
2025-11-07 19:33:13,320 - DEBUG - Done with 9+ [line 1794072]
2025-11-07 19:33:13,320 - DEBUG - Assigning indexes to genes
2025-11-07 19:33:13,324 - DEBUG - Seen 51169 genes until now
2025-11-07 19:33:13,324 - DEBUG - Parsing Chromosome M strand - [line 1794073]
2025-11-07 19:33:13,324 - DEBUG - Done with M- [line 1794103]
2025-11-07 19:33:13,324 - DEBUG - Assigning indexes to genes
2025-11-07 19:33:13,324 - DEBUG - Seen 51178 genes until now
2025-11-07 19:33:13,324 - DEBUG - Parsing Chromosome M strand + [line 1794104]
2025-11-07 19:33:13,324 - DEBUG - Done with M+ [line 1794225]
2025-11-07 19:33:13,324 - DEBUG - Assigning indexes to genes
2025-11-07 19:33:13,324 - DEBUG - Seen 51206 genes until now
2025-11-07 19:33:13,324 - DEBUG - Parsing Chromosome X strand - [line 1794226]
2025-11-07 19:33:13,395 - DEBUG - Done with X- [line 1824523]
2025-11-07 19:33:13,395 - DEBUG - Assigning indexes to genes
2025-11-07 19:33:13,398 - DEBUG - Seen 52478 genes until now
2025-11-07 19:33:13,398 - DEBUG - Parsing Chromosome X strand + [line 1824524]
2025-11-07 19:33:13,931 - DEBUG - Done with X+ [line 1858357]
2025-11-07 19:33:13,931 - DEBUG - Assigning indexes to genes
2025-11-07 19:33:13,933 - DEBUG - Seen 53832 genes until now
2025-11-07 19:33:13,934 - DEBUG - Parsing Chromosome Y strand - [line 1858358]
2025-11-07 19:33:13,952 - DEBUG - Done with Y- [line 1865468]
2025-11-07 19:33:13,952 - DEBUG - Assigning indexes to genes
2025-11-07 19:33:13,953 - DEBUG - Seen 54711 genes until now
2025-11-07 19:33:13,953 - DEBUG - Parsing Chromosome Y strand + [line 1865469]
2025-11-07 19:33:13,970 - DEBUG - Assigning indexes to genes
2025-11-07 19:33:13,971 - DEBUG - Done with Y+ [line 1872050]
2025-11-07 19:33:13,971 - DEBUG - Fixing corner cases of transcript models containg intron longer than 1000Kbp
2025-11-07 19:33:14,547 - DEBUG - Generated 1544182 features corresponding to 142604 transcript models from /storage/scratch01/groups/ci/Trem1_GEICAM/Sarai/Annonation_Files/gencode.vM25.annotation.gtf
2025-11-07 19:33:14,560 - INFO - Load the repeat masking annotation from /storage/scratch01/groups/ci/Trem1_GEICAM/Sarai/Annonation_Files/rmsk_velocyto.txt
2025-11-07 19:33:14,560 - DEBUG - Reading /storage/scratch01/groups/ci/Trem1_GEICAM/Sarai/Annonation_Files/rmsk_velocyto.txt, the file will be sorted in memory
2025-11-07 19:33:29,284 - DEBUG - Processed masked annotation .gtf and generated 4369219 intervals to mask!
2025-11-07 19:33:29,429 - INFO - Scan /storage/scratch01/groups/ci/Trem1_GEICAM/Sarai/Single.Cell.Tet2/outs/out.smR039a.9/outs/per_sample_outs/WT1-DsRedp/count/sample_alignments.bam to validate intron intervals
2025-11-07 19:33:30,173 - DEBUG - Reading /storage/scratch01/groups/ci/Trem1_GEICAM/Sarai/Single.Cell.Tet2/outs/out.smR039a.9/outs/per_sample_outs/WT1-DsRedp/count/sample_alignments.bam
2025-11-07 19:33:30,178 - DEBUG - Read first 0 million reads
2025-11-07 19:33:30,178 - DEBUG - Marking up chromosome 1
2025-11-07 19:34:27,390 - DEBUG - Read first 10 million reads
2025-11-07 19:35:05,205 - DEBUG - Marking up chromosome 10
2025-11-07 19:35:27,329 - DEBUG - Read first 20 million reads
2025-11-07 19:36:34,277 - DEBUG - Read first 30 million reads
2025-11-07 19:36:39,212 - DEBUG - Marking up chromosome 11
2025-11-07 19:37:35,138 - DEBUG - Read first 40 million reads
2025-11-07 19:38:33,619 - DEBUG - Read first 50 million reads
2025-11-07 19:38:41,685 - DEBUG - Marking up chromosome 12
2025-11-07 19:39:31,263 - DEBUG - Read first 60 million reads
2025-11-07 19:39:43,040 - DEBUG - Marking up chromosome 13
2025-11-07 19:40:29,283 - DEBUG - Read first 70 million reads
2025-11-07 19:40:29,389 - DEBUG - Marking up chromosome 14
2025-11-07 19:41:16,964 - DEBUG - Marking up chromosome 15
2025-11-07 19:41:28,513 - DEBUG - Read first 80 million reads
2025-11-07 19:42:13,164 - DEBUG - Marking up chromosome 16
2025-11-07 19:42:27,715 - DEBUG - Read first 90 million reads
2025-11-07 19:42:51,897 - DEBUG - Marking up chromosome 17
2025-11-07 19:43:31,294 - DEBUG - Read first 100 million reads
2025-11-07 19:44:29,755 - DEBUG - Read first 110 million reads
2025-11-07 19:44:36,854 - DEBUG - Marking up chromosome 18
2025-11-07 19:45:24,613 - DEBUG - Read first 120 million reads
2025-11-07 19:45:41,737 - DEBUG - Marking up chromosome 19
2025-11-07 19:46:22,922 - DEBUG - Read first 130 million reads
2025-11-07 19:46:42,993 - DEBUG - Marking up chromosome 2
2025-11-07 19:47:21,333 - DEBUG - Read first 140 million reads
2025-11-07 19:48:20,851 - DEBUG - Read first 150 million reads
2025-11-07 19:48:47,455 - DEBUG - Marking up chromosome 3
2025-11-07 19:49:16,920 - DEBUG - Read first 160 million reads
2025-11-07 19:49:51,884 - DEBUG - Marking up chromosome 4
2025-11-07 19:50:10,410 - DEBUG - Read first 170 million reads
2025-11-07 19:51:09,832 - DEBUG - Read first 180 million reads
2025-11-07 19:51:25,487 - DEBUG - Marking up chromosome 5
2025-11-07 19:52:08,248 - DEBUG - Read first 190 million reads
2025-11-07 19:52:51,373 - DEBUG - Marking up chromosome 6
2025-11-07 19:53:08,199 - DEBUG - Read first 200 million reads
2025-11-07 19:54:05,817 - DEBUG - Read first 210 million reads
2025-11-07 19:54:10,906 - DEBUG - Marking up chromosome 7
2025-11-07 19:55:05,273 - DEBUG - Read first 220 million reads
2025-11-07 19:56:06,255 - DEBUG - Read first 230 million reads
2025-11-07 19:56:38,846 - DEBUG - Marking up chromosome 8
2025-11-07 19:57:06,117 - DEBUG - Read first 240 million reads
2025-11-07 19:57:56,765 - DEBUG - Marking up chromosome 9
2025-11-07 19:58:07,552 - DEBUG - Read first 250 million reads
2025-11-07 19:59:02,774 - DEBUG - Marking up chromosome MT
2025-11-07 19:59:02,774 - WARNING - The .bam file refers to a chromosome 'MT+' not present in the annotation (.gtf) file
2025-11-07 19:59:02,774 - WARNING - The .bam file refers to a chromosome 'MT-' not present in the annotation (.gtf) file
2025-11-07 19:59:05,040 - DEBUG - Marking up chromosome X
2025-11-07 19:59:06,355 - DEBUG - Read first 260 million reads
2025-11-07 19:59:49,330 - DEBUG - Marking up chromosome Y
2025-11-07 19:59:49,338 - DEBUG - Marking up chromosome GL456233.2
2025-11-07 19:59:49,338 - WARNING - The .bam file refers to a chromosome 'GL456233.2+' not present in the annotation (.gtf) file
2025-11-07 19:59:49,338 - WARNING - The .bam file refers to a chromosome 'GL456233.2-' not present in the annotation (.gtf) file
2025-11-07 19:59:49,371 - DEBUG - Marking up chromosome GL456221.1
2025-11-07 19:59:49,371 - WARNING - The .bam file refers to a chromosome 'GL456221.1+' not present in the annotation (.gtf) file
2025-11-07 19:59:49,371 - WARNING - The .bam file refers to a chromosome 'GL456221.1-' not present in the annotation (.gtf) file
2025-11-07 19:59:49,372 - DEBUG - Marking up chromosome GL456212.1
2025-11-07 19:59:49,372 - WARNING - The .bam file refers to a chromosome 'GL456212.1+' not present in the annotation (.gtf) file
2025-11-07 19:59:49,372 - WARNING - The .bam file refers to a chromosome 'GL456212.1-' not present in the annotation (.gtf) file
2025-11-07 19:59:49,374 - DEBUG - Marking up chromosome JH584304.1
2025-11-07 19:59:49,374 - WARNING - The .bam file refers to a chromosome 'JH584304.1+' not present in the annotation (.gtf) file
2025-11-07 19:59:49,374 - WARNING - The .bam file refers to a chromosome 'JH584304.1-' not present in the annotation (.gtf) file
2025-11-07 19:59:49,379 - DEBUG - Marking up chromosome GL456366.1
2025-11-07 19:59:49,379 - WARNING - The .bam file refers to a chromosome 'GL456366.1+' not present in the annotation (.gtf) file
2025-11-07 19:59:49,379 - WARNING - The .bam file refers to a chromosome 'GL456366.1-' not present in the annotation (.gtf) file
2025-11-07 19:59:49,379 - DEBUG - Marking up chromosome GL456378.1
2025-11-07 19:59:49,379 - WARNING - The .bam file refers to a chromosome 'GL456378.1+' not present in the annotation (.gtf) file
2025-11-07 19:59:49,379 - WARNING - The .bam file refers to a chromosome 'GL456378.1-' not present in the annotation (.gtf) file
2025-11-07 19:59:49,379 - DEBUG - Marking up chromosome MU069434.1
2025-11-07 19:59:49,379 - WARNING - The .bam file refers to a chromosome 'MU069434.1+' not present in the annotation (.gtf) file
2025-11-07 19:59:49,379 - WARNING - The .bam file refers to a chromosome 'MU069434.1-' not present in the annotation (.gtf) file
2025-11-07 19:59:52,324 - DEBUG - End of file. Reset index: start scanning from initial position.
2025-11-07 19:59:52,324 - DEBUG - 2378825 reads were skipped because no apropiate cell or umi barcode was found
2025-11-07 19:59:52,325 - DEBUG - Start molecule counting!
2025-11-07 19:59:53,373 - DEBUG - Features available for chromosomes : ['1-', '1+', '10-', '10+', '11-', '11+', '12-', '12+', '13-', '13+', '14-', '14+', '15-', '15+', '16-', '16+', '17-', '17+', '18-', '18+', '19-', '19+', '2-', '2+', '3-', '3+', '4-', '4+', '5-', '5+', '6-', '6+', '7-', '7+', '8-', '8+', '9-', '9+', 'M-', 'M+', 'X-', 'X+', 'Y-', 'Y+']
2025-11-07 19:59:53,373 - DEBUG - Mask available for chromosomes : ['1-', '1+', '10-', '10+', '10_GL456015_alt-', '10_GL456015_alt+', '10_KQ030491_fix-', '10_KQ030491_fix+', '10_KZ289071_fix-', '10_KZ289071_fix+', '10_KZ289072_fix-', '10_KZ289072_fix+', '11-', '11+', '11_GL455998_alt-', '11_GL455998_alt+', '11_GL456016_alt-', '11_GL456016_alt+', '11_GL456060_alt-', '11_GL456060_alt+', '11_JH584265_alt-', '11_JH584265_alt+', '11_JH584316_alt-', '11_JH584316_alt+', '11_JH584317_alt-', '11_JH584317_alt+', '11_JH584327_alt-', '11_JH584327_alt+', '11_KB469739_fix-', '11_KB469739_fix+', '11_KZ289073_alt-', '11_KZ289073_alt+', '11_KZ289074_alt-', '11_KZ289074_alt+', '11_KZ289075_alt-', '11_KZ289075_alt+', '11_KZ289076_fix-', '11_KZ289076_fix+', '11_KZ289077_alt-', '11_KZ289077_alt+', '11_KZ289078_alt-', '11_KZ289078_alt+', '11_KZ289079_alt-', '11_KZ289079_alt+', '11_KZ289080_alt-', '11_KZ289080_alt+', '11_KZ289081_alt-', '11_KZ289081_alt+', '12-', '12+', '12_GL456017_alt-', '12_GL456017_alt+', '12_GL456068_alt-', '12_GL456068_alt+', '12_GL456074_alt-', '12_GL456074_alt+', '12_GL456078_alt-', '12_GL456078_alt+', '12_GL456349_alt-', '12_GL456349_alt+', '12_KB469740_fix-', '12_KB469740_fix+', '12_KZ289082_fix-', '12_KZ289082_fix+', '13-', '13+', '13_GL455990_alt-', '13_GL455990_alt+', '13_GL455999_alt-', '13_GL455999_alt+', '13_JH584305_alt-', '13_JH584305_alt+', '14-', '14+', '14_GL456019_alt-', '14_GL456019_alt+', '14_GL456020_alt-', '14_GL456020_alt+', '14_KZ289083_fix-', '14_KZ289083_fix+', '14_KZ289084_fix-', '14_KZ289084_fix+', '15-', '15+', '15_GL456000_alt-', '15_GL456000_alt+', '15_JH584270_alt-', '15_JH584270_alt+', '15_KQ030492_fix-', '15_KQ030492_fix+', '15_KQ030493_fix-', '15_KQ030493_fix+', '15_KV575241_fix-', '15_KV575241_fix+', '15_KZ289085_fix-', '15_KZ289085_fix+', '15_KZ289086_fix-', '15_KZ289086_fix+', '16-', '16+', '16_GL456001_alt-', '16_GL456001_alt+', '16_GL456028_alt-', '16_GL456028_alt+', '16_JH584306_alt-', '16_JH584306_alt+', '16_JH584307_alt-', '16_JH584307_alt+', '16_JH584310_alt-', '16_JH584310_alt+', '16_JH584311_alt-', '16_JH584311_alt+', '16_JH584312_alt-', '16_JH584312_alt+', '16_JH584313_alt-', '16_JH584313_alt+', '16_JH584314_alt-', '16_JH584314_alt+', '16_KB469741_fix-', '16_KB469741_fix+', '17-', '17+', '17_GL456002_alt-', '17_GL456002_alt+', '17_GL456021_alt-', '17_GL456021_alt+', '17_GL456022_alt-', '17_GL456022_alt+', '17_GL456069_alt-', '17_GL456069_alt+', '17_JH584266_alt-', '17_JH584266_alt+', '17_JH584267_alt-', '17_JH584267_alt+', '17_JH584308_alt-', '17_JH584308_alt+', '17_JH584309_alt-', '17_JH584309_alt+', '17_JH584328_alt-', '17_JH584328_alt+', '17_JH590470_alt-', '17_JH590470_alt+', '17_KB469742_fix-', '17_KB469742_fix+', '17_KZ289087_fix-', '17_KZ289087_fix+', '17_KZ289088_fix-', '17_KZ289088_fix+', '17_KZ289089_fix-', '17_KZ289089_fix+', '18-', '18+', '18_GL456070_alt-', '18_GL456070_alt+', '18_JH584318_alt-', '18_JH584318_alt+', '18_JH792829_fix-', '18_JH792829_fix+', '18_KZ289090_fix-', '18_KZ289090_fix+', '18_KZ289091_fix-', '18_KZ289091_fix+', '19-', '19+', '19_GL456079_alt-', '19_GL456079_alt+', '19_JH584319_alt-', '19_JH584319_alt+', '19_JH792830_fix-', '19_JH792830_fix+', '19_KQ030494_fix-', '19_KQ030494_fix+', '19_KV575242_fix-', '19_KV575242_fix+', '1_GL455991_alt-', '1_GL455991_alt+', '1_GL455992_alt-', '1_GL455992_alt+', '1_GL455993_alt-', '1_GL455993_alt+', '1_GL456005_alt-', '1_GL456005_alt+', '1_GL456210_random-', '1_GL456210_random+', '1_GL456211_random-', '1_GL456211_random+', '1_GL456212_random-', '1_GL456212_random+', '1_GL456213_random-', '1_GL456213_random+', '1_GL456221_random-', '1_GL456221_random+', '1_JH584315_alt-', '1_JH584315_alt+', '1_JH584320_alt-', '1_JH584320_alt+', '1_JH584321_alt-', '1_JH584321_alt+', '1_JH584322_alt-', '1_JH584322_alt+', '1_KK082441_alt-', '1_KK082441_alt+', '1_KV575232_fix-', '1_KV575232_fix+', '1_KV575233_fix-', '1_KV575233_fix+', '1_KV575234_fix-', '1_KV575234_fix+', '2-', '2+', '2_GL456024_alt-', '2_GL456024_alt+', '2_KV575235_fix-', '2_KV575235_fix+', '2_KV575236_fix-', '2_KV575236_fix+', '3-', '3+', '3_GL456006_alt-', '3_GL456006_alt+', '3_GL456007_alt-', '3_GL456007_alt+', '3_GL456008_alt-', '3_GL456008_alt+', '3_GL456042_alt-', '3_GL456042_alt+', '3_GL456044_alt-', '3_GL456044_alt+', '3_GL456045_alt-', '3_GL456045_alt+', '3_GL456048_alt-', '3_GL456048_alt+', '3_GL456049_alt-', '3_GL456049_alt+', '3_JH584323_alt-', '3_JH584323_alt+', '3_KQ030484_fix-', '3_KQ030484_fix+', '3_KZ289064_fix-', '3_KZ289064_fix+', '3_KZ289065_fix-', '3_KZ289065_fix+', '3_KZ289066_fix-', '3_KZ289066_fix+', '4-', '4+', '4_GL455994_alt-', '4_GL455994_alt+', '4_GL456009_alt-', '4_GL456009_alt+', '4_GL456010_alt-', '4_GL456010_alt+', '4_GL456053_alt-', '4_GL456053_alt+', '4_GL456064_alt-', '4_GL456064_alt+', '4_GL456075_alt-', '4_GL456075_alt+', '4_GL456076_alt-', '4_GL456076_alt+', '4_GL456077_alt-', '4_GL456077_alt+', '4_GL456216_random-', '4_GL456216_random+', '4_GL456350_random-', '4_GL456350_random+', '4_JH584268_alt-', '4_JH584268_alt+', '4_JH584269_alt-', '4_JH584269_alt+', '4_JH584292_random-', '4_JH584292_random+', '4_JH584293_random-', '4_JH584293_random+', '4_JH584294_random-', '4_JH584294_random+', '4_JH584295_random+', '4_JH584324_alt-', '4_JH584324_alt+', '4_JH584325_alt-', '4_JH584325_alt+', '4_JH584326_alt-', '4_JH584326_alt+', '4_JH792826_fix-', '4_JH792826_fix+', '4_KQ030485_fix-', '4_KQ030485_fix+', '4_KQ030486_fix-', '4_KQ030486_fix+', '4_KQ030487_fix-', '4_KQ030487_fix+', '4_KQ030488_fix-', '4_KQ030488_fix+', '4_KQ030489_fix-', '4_KQ030489_fix+', '4_KZ289067_fix-', '4_KZ289067_fix+', '4_KZ289068_fix-', '4_KZ289068_fix+', '4_KZ289069_fix-', '4_KZ289069_fix+', '4_KZ289070_fix-', '4_KZ289070_fix+', '5-', '5+', '5_GL455995_alt-', '5_GL455995_alt+', '5_GL456011_alt-', '5_GL456011_alt+', '5_GL456354_random-', '5_GL456354_random+', '5_JH584296_random-', '5_JH584296_random+', '5_JH584297_random-', '5_JH584297_random+', '5_JH584298_random-', '5_JH584298_random+', '5_JH584299_random-', '5_JH584299_random+', '5_JH792827_fix-', '5_JH792827_fix+', '5_KV575237_fix-', '5_KV575237_fix+', '6-', '6+', '6_GL456012_alt-', '6_GL456012_alt+', '6_GL456025_alt-', '6_GL456025_alt+', '6_GL456026_alt-', '6_GL456026_alt+', '6_GL456054_alt-', '6_GL456054_alt+', '6_GL456065_alt-', '6_GL456065_alt+', '6_JH584264_alt-', '6_JH584264_alt+', '6_KK082442_fix-', '6_KK082442_fix+', '6_KK082443_fix-', '6_KK082443_fix+', '7-', '7+', '7_GL455989_alt-', '7_GL455989_alt+', '7_GL456013_alt-', '7_GL456013_alt+', '7_GL456014_alt-', '7_GL456014_alt+', '7_GL456219_random-', '7_GL456219_random+', '7_JH792828_fix-', '7_JH792828_fix+', '7_KV575238_fix-', '7_KV575238_fix+', '7_KV575239_fix-', '7_KV575239_fix+', '8-', '8+', '8_GL455996_alt-', '8_GL455996_alt+', '8_GL455997_alt-', '8_GL455997_alt+', '8_KV575240_fix-', '8_KV575240_fix+', '9-', '9+', '9_KB469738_fix-', '9_KB469738_fix+', '9_KQ030490_fix-', '9_KQ030490_fix+', 'M-', 'M+', 'Un_GL456239-', 'Un_GL456239+', 'Un_GL456359-', 'Un_GL456359+', 'Un_GL456360-', 'Un_GL456360+', 'Un_GL456366-', 'Un_GL456366+', 'Un_GL456367-', 'Un_GL456367+', 'Un_GL456368-', 'Un_GL456368+', 'Un_GL456370+', 'Un_GL456372-', 'Un_GL456372+', 'Un_GL456378-', 'Un_GL456378+', 'Un_GL456379-', 'Un_GL456379+', 'Un_GL456381-', 'Un_GL456381+', 'Un_GL456382-', 'Un_GL456382+', 'Un_GL456383-', 'Un_GL456383+', 'Un_GL456385-', 'Un_GL456385+', 'Un_GL456387-', 'Un_GL456387+', 'Un_GL456389-', 'Un_GL456389+', 'Un_GL456390-', 'Un_GL456390+', 'Un_GL456392-', 'Un_GL456392+', 'Un_GL456393-', 'Un_GL456393+', 'Un_GL456394-', 'Un_GL456394+', 'Un_GL456396-', 'Un_GL456396+', 'Un_JH584304-', 'Un_JH584304+', 'X-', 'X+', 'X_GL456003_alt-', 'X_GL456003_alt+', 'X_GL456004_alt-', 'X_GL456004_alt+', 'X_GL456031_alt-', 'X_GL456031_alt+', 'X_GL456032_alt-', 'X_GL456032_alt+', 'X_GL456033_alt-', 'X_GL456033_alt+', 'X_GL456233_random-', 'X_GL456233_random+', 'X_JH792831_fix-', 'X_JH792831_fix+', 'X_KQ030495_fix-', 'X_KQ030495_fix+', 'X_KQ030496_fix-', 'X_KQ030496_fix+', 'X_KQ030497_fix-', 'X_KQ030497_fix+', 'X_KZ289092_fix-', 'X_KZ289092_fix+', 'X_KZ289093_fix-', 'X_KZ289093_fix+', 'X_KZ289094_fix-', 'X_KZ289094_fix+', 'X_KZ289095_fix-', 'X_KZ289095_fix+', 'Y-', 'Y+', 'Y_GL456071_alt-', 'Y_GL456071_alt+', 'Y_GL456072_alt-', 'Y_GL456072_alt+', 'Y_GL456073_alt-', 'Y_GL456073_alt+', 'Y_GL456080_alt-', 'Y_GL456080_alt+', 'Y_GL456081_alt-', 'Y_GL456081_alt+', 'Y_GL456082_alt-', 'Y_GL456082_alt+', 'Y_JH584300_random-', 'Y_JH584300_random+', 'Y_JH584301_random-', 'Y_JH584301_random+', 'Y_JH584302_random-', 'Y_JH584302_random+', 'Y_JH584303_random-', 'Y_JH584303_random+', 'Y_JH792832_fix-', 'Y_JH792832_fix+', 'Y_JH792833_fix-', 'Y_JH792833_fix+', 'Y_JH792834_fix-', 'Y_JH792834_fix+', 'na_GL456050_alt-']
2025-11-07 19:59:53,373 - DEBUG - Summarizing the results of intron validation.
2025-11-07 19:59:53,442 - DEBUG - Validated 1119 introns (of which unique intervals 443) out of 700789 total possible introns (considering each possible transcript models).
2025-11-07 19:59:53,442 - DEBUG - Reading /storage/scratch01/groups/ci/Trem1_GEICAM/Sarai/Single.Cell.Tet2/outs/out.smR039a.9/outs/per_sample_outs/WT1-DsRedp/count/cellsorted_sample_alignments.bam
2025-11-07 19:59:53,518 - DEBUG - Read first 0 million reads
2025-11-07 20:00:06,848 - DEBUG - Counting for batch 1, containing 100 cells and 1689040 reads
2025-11-07 20:00:17,330 - DEBUG - 209354 reads not considered because fully enclosed in repeat masked regions
2025-11-07 20:00:32,473 - DEBUG - Counting for batch 2, containing 100 cells and 1747286 reads
2025-11-07 20:00:43,166 - DEBUG - 213715 reads not considered because fully enclosed in repeat masked regions
2025-11-07 20:00:57,429 - DEBUG - Counting for batch 3, containing 100 cells and 1888328 reads
2025-11-07 20:01:08,682 - DEBUG - 233081 reads not considered because fully enclosed in repeat masked regions
2025-11-07 20:01:24,264 - DEBUG - Counting for batch 4, containing 100 cells and 1861575 reads
2025-11-07 20:01:33,195 - DEBUG - 228133 reads not considered because fully enclosed in repeat masked regions
2025-11-07 20:01:47,098 - DEBUG - Counting for batch 5, containing 100 cells and 1710981 reads
2025-11-07 20:01:57,346 - DEBUG - 212023 reads not considered because fully enclosed in repeat masked regions
2025-11-07 20:02:00,711 - DEBUG - Read first 10 million reads
2025-11-07 20:02:08,440 - DEBUG - Counting for batch 6, containing 100 cells and 1433781 reads
2025-11-07 20:02:17,318 - DEBUG - 174846 reads not considered because fully enclosed in repeat masked regions
2025-11-07 20:02:32,761 - DEBUG - Counting for batch 7, containing 100 cells and 1816959 reads
2025-11-07 20:02:44,078 - DEBUG - 220857 reads not considered because fully enclosed in repeat masked regions
2025-11-07 20:02:58,658 - DEBUG - Counting for batch 8, containing 100 cells and 1889401 reads
2025-11-07 20:03:10,276 - DEBUG - 229097 reads not considered because fully enclosed in repeat masked regions
2025-11-07 20:03:22,611 - DEBUG - Counting for batch 9, containing 100 cells and 1548001 reads
2025-11-07 20:03:32,604 - DEBUG - 187418 reads not considered because fully enclosed in repeat masked regions
2025-11-07 20:03:48,236 - DEBUG - Counting for batch 10, containing 100 cells and 2113090 reads
2025-11-07 20:04:00,565 - DEBUG - 255125 reads not considered because fully enclosed in repeat masked regions
2025-11-07 20:04:07,961 - DEBUG - Read first 20 million reads
2025-11-07 20:04:15,450 - DEBUG - Counting for batch 11, containing 100 cells and 1721422 reads
2025-11-07 20:04:26,137 - DEBUG - 203106 reads not considered because fully enclosed in repeat masked regions
2025-11-07 20:04:43,944 - DEBUG - Counting for batch 12, containing 100 cells and 2136370 reads
2025-11-07 20:04:54,275 - DEBUG - 271125 reads not considered because fully enclosed in repeat masked regions
2025-11-07 20:05:09,291 - DEBUG - Counting for batch 13, containing 100 cells and 1743238 reads
2025-11-07 20:05:19,979 - DEBUG - 214608 reads not considered because fully enclosed in repeat masked regions
2025-11-07 20:05:36,456 - DEBUG - Counting for batch 14, containing 100 cells and 1985006 reads
2025-11-07 20:05:48,571 - DEBUG - 237936 reads not considered because fully enclosed in repeat masked regions
2025-11-07 20:06:03,422 - DEBUG - Counting for batch 15, containing 100 cells and 1961068 reads
2025-11-07 20:06:15,279 - DEBUG - 240609 reads not considered because fully enclosed in repeat masked regions
2025-11-07 20:06:20,604 - DEBUG - Read first 30 million reads
2025-11-07 20:06:31,612 - DEBUG - Counting for batch 16, containing 100 cells and 1984682 reads
2025-11-07 20:06:43,733 - DEBUG - 249335 reads not considered because fully enclosed in repeat masked regions
2025-11-07 20:06:57,754 - DEBUG - Counting for batch 17, containing 100 cells and 1596781 reads
2025-11-07 20:07:07,747 - DEBUG - 181351 reads not considered because fully enclosed in repeat masked regions
2025-11-07 20:07:19,080 - DEBUG - Counting for batch 18, containing 100 cells and 1523555 reads
2025-11-07 20:07:28,984 - DEBUG - 189549 reads not considered because fully enclosed in repeat masked regions
2025-11-07 20:07:43,567 - DEBUG - Counting for batch 19, containing 100 cells and 1970397 reads
2025-11-07 20:07:55,415 - DEBUG - 235081 reads not considered because fully enclosed in repeat masked regions
2025-11-07 20:08:07,542 - DEBUG - Counting for batch 20, containing 100 cells and 1520142 reads
2025-11-07 20:08:17,349 - DEBUG - 179737 reads not considered because fully enclosed in repeat masked regions
2025-11-07 20:08:26,242 - DEBUG - Read first 40 million reads
2025-11-07 20:08:29,497 - DEBUG - Counting for batch 21, containing 100 cells and 1600997 reads
2025-11-07 20:08:39,567 - DEBUG - 194287 reads not considered because fully enclosed in repeat masked regions
2025-11-07 20:08:52,260 - DEBUG - Counting for batch 22, containing 100 cells and 1617814 reads
2025-11-07 20:09:03,040 - DEBUG - 195662 reads not considered because fully enclosed in repeat masked regions
2025-11-07 20:09:18,994 - DEBUG - Counting for batch 23, containing 100 cells and 1911500 reads
2025-11-07 20:09:30,995 - DEBUG - 241049 reads not considered because fully enclosed in repeat masked regions
2025-11-07 20:09:42,670 - DEBUG - Counting for batch 24, containing 100 cells and 1431736 reads
2025-11-07 20:09:52,214 - DEBUG - 177526 reads not considered because fully enclosed in repeat masked regions
2025-11-07 20:10:04,966 - DEBUG - Counting for batch 25, containing 100 cells and 1679733 reads
2025-11-07 20:10:15,217 - DEBUG - 193784 reads not considered because fully enclosed in repeat masked regions
2025-11-07 20:10:28,871 - DEBUG - Counting for batch 26, containing 100 cells and 1557093 reads
2025-11-07 20:10:38,934 - DEBUG - 194334 reads not considered because fully enclosed in repeat masked regions
2025-11-07 20:10:42,720 - DEBUG - Read first 50 million reads
2025-11-07 20:10:50,047 - DEBUG - Counting for batch 27, containing 100 cells and 1385232 reads
2025-11-07 20:10:57,397 - DEBUG - 161565 reads not considered because fully enclosed in repeat masked regions
2025-11-07 20:11:12,693 - DEBUG - Counting for batch 28, containing 100 cells and 1986816 reads
2025-11-07 20:11:23,582 - DEBUG - 246666 reads not considered because fully enclosed in repeat masked regions
2025-11-07 20:11:37,143 - DEBUG - Counting for batch 29, containing 100 cells and 1867923 reads
2025-11-07 20:11:47,018 - DEBUG - 227087 reads not considered because fully enclosed in repeat masked regions
2025-11-07 20:11:59,536 - DEBUG - Counting for batch 30, containing 100 cells and 1667281 reads
2025-11-07 20:12:06,615 - DEBUG - 195497 reads not considered because fully enclosed in repeat masked regions
2025-11-07 20:12:17,982 - DEBUG - Counting for batch 31, containing 100 cells and 1555302 reads
2025-11-07 20:12:26,450 - DEBUG - 182665 reads not considered because fully enclosed in repeat masked regions
2025-11-07 20:12:33,700 - DEBUG - Read first 60 million reads
2025-11-07 20:12:37,978 - DEBUG - Counting for batch 32, containing 100 cells and 1747103 reads
2025-11-07 20:12:47,442 - DEBUG - 219222 reads not considered because fully enclosed in repeat masked regions
2025-11-07 20:12:57,824 - DEBUG - Counting for batch 33, containing 100 cells and 1607389 reads
2025-11-07 20:13:06,486 - DEBUG - 195158 reads not considered because fully enclosed in repeat masked regions
2025-11-07 20:13:19,794 - DEBUG - Counting for batch 34, containing 100 cells and 1871862 reads
2025-11-07 20:13:27,714 - DEBUG - 228076 reads not considered because fully enclosed in repeat masked regions
2025-11-07 20:13:39,463 - DEBUG - Counting for batch 35, containing 100 cells and 1600051 reads
2025-11-07 20:13:48,235 - DEBUG - 197984 reads not considered because fully enclosed in repeat masked regions
2025-11-07 20:14:00,161 - DEBUG - Counting for batch 36, containing 100 cells and 1945978 reads
2025-11-07 20:14:09,876 - DEBUG - 220359 reads not considered because fully enclosed in repeat masked regions
2025-11-07 20:14:21,702 - DEBUG - Read first 70 million reads
2025-11-07 20:14:23,032 - DEBUG - Counting for batch 37, containing 100 cells and 1896913 reads
2025-11-07 20:14:32,900 - DEBUG - 227809 reads not considered because fully enclosed in repeat masked regions
2025-11-07 20:14:45,566 - DEBUG - Counting for batch 38, containing 100 cells and 1722083 reads
2025-11-07 20:14:52,876 - DEBUG - 218121 reads not considered because fully enclosed in repeat masked regions
2025-11-07 20:15:05,164 - DEBUG - Counting for batch 39, containing 100 cells and 1756411 reads
2025-11-07 20:15:14,473 - DEBUG - 217350 reads not considered because fully enclosed in repeat masked regions
2025-11-07 20:15:27,250 - DEBUG - Counting for batch 40, containing 100 cells and 1774337 reads
2025-11-07 20:15:34,658 - DEBUG - 207532 reads not considered because fully enclosed in repeat masked regions
2025-11-07 20:15:49,687 - DEBUG - Counting for batch 41, containing 100 cells and 1983943 reads
2025-11-07 20:16:00,262 - DEBUG - 246618 reads not considered because fully enclosed in repeat masked regions
2025-11-07 20:16:10,844 - DEBUG - Counting for batch 42, containing 100 cells and 1566261 reads
2025-11-07 20:16:17,638 - DEBUG - 197934 reads not considered because fully enclosed in repeat masked regions
2025-11-07 20:16:19,123 - DEBUG - Read first 80 million reads
2025-11-07 20:16:29,602 - DEBUG - Counting for batch 43, containing 100 cells and 1674243 reads
2025-11-07 20:16:38,569 - DEBUG - 209498 reads not considered because fully enclosed in repeat masked regions
2025-11-07 20:16:50,650 - DEBUG - Counting for batch 44, containing 100 cells and 1966765 reads
2025-11-07 20:17:00,713 - DEBUG - 239193 reads not considered because fully enclosed in repeat masked regions
2025-11-07 20:17:13,657 - DEBUG - Counting for batch 45, containing 100 cells and 1850724 reads
2025-11-07 20:17:23,307 - DEBUG - 226378 reads not considered because fully enclosed in repeat masked regions
2025-11-07 20:17:37,313 - DEBUG - Counting for batch 46, containing 100 cells and 1945236 reads
2025-11-07 20:17:47,546 - DEBUG - 244965 reads not considered because fully enclosed in repeat masked regions
2025-11-07 20:17:59,003 - DEBUG - Read first 90 million reads
2025-11-07 20:17:59,580 - DEBUG - Counting for batch 47, containing 100 cells and 1916716 reads
2025-11-07 20:18:09,341 - DEBUG - 233361 reads not considered because fully enclosed in repeat masked regions
2025-11-07 20:18:21,861 - DEBUG - Counting for batch 48, containing 100 cells and 1747523 reads
2025-11-07 20:18:31,113 - DEBUG - 215856 reads not considered because fully enclosed in repeat masked regions
2025-11-07 20:18:41,952 - DEBUG - Counting for batch 49, containing 100 cells and 1707532 reads
2025-11-07 20:18:50,924 - DEBUG - 211399 reads not considered because fully enclosed in repeat masked regions
2025-11-07 20:19:03,277 - DEBUG - Counting for batch 50, containing 100 cells and 1677135 reads
2025-11-07 20:19:10,329 - DEBUG - 197479 reads not considered because fully enclosed in repeat masked regions
2025-11-07 20:19:21,453 - DEBUG - Counting for batch 51, containing 100 cells and 1494665 reads
2025-11-07 20:19:29,646 - DEBUG - 175809 reads not considered because fully enclosed in repeat masked regions
2025-11-07 20:19:43,817 - DEBUG - Read first 100 million reads
2025-11-07 20:19:46,000 - DEBUG - Counting for batch 52, containing 100 cells and 2453370 reads
2025-11-07 20:19:57,893 - DEBUG - 312050 reads not considered because fully enclosed in repeat masked regions
2025-11-07 20:20:10,026 - DEBUG - Counting for batch 53, containing 100 cells and 1811990 reads
2025-11-07 20:20:17,726 - DEBUG - 227387 reads not considered because fully enclosed in repeat masked regions
2025-11-07 20:20:30,226 - DEBUG - Counting for batch 54, containing 100 cells and 1797578 reads
2025-11-07 20:20:39,593 - DEBUG - 220259 reads not considered because fully enclosed in repeat masked regions
2025-11-07 20:20:51,954 - DEBUG - Counting for batch 55, containing 100 cells and 1710590 reads
2025-11-07 20:21:01,229 - DEBUG - 211220 reads not considered because fully enclosed in repeat masked regions
2025-11-07 20:21:11,510 - DEBUG - Counting for batch 56, containing 100 cells and 1574372 reads
2025-11-07 20:21:20,157 - DEBUG - 197436 reads not considered because fully enclosed in repeat masked regions
2025-11-07 20:21:30,806 - DEBUG - Counting for batch 57, containing 100 cells and 1656727 reads
2025-11-07 20:21:39,818 - DEBUG - 199391 reads not considered because fully enclosed in repeat masked regions
2025-11-07 20:21:43,726 - DEBUG - Read first 110 million reads
2025-11-07 20:21:51,443 - DEBUG - Counting for batch 58, containing 100 cells and 1867005 reads
2025-11-07 20:22:01,057 - DEBUG - 220067 reads not considered because fully enclosed in repeat masked regions
2025-11-07 20:22:11,451 - DEBUG - Counting for batch 59, containing 100 cells and 1595204 reads
2025-11-07 20:22:20,125 - DEBUG - 197751 reads not considered because fully enclosed in repeat masked regions
2025-11-07 20:22:30,479 - DEBUG - Counting for batch 60, containing 100 cells and 1523748 reads
2025-11-07 20:22:38,629 - DEBUG - 188843 reads not considered because fully enclosed in repeat masked regions
2025-11-07 20:22:50,771 - DEBUG - Counting for batch 61, containing 100 cells and 1728315 reads
2025-11-07 20:23:00,016 - DEBUG - 215633 reads not considered because fully enclosed in repeat masked regions
2025-11-07 20:23:12,065 - DEBUG - Counting for batch 62, containing 100 cells and 1877015 reads
2025-11-07 20:23:22,428 - DEBUG - 216589 reads not considered because fully enclosed in repeat masked regions
2025-11-07 20:23:30,566 - DEBUG - Read first 120 million reads
2025-11-07 20:23:36,877 - DEBUG - Counting for batch 63, containing 100 cells and 2073813 reads
2025-11-07 20:23:47,671 - DEBUG - 261636 reads not considered because fully enclosed in repeat masked regions
2025-11-07 20:23:58,502 - DEBUG - Counting for batch 64, containing 100 cells and 1662696 reads
2025-11-07 20:24:07,199 - DEBUG - 202200 reads not considered because fully enclosed in repeat masked regions
2025-11-07 20:24:19,659 - DEBUG - Counting for batch 65, containing 100 cells and 1760630 reads
2025-11-07 20:24:28,929 - DEBUG - 204875 reads not considered because fully enclosed in repeat masked regions
2025-11-07 20:24:39,770 - DEBUG - Counting for batch 66, containing 100 cells and 1690374 reads
2025-11-07 20:24:48,722 - DEBUG - 201360 reads not considered because fully enclosed in repeat masked regions
2025-11-07 20:25:00,798 - DEBUG - Counting for batch 67, containing 100 cells and 1958595 reads
2025-11-07 20:25:11,069 - DEBUG - 247839 reads not considered because fully enclosed in repeat masked regions
2025-11-07 20:25:19,548 - DEBUG - Read first 130 million reads
2025-11-07 20:25:23,004 - DEBUG - Counting for batch 68, containing 100 cells and 1588166 reads
2025-11-07 20:25:29,845 - DEBUG - 196847 reads not considered because fully enclosed in repeat masked regions
2025-11-07 20:25:42,015 - DEBUG - Counting for batch 69, containing 100 cells and 1755279 reads
2025-11-07 20:25:51,145 - DEBUG - 213673 reads not considered because fully enclosed in repeat masked regions
2025-11-07 20:26:02,731 - DEBUG - Counting for batch 70, containing 100 cells and 1548350 reads
2025-11-07 20:26:09,243 - DEBUG - 183792 reads not considered because fully enclosed in repeat masked regions
2025-11-07 20:26:22,149 - DEBUG - Counting for batch 71, containing 100 cells and 1885719 reads
2025-11-07 20:26:32,030 - DEBUG - 237609 reads not considered because fully enclosed in repeat masked regions
2025-11-07 20:26:42,235 - DEBUG - Counting for batch 72, containing 100 cells and 1573598 reads
2025-11-07 20:26:50,740 - DEBUG - 195124 reads not considered because fully enclosed in repeat masked regions
2025-11-07 20:27:04,316 - DEBUG - Counting for batch 73, containing 100 cells and 2021225 reads
2025-11-07 20:27:14,481 - DEBUG - 242708 reads not considered because fully enclosed in repeat masked regions
2025-11-07 20:27:15,987 - DEBUG - Read first 140 million reads
2025-11-07 20:27:25,187 - DEBUG - Counting for batch 74, containing 100 cells and 1683363 reads
2025-11-07 20:27:34,222 - DEBUG - 209172 reads not considered because fully enclosed in repeat masked regions
2025-11-07 20:27:45,205 - DEBUG - Counting for batch 75, containing 100 cells and 1454916 reads
2025-11-07 20:27:51,553 - DEBUG - 176697 reads not considered because fully enclosed in repeat masked regions
2025-11-07 20:28:06,938 - DEBUG - Counting for batch 76, containing 100 cells and 2064078 reads
2025-11-07 20:28:17,851 - DEBUG - 255797 reads not considered because fully enclosed in repeat masked regions
2025-11-07 20:28:33,914 - DEBUG - Counting for batch 77, containing 100 cells and 1726567 reads
2025-11-07 20:28:45,288 - DEBUG - 208860 reads not considered because fully enclosed in repeat masked regions
2025-11-07 20:29:00,952 - DEBUG - Counting for batch 78, containing 100 cells and 1760950 reads
2025-11-07 20:29:12,750 - DEBUG - 214178 reads not considered because fully enclosed in repeat masked regions
2025-11-07 20:29:17,757 - DEBUG - Read first 150 million reads
2025-11-07 20:29:27,669 - DEBUG - Counting for batch 79, containing 100 cells and 1866322 reads
2025-11-07 20:29:39,752 - DEBUG - 229515 reads not considered because fully enclosed in repeat masked regions
2025-11-07 20:29:56,793 - DEBUG - Counting for batch 80, containing 100 cells and 1949548 reads
2025-11-07 20:30:09,478 - DEBUG - 237870 reads not considered because fully enclosed in repeat masked regions
2025-11-07 20:30:23,504 - DEBUG - Counting for batch 81, containing 100 cells and 1693681 reads
2025-11-07 20:30:32,660 - DEBUG - 201860 reads not considered because fully enclosed in repeat masked regions
2025-11-07 20:30:47,895 - DEBUG - Counting for batch 82, containing 100 cells and 1726863 reads
2025-11-07 20:30:59,138 - DEBUG - 213467 reads not considered because fully enclosed in repeat masked regions
2025-11-07 20:31:14,448 - DEBUG - Counting for batch 83, containing 100 cells and 1686601 reads
2025-11-07 20:31:23,521 - DEBUG - 198092 reads not considered because fully enclosed in repeat masked regions
2025-11-07 20:31:31,460 - DEBUG - Read first 160 million reads
2025-11-07 20:31:39,644 - DEBUG - Counting for batch 84, containing 100 cells and 1890047 reads
2025-11-07 20:31:51,789 - DEBUG - 231556 reads not considered because fully enclosed in repeat masked regions
2025-11-07 20:32:08,437 - DEBUG - Counting for batch 85, containing 100 cells and 1907773 reads
2025-11-07 20:32:20,814 - DEBUG - 238816 reads not considered because fully enclosed in repeat masked regions
2025-11-07 20:32:34,843 - DEBUG - Counting for batch 86, containing 100 cells and 1718071 reads
2025-11-07 20:32:46,069 - DEBUG - 206203 reads not considered because fully enclosed in repeat masked regions
2025-11-07 20:32:56,763 - DEBUG - Counting for batch 87, containing 100 cells and 1263972 reads
2025-11-07 20:33:05,428 - DEBUG - 155192 reads not considered because fully enclosed in repeat masked regions
2025-11-07 20:33:19,012 - DEBUG - Counting for batch 88, containing 100 cells and 1633999 reads
2025-11-07 20:33:28,908 - DEBUG - 200384 reads not considered because fully enclosed in repeat masked regions
2025-11-07 20:33:39,967 - DEBUG - Read first 170 million reads
2025-11-07 20:33:40,699 - DEBUG - Counting for batch 89, containing 100 cells and 1714380 reads
2025-11-07 20:33:50,479 - DEBUG - 213359 reads not considered because fully enclosed in repeat masked regions
2025-11-07 20:34:01,898 - DEBUG - Counting for batch 90, containing 100 cells and 1814374 reads
2025-11-07 20:34:11,505 - DEBUG - 226342 reads not considered because fully enclosed in repeat masked regions
2025-11-07 20:34:22,048 - DEBUG - Counting for batch 91, containing 100 cells and 1627981 reads
2025-11-07 20:34:30,802 - DEBUG - 197286 reads not considered because fully enclosed in repeat masked regions
2025-11-07 20:34:40,807 - DEBUG - Counting for batch 92, containing 100 cells and 1562934 reads
2025-11-07 20:34:49,188 - DEBUG - 193783 reads not considered because fully enclosed in repeat masked regions
2025-11-07 20:35:03,530 - DEBUG - Counting for batch 93, containing 100 cells and 2188457 reads
2025-11-07 20:35:14,329 - DEBUG - 266440 reads not considered because fully enclosed in repeat masked regions
2025-11-07 20:35:27,528 - DEBUG - Read first 180 million reads
2025-11-07 20:35:27,693 - DEBUG - Counting for batch 94, containing 100 cells and 1915717 reads
2025-11-07 20:35:37,459 - DEBUG - 231796 reads not considered because fully enclosed in repeat masked regions
2025-11-07 20:35:50,397 - DEBUG - Counting for batch 95, containing 100 cells and 1812516 reads
2025-11-07 20:36:00,162 - DEBUG - 229765 reads not considered because fully enclosed in repeat masked regions
2025-11-07 20:36:11,499 - DEBUG - Counting for batch 96, containing 100 cells and 1762748 reads
2025-11-07 20:36:20,811 - DEBUG - 211161 reads not considered because fully enclosed in repeat masked regions
2025-11-07 20:36:32,368 - DEBUG - Counting for batch 97, containing 100 cells and 1837112 reads
2025-11-07 20:36:41,928 - DEBUG - 223014 reads not considered because fully enclosed in repeat masked regions
2025-11-07 20:36:53,618 - DEBUG - Counting for batch 98, containing 100 cells and 1542251 reads
2025-11-07 20:37:00,198 - DEBUG - 184133 reads not considered because fully enclosed in repeat masked regions
2025-11-07 20:37:10,764 - DEBUG - Counting for batch 99, containing 100 cells and 1381530 reads
2025-11-07 20:37:16,818 - DEBUG - 171175 reads not considered because fully enclosed in repeat masked regions
2025-11-07 20:37:22,849 - DEBUG - Read first 190 million reads
2025-11-07 20:37:27,679 - DEBUG - Counting for batch 100, containing 100 cells and 1496468 reads
2025-11-07 20:37:36,422 - DEBUG - 185145 reads not considered because fully enclosed in repeat masked regions
2025-11-07 20:37:47,412 - DEBUG - Counting for batch 101, containing 100 cells and 1771765 reads
2025-11-07 20:37:56,460 - DEBUG - 204388 reads not considered because fully enclosed in repeat masked regions
2025-11-07 20:38:09,586 - DEBUG - Counting for batch 102, containing 100 cells and 1858758 reads
2025-11-07 20:38:19,508 - DEBUG - 223367 reads not considered because fully enclosed in repeat masked regions
2025-11-07 20:38:29,451 - DEBUG - Counting for batch 103, containing 100 cells and 1472621 reads
2025-11-07 20:38:35,735 - DEBUG - 182923 reads not considered because fully enclosed in repeat masked regions
2025-11-07 20:38:48,280 - DEBUG - Counting for batch 104, containing 100 cells and 1843608 reads
2025-11-07 20:38:57,680 - DEBUG - 215250 reads not considered because fully enclosed in repeat masked regions
2025-11-07 20:39:09,529 - DEBUG - Read first 200 million reads
2025-11-07 20:39:09,896 - DEBUG - Counting for batch 105, containing 100 cells and 1669114 reads
2025-11-07 20:39:16,855 - DEBUG - 201600 reads not considered because fully enclosed in repeat masked regions
2025-11-07 20:39:28,431 - DEBUG - Counting for batch 106, containing 100 cells and 1629469 reads
2025-11-07 20:39:37,232 - DEBUG - 200173 reads not considered because fully enclosed in repeat masked regions
2025-11-07 20:39:46,987 - DEBUG - Counting for batch 107, containing 100 cells and 1504002 reads
2025-11-07 20:39:55,071 - DEBUG - 190156 reads not considered because fully enclosed in repeat masked regions
2025-11-07 20:40:05,999 - DEBUG - Counting for batch 108, containing 100 cells and 1456653 reads
2025-11-07 20:40:12,366 - DEBUG - 176711 reads not considered because fully enclosed in repeat masked regions
2025-11-07 20:40:24,482 - DEBUG - Counting for batch 109, containing 100 cells and 1727010 reads
2025-11-07 20:40:33,640 - DEBUG - 212292 reads not considered because fully enclosed in repeat masked regions
2025-11-07 20:40:43,214 - DEBUG - Counting for batch 110, containing 100 cells and 1420489 reads
2025-11-07 20:40:51,161 - DEBUG - 175888 reads not considered because fully enclosed in repeat masked regions
2025-11-07 20:40:56,643 - DEBUG - Counting for batch 111, containing 100 cells and 897689 reads
2025-11-07 20:41:02,410 - DEBUG - 110547 reads not considered because fully enclosed in repeat masked regions
2025-11-07 20:41:05,166 - DEBUG - Read first 210 million reads
2025-11-07 20:41:14,246 - DEBUG - Counting for batch 112, containing 100 cells and 1685544 reads
2025-11-07 20:41:21,453 - DEBUG - 200260 reads not considered because fully enclosed in repeat masked regions
2025-11-07 20:41:31,386 - DEBUG - Counting for batch 113, containing 100 cells and 1260287 reads
2025-11-07 20:41:36,957 - DEBUG - 159515 reads not considered because fully enclosed in repeat masked regions
2025-11-07 20:41:48,467 - DEBUG - Counting for batch 114, containing 100 cells and 1660640 reads
2025-11-07 20:41:57,256 - DEBUG - 199831 reads not considered because fully enclosed in repeat masked regions
2025-11-07 20:42:09,839 - DEBUG - Counting for batch 115, containing 100 cells and 1749516 reads
2025-11-07 20:42:19,293 - DEBUG - 216434 reads not considered because fully enclosed in repeat masked regions
2025-11-07 20:42:30,811 - DEBUG - Counting for batch 116, containing 100 cells and 1730199 reads
2025-11-07 20:42:40,226 - DEBUG - 216250 reads not considered because fully enclosed in repeat masked regions
2025-11-07 20:42:50,692 - DEBUG - Read first 220 million reads
2025-11-07 20:42:53,085 - DEBUG - Counting for batch 117, containing 100 cells and 2088493 reads
2025-11-07 20:43:03,669 - DEBUG - 249676 reads not considered because fully enclosed in repeat masked regions
2025-11-07 20:43:14,362 - DEBUG - Counting for batch 118, containing 100 cells and 1631688 reads
2025-11-07 20:43:22,880 - DEBUG - 186912 reads not considered because fully enclosed in repeat masked regions
2025-11-07 20:43:36,362 - DEBUG - Counting for batch 119, containing 100 cells and 1946962 reads
2025-11-07 20:43:46,483 - DEBUG - 237231 reads not considered because fully enclosed in repeat masked regions
2025-11-07 20:43:59,253 - DEBUG - Counting for batch 120, containing 100 cells and 2061459 reads
2025-11-07 20:44:09,669 - DEBUG - 254753 reads not considered because fully enclosed in repeat masked regions
2025-11-07 20:44:23,148 - DEBUG - Counting for batch 121, containing 100 cells and 1955477 reads
2025-11-07 20:44:33,190 - DEBUG - 240605 reads not considered because fully enclosed in repeat masked regions
2025-11-07 20:44:41,158 - DEBUG - Read first 230 million reads
2025-11-07 20:44:46,171 - DEBUG - Counting for batch 122, containing 100 cells and 1817705 reads
2025-11-07 20:44:55,761 - DEBUG - 224954 reads not considered because fully enclosed in repeat masked regions
2025-11-07 20:45:05,850 - DEBUG - Counting for batch 123, containing 100 cells and 1500860 reads
2025-11-07 20:45:14,186 - DEBUG - 186755 reads not considered because fully enclosed in repeat masked regions
2025-11-07 20:45:24,925 - DEBUG - Counting for batch 124, containing 100 cells and 1678264 reads
2025-11-07 20:45:33,966 - DEBUG - 208108 reads not considered because fully enclosed in repeat masked regions
2025-11-07 20:45:44,385 - DEBUG - Counting for batch 125, containing 100 cells and 1596021 reads
2025-11-07 20:45:52,941 - DEBUG - 192353 reads not considered because fully enclosed in repeat masked regions
2025-11-07 20:46:03,459 - DEBUG - Counting for batch 126, containing 100 cells and 1633552 reads
2025-11-07 20:46:12,368 - DEBUG - 199351 reads not considered because fully enclosed in repeat masked regions
2025-11-07 20:46:23,855 - DEBUG - Counting for batch 127, containing 100 cells and 1849113 reads
2025-11-07 20:46:33,228 - DEBUG - 214870 reads not considered because fully enclosed in repeat masked regions
2025-11-07 20:46:35,518 - DEBUG - Read first 240 million reads
2025-11-07 20:46:45,337 - DEBUG - Counting for batch 128, containing 100 cells and 1642252 reads
2025-11-07 20:46:52,363 - DEBUG - 205855 reads not considered because fully enclosed in repeat masked regions
2025-11-07 20:47:03,866 - DEBUG - Counting for batch 129, containing 100 cells and 1596538 reads
2025-11-07 20:47:12,392 - DEBUG - 186266 reads not considered because fully enclosed in repeat masked regions
2025-11-07 20:47:22,361 - DEBUG - Counting for batch 130, containing 100 cells and 1557778 reads
2025-11-07 20:47:31,243 - DEBUG - 192181 reads not considered because fully enclosed in repeat masked regions
2025-11-07 20:47:41,686 - DEBUG - Counting for batch 131, containing 100 cells and 1662292 reads
2025-11-07 20:47:50,385 - DEBUG - 207776 reads not considered because fully enclosed in repeat masked regions
2025-11-07 20:48:02,469 - DEBUG - Counting for batch 132, containing 100 cells and 1667764 reads
2025-11-07 20:48:11,453 - DEBUG - 207073 reads not considered because fully enclosed in repeat masked regions
2025-11-07 20:48:19,041 - DEBUG - Read first 250 million reads
2025-11-07 20:48:22,399 - DEBUG - Counting for batch 133, containing 100 cells and 1705865 reads
2025-11-07 20:48:31,444 - DEBUG - 213505 reads not considered because fully enclosed in repeat masked regions
2025-11-07 20:48:42,099 - DEBUG - Counting for batch 134, containing 100 cells and 1634933 reads
2025-11-07 20:48:48,741 - DEBUG - 191874 reads not considered because fully enclosed in repeat masked regions
2025-11-07 20:48:59,821 - DEBUG - Counting for batch 135, containing 100 cells and 1529595 reads
2025-11-07 20:49:08,256 - DEBUG - 184063 reads not considered because fully enclosed in repeat masked regions
2025-11-07 20:49:21,370 - DEBUG - Counting for batch 136, containing 100 cells and 1854380 reads
2025-11-07 20:49:29,135 - DEBUG - 231653 reads not considered because fully enclosed in repeat masked regions
2025-11-07 20:49:40,315 - DEBUG - Counting for batch 137, containing 100 cells and 1511592 reads
2025-11-07 20:49:48,462 - DEBUG - 183938 reads not considered because fully enclosed in repeat masked regions
2025-11-07 20:50:01,947 - DEBUG - Counting for batch 138, containing 100 cells and 1920004 reads
2025-11-07 20:50:12,172 - DEBUG - 239347 reads not considered because fully enclosed in repeat masked regions
2025-11-07 20:50:15,259 - DEBUG - Read first 260 million reads
2025-11-07 20:50:24,398 - DEBUG - Counting for batch 139, containing 100 cells and 1917179 reads
2025-11-07 20:50:34,417 - DEBUG - 238215 reads not considered because fully enclosed in repeat masked regions
2025-11-07 20:50:45,754 - DEBUG - Counting for batch 140, containing 100 cells and 1777698 reads
2025-11-07 20:50:55,017 - DEBUG - 224819 reads not considered because fully enclosed in repeat masked regions
2025-11-07 20:51:05,095 - DEBUG - Counting for batch 141, containing 100 cells and 1527082 reads
2025-11-07 20:51:13,457 - DEBUG - 185055 reads not considered because fully enclosed in repeat masked regions
2025-11-07 20:51:25,362 - DEBUG - Counting for batch 142, containing 100 cells and 1961802 reads
2025-11-07 20:51:35,335 - DEBUG - 239846 reads not considered because fully enclosed in repeat masked regions
2025-11-07 20:51:45,382 - DEBUG - Counting for batch 143, containing 78 cells and 1246045 reads
2025-11-07 20:51:50,672 - DEBUG - 154819 reads not considered because fully enclosed in repeat masked regions
2025-11-07 20:51:51,501 - DEBUG - 2378825 reads were skipped because no apropiate cell or umi barcode was found
2025-11-07 20:51:51,501 - DEBUG - Counting done!
2025-11-07 20:51:51,506 - DEBUG - Generating output file /home/dcaceres/Tet2sc/Results/plots/scVelo/velocyto_loom_files/WT1-DsRedp.loom
2025-11-07 20:51:51,506 - DEBUG - Collecting row attributes
2025-11-07 20:51:51,599 - DEBUG - Generating data table
2025-11-07 20:51:54,916 - DEBUG - Writing loom file
2025-11-07 20:51:57,774 - DEBUG - Creating converter from 5 to 3
2025-11-07 20:51:57,774 - DEBUG - Creating converter from 3 to 5
2025-11-07 20:52:18,585 - DEBUG - Terminated Succesfully!
✅ ÉXITO: Loom creado correctamente: /home/dcaceres/Tet2sc/Results/plots/scVelo/velocyto_loom_files/WT1-DsRedp.loom
------------------------------------------------------------
🎉 Proceso finalizado correctamente para WT1-DsRedp
Finalizado en: Fri Nov  7 20:52:21 CET 2025
------------------------------------------------------------
